2022-03-15 19:52:31,236 INFO loading None profile from config C:\Users\Administrator\.twarc
2022-03-15 19:52:31,251 INFO creating http session
2022-03-15 19:52:31,251 INFO creating OAuth1 user authentication
2022-03-15 19:52:31,251 INFO getting ('https://api.twitter.com/1.1/account/verify_credentials.json',) {'params': {'tweet_mode': 'extended'}}
2022-03-15 19:52:31,376 INFO looking up users JLesemotte
2022-03-15 19:52:31,376 INFO getting ('https://api.twitter.com/1.1/users/lookup.json',) {'params': {'screen_name': 'JLesemotte', 'tweet_mode': 'extended'}}
2022-03-15 19:52:31,454 INFO archived 1466161543679205387
2022-03-15 19:52:48,095 INFO loading None profile from config C:\Users\Administrator\.twarc
2022-03-15 19:52:48,095 INFO creating http session
2022-03-15 19:52:48,095 INFO creating OAuth1 user authentication
2022-03-15 19:52:48,095 INFO getting ('https://api.twitter.com/1.1/account/verify_credentials.json',) {'params': {'tweet_mode': 'extended'}}
2022-03-15 19:52:48,251 INFO starting user timeline for user JLesemotte
2022-03-15 19:52:48,251 INFO getting ('https://api.twitter.com/1.1/statuses/user_timeline.json',) {'params': {'count': 200, 'screen_name': 'JLesemotte', 'include_ext_alt_text': 'true', 'tweet_mode': 'extended'}}
2022-03-15 19:52:48,532 INFO archived 1503852866146127875
2022-03-15 19:52:48,532 INFO archived 1503852859670020099
2022-03-15 19:52:48,532 INFO archived 1503851115263270915
2022-03-15 19:52:48,532 INFO archived 1503845553624567815
2022-03-15 19:52:48,532 INFO archived 1503844526284324870
2022-03-15 19:52:48,532 INFO archived 1503844143755374593
2022-03-15 19:52:48,532 INFO archived 1503802271154507791
2022-03-15 19:52:48,532 INFO archived 1503759963205914629
2022-03-15 19:52:48,532 INFO archived 1503757415208132622
2022-03-15 19:52:48,532 INFO archived 1503755843413717002
2022-03-15 19:52:48,532 INFO archived 1503737353277480970
2022-03-15 19:52:48,532 INFO archived 1503098928203456516
2022-03-15 19:52:48,532 INFO archived 1503096324694200328
2022-03-15 19:52:48,532 INFO archived 1502297754319659008
2022-03-15 19:52:48,532 INFO archived 1502174491765469193
2022-03-15 19:52:48,532 INFO archived 1502172352607502340
2022-03-15 19:52:48,532 INFO archived 1502170566396026883
2022-03-15 19:52:48,532 INFO archived 1502051043861049366
2022-03-15 19:52:48,532 INFO archived 1502048722070511619
2022-03-15 19:52:48,532 INFO archived 1502044836664422401
2022-03-15 19:52:48,532 INFO archived 1502032581751156741
2022-03-15 19:52:48,532 INFO archived 1502030350037536773
2022-03-15 19:52:48,532 INFO archived 1502029626146803712
2022-03-15 19:52:48,532 INFO archived 1502028761549750280
2022-03-15 19:52:48,532 INFO archived 1502023027059572737
2022-03-15 19:52:48,532 INFO archived 1501936409942257674
2022-03-15 19:52:48,532 INFO archived 1501659386485301254
2022-03-15 19:52:48,532 INFO archived 1501659162656358411
2022-03-15 19:52:48,532 INFO archived 1501654545058967553
2022-03-15 19:52:48,532 INFO archived 1501652569491447821
2022-03-15 19:52:48,532 INFO archived 1501649639354867716
2022-03-15 19:52:48,532 INFO archived 1501459868758286339
2022-03-15 19:52:48,532 INFO archived 1501305069622505478
2022-03-15 19:52:48,532 INFO archived 1501300767944163332
2022-03-15 19:52:48,532 INFO archived 1501300016614461448
2022-03-15 19:52:48,532 INFO archived 1501272007660367876
2022-03-15 19:52:48,532 INFO archived 1501217881635364866
2022-03-15 19:52:48,532 INFO archived 1501217498536058895
2022-03-15 19:52:48,548 INFO archived 1500771161260630016
2022-03-15 19:52:48,548 INFO archived 1500716541515554817
2022-03-15 19:52:48,548 INFO archived 1500715892686086144
2022-03-15 19:52:48,548 INFO archived 1500599335003774984
2022-03-15 19:52:48,548 INFO archived 1500473880804311048
2022-03-15 19:52:48,548 INFO archived 1500420865690849288
2022-03-15 19:52:48,548 INFO archived 1500382826511933440
2022-03-15 19:52:48,548 INFO archived 1500373653648814082
2022-03-15 19:52:48,548 INFO archived 1500372474260860929
2022-03-15 19:52:48,548 INFO archived 1500173200705167360
2022-03-15 19:52:48,548 INFO archived 1499996048122646529
2022-03-15 19:52:48,548 INFO archived 1499667379428671491
2022-03-15 19:52:48,548 INFO archived 1499601456432832531
2022-03-15 19:52:48,548 INFO archived 1499487398908018694
2022-03-15 19:52:48,548 INFO archived 1499483352390324230
2022-03-15 19:52:48,548 INFO archived 1499470134980796425
2022-03-15 19:52:48,548 INFO archived 1499442676504182791
2022-03-15 19:52:48,548 INFO archived 1499408151644356613
2022-03-15 19:52:48,548 INFO archived 1499408062851031047
2022-03-15 19:52:48,548 INFO archived 1499408022476578816
2022-03-15 19:52:48,548 INFO archived 1499407855128088586
2022-03-15 19:52:48,548 INFO archived 1499407807795404803
2022-03-15 19:52:48,548 INFO archived 1499407732373340160
2022-03-15 19:52:48,548 INFO archived 1499407696184938497
2022-03-15 19:52:48,548 INFO archived 1499407645974933504
2022-03-15 19:52:48,548 INFO archived 1499407613880111111
2022-03-15 19:52:48,548 INFO archived 1499407548101070848
2022-03-15 19:52:48,548 INFO archived 1499407502483595277
2022-03-15 19:52:48,548 INFO archived 1499407403238006787
2022-03-15 19:52:48,548 INFO archived 1499407301526048772
2022-03-15 19:52:48,548 INFO archived 1499407258295410691
2022-03-15 19:52:48,548 INFO archived 1499407055664431107
2022-03-15 19:52:48,548 INFO archived 1499405346363822081
2022-03-15 19:52:48,548 INFO archived 1499405130260692997
2022-03-15 19:52:48,548 INFO archived 1499405026363588608
2022-03-15 19:52:48,548 INFO archived 1499404746913890305
2022-03-15 19:52:48,548 INFO archived 1499404598821494786
2022-03-15 19:52:48,548 INFO archived 1499086322656591873
2022-03-15 19:52:48,548 INFO archived 1499079189823168515
2022-03-15 19:52:48,548 INFO archived 1499076304804659206
2022-03-15 19:52:48,548 INFO archived 1499076266187710476
2022-03-15 19:52:48,548 INFO archived 1499076069651013638
2022-03-15 19:52:48,548 INFO archived 1499071552415051777
2022-03-15 19:52:48,548 INFO archived 1499066810024484867
2022-03-15 19:52:48,548 INFO archived 1499064181185826819
2022-03-15 19:52:48,548 INFO archived 1499063986167463939
2022-03-15 19:52:48,548 INFO archived 1499063360402432000
2022-03-15 19:52:48,548 INFO archived 1499060315127955467
2022-03-15 19:52:48,548 INFO archived 1499030578368327684
2022-03-15 19:52:48,548 INFO archived 1499030480619982850
2022-03-15 19:52:48,548 INFO archived 1499030260159066119
2022-03-15 19:52:48,548 INFO archived 1499030043510677512
2022-03-15 19:52:48,548 INFO archived 1499029905111240705
2022-03-15 19:52:48,548 INFO archived 1499029743500513285
2022-03-15 19:52:48,548 INFO archived 1499029493335445504
2022-03-15 19:52:48,548 INFO archived 1499029325655547909
2022-03-15 19:52:48,548 INFO archived 1499029064321060869
2022-03-15 19:52:48,548 INFO archived 1499028763736170498
2022-03-15 19:52:48,548 INFO archived 1499028408923308040
2022-03-15 19:52:48,548 INFO archived 1499028136499064839
2022-03-15 19:52:48,548 INFO archived 1499027583370940418
2022-03-15 19:52:48,548 INFO archived 1499027023754317826
2022-03-15 19:52:48,548 INFO archived 1499026687333642240
2022-03-15 19:52:48,548 INFO archived 1499026024675352578
2022-03-15 19:52:48,548 INFO archived 1499025890663145472
2022-03-15 19:52:48,548 INFO archived 1499025664724373506
2022-03-15 19:52:48,548 INFO archived 1499025285697748992
2022-03-15 19:52:48,548 INFO archived 1499024884512477196
2022-03-15 19:52:48,548 INFO archived 1498719822624006144
2022-03-15 19:52:48,548 INFO archived 1498692660172931082
2022-03-15 19:52:48,548 INFO archived 1498661063281238023
2022-03-15 19:52:48,548 INFO archived 1498661010600828939
2022-03-15 19:52:48,564 INFO archived 1498658795488165888
2022-03-15 19:52:48,564 INFO archived 1498653671990743040
2022-03-15 19:52:48,564 INFO archived 1498631484265086981
2022-03-15 19:52:48,564 INFO archived 1498631318829154304
2022-03-15 19:52:48,564 INFO archived 1498629107013361671
2022-03-15 19:52:48,564 INFO archived 1498626992626929665
2022-03-15 19:52:48,564 INFO archived 1498626662161920002
2022-03-15 19:52:48,564 INFO archived 1498626434214023168
2022-03-15 19:52:48,564 INFO archived 1498625928531959808
2022-03-15 19:52:48,564 INFO archived 1498625737741541377
2022-03-15 19:52:48,564 INFO archived 1498625627372630016
2022-03-15 19:52:48,564 INFO archived 1498624889523261440
2022-03-15 19:52:48,564 INFO archived 1498624606466367496
2022-03-15 19:52:48,564 INFO archived 1498623685808345090
2022-03-15 19:52:48,564 INFO archived 1498623296157499397
2022-03-15 19:52:48,564 INFO archived 1498622851049476103
2022-03-15 19:52:48,564 INFO archived 1498621869863354371
2022-03-15 19:52:48,564 INFO archived 1498621598735253504
2022-03-15 19:52:48,564 INFO archived 1498620710322937856
2022-03-15 19:52:48,564 INFO archived 1498620245661081607
2022-03-15 19:52:48,564 INFO archived 1498619865820708866
2022-03-15 19:52:48,564 INFO archived 1498619784577044480
2022-03-15 19:52:48,564 INFO archived 1498618790782844931
2022-03-15 19:52:48,564 INFO archived 1498618518727708678
2022-03-15 19:52:48,564 INFO archived 1498617964140142594
2022-03-15 19:52:48,564 INFO archived 1498617812436275204
2022-03-15 19:52:48,564 INFO archived 1498610353390776325
2022-03-15 19:52:48,564 INFO archived 1498601901864235014
2022-03-15 19:52:48,564 INFO archived 1498601545579040769
2022-03-15 19:52:48,564 INFO archived 1498579666642296838
2022-03-15 19:52:48,564 INFO archived 1498577139444383748
2022-03-15 19:52:48,564 INFO archived 1498575826782146561
2022-03-15 19:52:48,564 INFO archived 1498402797603201028
2022-03-15 19:52:48,564 INFO archived 1498401104278790152
2022-03-15 19:52:48,564 INFO archived 1498400580720594944
2022-03-15 19:52:48,564 INFO archived 1498400515645923331
2022-03-15 19:52:48,564 INFO archived 1498394798847315976
2022-03-15 19:52:48,564 INFO archived 1498392684645568512
2022-03-15 19:52:48,564 INFO archived 1498391779011403778
2022-03-15 19:52:48,564 INFO archived 1498053537632342022
2022-03-15 19:52:48,564 INFO archived 1498052544764985347
2022-03-15 19:52:48,564 INFO archived 1498016078156513299
2022-03-15 19:52:48,564 INFO archived 1497978656433577990
2022-03-15 19:52:48,564 INFO archived 1497977777219375107
2022-03-15 19:52:48,564 INFO archived 1497914144506494978
2022-03-15 19:52:48,564 INFO archived 1497632140745400323
2022-03-15 19:52:48,564 INFO archived 1497527502180429824
2022-03-15 19:52:48,564 INFO archived 1497527328792055808
2022-03-15 19:52:48,564 INFO archived 1497498112855842818
2022-03-15 19:52:48,564 INFO archived 1496757459075149826
2022-03-15 19:52:48,564 INFO archived 1496187217487794177
2022-03-15 19:52:48,564 INFO archived 1496132495330492416
2022-03-15 19:52:48,564 INFO archived 1496131821716844546
2022-03-15 19:52:48,564 INFO archived 1496040306487316481
2022-03-15 19:52:48,564 INFO archived 1496039581828976640
2022-03-15 19:52:48,564 INFO archived 1495857174538559493
2022-03-15 19:52:48,564 INFO archived 1495827296107864072
2022-03-15 19:52:48,564 INFO archived 1495020700087762949
2022-03-15 19:52:48,564 INFO archived 1494931623967698945
2022-03-15 19:52:48,564 INFO archived 1494774011590492166
2022-03-15 19:52:48,564 INFO archived 1494730579866173447
2022-03-15 19:52:48,564 INFO archived 1494704161631395850
2022-03-15 19:52:48,579 INFO archived 1494645395586224161
2022-03-15 19:52:48,579 INFO archived 1494644946766381060
2022-03-15 19:52:48,579 INFO archived 1494371258988912642
2022-03-15 19:52:48,579 INFO archived 1494284224936960000
2022-03-15 19:52:48,579 INFO archived 1494284161821065218
2022-03-15 19:52:48,579 INFO archived 1494248988194885633
2022-03-15 19:52:48,579 INFO archived 1494087965412368387
2022-03-15 19:52:48,579 INFO archived 1493996966602321926
2022-03-15 19:52:48,579 INFO archived 1493984756370972677
2022-03-15 19:52:48,579 INFO archived 1493971298921467908
2022-03-15 19:52:48,579 INFO archived 1493970209635508224
2022-03-15 19:52:48,579 INFO archived 1493969969884934144
2022-03-15 19:52:48,579 INFO archived 1493946475235221510
2022-03-15 19:52:48,579 INFO archived 1493946346633576452
2022-03-15 19:52:48,579 INFO archived 1493945557773127680
2022-03-15 19:52:48,579 INFO archived 1493944635026202627
2022-03-15 19:52:48,579 INFO archived 1493935636830732292
2022-03-15 19:52:48,579 INFO archived 1493935519180468231
2022-03-15 19:52:48,579 INFO archived 1493935211507326984
2022-03-15 19:52:48,579 INFO archived 1493930403723362310
2022-03-15 19:52:48,579 INFO archived 1493923046444388355
2022-03-15 19:52:48,579 INFO archived 1493922860691337221
2022-03-15 19:52:48,579 INFO archived 1493919134622621704
2022-03-15 19:52:48,579 INFO archived 1493908546685181955
2022-03-15 19:52:48,579 INFO archived 1493901783529316352
2022-03-15 19:52:48,579 INFO archived 1493848151479963649
2022-03-15 19:52:48,579 INFO archived 1493835253617774592
2022-03-15 19:52:48,579 INFO archived 1493831322456010752
2022-03-15 19:52:48,579 INFO getting ('https://api.twitter.com/1.1/statuses/user_timeline.json',) {'params': {'count': 200, 'screen_name': 'JLesemotte', 'include_ext_alt_text': 'true', 'tweet_mode': 'extended', 'max_id': '1493831322456010751'}}
2022-03-15 19:52:48,942 INFO archived 1493830210982227968
2022-03-15 19:52:48,942 INFO archived 1493706826650730510
2022-03-15 19:52:48,942 INFO archived 1493690766316785668
2022-03-15 19:52:48,942 INFO archived 1493690389353713670
2022-03-15 19:52:48,942 INFO archived 1493681488763752454
2022-03-15 19:52:48,942 INFO archived 1493681241123659779
2022-03-15 19:52:48,942 INFO archived 1493680596769546247
2022-03-15 19:52:48,942 INFO archived 1493680551248674821
2022-03-15 19:52:48,942 INFO archived 1493677347039555586
2022-03-15 19:52:48,942 INFO archived 1493670712548208640
2022-03-15 19:52:48,942 INFO archived 1493669859636437000
2022-03-15 19:52:48,942 INFO archived 1493669629192986635
2022-03-15 19:52:48,942 INFO archived 1493668180803432461
2022-03-15 19:52:48,942 INFO archived 1493641542581506054
2022-03-15 19:52:48,942 INFO archived 1493639497908727812
2022-03-15 19:52:48,942 INFO archived 1493639344715927559
2022-03-15 19:52:48,942 INFO archived 1493632063915929600
2022-03-15 19:52:48,942 INFO archived 1493630272180477957
2022-03-15 19:52:48,942 INFO archived 1493602178887471106
2022-03-15 19:52:48,942 INFO archived 1493602073140776974
2022-03-15 19:52:48,942 INFO archived 1493601503600381961
2022-03-15 19:52:48,942 INFO archived 1493289690996301832
2022-03-15 19:52:48,942 INFO archived 1492921146106339336
2022-03-15 19:52:48,942 INFO archived 1492910736967929858
2022-03-15 19:52:48,942 INFO archived 1492908549428723717
2022-03-15 19:52:48,958 INFO archived 1492790180000014337
2022-03-15 19:52:48,958 INFO archived 1492786987819933697
2022-03-15 19:52:48,958 INFO archived 1490772150650904581
2022-03-15 19:52:48,958 INFO archived 1490748293525258240
2022-03-15 19:52:48,958 INFO archived 1490747290579087363
2022-03-15 19:52:48,958 INFO archived 1490301198892781575
2022-03-15 19:52:48,958 INFO archived 1490082865862037504
2022-03-15 19:52:48,958 INFO archived 1490023876595757064
2022-03-15 19:52:48,958 INFO archived 1489990163451232257
2022-03-15 19:52:48,958 INFO archived 1489850000859287553
2022-03-15 19:52:48,958 INFO archived 1489849503784087553
2022-03-15 19:52:48,958 INFO archived 1489702760480227329
2022-03-15 19:52:48,958 INFO archived 1489702273122975745
2022-03-15 19:52:48,958 INFO archived 1489694591813140486
2022-03-15 19:52:48,958 INFO archived 1489694339915784196
2022-03-15 19:52:48,958 INFO archived 1489675748822691840
2022-03-15 19:52:48,958 INFO archived 1489659655378935816
2022-03-15 19:52:48,958 INFO archived 1489657583812190211
2022-03-15 19:52:48,958 INFO archived 1489650185731026952
2022-03-15 19:52:48,958 INFO archived 1489648596769202178
2022-03-15 19:52:48,958 INFO archived 1489647642879614978
2022-03-15 19:52:48,958 INFO archived 1489641566767566867
2022-03-15 19:52:48,958 INFO archived 1489641105641689093
2022-03-15 19:52:48,958 INFO archived 1489570831541977098
2022-03-15 19:52:48,958 INFO archived 1489368887166742529
2022-03-15 19:52:48,958 INFO archived 1489368679481552896
2022-03-15 19:52:48,958 INFO archived 1489368284474523654
2022-03-15 19:52:48,958 INFO archived 1489366027867758599
2022-03-15 19:52:48,958 INFO archived 1489365643069698053
2022-03-15 19:52:48,958 INFO archived 1489365029426241542
2022-03-15 19:52:48,958 INFO archived 1489364095535099909
2022-03-15 19:52:48,958 INFO archived 1489328300447174659
2022-03-15 19:52:48,958 INFO archived 1489328011728064513
2022-03-15 19:52:48,958 INFO archived 1489327860959617028
2022-03-15 19:52:48,958 INFO archived 1489301160213291015
2022-03-15 19:52:48,958 INFO archived 1489279354064490507
2022-03-15 19:52:48,958 INFO archived 1489277676334592000
2022-03-15 19:52:48,958 INFO archived 1489259193601179653
2022-03-15 19:52:48,958 INFO archived 1489252482572177412
2022-03-15 19:52:48,958 INFO archived 1489251871663411217
2022-03-15 19:52:48,958 INFO archived 1489231118670905345
2022-03-15 19:52:48,958 INFO archived 1489205508137529348
2022-03-15 19:52:48,958 INFO archived 1489204248969728003
2022-03-15 19:52:48,958 INFO archived 1489203198632022020
2022-03-15 19:52:48,958 INFO archived 1489198422292897795
2022-03-15 19:52:48,958 INFO archived 1489162218533007362
2022-03-15 19:52:48,958 INFO archived 1488968004931100673
2022-03-15 19:52:48,958 INFO archived 1488966872095731723
2022-03-15 19:52:48,958 INFO archived 1488964332838961166
2022-03-15 19:52:48,973 INFO archived 1488956412009058313
2022-03-15 19:52:48,973 INFO archived 1488917352624312331
2022-03-15 19:52:48,973 INFO archived 1488906096538533888
2022-03-15 19:52:48,973 INFO archived 1488600461766795270
2022-03-15 19:52:48,973 INFO archived 1488597225441742848
2022-03-15 19:52:48,973 INFO archived 1488596620472201219
2022-03-15 19:52:48,973 INFO archived 1488591377306996745
2022-03-15 19:52:48,973 INFO archived 1488543787383246850
2022-03-15 19:52:48,973 INFO archived 1488516358987997184
2022-03-15 19:52:48,973 INFO archived 1488240533038407680
2022-03-15 19:52:48,973 INFO archived 1488239103661510661
2022-03-15 19:52:48,973 INFO archived 1488209413810921477
2022-03-15 19:52:48,973 INFO archived 1488160745791574018
2022-03-15 19:52:48,973 INFO archived 1488159410983776256
2022-03-15 19:52:48,973 INFO archived 1487791496002773001
2022-03-15 19:52:48,973 INFO archived 1487790722350727172
2022-03-15 19:52:48,973 INFO archived 1487789742813073409
2022-03-15 19:52:48,973 INFO archived 1487788588267937801
2022-03-15 19:52:48,973 INFO archived 1487751279434768386
2022-03-15 19:52:48,973 INFO archived 1487597599830024192
2022-03-15 19:52:48,973 INFO archived 1487556086571974657
2022-03-15 19:52:48,973 INFO archived 1487524699194155017
2022-03-15 19:52:48,973 INFO archived 1487485440575823873
2022-03-15 19:52:48,973 INFO archived 1487484933845180419
2022-03-15 19:52:48,973 INFO archived 1487450232719912961
2022-03-15 19:52:48,973 INFO archived 1487448356750344192
2022-03-15 19:52:48,973 INFO archived 1487447651369037829
2022-03-15 19:52:48,973 INFO archived 1487181325794750464
2022-03-15 19:52:48,973 INFO archived 1487181283331612675
2022-03-15 19:52:48,973 INFO archived 1487180855328059397
2022-03-15 19:52:48,973 INFO archived 1487157719119417349
2022-03-15 19:52:48,973 INFO archived 1487091305675210756
2022-03-15 19:52:48,973 INFO archived 1486979440584314881
2022-03-15 19:52:48,973 INFO archived 1486966881181388802
2022-03-15 19:52:48,989 INFO archived 1486746445088804872
2022-03-15 19:52:48,989 INFO archived 1486683442402189314
2022-03-15 19:52:48,989 INFO archived 1486671395639726084
2022-03-15 19:52:48,989 INFO archived 1486606416462893057
2022-03-15 19:52:48,989 INFO archived 1486460010985054208
2022-03-15 19:52:48,989 INFO archived 1486440374143004672
2022-03-15 19:52:48,989 INFO archived 1486439402461147140
2022-03-15 19:52:48,989 INFO archived 1486435645404991491
2022-03-15 19:52:48,989 INFO archived 1486434775225315328
2022-03-15 19:52:48,989 INFO archived 1486434397192609796
2022-03-15 19:52:48,989 INFO archived 1486433550702465026
2022-03-15 19:52:48,989 INFO archived 1486430960556118018
2022-03-15 19:52:48,989 INFO archived 1486429090223726597
2022-03-15 19:52:48,989 INFO archived 1486428201849180163
2022-03-15 19:52:48,989 INFO archived 1486427689527427074
2022-03-15 19:52:48,989 INFO archived 1486421492908929031
2022-03-15 19:52:48,989 INFO archived 1486368571135561728
2022-03-15 19:52:48,989 INFO archived 1486367881696849925
2022-03-15 19:52:48,989 INFO archived 1486073265152008193
2022-03-15 19:52:48,989 INFO archived 1486053263124348934
2022-03-15 19:52:48,989 INFO archived 1485955066364375043
2022-03-15 19:52:48,989 INFO archived 1485771546660589569
2022-03-15 19:52:48,989 INFO archived 1485708584063324162
2022-03-15 19:52:48,989 INFO archived 1485688037749182464
2022-03-15 19:52:48,989 INFO archived 1485618751877885952
2022-03-15 19:52:48,989 INFO archived 1485616057335308288
2022-03-15 19:52:48,989 INFO archived 1485229613424988162
2022-03-15 19:52:48,989 INFO archived 1485165208016404482
2022-03-15 19:52:48,989 INFO archived 1485164389120585732
2022-03-15 19:52:48,989 INFO archived 1485161780645089280
2022-03-15 19:52:48,989 INFO archived 1485015750863634434
2022-03-15 19:52:48,989 INFO archived 1484829168575594498
2022-03-15 19:52:48,989 INFO archived 1484828620141047811
2022-03-15 19:52:48,989 INFO archived 1484651380526694400
2022-03-15 19:52:48,989 INFO archived 1484623847336914944
2022-03-15 19:52:49,005 INFO archived 1484623278991978501
2022-03-15 19:52:49,005 INFO archived 1484608866079973376
2022-03-15 19:52:49,005 INFO archived 1484593659043536900
2022-03-15 19:52:49,005 INFO archived 1484575451620249603
2022-03-15 19:52:49,005 INFO archived 1484574414733811715
2022-03-15 19:52:49,005 INFO archived 1484574373499576320
2022-03-15 19:52:49,005 INFO archived 1484515379275833345
2022-03-15 19:52:49,005 INFO archived 1484515041726668801
2022-03-15 19:52:49,005 INFO archived 1484255112885424128
2022-03-15 19:52:49,005 INFO archived 1484254665894207493
2022-03-15 19:52:49,005 INFO archived 1484254566430425093
2022-03-15 19:52:49,005 INFO archived 1484254149910876161
2022-03-15 19:52:49,005 INFO archived 1484253372849041414
2022-03-15 19:52:49,005 INFO archived 1484253055692558345
2022-03-15 19:52:49,005 INFO archived 1484253030920998916
2022-03-15 19:52:49,005 INFO archived 1484252929783734273
2022-03-15 19:52:49,005 INFO archived 1484225508585922568
2022-03-15 19:52:49,005 INFO archived 1484134903092494336
2022-03-15 19:52:49,005 INFO archived 1484122639828410369
2022-03-15 19:52:49,005 INFO archived 1484122132997103618
2022-03-15 19:52:49,005 INFO archived 1483956396345417733
2022-03-15 19:52:49,005 INFO archived 1483868261964042247
2022-03-15 19:52:49,005 INFO archived 1483847997351940099
2022-03-15 19:52:49,005 INFO archived 1483797727087583236
2022-03-15 19:52:49,005 INFO archived 1483797660926713856
2022-03-15 19:52:49,005 INFO archived 1483797475110662146
2022-03-15 19:52:49,005 INFO archived 1483796571066150913
2022-03-15 19:52:49,005 INFO archived 1483563185978413065
2022-03-15 19:52:49,005 INFO archived 1483519582837030912
2022-03-15 19:52:49,005 INFO archived 1483466910096408580
2022-03-15 19:52:49,005 INFO archived 1483416844480438273
2022-03-15 19:52:49,005 INFO archived 1483402592369717252
2022-03-15 19:52:49,005 INFO archived 1483401585367601153
2022-03-15 19:52:49,005 INFO archived 1483400538310033410
2022-03-15 19:52:49,005 INFO archived 1483388666735116289
2022-03-15 19:52:49,005 INFO archived 1483376323770859524
2022-03-15 19:52:49,005 INFO archived 1483362954250756096
2022-03-15 19:52:49,005 INFO archived 1483361178407608320
2022-03-15 19:52:49,005 INFO archived 1483113844092379142
2022-03-15 19:52:49,005 INFO archived 1483111893522866186
2022-03-15 19:52:49,005 INFO archived 1482872853527674880
2022-03-15 19:52:49,005 INFO archived 1482847906822561798
2022-03-15 19:52:49,005 INFO archived 1482822778889900044
2022-03-15 19:52:49,005 INFO archived 1482751806836989965
2022-03-15 19:52:49,005 INFO archived 1482737815112855557
2022-03-15 19:52:49,005 INFO archived 1482696931931471873
2022-03-15 19:52:49,005 INFO archived 1482449497670234117
2022-03-15 19:52:49,005 INFO archived 1482390894477299717
2022-03-15 19:52:49,005 INFO archived 1482374985893257218
2022-03-15 19:52:49,005 INFO archived 1482374013678723076
2022-03-15 19:52:49,005 INFO archived 1482362218301857796
2022-03-15 19:52:49,005 INFO archived 1482361143771422721
2022-03-15 19:52:49,005 INFO archived 1482360440260808704
2022-03-15 19:52:49,005 INFO archived 1482329040501547013
2022-03-15 19:52:49,020 INFO archived 1482072390033158158
2022-03-15 19:52:49,020 INFO archived 1482064041870778380
2022-03-15 19:52:49,020 INFO archived 1482037553066823683
2022-03-15 19:52:49,020 INFO getting ('https://api.twitter.com/1.1/statuses/user_timeline.json',) {'params': {'count': 200, 'screen_name': 'JLesemotte', 'include_ext_alt_text': 'true', 'tweet_mode': 'extended', 'max_id': '1482037553066823682'}}
2022-03-15 19:52:49,286 INFO archived 1482023880596332551
2022-03-15 19:52:49,286 INFO archived 1482023608885075968
2022-03-15 19:52:49,286 INFO archived 1482023355335254019
2022-03-15 19:52:49,286 INFO archived 1482022726382624772
2022-03-15 19:52:49,286 INFO archived 1482013581742940165
2022-03-15 19:52:49,286 INFO archived 1482012919294574592
2022-03-15 19:52:49,286 INFO archived 1481775495091998721
2022-03-15 19:52:49,286 INFO archived 1481751093981888512
2022-03-15 19:52:49,286 INFO archived 1481734767112507394
2022-03-15 19:52:49,286 INFO archived 1481721541108842500
2022-03-15 19:52:49,286 INFO archived 1481719998976602114
2022-03-15 19:52:49,286 INFO archived 1481665362722709513
2022-03-15 19:52:49,286 INFO archived 1481646967566471168
2022-03-15 19:52:49,286 INFO archived 1481428783597068288
2022-03-15 19:52:49,286 INFO archived 1481393435286331395
2022-03-15 19:52:49,286 INFO archived 1481372256915927047
2022-03-15 19:52:49,286 INFO archived 1481341056243359744
2022-03-15 19:52:49,286 INFO archived 1481340356893552648
2022-03-15 19:52:49,286 INFO archived 1481339774883479556
2022-03-15 19:52:49,286 INFO archived 1481334530350931972
2022-03-15 19:52:49,286 INFO archived 1481236737053663232
2022-03-15 19:52:49,286 INFO archived 1481067889637695512
2022-03-15 19:52:49,286 INFO archived 1480700307684401158
2022-03-15 19:52:49,286 INFO archived 1480687887519784961
2022-03-15 19:52:49,286 INFO archived 1480676144726822914
2022-03-15 19:52:49,286 INFO archived 1480669553294299139
2022-03-15 19:52:49,286 INFO archived 1480668646011715584
2022-03-15 19:52:49,286 INFO archived 1480516915026092036
2022-03-15 19:52:49,286 INFO archived 1480501490288672768
2022-03-15 19:52:49,286 INFO archived 1480284841040125953
2022-03-15 19:52:49,286 INFO archived 1480276198634700806
2022-03-15 19:52:49,286 INFO archived 1479834177189126153
2022-03-15 19:52:49,286 INFO archived 1479832315127898115
2022-03-15 19:52:49,286 INFO archived 1479586087672721410
2022-03-15 19:52:49,303 INFO archived 1479541486953893892
2022-03-15 19:52:49,303 INFO archived 1479495511765774341
2022-03-15 19:52:49,303 INFO archived 1479493810916835330
2022-03-15 19:52:49,303 INFO archived 1479200654744862721
2022-03-15 19:52:49,303 INFO archived 1479189654150787073
2022-03-15 19:52:49,303 INFO archived 1479166031549636611
2022-03-15 19:52:49,303 INFO archived 1479123279768170499
2022-03-15 19:52:49,303 INFO archived 1479071398542856192
2022-03-15 19:52:49,303 INFO archived 1479070454686138370
2022-03-15 19:52:49,303 INFO archived 1479070192500105217
2022-03-15 19:52:49,303 INFO archived 1479069368986263554
2022-03-15 19:52:49,303 INFO archived 1478862247741038603
2022-03-15 19:52:49,303 INFO archived 1478785528887717893
2022-03-15 19:52:49,303 INFO archived 1478784466613153794
2022-03-15 19:52:49,303 INFO archived 1478763905937780740
2022-03-15 19:52:49,303 INFO archived 1478743266002714638
2022-03-15 19:52:49,303 INFO archived 1478704121117036544
2022-03-15 19:52:49,303 INFO archived 1478703471469735938
2022-03-15 19:52:49,303 INFO archived 1478690648027021313
2022-03-15 19:52:49,303 INFO archived 1478642898346418178
2022-03-15 19:52:49,303 INFO archived 1478642201181753346
2022-03-15 19:52:49,303 INFO archived 1478519156005875715
2022-03-15 19:52:49,303 INFO archived 1478518670468997135
2022-03-15 19:52:49,303 INFO archived 1478445534792888329
2022-03-15 19:52:49,303 INFO archived 1478363128656285696
2022-03-15 19:52:49,303 INFO archived 1478351692710170625
2022-03-15 19:52:49,303 INFO archived 1478322149509275654
2022-03-15 19:52:49,303 INFO archived 1478319771305324545
2022-03-15 19:52:49,303 INFO archived 1478319634399047681
2022-03-15 19:52:49,303 INFO archived 1478311850110558209
2022-03-15 19:52:49,303 INFO archived 1478311607390380035
2022-03-15 19:52:49,303 INFO archived 1477747266207236106
2022-03-15 19:52:49,303 INFO archived 1477722087540281353
2022-03-15 19:52:49,303 INFO archived 1477176110714703874
2022-03-15 19:52:49,303 INFO archived 1477009510740987911
2022-03-15 19:52:49,303 INFO archived 1477008627693150211
2022-03-15 19:52:49,303 INFO archived 1476999594529722368
2022-03-15 19:52:49,303 INFO archived 1476998761457106951
2022-03-15 19:52:49,303 INFO archived 1476945092573335617
2022-03-15 19:52:49,303 INFO archived 1476789301669212169
2022-03-15 19:52:49,303 INFO archived 1476787623645614080
2022-03-15 19:52:49,303 INFO archived 1476610281191411715
2022-03-15 19:52:49,303 INFO archived 1476531677207961600
2022-03-15 19:52:49,303 INFO archived 1476496159757766661
2022-03-15 19:52:49,303 INFO archived 1476321866746937348
2022-03-15 19:52:49,303 INFO archived 1476278440148049921
2022-03-15 19:52:49,303 INFO archived 1476157675683598336
2022-03-15 19:52:49,303 INFO archived 1476157661783760902
2022-03-15 19:52:49,303 INFO archived 1476101396755795968
2022-03-15 19:52:49,303 INFO archived 1476098489406869505
2022-03-15 19:52:49,303 INFO archived 1476097537874485252
2022-03-15 19:52:49,303 INFO archived 1475913365776183297
2022-03-15 19:52:49,303 INFO archived 1475899235677655040
2022-03-15 19:52:49,303 INFO archived 1475898790330740741
2022-03-15 19:52:49,303 INFO archived 1475895997809238022
2022-03-15 19:52:49,303 INFO archived 1475884828990001163
2022-03-15 19:52:49,317 INFO archived 1475882349128785925
2022-03-15 19:52:49,317 INFO archived 1475864208512327681
2022-03-15 19:52:49,317 INFO archived 1475863921764536324
2022-03-15 19:52:49,317 INFO archived 1475862988783501317
2022-03-15 19:52:49,317 INFO archived 1475862674680561667
2022-03-15 19:52:49,317 INFO archived 1475862305250422788
2022-03-15 19:52:49,317 INFO archived 1475814349876965387
2022-03-15 19:52:49,317 INFO archived 1475812434631925767
2022-03-15 19:52:49,317 INFO archived 1475811967617146888
2022-03-15 19:52:49,317 INFO archived 1475810522289389571
2022-03-15 19:52:49,317 INFO archived 1475794131419082757
2022-03-15 19:52:49,317 INFO archived 1475789396288880642
2022-03-15 19:52:49,317 INFO archived 1475775860913360899
2022-03-15 19:52:49,317 INFO archived 1475775695611740160
2022-03-15 19:52:49,317 INFO archived 1475774284492681217
2022-03-15 19:52:49,317 INFO archived 1475773770077982723
2022-03-15 19:52:49,317 INFO archived 1475761289851031553
2022-03-15 19:52:49,317 INFO archived 1475760853651759110
2022-03-15 19:52:49,317 INFO archived 1475758293993897987
2022-03-15 19:52:49,317 INFO archived 1475756623318638594
2022-03-15 19:52:49,317 INFO archived 1475754833030299652
2022-03-15 19:52:49,317 INFO archived 1475733243622215681
2022-03-15 19:52:49,317 INFO archived 1475731549421195264
2022-03-15 19:52:49,317 INFO archived 1475731336128344064
2022-03-15 19:52:49,317 INFO archived 1475592258359603203
2022-03-15 19:52:49,317 INFO archived 1475591467787821057
2022-03-15 19:52:49,317 INFO archived 1475574271707598848
2022-03-15 19:52:49,317 INFO archived 1475573308448030721
2022-03-15 19:52:49,317 INFO archived 1475572299008983045
2022-03-15 19:52:49,317 INFO archived 1475564567430418442
2022-03-15 19:52:49,317 INFO archived 1475562460442763271
2022-03-15 19:52:49,317 INFO archived 1475561991561437186
2022-03-15 19:52:49,317 INFO archived 1475551093102895116
2022-03-15 19:52:49,317 INFO archived 1475238138381545478
2022-03-15 19:52:49,317 INFO archived 1475209195838398467
2022-03-15 19:52:49,317 INFO archived 1475183327422390278
2022-03-15 19:52:49,317 INFO archived 1475136223710699533
2022-03-15 19:52:49,317 INFO archived 1475135553947504643
2022-03-15 19:52:49,317 INFO archived 1474802187373002755
2022-03-15 19:52:49,317 INFO archived 1474769543482519555
2022-03-15 19:52:49,317 INFO archived 1474627679886487558
2022-03-15 19:52:49,317 INFO archived 1474494022903345153
2022-03-15 19:52:49,317 INFO archived 1474491745178112002
2022-03-15 19:52:49,317 INFO archived 1474489556602953737
2022-03-15 19:52:49,317 INFO archived 1474384436393390082
2022-03-15 19:52:49,317 INFO archived 1474342893494149121
2022-03-15 19:52:49,317 INFO archived 1474261123880869893
2022-03-15 19:52:49,317 INFO archived 1474150630138781705
2022-03-15 19:52:49,317 INFO archived 1474149736307429388
2022-03-15 19:52:49,317 INFO archived 1474146226836754442
2022-03-15 19:52:49,317 INFO archived 1474146031587803136
2022-03-15 19:52:49,317 INFO archived 1474127164224282631
2022-03-15 19:52:49,317 INFO archived 1474124519996633089
2022-03-15 19:52:49,317 INFO archived 1474124011890262029
2022-03-15 19:52:49,317 INFO archived 1474123281112481800
2022-03-15 19:52:49,317 INFO archived 1474122614041989125
2022-03-15 19:52:49,317 INFO archived 1473937937666654211
2022-03-15 19:52:49,317 INFO archived 1473794430729609223
2022-03-15 19:52:49,333 INFO archived 1473787953109417989
2022-03-15 19:52:49,333 INFO archived 1473766725812424708
2022-03-15 19:52:49,333 INFO archived 1473750410762534912
2022-03-15 19:52:49,333 INFO archived 1473710246812073984
2022-03-15 19:52:49,333 INFO archived 1473611717661933577
2022-03-15 19:52:49,333 INFO archived 1473605716598562819
2022-03-15 19:52:49,333 INFO archived 1473604604239695874
2022-03-15 19:52:49,333 INFO archived 1473604143973638144
2022-03-15 19:52:49,333 INFO archived 1473578004546822150
2022-03-15 19:52:49,333 INFO archived 1473576999482499072
2022-03-15 19:52:49,333 INFO archived 1473426446416846849
2022-03-15 19:52:49,333 INFO archived 1473426089825513477
2022-03-15 19:52:49,333 INFO archived 1473387229896708097
2022-03-15 19:52:49,333 INFO archived 1473386687778721795
2022-03-15 19:52:49,333 INFO archived 1473360891290783745
2022-03-15 19:52:49,333 INFO archived 1473347147714211852
2022-03-15 19:52:49,333 INFO archived 1473294723741888515
2022-03-15 19:52:49,333 INFO archived 1473293822876688384
2022-03-15 19:52:49,333 INFO archived 1473199142088368135
2022-03-15 19:52:49,333 INFO archived 1473176670764994566
2022-03-15 19:52:49,333 INFO archived 1473047927203454978
2022-03-15 19:52:49,333 INFO archived 1473003003623915523
2022-03-15 19:52:49,333 INFO archived 1472988531886862344
2022-03-15 19:52:49,333 INFO archived 1472988126255669250
2022-03-15 19:52:49,333 INFO archived 1472987891437555716
2022-03-15 19:52:49,333 INFO archived 1472983327661563906
2022-03-15 19:52:49,333 INFO archived 1472973499278974984
2022-03-15 19:52:49,333 INFO archived 1472969315045490693
2022-03-15 19:52:49,333 INFO archived 1472968827164053506
2022-03-15 19:52:49,333 INFO archived 1472963878535446537
2022-03-15 19:52:49,333 INFO archived 1472943757834297349
2022-03-15 19:52:49,333 INFO archived 1472943737122742279
2022-03-15 19:52:49,333 INFO archived 1472943262780608514
2022-03-15 19:52:49,333 INFO archived 1472934454310092800
2022-03-15 19:52:49,333 INFO archived 1472909413610659843
2022-03-15 19:52:49,333 INFO archived 1472858026700906499
2022-03-15 19:52:49,333 INFO archived 1472827857265168388
2022-03-15 19:52:49,333 INFO archived 1472702961264517120
2022-03-15 19:52:49,333 INFO archived 1472702535714672644
2022-03-15 19:52:49,333 INFO archived 1472702148404256769
2022-03-15 19:52:49,333 INFO archived 1472670021092618248
2022-03-15 19:52:49,333 INFO archived 1472625565299585028
2022-03-15 19:52:49,333 INFO archived 1472616192162598922
2022-03-15 19:52:49,333 INFO archived 1472616163763007491
2022-03-15 19:52:49,333 INFO archived 1472611273158365188
2022-03-15 19:52:49,333 INFO archived 1472610358883926025
2022-03-15 19:52:49,333 INFO archived 1472606688737902593
2022-03-15 19:52:49,333 INFO archived 1472601716667342856
2022-03-15 19:52:49,333 INFO archived 1472593602526294021
2022-03-15 19:52:49,333 INFO archived 1472572964499607563
2022-03-15 19:52:49,333 INFO archived 1472570135684816902
2022-03-15 19:52:49,333 INFO archived 1472566505657278465
2022-03-15 19:52:49,333 INFO getting ('https://api.twitter.com/1.1/statuses/user_timeline.json',) {'params': {'count': 200, 'screen_name': 'JLesemotte', 'include_ext_alt_text': 'true', 'tweet_mode': 'extended', 'max_id': '1472566505657278464'}}
2022-03-15 19:52:49,686 INFO archived 1472553658252464134
2022-03-15 19:52:49,701 INFO archived 1472552053096517637
2022-03-15 19:52:49,701 INFO archived 1472531544032137219
2022-03-15 19:52:49,701 INFO archived 1472527820811345923
2022-03-15 19:52:49,701 INFO archived 1472525425876340739
2022-03-15 19:52:49,701 INFO archived 1472522941334269956
2022-03-15 19:52:49,701 INFO archived 1472455562461949958
2022-03-15 19:52:49,701 INFO archived 1472455552852762627
2022-03-15 19:52:49,701 INFO archived 1472449025215549446
2022-03-15 19:52:49,701 INFO archived 1472448067211345920
2022-03-15 19:52:49,701 INFO archived 1472447294318563333
2022-03-15 19:52:49,701 INFO archived 1472447169777094658
2022-03-15 19:52:49,701 INFO archived 1472318578326179844
2022-03-15 19:52:49,701 INFO archived 1472317288376324105
2022-03-15 19:52:49,701 INFO archived 1472315803148210178
2022-03-15 19:52:49,701 INFO archived 1472312443938484233
2022-03-15 19:52:49,701 INFO archived 1472302712213626880
2022-03-15 19:52:49,701 INFO archived 1472297735567122432
2022-03-15 19:52:49,701 INFO archived 1472296817878618121
2022-03-15 19:52:49,701 INFO archived 1472295751711662081
2022-03-15 19:52:49,701 INFO archived 1472295223506182154
2022-03-15 19:52:49,701 INFO archived 1472283452691165188
2022-03-15 19:52:49,701 INFO archived 1472283262097764361
2022-03-15 19:52:49,701 INFO archived 1472283004567535616
2022-03-15 19:52:49,701 INFO archived 1472270579214561289
2022-03-15 19:52:49,701 INFO archived 1472269782368014337
2022-03-15 19:52:49,701 INFO archived 1472240328648372230
2022-03-15 19:52:49,701 INFO archived 1472204527738703881
2022-03-15 19:52:49,701 INFO archived 1472202696627298306
2022-03-15 19:52:49,701 INFO archived 1472129245740687364
2022-03-15 19:52:49,701 INFO archived 1472098767134498820
2022-03-15 19:52:49,701 INFO archived 1472092210988519424
2022-03-15 19:52:49,701 INFO archived 1472088595754278912
2022-03-15 19:52:49,701 INFO archived 1472087342001311744
2022-03-15 19:52:49,701 INFO archived 1471983237295742980
2022-03-15 19:52:49,701 INFO archived 1471976087290789898
2022-03-15 19:52:49,701 INFO archived 1471963703251714054
2022-03-15 19:52:49,701 INFO archived 1471955009940205570
2022-03-15 19:52:49,701 INFO archived 1471951500452716546
2022-03-15 19:52:49,701 INFO archived 1471950513461727235
2022-03-15 19:52:49,701 INFO archived 1471945461032435727
2022-03-15 19:52:49,701 INFO archived 1471943705535860748
2022-03-15 19:52:49,701 INFO archived 1471942768872337415
2022-03-15 19:52:49,701 INFO archived 1471939178132819971
2022-03-15 19:52:49,701 INFO archived 1471924808753586178
2022-03-15 19:52:49,701 INFO archived 1471924751287341064
2022-03-15 19:52:49,701 INFO archived 1471886683918548998
2022-03-15 19:52:49,701 INFO archived 1471882265709977605
2022-03-15 19:52:49,701 INFO archived 1471879862336032770
2022-03-15 19:52:49,701 INFO archived 1471879113313071107
2022-03-15 19:52:49,701 INFO archived 1471876072765628418
2022-03-15 19:52:49,701 INFO archived 1471874236381896711
2022-03-15 19:52:49,701 INFO archived 1471873049616080902
2022-03-15 19:52:49,701 INFO archived 1471873014375628819
2022-03-15 19:52:49,701 INFO archived 1471867883580018694
2022-03-15 19:52:49,701 INFO archived 1471867021084270605
2022-03-15 19:52:49,701 INFO archived 1471866072127229954
2022-03-15 19:52:49,701 INFO archived 1471865143424339979
2022-03-15 19:52:49,717 INFO archived 1471856641230397444
2022-03-15 19:52:49,717 INFO archived 1471848600745517056
2022-03-15 19:52:49,717 INFO archived 1471837596544385025
2022-03-15 19:52:49,717 INFO archived 1471836231210311686
2022-03-15 19:52:49,717 INFO archived 1471823792162979841
2022-03-15 19:52:49,717 INFO archived 1471800523166732290
2022-03-15 19:52:49,717 INFO archived 1471799569105231875
2022-03-15 19:52:49,717 INFO archived 1471744074713550849
2022-03-15 19:52:49,717 INFO archived 1471734841150484482
2022-03-15 19:52:49,717 INFO archived 1471733491557670914
2022-03-15 19:52:49,717 INFO archived 1471731663738654722
2022-03-15 19:52:49,717 INFO archived 1471626232102068229
2022-03-15 19:52:49,717 INFO archived 1471543159058579457
2022-03-15 19:52:49,717 INFO archived 1471528476725424134
2022-03-15 19:52:49,717 INFO archived 1471523380591579141
2022-03-15 19:52:49,717 INFO archived 1471523116555898888
2022-03-15 19:52:49,717 INFO archived 1471512881220911105
2022-03-15 19:52:49,717 INFO archived 1471512313303683072
2022-03-15 19:52:49,717 INFO archived 1471494514200121357
2022-03-15 19:52:49,717 INFO archived 1471492951998033926
2022-03-15 19:52:49,717 INFO archived 1471492400698642451
2022-03-15 19:52:49,717 INFO archived 1471491521165725698
2022-03-15 19:52:49,717 INFO archived 1471491495903432707
2022-03-15 19:52:49,717 INFO archived 1471491449971564545
2022-03-15 19:52:49,717 INFO archived 1471491305242980353
2022-03-15 19:52:49,717 INFO archived 1471490330784452608
2022-03-15 19:52:49,717 INFO archived 1471489079212609536
2022-03-15 19:52:49,717 INFO archived 1471488308668604425
2022-03-15 19:52:49,717 INFO archived 1471488161498865666
2022-03-15 19:52:49,717 INFO archived 1471392892820377603
2022-03-15 19:52:49,717 INFO archived 1471382342119874563
2022-03-15 19:52:49,717 INFO archived 1471381902540132352
2022-03-15 19:52:49,717 INFO archived 1471381363915993088
2022-03-15 19:52:49,717 INFO archived 1471379860119511042
2022-03-15 19:52:49,717 INFO archived 1471379763906453505
2022-03-15 19:52:49,717 INFO archived 1471378817230987264
2022-03-15 19:52:49,717 INFO archived 1471378481401540622
2022-03-15 19:52:49,717 INFO archived 1471377509820338181
2022-03-15 19:52:49,717 INFO archived 1471376325738905600
2022-03-15 19:52:49,717 INFO archived 1471375825765339145
2022-03-15 19:52:49,717 INFO archived 1471375075735740418
2022-03-15 19:52:49,717 INFO archived 1471271826240192519
2022-03-15 19:52:49,717 INFO archived 1471260786429505537
2022-03-15 19:52:49,717 INFO archived 1471260713905754119
2022-03-15 19:52:49,717 INFO archived 1471260053181280261
2022-03-15 19:52:49,717 INFO archived 1471243720074965002
2022-03-15 19:52:49,717 INFO archived 1471221106057138176
2022-03-15 19:52:49,717 INFO archived 1471220678040952840
2022-03-15 19:52:49,717 INFO archived 1471130200507400199
2022-03-15 19:52:49,717 INFO archived 1471130167451996165
2022-03-15 19:52:49,717 INFO archived 1471129876077985801
2022-03-15 19:52:49,717 INFO archived 1471128963586142218
2022-03-15 19:52:49,717 INFO archived 1471128708857618436
2022-03-15 19:52:49,717 INFO archived 1471128481111105542
2022-03-15 19:52:49,732 INFO archived 1471101987919994881
2022-03-15 19:52:49,732 INFO archived 1471084715436392452
2022-03-15 19:52:49,732 INFO archived 1471084635115433991
2022-03-15 19:52:49,732 INFO archived 1471078388530094080
2022-03-15 19:52:49,732 INFO archived 1471077128087166982
2022-03-15 19:52:49,732 INFO archived 1471037740330496001
2022-03-15 19:52:49,732 INFO archived 1471037078800642054
2022-03-15 19:52:49,732 INFO archived 1471034063477739523
2022-03-15 19:52:49,732 INFO archived 1471033600560799745
2022-03-15 19:52:49,732 INFO archived 1471022608334434305
2022-03-15 19:52:49,732 INFO archived 1471014025081376770
2022-03-15 19:52:49,732 INFO archived 1471012098192945152
2022-03-15 19:52:49,732 INFO archived 1471011531609493508
2022-03-15 19:52:49,732 INFO archived 1471010941680685058
2022-03-15 19:52:49,732 INFO archived 1471009357332631555
2022-03-15 19:52:49,732 INFO archived 1470883712535515146
2022-03-15 19:52:49,732 INFO archived 1470883498902933504
2022-03-15 19:52:49,732 INFO archived 1470883450571927552
2022-03-15 19:52:49,732 INFO archived 1470883297991565315
2022-03-15 19:52:49,732 INFO archived 1470883229938896902
2022-03-15 19:52:49,732 INFO archived 1470848556181372929
2022-03-15 19:52:49,732 INFO archived 1470847055472078856
2022-03-15 19:52:49,732 INFO archived 1470843920515055624
2022-03-15 19:52:49,732 INFO archived 1470841960512565254
2022-03-15 19:52:49,732 INFO archived 1470841883068968963
2022-03-15 19:52:49,732 INFO archived 1470840804214255617
2022-03-15 19:52:49,732 INFO archived 1470840708743507976
2022-03-15 19:52:49,732 INFO archived 1470838525792854017
2022-03-15 19:52:49,732 INFO archived 1470837233703915527
2022-03-15 19:52:49,732 INFO archived 1470836131507937283
2022-03-15 19:52:49,732 INFO archived 1470835417595486211
2022-03-15 19:52:49,732 INFO archived 1470834876211503104
2022-03-15 19:52:49,732 INFO archived 1470833908254220291
2022-03-15 19:52:49,732 INFO archived 1470828419143372808
2022-03-15 19:52:49,732 INFO archived 1470828239790694407
2022-03-15 19:52:49,732 INFO archived 1470819654709002249
2022-03-15 19:52:49,732 INFO archived 1470819465176752132
2022-03-15 19:52:49,732 INFO archived 1470814708143906833
2022-03-15 19:52:49,732 INFO archived 1470762627303358470
2022-03-15 19:52:49,732 INFO archived 1470761050437996545
2022-03-15 19:52:49,732 INFO archived 1470759902507409409
2022-03-15 19:52:49,732 INFO archived 1470758491962978310
2022-03-15 19:52:49,732 INFO archived 1470758394306998281
2022-03-15 19:52:49,732 INFO archived 1470758300711067648
2022-03-15 19:52:49,732 INFO archived 1470757441709170692
2022-03-15 19:52:49,732 INFO archived 1470742557198102534
2022-03-15 19:52:49,732 INFO archived 1470742554849300490
2022-03-15 19:52:49,732 INFO archived 1470741370381946885
2022-03-15 19:52:49,732 INFO archived 1470739919018631172
2022-03-15 19:52:49,732 INFO archived 1470739534107271173
2022-03-15 19:52:49,732 INFO archived 1470739373268381714
2022-03-15 19:52:49,732 INFO archived 1470697670452908034
2022-03-15 19:52:49,732 INFO archived 1470695480015400963
2022-03-15 19:52:49,748 INFO archived 1470691130266238978
2022-03-15 19:52:49,748 INFO archived 1470690900309331973
2022-03-15 19:52:49,748 INFO archived 1470690610239741957
2022-03-15 19:52:49,748 INFO archived 1470690144202203136
2022-03-15 19:52:49,748 INFO archived 1470689643960090630
2022-03-15 19:52:49,748 INFO archived 1470689414154235910
2022-03-15 19:52:49,748 INFO archived 1470647897251270663
2022-03-15 19:52:49,748 INFO archived 1470644960420585478
2022-03-15 19:52:49,748 INFO archived 1470644612679229441
2022-03-15 19:52:49,748 INFO archived 1470643589923454976
2022-03-15 19:52:49,748 INFO archived 1470536210888200192
2022-03-15 19:52:49,748 INFO archived 1470531248045105157
2022-03-15 19:52:49,748 INFO archived 1470531183247339521
2022-03-15 19:52:49,748 INFO archived 1470529701735284746
2022-03-15 19:52:49,748 INFO archived 1470526728921624581
2022-03-15 19:52:49,748 INFO archived 1470526443310436353
2022-03-15 19:52:49,748 INFO archived 1470524923756126212
2022-03-15 19:52:49,748 INFO archived 1470522850897498116
2022-03-15 19:52:49,748 INFO archived 1470522757968547843
2022-03-15 19:52:49,748 INFO archived 1470522354077945865
2022-03-15 19:52:49,748 INFO archived 1470522237774180363
2022-03-15 19:52:49,748 INFO archived 1470521527409991682
2022-03-15 19:52:49,748 INFO archived 1470521422732832773
2022-03-15 19:52:49,748 INFO archived 1470507397743579142
2022-03-15 19:52:49,748 INFO archived 1470489784078544899
2022-03-15 19:52:49,748 INFO archived 1470489558861107202
2022-03-15 19:52:49,748 INFO archived 1470485546342490112
2022-03-15 19:52:49,748 INFO archived 1470485422862131207
2022-03-15 19:52:49,748 INFO archived 1470485270613184519
2022-03-15 19:52:49,748 INFO archived 1470484926592126980
2022-03-15 19:52:49,748 INFO archived 1470483867903709185
2022-03-15 19:52:49,748 INFO archived 1470483552701718529
2022-03-15 19:52:49,748 INFO archived 1470481116595634176
2022-03-15 19:52:49,748 INFO getting ('https://api.twitter.com/1.1/statuses/user_timeline.json',) {'params': {'count': 200, 'screen_name': 'JLesemotte', 'include_ext_alt_text': 'true', 'tweet_mode': 'extended', 'max_id': '1470481116595634175'}}
2022-03-15 19:52:50,105 INFO archived 1470480766685622278
2022-03-15 19:52:50,105 INFO archived 1470479213530595339
2022-03-15 19:52:50,105 INFO archived 1470470733683957762
2022-03-15 19:52:50,105 INFO archived 1470461965998907392
2022-03-15 19:52:50,105 INFO archived 1470460577784946690
2022-03-15 19:52:50,105 INFO archived 1470460506649600007
2022-03-15 19:52:50,105 INFO archived 1470460219360751616
2022-03-15 19:52:50,105 INFO archived 1470459063649587207
2022-03-15 19:52:50,105 INFO archived 1470458650682662917
2022-03-15 19:52:50,105 INFO archived 1470458014675132418
2022-03-15 19:52:50,105 INFO archived 1470457674793988101
2022-03-15 19:52:50,105 INFO archived 1470457205254197255
2022-03-15 19:52:50,105 INFO archived 1470455872107290636
2022-03-15 19:52:50,105 INFO archived 1470455032504102913
2022-03-15 19:52:50,105 INFO archived 1470454581335412736
2022-03-15 19:52:50,105 INFO archived 1470454083387633664
2022-03-15 19:52:50,105 INFO archived 1470454034658123777
2022-03-15 19:52:50,105 INFO archived 1470453959588470801
2022-03-15 19:52:50,105 INFO archived 1470453394578022400
2022-03-15 19:52:50,105 INFO archived 1470453304329228295
2022-03-15 19:52:50,105 INFO archived 1470453171986354179
2022-03-15 19:52:50,105 INFO archived 1470453114360709132
2022-03-15 19:52:50,105 INFO archived 1470452910907695112
2022-03-15 19:52:50,105 INFO archived 1470452721773862912
2022-03-15 19:52:50,121 INFO archived 1470452698680119297
2022-03-15 19:52:50,121 INFO archived 1470452556862271498
2022-03-15 19:52:50,121 INFO archived 1470451646442393609
2022-03-15 19:52:50,121 INFO archived 1470450247155470346
2022-03-15 19:52:50,121 INFO archived 1470449872218345476
2022-03-15 19:52:50,121 INFO archived 1470449767180296194
2022-03-15 19:52:50,121 INFO archived 1470449220515676167
2022-03-15 19:52:50,121 INFO archived 1470448617622228996
2022-03-15 19:52:50,121 INFO archived 1470448546247847951
2022-03-15 19:52:50,121 INFO archived 1470448495131832333
2022-03-15 19:52:50,121 INFO archived 1470448022144356355
2022-03-15 19:52:50,121 INFO archived 1470447927332159490
2022-03-15 19:52:50,121 INFO archived 1470447891844063233
2022-03-15 19:52:50,121 INFO archived 1470447642589249538
2022-03-15 19:52:50,121 INFO archived 1470446749391196174
2022-03-15 19:52:50,121 INFO archived 1470445724794068996
2022-03-15 19:52:50,121 INFO archived 1470445100664819721
2022-03-15 19:52:50,121 INFO archived 1470445043408416772
2022-03-15 19:52:50,121 INFO archived 1470444863623774212
2022-03-15 19:52:50,121 INFO archived 1470444844522815497
2022-03-15 19:52:50,121 INFO archived 1470444824281165828
2022-03-15 19:52:50,121 INFO archived 1470422557656600581
2022-03-15 19:52:50,121 INFO archived 1470421778216460293
2022-03-15 19:52:50,121 INFO archived 1470421093362110465
2022-03-15 19:52:50,121 INFO archived 1470420652091969545
2022-03-15 19:52:50,121 INFO archived 1470420181193265155
2022-03-15 19:52:50,121 INFO archived 1470418874462089222
2022-03-15 19:52:50,121 INFO archived 1470418846523834369
2022-03-15 19:52:50,121 INFO archived 1470418456797454343
2022-03-15 19:52:50,121 INFO archived 1470418149166272514
2022-03-15 19:52:50,121 INFO archived 1470383654639706113
2022-03-15 19:52:50,121 INFO archived 1470382223257911299
2022-03-15 19:52:50,121 INFO archived 1470374948975923205
2022-03-15 19:52:50,121 INFO archived 1470374188946972675
2022-03-15 19:52:50,121 INFO archived 1470349900466597889
2022-03-15 19:52:50,121 INFO archived 1470349546836447235
2022-03-15 19:52:50,121 INFO archived 1470349469610872834
2022-03-15 19:52:50,121 INFO archived 1470319791655301123
2022-03-15 19:52:50,121 INFO archived 1470302766308409348
2022-03-15 19:52:50,121 INFO archived 1470301781100007428
2022-03-15 19:52:50,121 INFO archived 1470301731946905605
2022-03-15 19:52:50,121 INFO archived 1470050594715017220
2022-03-15 19:52:50,121 INFO archived 1470037422176194563
2022-03-15 19:52:50,121 INFO archived 1470027463870894087
2022-03-15 19:52:50,121 INFO archived 1470008552525897737
2022-03-15 19:52:50,121 INFO archived 1469973393252532238
2022-03-15 19:52:50,121 INFO archived 1469973257784905730
2022-03-15 19:52:50,121 INFO archived 1469972928037019653
2022-03-15 19:52:50,121 INFO archived 1469958413253812233
2022-03-15 19:52:50,121 INFO archived 1469957920053989383
2022-03-15 19:52:50,121 INFO archived 1469957135337500680
2022-03-15 19:52:50,136 INFO archived 1469769290664583170
2022-03-15 19:52:50,136 INFO archived 1469769037483806724
2022-03-15 19:52:50,136 INFO archived 1469768896983019530
2022-03-15 19:52:50,136 INFO archived 1469764843276226566
2022-03-15 19:52:50,136 INFO archived 1469755937221226499
2022-03-15 19:52:50,136 INFO archived 1469732570925576193
2022-03-15 19:52:50,136 INFO archived 1469676802687778816
2022-03-15 19:52:50,136 INFO archived 1469676299069366284
2022-03-15 19:52:50,136 INFO archived 1469676243066966021
2022-03-15 19:52:50,136 INFO archived 1469672151254974473
2022-03-15 19:52:50,136 INFO archived 1469584517371469824
2022-03-15 19:52:50,136 INFO archived 1469583063709626369
2022-03-15 19:52:50,136 INFO archived 1469581634492063744
2022-03-15 19:52:50,136 INFO archived 1469581461103722497
2022-03-15 19:52:50,136 INFO archived 1469579724301156360
2022-03-15 19:52:50,136 INFO archived 1469429987321208835
2022-03-15 19:52:50,136 INFO archived 1469422243721748480
2022-03-15 19:52:50,136 INFO archived 1469421639825866773
2022-03-15 19:52:50,136 INFO archived 1469421081891164164
2022-03-15 19:52:50,136 INFO archived 1469416467934416915
2022-03-15 19:52:50,136 INFO archived 1469416184554606603
2022-03-15 19:52:50,136 INFO archived 1469382001530707977
2022-03-15 19:52:50,136 INFO archived 1469381673674588168
2022-03-15 19:52:50,136 INFO archived 1469379117107851265
2022-03-15 19:52:50,136 INFO archived 1469373618949926914
2022-03-15 19:52:50,136 INFO archived 1469372890801975311
2022-03-15 19:52:50,136 INFO archived 1469372775718604812
2022-03-15 19:52:50,136 INFO archived 1469367381776601095
2022-03-15 19:52:50,136 INFO archived 1469367246900412418
2022-03-15 19:52:50,136 INFO archived 1469367012073906178
2022-03-15 19:52:50,136 INFO archived 1469366899792302092
2022-03-15 19:52:50,136 INFO archived 1469362472209588229
2022-03-15 19:52:50,136 INFO archived 1469359330231205892
2022-03-15 19:52:50,136 INFO archived 1469355177983549450
2022-03-15 19:52:50,136 INFO archived 1469355091002118149
2022-03-15 19:52:50,136 INFO archived 1469354773166051331
2022-03-15 19:52:50,136 INFO archived 1469354582526545929
2022-03-15 19:52:50,136 INFO archived 1469353362319720451
2022-03-15 19:52:50,136 INFO archived 1469352834017681408
2022-03-15 19:52:50,136 INFO archived 1469351449364729864
2022-03-15 19:52:50,136 INFO archived 1469351396642369540
2022-03-15 19:52:50,136 INFO archived 1469347528768475141
2022-03-15 19:52:50,136 INFO archived 1469336329376997379
2022-03-15 19:52:50,136 INFO archived 1469191239816073218
2022-03-15 19:52:50,136 INFO archived 1469183915877351429
2022-03-15 19:52:50,136 INFO archived 1469183252980248578
2022-03-15 19:52:50,136 INFO archived 1469182884418359304
2022-03-15 19:52:50,136 INFO archived 1469182277636743170
2022-03-15 19:52:50,136 INFO archived 1469182023503855620
2022-03-15 19:52:50,152 INFO archived 1469181097393152000
2022-03-15 19:52:50,152 INFO archived 1469065322959450123
2022-03-15 19:52:50,152 INFO archived 1469064664193642501
2022-03-15 19:52:50,152 INFO archived 1469052603149467655
2022-03-15 19:52:50,152 INFO archived 1469051842340560901
2022-03-15 19:52:50,152 INFO archived 1469041057572732929
2022-03-15 19:52:50,152 INFO archived 1469038600121733123
2022-03-15 19:52:50,152 INFO archived 1469029455414894598
2022-03-15 19:52:50,152 INFO archived 1469007941449977856
2022-03-15 19:52:50,152 INFO archived 1468993490860261379
2022-03-15 19:52:50,152 INFO archived 1468993313961357314
2022-03-15 19:52:50,152 INFO archived 1468865055353716739
2022-03-15 19:52:50,152 INFO archived 1468864652440477696
2022-03-15 19:52:50,152 INFO archived 1468861282564595716
2022-03-15 19:52:50,152 INFO archived 1468688055196336129
2022-03-15 19:52:50,152 INFO archived 1468679957366910982
2022-03-15 19:52:50,152 INFO archived 1468601347465531392
2022-03-15 19:52:50,152 INFO archived 1468600117892726784
2022-03-15 19:52:50,152 INFO archived 1468585285898444803
2022-03-15 19:52:50,152 INFO archived 1468533637922660352
2022-03-15 19:52:50,152 INFO archived 1468296845504004103
2022-03-15 19:52:50,152 INFO archived 1468294451562954756
2022-03-15 19:52:50,152 INFO archived 1468293908480372737
2022-03-15 19:52:50,152 INFO archived 1468293672659832832
2022-03-15 19:52:50,152 INFO archived 1468154445804490755
2022-03-15 19:52:50,152 INFO archived 1468154021722611714
2022-03-15 19:52:50,152 INFO archived 1468152821623177219
2022-03-15 19:52:50,152 INFO archived 1468149650108690433
2022-03-15 19:52:50,152 INFO archived 1468147617922269185
2022-03-15 19:52:50,152 INFO archived 1467999620643053569
2022-03-15 19:52:50,152 INFO archived 1467972326687924225
2022-03-15 19:52:50,152 INFO archived 1467912840728227848
2022-03-15 19:52:50,152 INFO archived 1467901270669373440
2022-03-15 19:52:50,152 INFO archived 1467900049178959872
2022-03-15 19:52:50,152 INFO archived 1467892327092047879
2022-03-15 19:52:50,152 INFO archived 1467865513875419136
2022-03-15 19:52:50,152 INFO archived 1467819200228044800
2022-03-15 19:52:50,152 INFO archived 1467818250633465860
2022-03-15 19:52:50,152 INFO archived 1467591726109970443
2022-03-15 19:52:50,152 INFO archived 1467587651645624332
2022-03-15 19:52:50,152 INFO archived 1467515438456311811
2022-03-15 19:52:50,152 INFO archived 1467513569189187591
2022-03-15 19:52:50,152 INFO archived 1467513533046870020
2022-03-15 19:52:50,152 INFO archived 1467414420779417601
2022-03-15 19:52:50,152 INFO archived 1467272051031527424
2022-03-15 19:52:50,152 INFO archived 1467271979434749957
2022-03-15 19:52:50,152 INFO archived 1467260427352616961
2022-03-15 19:52:50,152 INFO archived 1467252079743979528
2022-03-15 19:52:50,152 INFO archived 1467235438268235776
2022-03-15 19:52:50,152 INFO archived 1467227966375616514
2022-03-15 19:52:50,152 INFO archived 1467226073972756489
2022-03-15 19:52:50,152 INFO archived 1467130076147994624
2022-03-15 19:52:50,152 INFO archived 1467129259516903434
2022-03-15 19:52:50,152 INFO archived 1467109389031116800
2022-03-15 19:52:50,152 INFO archived 1467108467534143496
2022-03-15 19:52:50,152 INFO archived 1466884183511506945
2022-03-15 19:52:50,168 INFO archived 1466880676116971521
2022-03-15 19:52:50,168 INFO archived 1466872944303513605
2022-03-15 19:52:50,168 INFO archived 1466865030721323015
2022-03-15 19:52:50,168 INFO archived 1466850309888741378
2022-03-15 19:52:50,168 INFO archived 1466835313544867844
2022-03-15 19:52:50,168 INFO archived 1466818522135285762
2022-03-15 19:52:50,168 INFO archived 1466817559450341380
2022-03-15 19:52:50,168 INFO archived 1466816935912480773
2022-03-15 19:52:50,168 INFO archived 1466774941081214981
2022-03-15 19:52:50,168 INFO archived 1466774751091777537
2022-03-15 19:52:50,168 INFO archived 1466760943266934787
2022-03-15 19:52:50,168 INFO archived 1466755057244848132
2022-03-15 19:52:50,168 INFO archived 1466754767057731594
2022-03-15 19:52:50,168 INFO archived 1466690091544465416
2022-03-15 19:52:50,168 INFO archived 1466689740082667521
2022-03-15 19:52:50,168 INFO archived 1466689119501885451
2022-03-15 19:52:50,168 INFO archived 1466685900507828229
2022-03-15 19:52:50,168 INFO archived 1466685776989667335
2022-03-15 19:52:50,168 INFO archived 1466684523048062978
2022-03-15 19:52:50,168 INFO archived 1466552988206571525
2022-03-15 19:52:50,168 INFO getting ('https://api.twitter.com/1.1/statuses/user_timeline.json',) {'params': {'count': 200, 'screen_name': 'JLesemotte', 'include_ext_alt_text': 'true', 'tweet_mode': 'extended', 'max_id': '1466552988206571524'}}
2022-03-15 19:52:50,324 INFO archived 1466548969492856834
2022-03-15 19:52:50,324 INFO archived 1466548551761248261
2022-03-15 19:52:50,324 INFO archived 1466546919736590339
2022-03-15 19:52:50,324 INFO archived 1466546813217869824
2022-03-15 19:52:50,324 INFO archived 1466533575789006850
2022-03-15 19:52:50,324 INFO archived 1466533420729835521
2022-03-15 19:52:50,324 INFO archived 1466529979185909768
2022-03-15 19:52:50,324 INFO archived 1466528696982929408
2022-03-15 19:52:50,324 INFO archived 1466517309716111369
2022-03-15 19:52:50,324 INFO archived 1466516993759133708
2022-03-15 19:52:50,339 INFO archived 1466469884280426497
2022-03-15 19:52:50,339 INFO archived 1466455858817257483
2022-03-15 19:52:50,339 INFO archived 1466422496593420303
2022-03-15 19:52:50,339 INFO archived 1466421559606792200
2022-03-15 19:52:50,339 INFO archived 1466175044011372551
2022-03-15 19:52:50,339 INFO archived 1466174079581540354
2022-03-15 19:52:50,339 INFO archived 1466173656426586118
2022-03-15 19:52:50,339 INFO archived 1466173388880334848
2022-03-15 19:52:50,339 INFO archived 1466173049473052679
2022-03-15 19:52:50,339 INFO archived 1466172617036124161
2022-03-15 19:52:50,339 INFO archived 1466172516385411077
2022-03-15 19:52:50,339 INFO archived 1466164682276933639
2022-03-15 19:52:50,339 INFO archived 1466164149059211274
2022-03-15 19:52:50,339 INFO archived 1466163661815394305
2022-03-15 19:52:50,339 INFO archived 1466163497906196490
2022-03-15 19:52:50,339 INFO archived 1466163327286009857
2022-03-15 19:52:50,339 INFO archived 1466162830374313988
2022-03-15 19:52:50,339 INFO archived 1466162322116857871
2022-03-15 19:52:50,339 INFO getting ('https://api.twitter.com/1.1/statuses/user_timeline.json',) {'params': {'count': 200, 'screen_name': 'JLesemotte', 'include_ext_alt_text': 'true', 'tweet_mode': 'extended', 'max_id': '1466162322116857870'}}
2022-03-15 19:52:50,386 INFO no new tweets matching {'count': 200, 'screen_name': 'JLesemotte', 'include_ext_alt_text': 'true', 'tweet_mode': 'extended', 'max_id': '1466162322116857870'}
2022-03-15 19:53:11,198 INFO loading None profile from config C:\Users\Administrator\.twarc
2022-03-15 19:53:11,198 INFO creating http session
2022-03-15 19:53:11,198 INFO creating OAuth1 user authentication
2022-03-15 19:53:11,198 INFO getting ('https://api.twitter.com/1.1/account/verify_credentials.json',) {'params': {'tweet_mode': 'extended'}}
2022-03-15 19:53:11,339 INFO getting ('https://api.twitter.com/1.1/friends/ids.json',) {'params': {'screen_name': 'JLesemotte', 'cursor': -1, 'tweet_mode': 'extended'}}
2022-03-15 19:53:11,386 INFO archived 507476047
2022-03-15 19:53:11,386 INFO archived 226683536
2022-03-15 19:53:11,386 INFO archived 1150033278847447040
2022-03-15 19:53:11,386 INFO archived 1215468313448288256
2022-03-15 19:53:11,386 INFO archived 1290373219594067968
2022-03-15 19:53:11,386 INFO archived 1495082855952789508
2022-03-15 19:53:11,386 INFO archived 1462548977367359490
2022-03-15 19:53:11,386 INFO archived 1464300054479523843
2022-03-15 19:53:11,386 INFO archived 1614598884
2022-03-15 19:53:11,386 INFO archived 1000484526986969088
2022-03-15 19:53:11,386 INFO archived 1643055619
2022-03-15 19:53:11,386 INFO archived 1457710932512350210
2022-03-15 19:53:11,386 INFO archived 200163448
2022-03-15 19:53:11,386 INFO archived 1023072078
2022-03-15 19:53:11,386 INFO archived 762799939395158016
2022-03-15 19:53:11,386 INFO archived 1471400110668009476
2022-03-15 19:53:11,386 INFO archived 251618342
2022-03-15 19:53:11,386 INFO archived 4196983835
2022-03-15 19:53:11,386 INFO archived 1447911097
2022-03-15 19:53:11,386 INFO archived 349887025
2022-03-15 19:53:11,386 INFO archived 1281515817088225280
2022-03-15 19:53:11,386 INFO archived 805207070270259201
2022-03-15 19:53:11,386 INFO archived 914588454
2022-03-15 19:53:11,386 INFO archived 4850631346
2022-03-15 19:53:11,386 INFO archived 20015311
2022-03-15 19:53:11,386 INFO archived 1364199548957163521
2022-03-15 19:53:11,386 INFO archived 901030183213445125
2022-03-15 19:53:11,386 INFO archived 2341587819
2022-03-15 19:53:11,386 INFO archived 1002953188381687809
2022-03-15 19:53:11,386 INFO archived 1329500457748848648
2022-03-15 19:53:11,386 INFO archived 1245071277339140099
2022-03-15 19:53:11,386 INFO archived 1337950028611145730
2022-03-15 19:53:11,386 INFO archived 850644872356921344
2022-03-15 19:53:11,386 INFO archived 37315639
2022-03-15 19:53:11,386 INFO archived 1427664753258909702
2022-03-15 19:53:11,386 INFO archived 47953309
2022-03-15 19:53:11,386 INFO archived 829019765238820864
2022-03-15 19:53:11,386 INFO archived 1393737240656887811
2022-03-15 19:53:11,386 INFO archived 1083684049
2022-03-15 19:53:11,386 INFO archived 782060525966413825
2022-03-15 19:53:11,386 INFO archived 1469533682503340033
2022-03-15 19:53:11,386 INFO archived 579420174
2022-03-15 19:53:11,386 INFO archived 1397973304179363840
2022-03-15 19:53:11,386 INFO archived 1397026043756613634
2022-03-15 19:53:11,386 INFO archived 25065079
2022-03-15 19:53:11,386 INFO archived 233920757
2022-03-15 19:53:11,386 INFO archived 1022522684498948096
2022-03-15 19:53:11,386 INFO archived 1390844652350279681
2022-03-15 19:53:11,386 INFO archived 223841564
2022-03-15 19:53:11,386 INFO archived 1261055923663093765
2022-03-15 19:53:11,386 INFO archived 1144376695102873601
2022-03-15 19:53:11,386 INFO archived 1117062790945148934
2022-03-15 19:53:11,386 INFO archived 1296588200203304960
2022-03-15 19:53:11,386 INFO archived 780460754910732288
2022-03-15 19:53:11,386 INFO archived 1256036805411037186
2022-03-15 19:53:11,386 INFO archived 1024753499467382784
2022-03-15 19:53:11,386 INFO archived 841544752600293376
2022-03-15 19:53:11,386 INFO archived 872515260556746755
2022-03-15 19:53:11,386 INFO archived 17602896
2022-03-15 19:53:11,386 INFO archived 1052733470
2022-03-15 19:53:11,386 INFO archived 194988081
2022-03-15 19:53:11,386 INFO archived 775355256410701824
2022-03-15 19:53:11,386 INFO archived 1347673519266664448
2022-03-15 19:53:11,386 INFO archived 4583281223
2022-03-15 19:53:11,386 INFO archived 39946816
2022-03-15 19:53:11,386 INFO archived 1461750659137609739
2022-03-15 19:53:11,386 INFO archived 1024747857704878080
2022-03-15 19:53:11,386 INFO archived 435252106
2022-03-15 19:53:11,386 INFO archived 953077628059226113
2022-03-15 19:53:11,386 INFO archived 1120580091463991301
2022-03-15 19:53:11,386 INFO archived 2719830224
2022-03-15 19:53:11,386 INFO archived 932310261737951233
2022-03-15 19:53:11,386 INFO archived 1228743291996459018
2022-03-15 19:53:11,386 INFO archived 1103737728775012352
2022-03-15 19:53:11,386 INFO archived 3309371255
2022-03-15 19:53:11,386 INFO archived 737585733095956481
2022-03-15 19:53:11,386 INFO archived 2452358264
2022-03-15 19:53:11,386 INFO archived 452522315
2022-03-15 19:53:11,386 INFO archived 1088984209
2022-03-15 19:53:11,386 INFO archived 710127199
2022-03-15 19:53:11,386 INFO archived 1924288669
2022-03-15 19:53:29,616 INFO loading None profile from config C:\Users\Administrator\.twarc
2022-03-15 19:53:29,616 INFO creating http session
2022-03-15 19:53:29,616 INFO creating OAuth1 user authentication
2022-03-15 19:53:29,616 INFO getting ('https://api.twitter.com/1.1/account/verify_credentials.json',) {'params': {'tweet_mode': 'extended'}}
2022-03-15 19:53:29,757 INFO getting ('https://api.twitter.com/1.1/followers/ids.json',) {'params': {'screen_name': 'JLesemotte', 'cursor': -1, 'tweet_mode': 'extended'}}
2022-03-15 19:53:29,804 INFO archived 1495082855952789508
2022-03-15 19:53:29,804 INFO archived 1256036805411037186
2022-03-15 19:53:29,804 INFO archived 1281515817088225280
2022-03-15 19:53:29,804 INFO archived 1392544067762937862
2022-03-15 19:53:29,804 INFO archived 4850631346
2022-03-15 19:53:29,804 INFO archived 1398313184134578176
2022-03-15 19:53:29,804 INFO archived 1329500457748848648
2022-03-15 19:53:29,804 INFO archived 2341587819
2022-03-15 19:53:29,804 INFO archived 1397973304179363840
2022-03-15 19:53:29,804 INFO archived 932229195681488896
2022-03-15 19:53:29,804 INFO archived 1393737240656887811
2022-03-15 19:53:29,804 INFO archived 1390844652350279681
2022-03-15 19:53:29,804 INFO archived 1296588200203304960
2022-03-16 09:49:15,119 INFO loading None profile from config C:\Users\Administrator\.twarc
2022-03-16 09:49:15,119 INFO creating http session
2022-03-16 09:49:15,119 INFO creating OAuth1 user authentication
2022-03-16 09:49:15,119 INFO getting ('https://api.twitter.com/1.1/account/verify_credentials.json',) {'params': {'tweet_mode': 'extended'}}
2022-03-16 09:49:15,275 INFO looking up users 1495082855952789508,1256036805411037186,1281515817088225280,1392544067762937862,4850631346,1398313184134578176,1329500457748848648,2341587819,1397973304179363840,932229195681488896,1393737240656887811,1390844652350279681,1296588200203304960
2022-03-16 09:49:15,275 INFO getting ('https://api.twitter.com/1.1/users/lookup.json',) {'params': {'user_id': '1495082855952789508,1256036805411037186,1281515817088225280,1392544067762937862,4850631346,1398313184134578176,1329500457748848648,2341587819,1397973304179363840,932229195681488896,1393737240656887811,1390844652350279681,1296588200203304960', 'tweet_mode': 'extended'}}
2022-03-16 09:49:15,385 INFO archived 1495082855952789508
2022-03-16 09:49:15,385 INFO archived 1256036805411037186
2022-03-16 09:49:15,385 INFO archived 1281515817088225280
2022-03-16 09:49:15,385 INFO archived 1392544067762937862
2022-03-16 09:49:15,385 INFO archived 4850631346
2022-03-16 09:49:15,385 INFO archived 1398313184134578176
2022-03-16 09:49:15,385 INFO archived 1329500457748848648
2022-03-16 09:49:15,385 INFO archived 2341587819
2022-03-16 09:49:15,385 INFO archived 1397973304179363840
2022-03-16 09:49:15,385 INFO archived 932229195681488896
2022-03-16 09:49:15,385 INFO archived 1393737240656887811
2022-03-16 09:49:15,385 INFO archived 1390844652350279681
2022-03-16 09:49:15,385 INFO archived 1296588200203304960
2022-03-16 09:49:30,498 INFO loading None profile from config C:\Users\Administrator\.twarc
2022-03-16 09:49:30,498 INFO creating http session
2022-03-16 09:49:30,498 INFO creating OAuth1 user authentication
2022-03-16 09:49:30,498 INFO getting ('https://api.twitter.com/1.1/account/verify_credentials.json',) {'params': {'tweet_mode': 'extended'}}
2022-03-16 09:49:30,638 INFO looking up users 507476047,226683536,1150033278847447040,1215468313448288256,1290373219594067968,1495082855952789508,1462548977367359490,1464300054479523843,1614598884,1000484526986969088,1643055619,1457710932512350210,200163448,1023072078,762799939395158016,1471400110668009476,251618342,4196983835,1447911097,349887025,1281515817088225280,805207070270259201,914588454,4850631346,20015311,1364199548957163521,901030183213445125,2341587819,1002953188381687809,1329500457748848648,1245071277339140099,1337950028611145730,850644872356921344,37315639,1427664753258909702,47953309,829019765238820864,1393737240656887811,1083684049,782060525966413825,1469533682503340033,579420174,1397973304179363840,1397026043756613634,25065079,233920757,1022522684498948096,1390844652350279681,223841564,1261055923663093765,1144376695102873601,1117062790945148934,1296588200203304960,780460754910732288,1256036805411037186,1024753499467382784,841544752600293376,872515260556746755,17602896,1052733470,194988081,775355256410701824,1347673519266664448,4583281223,39946816,1461750659137609739,1024747857704878080,435252106,953077628059226113,1120580091463991301,2719830224,932310261737951233,1228743291996459018,1103737728775012352,3309371255,737585733095956481,2452358264,452522315,1088984209,710127199,1924288669
2022-03-16 09:49:30,638 INFO getting ('https://api.twitter.com/1.1/users/lookup.json',) {'params': {'user_id': '507476047,226683536,1150033278847447040,1215468313448288256,1290373219594067968,1495082855952789508,1462548977367359490,1464300054479523843,1614598884,1000484526986969088,1643055619,1457710932512350210,200163448,1023072078,762799939395158016,1471400110668009476,251618342,4196983835,1447911097,349887025,1281515817088225280,805207070270259201,914588454,4850631346,20015311,1364199548957163521,901030183213445125,2341587819,1002953188381687809,1329500457748848648,1245071277339140099,1337950028611145730,850644872356921344,37315639,1427664753258909702,47953309,829019765238820864,1393737240656887811,1083684049,782060525966413825,1469533682503340033,579420174,1397973304179363840,1397026043756613634,25065079,233920757,1022522684498948096,1390844652350279681,223841564,1261055923663093765,1144376695102873601,1117062790945148934,1296588200203304960,780460754910732288,1256036805411037186,1024753499467382784,841544752600293376,872515260556746755,17602896,1052733470,194988081,775355256410701824,1347673519266664448,4583281223,39946816,1461750659137609739,1024747857704878080,435252106,953077628059226113,1120580091463991301,2719830224,932310261737951233,1228743291996459018,1103737728775012352,3309371255,737585733095956481,2452358264,452522315,1088984209,710127199,1924288669', 'tweet_mode': 'extended'}}
2022-03-16 09:49:30,826 INFO archived 507476047
2022-03-16 09:49:30,826 INFO archived 226683536
2022-03-16 09:49:30,826 INFO archived 1150033278847447040
2022-03-16 09:49:30,826 INFO archived 1215468313448288256
2022-03-16 09:49:30,826 INFO archived 1290373219594067968
2022-03-16 09:49:30,826 INFO archived 1495082855952789508
2022-03-16 09:49:30,826 INFO archived 1462548977367359490
2022-03-16 09:49:30,826 INFO archived 1464300054479523843
2022-03-16 09:49:30,826 INFO archived 1614598884
2022-03-16 09:49:30,826 INFO archived 1000484526986969088
2022-03-16 09:49:30,826 INFO archived 1643055619
2022-03-16 09:49:30,826 INFO archived 1457710932512350210
2022-03-16 09:49:30,826 INFO archived 200163448
2022-03-16 09:49:30,826 INFO archived 1023072078
2022-03-16 09:49:30,826 INFO archived 762799939395158016
2022-03-16 09:49:30,826 INFO archived 1471400110668009476
2022-03-16 09:49:30,826 INFO archived 251618342
2022-03-16 09:49:30,826 INFO archived 4196983835
2022-03-16 09:49:30,826 INFO archived 1447911097
2022-03-16 09:49:30,826 INFO archived 349887025
2022-03-16 09:49:30,826 INFO archived 1281515817088225280
2022-03-16 09:49:30,826 INFO archived 805207070270259201
2022-03-16 09:49:30,842 INFO archived 914588454
2022-03-16 09:49:30,842 INFO archived 4850631346
2022-03-16 09:49:30,842 INFO archived 20015311
2022-03-16 09:49:30,842 INFO archived 1364199548957163521
2022-03-16 09:49:30,842 INFO archived 901030183213445125
2022-03-16 09:49:30,842 INFO archived 2341587819
2022-03-16 09:49:30,842 INFO archived 1002953188381687809
2022-03-16 09:49:30,842 INFO archived 1329500457748848648
2022-03-16 09:49:30,842 INFO archived 1245071277339140099
2022-03-16 09:49:30,842 INFO archived 1337950028611145730
2022-03-16 09:49:30,842 INFO archived 850644872356921344
2022-03-16 09:49:30,842 INFO archived 37315639
2022-03-16 09:49:30,842 INFO archived 1427664753258909702
2022-03-16 09:49:30,842 INFO archived 47953309
2022-03-16 09:49:30,842 INFO archived 829019765238820864
2022-03-16 09:49:30,842 INFO archived 1393737240656887811
2022-03-16 09:49:30,842 INFO archived 1083684049
2022-03-16 09:49:30,842 INFO archived 782060525966413825
2022-03-16 09:49:30,842 INFO archived 1469533682503340033
2022-03-16 09:49:30,842 INFO archived 579420174
2022-03-16 09:49:30,842 INFO archived 1397973304179363840
2022-03-16 09:49:30,842 INFO archived 1397026043756613634
2022-03-16 09:49:30,842 INFO archived 25065079
2022-03-16 09:49:30,842 INFO archived 233920757
2022-03-16 09:49:30,842 INFO archived 1022522684498948096
2022-03-16 09:49:30,842 INFO archived 1390844652350279681
2022-03-16 09:49:30,842 INFO archived 223841564
2022-03-16 09:49:30,842 INFO archived 1261055923663093765
2022-03-16 09:49:30,842 INFO archived 1144376695102873601
2022-03-16 09:49:30,842 INFO archived 1117062790945148934
2022-03-16 09:49:30,842 INFO archived 1296588200203304960
2022-03-16 09:49:30,842 INFO archived 780460754910732288
2022-03-16 09:49:30,842 INFO archived 1256036805411037186
2022-03-16 09:49:30,842 INFO archived 1024753499467382784
2022-03-16 09:49:30,842 INFO archived 841544752600293376
2022-03-16 09:49:30,842 INFO archived 872515260556746755
2022-03-16 09:49:30,842 INFO archived 17602896
2022-03-16 09:49:30,842 INFO archived 1052733470
2022-03-16 09:49:30,842 INFO archived 194988081
2022-03-16 09:49:30,842 INFO archived 775355256410701824
2022-03-16 09:49:30,857 INFO archived 1347673519266664448
2022-03-16 09:49:30,857 INFO archived 4583281223
2022-03-16 09:49:30,857 INFO archived 39946816
2022-03-16 09:49:30,857 INFO archived 1461750659137609739
2022-03-16 09:49:30,857 INFO archived 1024747857704878080
2022-03-16 09:49:30,857 INFO archived 435252106
2022-03-16 09:49:30,857 INFO archived 953077628059226113
2022-03-16 09:49:30,857 INFO archived 1120580091463991301
2022-03-16 09:49:30,857 INFO archived 2719830224
2022-03-16 09:49:30,857 INFO archived 932310261737951233
2022-03-16 09:49:30,857 INFO archived 1228743291996459018
2022-03-16 09:49:30,857 INFO archived 1103737728775012352
2022-03-16 09:49:30,857 INFO archived 3309371255
2022-03-16 09:49:30,857 INFO archived 737585733095956481
2022-03-16 09:49:30,857 INFO archived 2452358264
2022-03-16 09:49:30,857 INFO archived 452522315
2022-03-16 09:49:30,857 INFO archived 1088984209
2022-03-16 09:49:30,857 INFO archived 710127199
2022-03-16 09:49:30,857 INFO archived 1924288669
