2022-03-16 09:53:03,386 INFO loading None profile from config C:\Users\Administrator\.twarc
2022-03-16 09:53:03,386 INFO creating http session
2022-03-16 09:53:03,386 INFO creating OAuth1 user authentication
2022-03-16 09:53:03,402 INFO getting ('https://api.twitter.com/1.1/account/verify_credentials.json',) {'params': {'tweet_mode': 'extended'}}
2022-03-16 09:53:03,542 INFO looking up users {"id": 1360694668325916672, "id_str": "1360694668325916672", "name": "PandaLily", "screen_name": "Pandalily19", "location": "Portland, OR", "description": "'what fresh hell is this?'~ d. parker. Appreciating: the art and science of cooking, words, films, hot hot coffee, all the animals, kind souls", "url": null, "entities": {"description": {"urls": []}}, "protected": false, "followers_count": 375, "friends_count": 439, "listed_count": 1, "created_at": "Sat Feb 13 20:57:56 +0000 2021", "favourites_count": 2008, "utc_offset": null, "time_zone": null, "geo_enabled": false, "verified": false, "statuses_count": 5203, "lang": null, "status": {"created_at": "Sat Mar 12 21:46:52 +0000 2022", "id": 1502763079045566465, "id_str": "1502763079045566465", "full_text": "@EriKawano2 Spring\ud83c\udf3a\ud83c\udf37\ud83c\udf38", "truncated": false, "display_text_range": [12, 21], "entities": {"hashtags": [], "symbols": [], "user_mentions": [{"screen_name": "EriKawano2", "name": "Eri Kawano", "id": 1247001767914561536, "id_str": "1247001767914561536", "indices": [0, 11]}], "urls": []}, "source": "<a href=\"http://twitter.com/download/android\" rel=\"nofollow\">Twitter for Android</a>", "in_reply_to_status_id": 1502510202855510018, "in_reply_to_status_id_str": "1502510202855510018", "in_reply_to_user_id": 1247001767914561536, "in_reply_to_user_id_str": "1247001767914561536", "in_reply_to_screen_name": "EriKawano2", "geo": null, "coordinates": null, "place": null, "contributors": null, "is_quote_status": false, "retweet_count": 0, "favorite_count": 1, "favorited": false, "retweeted": false, "lang": "en"}, "contributors_enabled": false, "is_translator": false, "is_translation_enabled": false, "profile_background_color": "F5F8FA", "profile_background_image_url": null, "profile_background_image_url_https": null, "profile_background_tile": false, "profile_image_url": "http://pbs.twimg.com/profile_images/1502640198265450498/x8MnBCBk_normal.jpg", "profile_image_url_https": "https://pbs.twimg.com/profile_images/1502640198265450498/x8MnBCBk_normal.jpg", "profile_banner_url": "https://pbs.twimg.com/profile_banners/1360694668325916672/1647094299", "profile_link_color": "1DA1F2", "profile_sidebar_border_color": "C0DEED", "profile_sidebar_fill_color": "DDEEF6", "profile_text_color": "333333", "profile_use_background_image": true, "has_extended_profile": true, "default_profile": true, "default_profile_image": false, "following": false, "follow_request_sent": false, "notifications": false, "translator_type": "none", "withheld_in_countries": []}
2022-03-16 09:53:03,542 INFO getting ('https://api.twitter.com/1.1/users/lookup.json',) {'params': {'screen_name': '{"id": 1360694668325916672, "id_str": "1360694668325916672", "name": "PandaLily", "screen_name": "Pandalily19", "location": "Portland, OR", "description": "\'what fresh hell is this?\'~ d. parker. Appreciating: the art and science of cooking, words, films, hot hot coffee, all the animals, kind souls", "url": null, "entities": {"description": {"urls": []}}, "protected": false, "followers_count": 375, "friends_count": 439, "listed_count": 1, "created_at": "Sat Feb 13 20:57:56 +0000 2021", "favourites_count": 2008, "utc_offset": null, "time_zone": null, "geo_enabled": false, "verified": false, "statuses_count": 5203, "lang": null, "status": {"created_at": "Sat Mar 12 21:46:52 +0000 2022", "id": 1502763079045566465, "id_str": "1502763079045566465", "full_text": "@EriKawano2 Spring\\ud83c\\udf3a\\ud83c\\udf37\\ud83c\\udf38", "truncated": false, "display_text_range": [12, 21], "entities": {"hashtags": [], "symbols": [], "user_mentions": [{"screen_name": "EriKawano2", "name": "Eri Kawano", "id": 1247001767914561536, "id_str": "1247001767914561536", "indices": [0, 11]}], "urls": []}, "source": "<a href=\\"http://twitter.com/download/android\\" rel=\\"nofollow\\">Twitter for Android</a>", "in_reply_to_status_id": 1502510202855510018, "in_reply_to_status_id_str": "1502510202855510018", "in_reply_to_user_id": 1247001767914561536, "in_reply_to_user_id_str": "1247001767914561536", "in_reply_to_screen_name": "EriKawano2", "geo": null, "coordinates": null, "place": null, "contributors": null, "is_quote_status": false, "retweet_count": 0, "favorite_count": 1, "favorited": false, "retweeted": false, "lang": "en"}, "contributors_enabled": false, "is_translator": false, "is_translation_enabled": false, "profile_background_color": "F5F8FA", "profile_background_image_url": null, "profile_background_image_url_https": null, "profile_background_tile": false, "profile_image_url": "http://pbs.twimg.com/profile_images/1502640198265450498/x8MnBCBk_normal.jpg", "profile_image_url_https": "https://pbs.twimg.com/profile_images/1502640198265450498/x8MnBCBk_normal.jpg", "profile_banner_url": "https://pbs.twimg.com/profile_banners/1360694668325916672/1647094299", "profile_link_color": "1DA1F2", "profile_sidebar_border_color": "C0DEED", "profile_sidebar_fill_color": "DDEEF6", "profile_text_color": "333333", "profile_use_background_image": true, "has_extended_profile": true, "default_profile": true, "default_profile_image": false, "following": false, "follow_request_sent": false, "notifications": false, "translator_type": "none", "withheld_in_countries": []}', 'tweet_mode': 'extended'}}
2022-03-16 09:53:03,636 INFO archived 3355517979
2022-03-16 09:53:03,636 INFO archived 2515891
2022-03-16 09:53:19,351 INFO loading None profile from config C:\Users\Administrator\.twarc
2022-03-16 09:53:19,351 INFO creating http session
2022-03-16 09:53:19,351 INFO creating OAuth1 user authentication
2022-03-16 09:53:19,351 INFO getting ('https://api.twitter.com/1.1/account/verify_credentials.json',) {'params': {'tweet_mode': 'extended'}}
2022-03-16 09:53:19,492 INFO looking up users 1481464481167380481,1335216530796269568,3247767827,1275553125613658115,1067870893307777024,1069760736417595393,971558989178785792,1028015278532243456,4123047552,997856845124513792,1380533214150819845,2165461283,260849317,1312510305390522368,1291781339893596160,1243150395322572800,1270459985042894848,1367902048117809162,220407928,1230135057282666497,1454307716181237761,1482000341658972165,1084036093505241088,1301261919899324422,281224902,813101137,3219504480,258108877,1096823747917631488,1358764171412856835,167184745,1201747444473769986,1161761477423820800,1022274269735276546,1195347083714318337,1478864182619492353,715664575253901312,1422990118714060801,382905486,1069197983781191680,3356335099,790830956080877568,1475126378655674369,311542894,1330906980035203072,1322298220609822720,1441014394834587652,1027903830590029824,972040878440271872,1159021908630953984,1247001767914561536,879302085514190849,710469497510035460,1329561626895405056,819961702431092736,817697998406717440,2772014341,369083930,1909982072,166335110,1416460533763428354,1200049865406988289,1285089154985070593,962433815384936448,885215338757066753,1404494962633306123,45628979,186966745,1420343140888846338,946846266,41418257,1389907769990520832,1266862603013259264,1350174400885223425,11789302,3284706530,48074704,1252419344,2333695047,19543520,3372256589,1186991234075844609,1002276047969112064,1018980653596102663,582405827,1452844060188762117,957035972943892481,1056433047959158784,1248141483619672065,800498016809414656,1444910020433301506,1316504107268464640,1311310868416729088,1026853446283145220,1311405761461981188,633994279,1434269536627396619,2891845083,1252251419052253189,1219716577278427136
2022-03-16 09:53:19,492 INFO getting ('https://api.twitter.com/1.1/users/lookup.json',) {'params': {'user_id': '1481464481167380481,1335216530796269568,3247767827,1275553125613658115,1067870893307777024,1069760736417595393,971558989178785792,1028015278532243456,4123047552,997856845124513792,1380533214150819845,2165461283,260849317,1312510305390522368,1291781339893596160,1243150395322572800,1270459985042894848,1367902048117809162,220407928,1230135057282666497,1454307716181237761,1482000341658972165,1084036093505241088,1301261919899324422,281224902,813101137,3219504480,258108877,1096823747917631488,1358764171412856835,167184745,1201747444473769986,1161761477423820800,1022274269735276546,1195347083714318337,1478864182619492353,715664575253901312,1422990118714060801,382905486,1069197983781191680,3356335099,790830956080877568,1475126378655674369,311542894,1330906980035203072,1322298220609822720,1441014394834587652,1027903830590029824,972040878440271872,1159021908630953984,1247001767914561536,879302085514190849,710469497510035460,1329561626895405056,819961702431092736,817697998406717440,2772014341,369083930,1909982072,166335110,1416460533763428354,1200049865406988289,1285089154985070593,962433815384936448,885215338757066753,1404494962633306123,45628979,186966745,1420343140888846338,946846266,41418257,1389907769990520832,1266862603013259264,1350174400885223425,11789302,3284706530,48074704,1252419344,2333695047,19543520,3372256589,1186991234075844609,1002276047969112064,1018980653596102663,582405827,1452844060188762117,957035972943892481,1056433047959158784,1248141483619672065,800498016809414656,1444910020433301506,1316504107268464640,1311310868416729088,1026853446283145220,1311405761461981188,633994279,1434269536627396619,2891845083,1252251419052253189,1219716577278427136', 'tweet_mode': 'extended'}}
2022-03-16 09:53:20,037 INFO archived 1481464481167380481
2022-03-16 09:53:20,037 INFO archived 1335216530796269568
2022-03-16 09:53:20,037 INFO archived 3247767827
2022-03-16 09:53:20,037 INFO archived 1275553125613658115
2022-03-16 09:53:20,037 INFO archived 1067870893307777024
2022-03-16 09:53:20,037 INFO archived 1069760736417595393
2022-03-16 09:53:20,037 INFO archived 971558989178785792
2022-03-16 09:53:20,037 INFO archived 1028015278532243456
2022-03-16 09:53:20,037 INFO archived 4123047552
2022-03-16 09:53:20,037 INFO archived 997856845124513792
2022-03-16 09:53:20,051 INFO archived 1380533214150819845
2022-03-16 09:53:20,051 INFO archived 2165461283
2022-03-16 09:53:20,051 INFO archived 260849317
2022-03-16 09:53:20,051 INFO archived 1312510305390522368
2022-03-16 09:53:20,051 INFO archived 1291781339893596160
2022-03-16 09:53:20,051 INFO archived 1243150395322572800
2022-03-16 09:53:20,051 INFO archived 1270459985042894848
2022-03-16 09:53:20,051 INFO archived 1367902048117809162
2022-03-16 09:53:20,051 INFO archived 220407928
2022-03-16 09:53:20,051 INFO archived 1230135057282666497
2022-03-16 09:53:20,051 INFO archived 1454307716181237761
2022-03-16 09:53:20,051 INFO archived 1482000341658972165
2022-03-16 09:53:20,051 INFO archived 1084036093505241088
2022-03-16 09:53:20,051 INFO archived 1301261919899324422
2022-03-16 09:53:20,051 INFO archived 281224902
2022-03-16 09:53:20,051 INFO archived 813101137
2022-03-16 09:53:20,051 INFO archived 3219504480
2022-03-16 09:53:20,051 INFO archived 258108877
2022-03-16 09:53:20,051 INFO archived 1096823747917631488
2022-03-16 09:53:20,051 INFO archived 1358764171412856835
2022-03-16 09:53:20,051 INFO archived 167184745
2022-03-16 09:53:20,051 INFO archived 1201747444473769986
2022-03-16 09:53:20,051 INFO archived 1161761477423820800
2022-03-16 09:53:20,051 INFO archived 1022274269735276546
2022-03-16 09:53:20,051 INFO archived 1195347083714318337
2022-03-16 09:53:20,051 INFO archived 1478864182619492353
2022-03-16 09:53:20,051 INFO archived 715664575253901312
2022-03-16 09:53:20,051 INFO archived 1422990118714060801
2022-03-16 09:53:20,051 INFO archived 382905486
2022-03-16 09:53:20,051 INFO archived 1069197983781191680
2022-03-16 09:53:20,051 INFO archived 3356335099
2022-03-16 09:53:20,051 INFO archived 790830956080877568
2022-03-16 09:53:20,051 INFO archived 1475126378655674369
2022-03-16 09:53:20,051 INFO archived 311542894
2022-03-16 09:53:20,051 INFO archived 1330906980035203072
2022-03-16 09:53:20,051 INFO archived 1322298220609822720
2022-03-16 09:53:20,051 INFO archived 1441014394834587652
2022-03-16 09:53:20,051 INFO archived 1027903830590029824
2022-03-16 09:53:20,051 INFO archived 972040878440271872
2022-03-16 09:53:20,051 INFO archived 1159021908630953984
2022-03-16 09:53:20,051 INFO archived 1247001767914561536
2022-03-16 09:53:20,051 INFO archived 879302085514190849
2022-03-16 09:53:20,051 INFO archived 710469497510035460
2022-03-16 09:53:20,051 INFO archived 1329561626895405056
2022-03-16 09:53:20,051 INFO archived 819961702431092736
2022-03-16 09:53:20,051 INFO archived 817697998406717440
2022-03-16 09:53:20,051 INFO archived 2772014341
2022-03-16 09:53:20,051 INFO archived 369083930
2022-03-16 09:53:20,051 INFO archived 1909982072
2022-03-16 09:53:20,051 INFO archived 166335110
2022-03-16 09:53:20,051 INFO archived 1416460533763428354
2022-03-16 09:53:20,051 INFO archived 1200049865406988289
2022-03-16 09:53:20,051 INFO archived 1285089154985070593
2022-03-16 09:53:20,051 INFO archived 962433815384936448
2022-03-16 09:53:20,051 INFO archived 885215338757066753
2022-03-16 09:53:20,051 INFO archived 1404494962633306123
2022-03-16 09:53:20,051 INFO archived 45628979
2022-03-16 09:53:20,051 INFO archived 186966745
2022-03-16 09:53:20,051 INFO archived 1420343140888846338
2022-03-16 09:53:20,051 INFO archived 946846266
2022-03-16 09:53:20,051 INFO archived 41418257
2022-03-16 09:53:20,051 INFO archived 1389907769990520832
2022-03-16 09:53:20,051 INFO archived 1266862603013259264
2022-03-16 09:53:20,051 INFO archived 1350174400885223425
2022-03-16 09:53:20,068 INFO archived 11789302
2022-03-16 09:53:20,068 INFO archived 3284706530
2022-03-16 09:53:20,068 INFO archived 48074704
2022-03-16 09:53:20,068 INFO archived 1252419344
2022-03-16 09:53:20,068 INFO archived 2333695047
2022-03-16 09:53:20,068 INFO archived 19543520
2022-03-16 09:53:20,068 INFO archived 3372256589
2022-03-16 09:53:20,068 INFO archived 1186991234075844609
2022-03-16 09:53:20,068 INFO archived 1002276047969112064
2022-03-16 09:53:20,068 INFO archived 1018980653596102663
2022-03-16 09:53:20,068 INFO archived 582405827
2022-03-16 09:53:20,068 INFO archived 1452844060188762117
2022-03-16 09:53:20,068 INFO archived 957035972943892481
2022-03-16 09:53:20,068 INFO archived 1056433047959158784
2022-03-16 09:53:20,068 INFO archived 1248141483619672065
2022-03-16 09:53:20,068 INFO archived 800498016809414656
2022-03-16 09:53:20,068 INFO archived 1444910020433301506
2022-03-16 09:53:20,068 INFO archived 1316504107268464640
2022-03-16 09:53:20,068 INFO archived 1311310868416729088
2022-03-16 09:53:20,068 INFO archived 1026853446283145220
2022-03-16 09:53:20,068 INFO archived 1311405761461981188
2022-03-16 09:53:20,068 INFO archived 633994279
2022-03-16 09:53:20,068 INFO archived 1434269536627396619
2022-03-16 09:53:20,068 INFO archived 2891845083
2022-03-16 09:53:20,068 INFO archived 1252251419052253189
2022-03-16 09:53:20,068 INFO archived 1219716577278427136
2022-03-16 09:53:20,068 INFO looking up users 19572786,944261075670851584,1422276007566925832,1443752445541117964,167918569,1404104569332846593,28802580,1250223192087638016,1234252078324670464,47823281,263301093,925509852046217216,717768459363418112,969966481147645952,744170332202893312,1121912674458193921,1334713892384223232,889533768935067648,1153954078118088705,411295303,1294287429583679490,571244007,1075084441553395713,1416847775514382337,1273703714856075265,1058086569029103619,1431254321065304072,1259378473946288128,373612360,3011254245,3947310321,1200417905369849856,1242778424797773826,1137362771895603201,960096947766935552,1057566197057605634,1291817347578245126,1254794873540050944,1424653126712315911,2731214480,1408204475479867395,1117646144786636800,1357846768143245312,1246998103326101505,1444480431211089923,2806223656,1380506186613657602,53583009,997085718034837505,1614693296,806310256057925637,1168160022808973313,1125730631135088640,1410327828260954120,2233767878,3000045669,1271145158881546241,1337779301039677441,947239660593516545,1153042185182425088,1356713006747508736,1411530700113600515,723960774,611195589,1136627173480181761,954630875160956933,810175838025117697,227974997,1424938033770418177,914485254966177793,744516567455563777,1340813023305490434,3229276845,2157681749,1378641153550118914,1311115882001702914,1410038821610131457,1291769357694119939,360320296,491867385,3302720589,1363518054064402435,14469058,78889059,934698494,885509310595424256,1266141266418565120,4182139516,1059609205907308544,1676854369,1408796645215461377,705345963192242176,843454994498043904,1220031732679938048,1203557041203228672,756451478538158080,756554858593910784,950315087616671744,1335160243295236096,566915708
2022-03-16 09:53:20,068 INFO getting ('https://api.twitter.com/1.1/users/lookup.json',) {'params': {'user_id': '19572786,944261075670851584,1422276007566925832,1443752445541117964,167918569,1404104569332846593,28802580,1250223192087638016,1234252078324670464,47823281,263301093,925509852046217216,717768459363418112,969966481147645952,744170332202893312,1121912674458193921,1334713892384223232,889533768935067648,1153954078118088705,411295303,1294287429583679490,571244007,1075084441553395713,1416847775514382337,1273703714856075265,1058086569029103619,1431254321065304072,1259378473946288128,373612360,3011254245,3947310321,1200417905369849856,1242778424797773826,1137362771895603201,960096947766935552,1057566197057605634,1291817347578245126,1254794873540050944,1424653126712315911,2731214480,1408204475479867395,1117646144786636800,1357846768143245312,1246998103326101505,1444480431211089923,2806223656,1380506186613657602,53583009,997085718034837505,1614693296,806310256057925637,1168160022808973313,1125730631135088640,1410327828260954120,2233767878,3000045669,1271145158881546241,1337779301039677441,947239660593516545,1153042185182425088,1356713006747508736,1411530700113600515,723960774,611195589,1136627173480181761,954630875160956933,810175838025117697,227974997,1424938033770418177,914485254966177793,744516567455563777,1340813023305490434,3229276845,2157681749,1378641153550118914,1311115882001702914,1410038821610131457,1291769357694119939,360320296,491867385,3302720589,1363518054064402435,14469058,78889059,934698494,885509310595424256,1266141266418565120,4182139516,1059609205907308544,1676854369,1408796645215461377,705345963192242176,843454994498043904,1220031732679938048,1203557041203228672,756451478538158080,756554858593910784,950315087616671744,1335160243295236096,566915708', 'tweet_mode': 'extended'}}
2022-03-16 09:53:20,676 INFO archived 19572786
2022-03-16 09:53:20,676 INFO archived 944261075670851584
2022-03-16 09:53:20,676 INFO archived 1422276007566925832
2022-03-16 09:53:20,676 INFO archived 1443752445541117964
2022-03-16 09:53:20,676 INFO archived 167918569
2022-03-16 09:53:20,695 INFO archived 1404104569332846593
2022-03-16 09:53:20,695 INFO archived 28802580
2022-03-16 09:53:20,695 INFO archived 1250223192087638016
2022-03-16 09:53:20,695 INFO archived 1234252078324670464
2022-03-16 09:53:20,695 INFO archived 47823281
2022-03-16 09:53:20,695 INFO archived 263301093
2022-03-16 09:53:20,695 INFO archived 925509852046217216
2022-03-16 09:53:20,695 INFO archived 717768459363418112
2022-03-16 09:53:20,695 INFO archived 969966481147645952
2022-03-16 09:53:20,695 INFO archived 744170332202893312
2022-03-16 09:53:20,695 INFO archived 1121912674458193921
2022-03-16 09:53:20,695 INFO archived 1334713892384223232
2022-03-16 09:53:20,695 INFO archived 889533768935067648
2022-03-16 09:53:20,695 INFO archived 1153954078118088705
2022-03-16 09:53:20,695 INFO archived 411295303
2022-03-16 09:53:20,695 INFO archived 1294287429583679490
2022-03-16 09:53:20,695 INFO archived 571244007
2022-03-16 09:53:20,695 INFO archived 1075084441553395713
2022-03-16 09:53:20,695 INFO archived 1416847775514382337
2022-03-16 09:53:20,695 INFO archived 1273703714856075265
2022-03-16 09:53:20,695 INFO archived 1058086569029103619
2022-03-16 09:53:20,695 INFO archived 1431254321065304072
2022-03-16 09:53:20,695 INFO archived 1259378473946288128
2022-03-16 09:53:20,695 INFO archived 373612360
2022-03-16 09:53:20,695 INFO archived 3011254245
2022-03-16 09:53:20,695 INFO archived 3947310321
2022-03-16 09:53:20,695 INFO archived 1200417905369849856
2022-03-16 09:53:20,695 INFO archived 1242778424797773826
2022-03-16 09:53:20,695 INFO archived 1137362771895603201
2022-03-16 09:53:20,695 INFO archived 960096947766935552
2022-03-16 09:53:20,695 INFO archived 1057566197057605634
2022-03-16 09:53:20,695 INFO archived 1291817347578245126
2022-03-16 09:53:20,695 INFO archived 1254794873540050944
2022-03-16 09:53:20,695 INFO archived 1424653126712315911
2022-03-16 09:53:20,695 INFO archived 2731214480
2022-03-16 09:53:20,695 INFO archived 1408204475479867395
2022-03-16 09:53:20,695 INFO archived 1117646144786636800
2022-03-16 09:53:20,695 INFO archived 1357846768143245312
2022-03-16 09:53:20,695 INFO archived 1246998103326101505
2022-03-16 09:53:20,695 INFO archived 1444480431211089923
2022-03-16 09:53:20,695 INFO archived 2806223656
2022-03-16 09:53:20,695 INFO archived 1380506186613657602
2022-03-16 09:53:20,695 INFO archived 53583009
2022-03-16 09:53:20,695 INFO archived 997085718034837505
2022-03-16 09:53:20,695 INFO archived 1614693296
2022-03-16 09:53:20,695 INFO archived 806310256057925637
2022-03-16 09:53:20,695 INFO archived 1168160022808973313
2022-03-16 09:53:20,695 INFO archived 1125730631135088640
2022-03-16 09:53:20,695 INFO archived 1410327828260954120
2022-03-16 09:53:20,695 INFO archived 2233767878
2022-03-16 09:53:20,695 INFO archived 3000045669
2022-03-16 09:53:20,695 INFO archived 1271145158881546241
2022-03-16 09:53:20,708 INFO archived 1337779301039677441
2022-03-16 09:53:20,708 INFO archived 947239660593516545
2022-03-16 09:53:20,708 INFO archived 1153042185182425088
2022-03-16 09:53:20,708 INFO archived 1356713006747508736
2022-03-16 09:53:20,708 INFO archived 1411530700113600515
2022-03-16 09:53:20,708 INFO archived 723960774
2022-03-16 09:53:20,708 INFO archived 611195589
2022-03-16 09:53:20,708 INFO archived 1136627173480181761
2022-03-16 09:53:20,708 INFO archived 954630875160956933
2022-03-16 09:53:20,708 INFO archived 810175838025117697
2022-03-16 09:53:20,708 INFO archived 227974997
2022-03-16 09:53:20,708 INFO archived 1424938033770418177
2022-03-16 09:53:20,708 INFO archived 914485254966177793
2022-03-16 09:53:20,708 INFO archived 744516567455563777
2022-03-16 09:53:20,708 INFO archived 1340813023305490434
2022-03-16 09:53:20,708 INFO archived 3229276845
2022-03-16 09:53:20,708 INFO archived 2157681749
2022-03-16 09:53:20,708 INFO archived 1378641153550118914
2022-03-16 09:53:20,708 INFO archived 1311115882001702914
2022-03-16 09:53:20,708 INFO archived 1410038821610131457
2022-03-16 09:53:20,708 INFO archived 1291769357694119939
2022-03-16 09:53:20,708 INFO archived 360320296
2022-03-16 09:53:20,708 INFO archived 491867385
2022-03-16 09:53:20,708 INFO archived 3302720589
2022-03-16 09:53:20,708 INFO archived 1363518054064402435
2022-03-16 09:53:20,708 INFO archived 14469058
2022-03-16 09:53:20,708 INFO archived 78889059
2022-03-16 09:53:20,708 INFO archived 934698494
2022-03-16 09:53:20,708 INFO archived 885509310595424256
2022-03-16 09:53:20,708 INFO archived 1266141266418565120
2022-03-16 09:53:20,708 INFO archived 4182139516
2022-03-16 09:53:20,708 INFO archived 1059609205907308544
2022-03-16 09:53:20,708 INFO archived 1676854369
2022-03-16 09:53:20,708 INFO archived 1408796645215461377
2022-03-16 09:53:20,708 INFO archived 705345963192242176
2022-03-16 09:53:20,708 INFO archived 843454994498043904
2022-03-16 09:53:20,708 INFO archived 1220031732679938048
2022-03-16 09:53:20,708 INFO archived 1203557041203228672
2022-03-16 09:53:20,708 INFO archived 756451478538158080
2022-03-16 09:53:20,708 INFO archived 756554858593910784
2022-03-16 09:53:20,708 INFO archived 950315087616671744
2022-03-16 09:53:20,708 INFO archived 1335160243295236096
2022-03-16 09:53:20,708 INFO archived 566915708
2022-03-16 09:53:20,708 INFO looking up users 977484480280702976,861083192874459141,920343322119561217,1290228431607693313,329145659,1336924344916860929,531339962,1123769174713618432,1344959448431947776,1291754841040068609,3015136857,900438218100944896,1243815018220535809,1262605016,1201797965062557696,34717676,805096390430957569,100899292,485511698,1269348994834038784,1325439332363034624,730517425511407620,864051244389761024,1046428532308672518,30262648,1308550277834760192,1373248833447157762,423690585,1325615141375905792,1030064031716044800,1033399958232215552,1406532705098125312,1242078545356238852,468852567,1406347389909168130,1851991237,1058395845559836672,375913345,37396001,34749855,633317341,2874782532,1126199171747405825,4249369571,992427392802197504,349794001,139420488,2610168175,798335653,1393032098978611201,740886967374733312,460275958,1264496334754775042,1336506580699738113,282506519,527943283,760223117935570948,1137569801352744962,1255481959792418818,210163706,1401618025,1118912435543511040,1254081294738341892,528971790,282619516,2220765823,2740703724,956649212946522112,798174684147806208,877947639265984514,1479121417,1393685046641430528,50506021,1225838641718579200,1058353475313197058,1170723715149176832,14395138,1064178785468145664,872089093,48505328,18353990,118696045,609991829,760087898,1072885315663290368,525531054,2901802971,205114550,843981730906279936,1116323947065368576,2767251587,1144944315413741568,1268964037959786498,1255845086811828224,1313009189959077888,2310966776,1078242192366465025,899400583148208128,1268201121631346688,17586118
2022-03-16 09:53:20,708 INFO getting ('https://api.twitter.com/1.1/users/lookup.json',) {'params': {'user_id': '977484480280702976,861083192874459141,920343322119561217,1290228431607693313,329145659,1336924344916860929,531339962,1123769174713618432,1344959448431947776,1291754841040068609,3015136857,900438218100944896,1243815018220535809,1262605016,1201797965062557696,34717676,805096390430957569,100899292,485511698,1269348994834038784,1325439332363034624,730517425511407620,864051244389761024,1046428532308672518,30262648,1308550277834760192,1373248833447157762,423690585,1325615141375905792,1030064031716044800,1033399958232215552,1406532705098125312,1242078545356238852,468852567,1406347389909168130,1851991237,1058395845559836672,375913345,37396001,34749855,633317341,2874782532,1126199171747405825,4249369571,992427392802197504,349794001,139420488,2610168175,798335653,1393032098978611201,740886967374733312,460275958,1264496334754775042,1336506580699738113,282506519,527943283,760223117935570948,1137569801352744962,1255481959792418818,210163706,1401618025,1118912435543511040,1254081294738341892,528971790,282619516,2220765823,2740703724,956649212946522112,798174684147806208,877947639265984514,1479121417,1393685046641430528,50506021,1225838641718579200,1058353475313197058,1170723715149176832,14395138,1064178785468145664,872089093,48505328,18353990,118696045,609991829,760087898,1072885315663290368,525531054,2901802971,205114550,843981730906279936,1116323947065368576,2767251587,1144944315413741568,1268964037959786498,1255845086811828224,1313009189959077888,2310966776,1078242192366465025,899400583148208128,1268201121631346688,17586118', 'tweet_mode': 'extended'}}
2022-03-16 09:53:21,348 INFO archived 977484480280702976
2022-03-16 09:53:21,348 INFO archived 861083192874459141
2022-03-16 09:53:21,348 INFO archived 920343322119561217
2022-03-16 09:53:21,348 INFO archived 1290228431607693313
2022-03-16 09:53:21,348 INFO archived 329145659
2022-03-16 09:53:21,348 INFO archived 1336924344916860929
2022-03-16 09:53:21,348 INFO archived 531339962
2022-03-16 09:53:21,348 INFO archived 1123769174713618432
2022-03-16 09:53:21,348 INFO archived 1344959448431947776
2022-03-16 09:53:21,348 INFO archived 1291754841040068609
2022-03-16 09:53:21,348 INFO archived 3015136857
2022-03-16 09:53:21,348 INFO archived 900438218100944896
2022-03-16 09:53:21,348 INFO archived 1243815018220535809
2022-03-16 09:53:21,348 INFO archived 1262605016
2022-03-16 09:53:21,348 INFO archived 1201797965062557696
2022-03-16 09:53:21,348 INFO archived 34717676
2022-03-16 09:53:21,348 INFO archived 805096390430957569
2022-03-16 09:53:21,348 INFO archived 100899292
2022-03-16 09:53:21,348 INFO archived 485511698
2022-03-16 09:53:21,348 INFO archived 1269348994834038784
2022-03-16 09:53:21,348 INFO archived 1325439332363034624
2022-03-16 09:53:21,348 INFO archived 730517425511407620
2022-03-16 09:53:21,348 INFO archived 864051244389761024
2022-03-16 09:53:21,348 INFO archived 1046428532308672518
2022-03-16 09:53:21,348 INFO archived 30262648
2022-03-16 09:53:21,348 INFO archived 1308550277834760192
2022-03-16 09:53:21,348 INFO archived 1373248833447157762
2022-03-16 09:53:21,348 INFO archived 423690585
2022-03-16 09:53:21,348 INFO archived 1325615141375905792
2022-03-16 09:53:21,348 INFO archived 1030064031716044800
2022-03-16 09:53:21,364 INFO archived 1033399958232215552
2022-03-16 09:53:21,364 INFO archived 1406532705098125312
2022-03-16 09:53:21,364 INFO archived 1242078545356238852
2022-03-16 09:53:21,364 INFO archived 468852567
2022-03-16 09:53:21,364 INFO archived 1406347389909168130
2022-03-16 09:53:21,364 INFO archived 1851991237
2022-03-16 09:53:21,364 INFO archived 1058395845559836672
2022-03-16 09:53:21,364 INFO archived 375913345
2022-03-16 09:53:21,364 INFO archived 37396001
2022-03-16 09:53:21,364 INFO archived 34749855
2022-03-16 09:53:21,364 INFO archived 633317341
2022-03-16 09:53:21,364 INFO archived 2874782532
2022-03-16 09:53:21,364 INFO archived 1126199171747405825
2022-03-16 09:53:21,364 INFO archived 4249369571
2022-03-16 09:53:21,364 INFO archived 992427392802197504
2022-03-16 09:53:21,364 INFO archived 349794001
2022-03-16 09:53:21,364 INFO archived 139420488
2022-03-16 09:53:21,364 INFO archived 2610168175
2022-03-16 09:53:21,364 INFO archived 798335653
2022-03-16 09:53:21,364 INFO archived 1393032098978611201
2022-03-16 09:53:21,364 INFO archived 740886967374733312
2022-03-16 09:53:21,364 INFO archived 460275958
2022-03-16 09:53:21,364 INFO archived 1264496334754775042
2022-03-16 09:53:21,364 INFO archived 1336506580699738113
2022-03-16 09:53:21,364 INFO archived 282506519
2022-03-16 09:53:21,364 INFO archived 527943283
2022-03-16 09:53:21,364 INFO archived 760223117935570948
2022-03-16 09:53:21,364 INFO archived 1137569801352744962
2022-03-16 09:53:21,364 INFO archived 1255481959792418818
2022-03-16 09:53:21,364 INFO archived 210163706
2022-03-16 09:53:21,364 INFO archived 1401618025
2022-03-16 09:53:21,364 INFO archived 1118912435543511040
2022-03-16 09:53:21,364 INFO archived 1254081294738341892
2022-03-16 09:53:21,364 INFO archived 528971790
2022-03-16 09:53:21,364 INFO archived 282619516
2022-03-16 09:53:21,364 INFO archived 2220765823
2022-03-16 09:53:21,364 INFO archived 2740703724
2022-03-16 09:53:21,364 INFO archived 956649212946522112
2022-03-16 09:53:21,364 INFO archived 798174684147806208
2022-03-16 09:53:21,364 INFO archived 877947639265984514
2022-03-16 09:53:21,364 INFO archived 1479121417
2022-03-16 09:53:21,364 INFO archived 1393685046641430528
2022-03-16 09:53:21,364 INFO archived 50506021
2022-03-16 09:53:21,364 INFO archived 1225838641718579200
2022-03-16 09:53:21,364 INFO archived 1058353475313197058
2022-03-16 09:53:21,364 INFO archived 1170723715149176832
2022-03-16 09:53:21,364 INFO archived 14395138
2022-03-16 09:53:21,364 INFO archived 1064178785468145664
2022-03-16 09:53:21,364 INFO archived 872089093
2022-03-16 09:53:21,364 INFO archived 48505328
2022-03-16 09:53:21,364 INFO archived 18353990
2022-03-16 09:53:21,364 INFO archived 118696045
2022-03-16 09:53:21,364 INFO archived 609991829
2022-03-16 09:53:21,364 INFO archived 760087898
2022-03-16 09:53:21,364 INFO archived 1072885315663290368
2022-03-16 09:53:21,364 INFO archived 525531054
2022-03-16 09:53:21,364 INFO archived 2901802971
2022-03-16 09:53:21,364 INFO archived 205114550
2022-03-16 09:53:21,364 INFO archived 843981730906279936
2022-03-16 09:53:21,364 INFO archived 1116323947065368576
2022-03-16 09:53:21,364 INFO archived 2767251587
2022-03-16 09:53:21,364 INFO archived 1144944315413741568
2022-03-16 09:53:21,364 INFO archived 1268964037959786498
2022-03-16 09:53:21,364 INFO archived 1255845086811828224
2022-03-16 09:53:21,364 INFO archived 1313009189959077888
2022-03-16 09:53:21,364 INFO archived 2310966776
2022-03-16 09:53:21,364 INFO archived 1078242192366465025
2022-03-16 09:53:21,364 INFO archived 899400583148208128
2022-03-16 09:53:21,364 INFO archived 1268201121631346688
2022-03-16 09:53:21,380 INFO archived 17586118
2022-03-16 09:53:21,380 INFO looking up users 896929873775779841,903997129424859136,1060673412253843462,1201325116690440193,295701094,1301370330133311491,84190574,1272177280257843203,213005433,741637770,1398262142,39281327,1273178976761020416,2482518368,195595229,755398784440348673,2298419341,1296715906018574336,1390025288088760324,1255313990852448258,3312648586,710127199,913009318345236480,1397346163012030465,2853531287,1291183397600210949,1380121711325159426,1074648482076594176,1379776738222239747,109833285,1358151705200910338,1186677538501922819,53398168,1393995744701554688,1348220332025540609,4080696124,1259898515783901184,992704033138905088,606025640,1390792322267312134,1084490929791066113,3187339676,1177602059648016384,3230889465,998750407852605440,1130380896211800067,15206736,1236709389794500608,1253264389,841412475748810752,2837040655,1180981801965232139,1299059037850472453,78033841,305020392,963419555380039680,1204246499208486912,599450380,880702853895073792,1155083208813404163,340992365,722581904067678208,1393464025992753158,952599899782164480,1106939717818429441,894600762965319680,47016152,757017835,223905182,10848982,1709516838,1513981392,1002953188381687809,1296927648132804613,1601653171
2022-03-16 09:53:21,380 INFO getting ('https://api.twitter.com/1.1/users/lookup.json',) {'params': {'user_id': '896929873775779841,903997129424859136,1060673412253843462,1201325116690440193,295701094,1301370330133311491,84190574,1272177280257843203,213005433,741637770,1398262142,39281327,1273178976761020416,2482518368,195595229,755398784440348673,2298419341,1296715906018574336,1390025288088760324,1255313990852448258,3312648586,710127199,913009318345236480,1397346163012030465,2853531287,1291183397600210949,1380121711325159426,1074648482076594176,1379776738222239747,109833285,1358151705200910338,1186677538501922819,53398168,1393995744701554688,1348220332025540609,4080696124,1259898515783901184,992704033138905088,606025640,1390792322267312134,1084490929791066113,3187339676,1177602059648016384,3230889465,998750407852605440,1130380896211800067,15206736,1236709389794500608,1253264389,841412475748810752,2837040655,1180981801965232139,1299059037850472453,78033841,305020392,963419555380039680,1204246499208486912,599450380,880702853895073792,1155083208813404163,340992365,722581904067678208,1393464025992753158,952599899782164480,1106939717818429441,894600762965319680,47016152,757017835,223905182,10848982,1709516838,1513981392,1002953188381687809,1296927648132804613,1601653171', 'tweet_mode': 'extended'}}
2022-03-16 09:53:21,786 INFO archived 896929873775779841
2022-03-16 09:53:21,786 INFO archived 903997129424859136
2022-03-16 09:53:21,786 INFO archived 1060673412253843462
2022-03-16 09:53:21,786 INFO archived 1201325116690440193
2022-03-16 09:53:21,786 INFO archived 295701094
2022-03-16 09:53:21,786 INFO archived 1301370330133311491
2022-03-16 09:53:21,786 INFO archived 84190574
2022-03-16 09:53:21,786 INFO archived 1272177280257843203
2022-03-16 09:53:21,786 INFO archived 213005433
2022-03-16 09:53:21,786 INFO archived 741637770
2022-03-16 09:53:21,786 INFO archived 1398262142
2022-03-16 09:53:21,786 INFO archived 39281327
2022-03-16 09:53:21,786 INFO archived 1273178976761020416
2022-03-16 09:53:21,786 INFO archived 2482518368
2022-03-16 09:53:21,786 INFO archived 195595229
2022-03-16 09:53:21,786 INFO archived 755398784440348673
2022-03-16 09:53:21,786 INFO archived 2298419341
2022-03-16 09:53:21,786 INFO archived 1296715906018574336
2022-03-16 09:53:21,802 INFO archived 1390025288088760324
2022-03-16 09:53:21,802 INFO archived 1255313990852448258
2022-03-16 09:53:21,802 INFO archived 3312648586
2022-03-16 09:53:21,802 INFO archived 710127199
2022-03-16 09:53:21,802 INFO archived 913009318345236480
2022-03-16 09:53:21,802 INFO archived 1397346163012030465
2022-03-16 09:53:21,802 INFO archived 2853531287
2022-03-16 09:53:21,802 INFO archived 1291183397600210949
2022-03-16 09:53:21,802 INFO archived 1380121711325159426
2022-03-16 09:53:21,802 INFO archived 1074648482076594176
2022-03-16 09:53:21,802 INFO archived 1379776738222239747
2022-03-16 09:53:21,802 INFO archived 109833285
2022-03-16 09:53:21,802 INFO archived 1358151705200910338
2022-03-16 09:53:21,802 INFO archived 1186677538501922819
2022-03-16 09:53:21,802 INFO archived 53398168
2022-03-16 09:53:21,802 INFO archived 1393995744701554688
2022-03-16 09:53:21,802 INFO archived 1348220332025540609
2022-03-16 09:53:21,802 INFO archived 4080696124
2022-03-16 09:53:21,802 INFO archived 1259898515783901184
2022-03-16 09:53:21,802 INFO archived 992704033138905088
2022-03-16 09:53:21,802 INFO archived 606025640
2022-03-16 09:53:21,802 INFO archived 1390792322267312134
2022-03-16 09:53:21,802 INFO archived 1084490929791066113
2022-03-16 09:53:21,802 INFO archived 3187339676
2022-03-16 09:53:21,802 INFO archived 1177602059648016384
2022-03-16 09:53:21,802 INFO archived 3230889465
2022-03-16 09:53:21,802 INFO archived 998750407852605440
2022-03-16 09:53:21,802 INFO archived 1130380896211800067
2022-03-16 09:53:21,802 INFO archived 15206736
2022-03-16 09:53:21,802 INFO archived 1236709389794500608
2022-03-16 09:53:21,802 INFO archived 1253264389
2022-03-16 09:53:21,802 INFO archived 841412475748810752
2022-03-16 09:53:21,802 INFO archived 2837040655
2022-03-16 09:53:21,802 INFO archived 1180981801965232139
2022-03-16 09:53:21,802 INFO archived 1299059037850472453
2022-03-16 09:53:21,802 INFO archived 78033841
2022-03-16 09:53:21,802 INFO archived 305020392
2022-03-16 09:53:21,802 INFO archived 963419555380039680
2022-03-16 09:53:21,802 INFO archived 1204246499208486912
2022-03-16 09:53:21,802 INFO archived 599450380
2022-03-16 09:53:21,802 INFO archived 880702853895073792
2022-03-16 09:53:21,802 INFO archived 1155083208813404163
2022-03-16 09:53:21,802 INFO archived 340992365
2022-03-16 09:53:21,802 INFO archived 722581904067678208
2022-03-16 09:53:21,802 INFO archived 1393464025992753158
2022-03-16 09:53:21,802 INFO archived 952599899782164480
2022-03-16 09:53:21,802 INFO archived 1106939717818429441
2022-03-16 09:53:21,802 INFO archived 894600762965319680
2022-03-16 09:53:21,802 INFO archived 47016152
2022-03-16 09:53:21,802 INFO archived 757017835
2022-03-16 09:53:21,802 INFO archived 223905182
2022-03-16 09:53:21,802 INFO archived 10848982
2022-03-16 09:53:21,802 INFO archived 1709516838
2022-03-16 09:53:21,802 INFO archived 1513981392
2022-03-16 09:53:21,802 INFO archived 1002953188381687809
2022-03-16 09:53:21,802 INFO archived 1296927648132804613
2022-03-16 09:53:21,802 INFO archived 1601653171
