2022-03-15 20:08:22,906 INFO loading None profile from config C:\Users\Administrator\.twarc
2022-03-15 20:08:22,906 INFO creating http session
2022-03-15 20:08:22,906 INFO creating OAuth1 user authentication
2022-03-15 20:08:22,906 INFO getting ('https://api.twitter.com/1.1/account/verify_credentials.json',) {'params': {'tweet_mode': 'extended'}}
2022-03-15 20:08:23,047 INFO looking up users 0,1427630976633552899,1502034389944909824,1210032765074386945,1085836375105118208,1499040700427485186,34310945,1411016291192741893,1333845202340106241,997946356487675905,1059524530576805888,16586873,1455356035481407488,1485068351596552196,1378891901508722689,1309120681968316416,2591922979,168253977,1375581206679539716,1212283602869702657,1432367841005744128,134576062,1423663858733002752,80546748,1381666139361673221,816359724404703232,1461154129351360521,1429256535679635465,2724444422,940459573105823744,1418557518385659907,1254921053324947459,1475078383969079297,1462802099482279943,898355545,874984340,1433820064252301321,1257762034491555843,85129857,963783473474539520,1289358794082975746,1288488535511752704,181720099,1370949704092094464,36499171
2022-03-15 20:08:23,047 INFO getting ('https://api.twitter.com/1.1/users/lookup.json',) {'params': {'user_id': '0,1427630976633552899,1502034389944909824,1210032765074386945,1085836375105118208,1499040700427485186,34310945,1411016291192741893,1333845202340106241,997946356487675905,1059524530576805888,16586873,1455356035481407488,1485068351596552196,1378891901508722689,1309120681968316416,2591922979,168253977,1375581206679539716,1212283602869702657,1432367841005744128,134576062,1423663858733002752,80546748,1381666139361673221,816359724404703232,1461154129351360521,1429256535679635465,2724444422,940459573105823744,1418557518385659907,1254921053324947459,1475078383969079297,1462802099482279943,898355545,874984340,1433820064252301321,1257762034491555843,85129857,963783473474539520,1289358794082975746,1288488535511752704,181720099,1370949704092094464,36499171', 'tweet_mode': 'extended'}}
2022-03-15 20:08:23,594 INFO archived 1427630976633552899
2022-03-15 20:08:23,594 INFO archived 1502034389944909824
2022-03-15 20:08:23,594 INFO archived 1210032765074386945
2022-03-15 20:08:23,594 INFO archived 1085836375105118208
2022-03-15 20:08:23,594 INFO archived 1499040700427485186
2022-03-15 20:08:23,594 INFO archived 34310945
2022-03-15 20:08:23,594 INFO archived 1411016291192741893
2022-03-15 20:08:23,594 INFO archived 1333845202340106241
2022-03-15 20:08:23,594 INFO archived 997946356487675905
2022-03-15 20:08:23,594 INFO archived 1059524530576805888
2022-03-15 20:08:23,594 INFO archived 16586873
2022-03-15 20:08:23,594 INFO archived 1455356035481407488
2022-03-15 20:08:23,594 INFO archived 1485068351596552196
2022-03-15 20:08:23,594 INFO archived 1378891901508722689
2022-03-15 20:08:23,594 INFO archived 1309120681968316416
2022-03-15 20:08:23,594 INFO archived 2591922979
2022-03-15 20:08:23,594 INFO archived 168253977
2022-03-15 20:08:23,594 INFO archived 1375581206679539716
2022-03-15 20:08:23,594 INFO archived 1212283602869702657
2022-03-15 20:08:23,594 INFO archived 1432367841005744128
2022-03-15 20:08:23,594 INFO archived 134576062
2022-03-15 20:08:23,594 INFO archived 1423663858733002752
2022-03-15 20:08:23,594 INFO archived 80546748
2022-03-15 20:08:23,594 INFO archived 1381666139361673221
2022-03-15 20:08:23,594 INFO archived 816359724404703232
2022-03-15 20:08:23,594 INFO archived 1461154129351360521
2022-03-15 20:08:23,594 INFO archived 1429256535679635465
2022-03-15 20:08:23,594 INFO archived 2724444422
2022-03-15 20:08:23,594 INFO archived 940459573105823744
2022-03-15 20:08:23,594 INFO archived 1418557518385659907
2022-03-15 20:08:23,594 INFO archived 1254921053324947459
2022-03-15 20:08:23,594 INFO archived 1475078383969079297
2022-03-15 20:08:23,594 INFO archived 1462802099482279943
2022-03-15 20:08:23,594 INFO archived 898355545
2022-03-15 20:08:23,594 INFO archived 874984340
2022-03-15 20:08:23,594 INFO archived 1433820064252301321
2022-03-15 20:08:23,609 INFO archived 1257762034491555843
2022-03-15 20:08:23,609 INFO archived 85129857
2022-03-15 20:08:23,609 INFO archived 963783473474539520
2022-03-15 20:08:23,609 INFO archived 1289358794082975746
2022-03-15 20:08:23,609 INFO archived 1288488535511752704
2022-03-15 20:08:23,609 INFO archived 181720099
2022-03-15 20:08:23,609 INFO archived 1370949704092094464
2022-03-15 20:08:23,609 INFO archived 36499171
2022-03-15 20:08:52,327 INFO loading None profile from config C:\Users\Administrator\.twarc
2022-03-15 20:08:52,327 INFO creating http session
2022-03-15 20:08:52,327 INFO creating OAuth1 user authentication
2022-03-15 20:08:52,327 INFO getting ('https://api.twitter.com/1.1/account/verify_credentials.json',) {'params': {'tweet_mode': 'extended'}}
2022-03-15 20:08:52,499 INFO looking up users 0,1485068351596552196,1309120681968316416,168253977,1432367841005744128,1148384110819336192,1138155266107682818,3070465419,1423663858733002752,1323311352866312193,1448009665795723278,1095830668574162944,1142995058376892416,963783473474539520,791768718414151680,1075784710389985281,1362039330353668097,79293791,154280902,23375688,940459573105823744,1162131795573379072,874984340,1904830838,80546748,3146650072,574101648,47495880,1304972881596682241,1370949704092094464,4396120342,590851666,558226459,180772930,3919740867,134576062,1218875845621813248,2724444422,938645379905609728,215791430,42931069,1257762034491555843,1348012088065667072,36499171,85129857,1252926295064940546,1436727141345996801,1288488535511752704,785148392498421760,1378891901508722689,16586873,3065762493,898355545,54476519,17570413,181720099,322863626,1289358794082975746,1352696192698880003,1254921053324947459,944926610024779777,1418557518385659907,79199888,859174864220938241,35031708,807003567605227520
2022-03-15 20:08:52,499 INFO getting ('https://api.twitter.com/1.1/users/lookup.json',) {'params': {'user_id': '0,1485068351596552196,1309120681968316416,168253977,1432367841005744128,1148384110819336192,1138155266107682818,3070465419,1423663858733002752,1323311352866312193,1448009665795723278,1095830668574162944,1142995058376892416,963783473474539520,791768718414151680,1075784710389985281,1362039330353668097,79293791,154280902,23375688,940459573105823744,1162131795573379072,874984340,1904830838,80546748,3146650072,574101648,47495880,1304972881596682241,1370949704092094464,4396120342,590851666,558226459,180772930,3919740867,134576062,1218875845621813248,2724444422,938645379905609728,215791430,42931069,1257762034491555843,1348012088065667072,36499171,85129857,1252926295064940546,1436727141345996801,1288488535511752704,785148392498421760,1378891901508722689,16586873,3065762493,898355545,54476519,17570413,181720099,322863626,1289358794082975746,1352696192698880003,1254921053324947459,944926610024779777,1418557518385659907,79199888,859174864220938241,35031708,807003567605227520', 'tweet_mode': 'extended'}}
2022-03-15 20:08:53,186 INFO archived 1485068351596552196
2022-03-15 20:08:53,186 INFO archived 1309120681968316416
2022-03-15 20:08:53,186 INFO archived 168253977
2022-03-15 20:08:53,186 INFO archived 1432367841005744128
2022-03-15 20:08:53,186 INFO archived 1148384110819336192
2022-03-15 20:08:53,186 INFO archived 1138155266107682818
2022-03-15 20:08:53,186 INFO archived 3070465419
2022-03-15 20:08:53,186 INFO archived 1423663858733002752
2022-03-15 20:08:53,186 INFO archived 1323311352866312193
2022-03-15 20:08:53,186 INFO archived 1448009665795723278
2022-03-15 20:08:53,186 INFO archived 1095830668574162944
2022-03-15 20:08:53,186 INFO archived 1142995058376892416
2022-03-15 20:08:53,186 INFO archived 963783473474539520
2022-03-15 20:08:53,186 INFO archived 791768718414151680
2022-03-15 20:08:53,186 INFO archived 1075784710389985281
2022-03-15 20:08:53,186 INFO archived 1362039330353668097
2022-03-15 20:08:53,186 INFO archived 79293791
2022-03-15 20:08:53,186 INFO archived 154280902
2022-03-15 20:08:53,186 INFO archived 23375688
2022-03-15 20:08:53,186 INFO archived 940459573105823744
2022-03-15 20:08:53,186 INFO archived 1162131795573379072
2022-03-15 20:08:53,186 INFO archived 874984340
2022-03-15 20:08:53,186 INFO archived 1904830838
2022-03-15 20:08:53,202 INFO archived 80546748
2022-03-15 20:08:53,202 INFO archived 3146650072
2022-03-15 20:08:53,202 INFO archived 574101648
2022-03-15 20:08:53,202 INFO archived 47495880
2022-03-15 20:08:53,202 INFO archived 1304972881596682241
2022-03-15 20:08:53,202 INFO archived 1370949704092094464
2022-03-15 20:08:53,202 INFO archived 4396120342
2022-03-15 20:08:53,202 INFO archived 590851666
2022-03-15 20:08:53,202 INFO archived 558226459
2022-03-15 20:08:53,202 INFO archived 180772930
2022-03-15 20:08:53,202 INFO archived 3919740867
2022-03-15 20:08:53,202 INFO archived 134576062
2022-03-15 20:08:53,202 INFO archived 1218875845621813248
2022-03-15 20:08:53,202 INFO archived 2724444422
2022-03-15 20:08:53,202 INFO archived 938645379905609728
2022-03-15 20:08:53,202 INFO archived 215791430
2022-03-15 20:08:53,202 INFO archived 42931069
2022-03-15 20:08:53,202 INFO archived 1257762034491555843
2022-03-15 20:08:53,202 INFO archived 1348012088065667072
2022-03-15 20:08:53,202 INFO archived 36499171
2022-03-15 20:08:53,202 INFO archived 85129857
2022-03-15 20:08:53,202 INFO archived 1252926295064940546
2022-03-15 20:08:53,202 INFO archived 1436727141345996801
2022-03-15 20:08:53,202 INFO archived 1288488535511752704
2022-03-15 20:08:53,202 INFO archived 785148392498421760
2022-03-15 20:08:53,202 INFO archived 1378891901508722689
2022-03-15 20:08:53,202 INFO archived 16586873
2022-03-15 20:08:53,202 INFO archived 3065762493
2022-03-15 20:08:53,202 INFO archived 898355545
2022-03-15 20:08:53,202 INFO archived 54476519
2022-03-15 20:08:53,202 INFO archived 17570413
2022-03-15 20:08:53,202 INFO archived 181720099
2022-03-15 20:08:53,202 INFO archived 322863626
2022-03-15 20:08:53,202 INFO archived 1289358794082975746
2022-03-15 20:08:53,202 INFO archived 1352696192698880003
2022-03-15 20:08:53,202 INFO archived 1254921053324947459
2022-03-15 20:08:53,202 INFO archived 944926610024779777
2022-03-15 20:08:53,202 INFO archived 1418557518385659907
2022-03-15 20:08:53,202 INFO archived 79199888
2022-03-15 20:08:53,202 INFO archived 859174864220938241
2022-03-15 20:08:53,202 INFO archived 35031708
2022-03-15 20:08:53,202 INFO archived 807003567605227520
