2022-03-18 06:34:38,064 INFO loading None profile from config C:\Users\Administrator\.twarc
2022-03-18 06:34:38,066 INFO creating http session
2022-03-18 06:34:38,066 INFO creating OAuth1 user authentication
2022-03-18 06:34:38,067 INFO getting ('https://api.twitter.com/1.1/account/verify_credentials.json',) {'params': {'tweet_mode': 'extended'}}
2022-03-18 06:34:38,197 INFO looking up users RacerGirl619
2022-03-18 06:34:38,197 INFO getting ('https://api.twitter.com/1.1/users/lookup.json',) {'params': {'screen_name': 'RacerGirl619', 'tweet_mode': 'extended'}}
2022-03-18 06:34:38,265 INFO archived 1621146510
2022-03-18 06:34:50,033 INFO loading None profile from config C:\Users\Administrator\.twarc
2022-03-18 06:34:50,034 INFO creating http session
2022-03-18 06:34:50,036 INFO creating OAuth1 user authentication
2022-03-18 06:34:50,036 INFO getting ('https://api.twitter.com/1.1/account/verify_credentials.json',) {'params': {'tweet_mode': 'extended'}}
2022-03-18 06:34:50,200 INFO getting ('https://api.twitter.com/1.1/friends/ids.json',) {'params': {'screen_name': 'RacerGirl619', 'cursor': -1, 'tweet_mode': 'extended'}}
2022-03-18 06:34:50,251 INFO archived 1327118280771862528
2022-03-18 06:34:50,251 INFO archived 1464300054479523843
2022-03-18 06:34:50,251 INFO archived 1347467499793756160
2022-03-18 06:34:50,251 INFO archived 1168423251334193152
2022-03-18 06:34:50,251 INFO archived 2258279262
2022-03-18 06:34:50,251 INFO archived 1501126995614126081
2022-03-18 06:34:50,251 INFO archived 1227921876787220480
2022-03-18 06:34:50,251 INFO archived 1492241963776573440
2022-03-18 06:34:50,252 INFO archived 526730759
2022-03-18 06:34:50,252 INFO archived 1347264539771985921
2022-03-18 06:34:50,252 INFO archived 267568419
2022-03-18 06:34:50,252 INFO archived 1471039057199345665
2022-03-18 06:34:50,252 INFO archived 1472773473265074177
2022-03-18 06:34:50,252 INFO archived 927674071642337280
2022-03-18 06:34:50,252 INFO archived 3063848189
2022-03-18 06:34:50,252 INFO archived 832780466629472256
2022-03-18 06:34:50,252 INFO archived 1117062790945148934
2022-03-18 06:34:50,252 INFO archived 995608240040882176
2022-03-18 06:34:50,252 INFO archived 2796743348
2022-03-18 06:34:50,252 INFO archived 1471400110668009476
2022-03-18 06:34:50,252 INFO archived 1289511102305492994
2022-03-18 06:34:50,252 INFO archived 35413856
2022-03-18 06:34:50,252 INFO archived 1438181207250980864
2022-03-18 06:34:50,252 INFO archived 1358068204833226752
2022-03-18 06:34:50,252 INFO archived 1469533682503340033
2022-03-18 06:34:50,252 INFO archived 1439095720477331463
2022-03-18 06:34:50,252 INFO archived 1299400890248572928
2022-03-18 06:34:50,252 INFO archived 1161088616682024960
2022-03-18 06:34:50,252 INFO archived 823824334473019392
2022-03-18 06:34:50,252 INFO archived 330980008
2022-03-18 06:34:50,252 INFO archived 1277754883056140288
2022-03-18 06:34:50,252 INFO archived 1241508673173639170
2022-03-18 06:34:50,252 INFO archived 146105195
2022-03-18 06:34:50,252 INFO archived 1363630915298148353
2022-03-18 06:34:50,252 INFO archived 1282628392072945665
2022-03-18 06:34:50,252 INFO archived 1473803641379344388
2022-03-18 06:34:50,252 INFO archived 1429437000
2022-03-18 06:34:50,252 INFO archived 1432882054300065795
2022-03-18 06:34:50,252 INFO archived 1142514700892147713
2022-03-18 06:34:50,252 INFO archived 243532761
2022-03-18 06:34:50,254 INFO archived 1422430479563771916
2022-03-18 06:34:50,254 INFO archived 1390844652350279681
2022-03-18 06:34:50,254 INFO archived 2214394631
2022-03-18 06:34:50,254 INFO archived 264933591
2022-03-18 06:34:50,254 INFO archived 45176625
2022-03-18 06:34:50,254 INFO archived 932229195681488896
2022-03-18 06:34:50,254 INFO archived 1329500457748848648
2022-03-18 06:34:50,254 INFO archived 491734963
2022-03-18 06:34:50,254 INFO archived 775355256410701824
2022-03-18 06:34:50,254 INFO archived 68731365
2022-03-18 06:34:50,254 INFO archived 1024747857704878080
2022-03-18 06:34:50,254 INFO archived 1309904952270127104
2022-03-18 06:34:50,254 INFO archived 26579497
2022-03-18 06:34:50,254 INFO archived 599324109
2022-03-18 06:34:50,254 INFO archived 1325067994159079424
2022-03-18 06:34:50,254 INFO archived 1263550180630167553
2022-03-18 06:34:50,254 INFO archived 1430904597430759432
2022-03-18 06:34:50,254 INFO archived 1435451573824593921
2022-03-18 06:34:50,254 INFO archived 86790279
2022-03-18 06:34:50,254 INFO archived 1225891782434676736
2022-03-18 06:34:50,254 INFO archived 620485042
2022-03-18 06:34:50,254 INFO archived 1324078277401726977
2022-03-18 06:34:50,255 INFO archived 862621142883762176
2022-03-18 06:34:50,255 INFO archived 1388091921604792321
2022-03-18 06:34:50,255 INFO archived 1398313184134578176
2022-03-18 06:34:50,255 INFO archived 90001378
2022-03-18 06:34:50,255 INFO archived 1323198970802233345
2022-03-18 06:34:50,255 INFO archived 122441312
2022-03-18 06:34:50,255 INFO archived 4845862516
2022-03-18 06:34:50,255 INFO archived 986607844018544640
2022-03-18 06:34:50,255 INFO archived 935447348695748608
2022-03-18 06:34:50,255 INFO archived 1397973304179363840
2022-03-18 06:34:50,255 INFO archived 313248644
2022-03-18 06:34:50,255 INFO archived 595593149
2022-03-18 06:34:50,255 INFO archived 1449348757078913032
2022-03-18 06:34:50,255 INFO archived 941897646
2022-03-18 06:34:50,256 INFO archived 1329510487952924673
2022-03-18 06:34:50,256 INFO archived 1236499544440844289
2022-03-18 06:34:50,256 INFO archived 1461750659137609739
2022-03-18 06:34:50,256 INFO archived 1339023036134031363
2022-03-18 06:34:50,256 INFO archived 3636994350
2022-03-18 06:34:50,256 INFO archived 1319007523056308227
2022-03-18 06:34:50,256 INFO archived 2452358264
2022-03-18 06:34:50,256 INFO archived 435252106
2022-03-18 06:34:50,256 INFO archived 1228743291996459018
2022-03-18 06:34:50,256 INFO archived 81005930
2022-03-18 06:34:50,256 INFO archived 1088984209
2022-03-18 06:34:50,256 INFO archived 4583281223
2022-03-18 06:34:50,258 INFO archived 1041766942351212546
2022-03-18 06:34:50,258 INFO archived 22375953
2022-03-18 06:34:50,258 INFO archived 1284219113716555776
2022-03-18 06:34:50,258 INFO archived 1293146611347070977
2022-03-18 06:34:50,258 INFO archived 1152588289137958912
2022-03-18 06:34:50,258 INFO archived 1222105168042479616
2022-03-18 06:34:50,258 INFO archived 942739011231154177
2022-03-18 06:34:50,258 INFO archived 82652901
2022-03-18 06:34:50,258 INFO archived 1334378395313053696
2022-03-18 06:34:50,258 INFO archived 1274645638035263489
2022-03-18 06:34:50,258 INFO archived 1349517593972011011
2022-03-18 06:34:50,258 INFO archived 1286964516316684289
2022-03-18 06:34:50,258 INFO archived 956184062
2022-03-18 06:34:50,258 INFO archived 1261529497
2022-03-18 06:34:50,258 INFO archived 1384529967942291456
2022-03-18 06:34:50,258 INFO archived 1483771044
2022-03-18 06:34:50,258 INFO archived 1252576485891858434
2022-03-18 06:34:50,259 INFO archived 1338255084958986240
2022-03-18 06:34:50,259 INFO archived 1319310073362026502
2022-03-18 06:34:50,259 INFO archived 1410870605910585346
2022-03-18 06:34:50,259 INFO archived 560270499
2022-03-18 06:34:50,259 INFO archived 1424049822991097858
2022-03-18 06:34:50,259 INFO archived 1407430630762237960
2022-03-18 06:34:50,259 INFO archived 1326849621285593093
2022-03-18 06:34:50,259 INFO archived 62052687
2022-03-18 06:34:50,259 INFO archived 1375603396254736387
2022-03-18 06:34:50,259 INFO archived 932310261737951233
2022-03-18 06:34:50,259 INFO archived 61297658
2022-03-18 06:34:50,259 INFO archived 1016592291694239744
2022-03-18 06:34:50,259 INFO archived 1399894056
2022-03-18 06:34:50,259 INFO archived 1296588200203304960
2022-03-18 06:34:50,259 INFO archived 256573865
2022-03-18 06:34:50,259 INFO archived 1367934403
2022-03-18 06:34:50,259 INFO archived 23044743
2022-03-18 06:34:50,259 INFO archived 415278846
2022-03-18 06:34:50,259 INFO archived 1312050619822346247
2022-03-18 06:34:50,259 INFO archived 452522315
2022-03-18 06:34:50,259 INFO archived 841544752600293376
2022-03-18 06:34:50,259 INFO archived 1404890701922439168
2022-03-18 06:34:50,259 INFO archived 1347699807826178049
2022-03-18 06:34:50,259 INFO archived 1301628470892670976
2022-03-18 06:34:50,259 INFO archived 1288817734730514434
2022-03-18 06:34:50,259 INFO archived 1338243253158768641
2022-03-18 06:34:50,260 INFO archived 1337928940204269570
2022-03-18 06:34:50,260 INFO archived 1264021557917052928
2022-03-18 06:34:50,260 INFO archived 737585733095956481
2022-03-18 06:34:50,260 INFO archived 1315500398728208384
2022-03-18 06:34:50,260 INFO archived 3297325733
2022-03-18 06:34:50,260 INFO archived 967497277
2022-03-18 06:34:50,260 INFO archived 713431980449214464
2022-03-18 06:34:50,260 INFO archived 1380964664318758913
2022-03-18 06:34:50,260 INFO archived 1305591443550081024
2022-03-18 06:34:50,260 INFO archived 953077628059226113
2022-03-18 06:34:50,260 INFO archived 349887025
2022-03-18 06:34:50,260 INFO archived 1305778667235278848
2022-03-18 06:34:50,260 INFO archived 22044932
2022-03-18 06:34:50,261 INFO archived 401260246
2022-03-18 06:34:50,261 INFO archived 1282617007607812097
2022-03-18 06:34:50,261 INFO archived 1286603105451139072
2022-03-18 06:34:50,261 INFO archived 26545118
2022-03-18 06:34:50,261 INFO archived 1254208721300754432
2022-03-18 06:34:50,261 INFO archived 1337950028611145730
2022-03-18 06:34:50,261 INFO archived 1316534248510283776
2022-03-18 06:34:50,261 INFO archived 80818410
2022-03-18 06:34:50,261 INFO archived 450253494
2022-03-18 06:34:50,261 INFO archived 987240830351151104
2022-03-18 06:34:50,261 INFO archived 15647676
2022-03-18 06:34:50,261 INFO archived 115705583
2022-03-18 06:34:50,262 INFO archived 856976162215665665
2022-03-18 06:34:50,262 INFO archived 1258940487303659521
2022-03-18 06:34:50,262 INFO archived 1279084967084122113
2022-03-18 06:34:50,262 INFO archived 710127199
2022-03-18 06:34:50,262 INFO archived 1286385937761673216
2022-03-18 06:34:50,262 INFO archived 1390588222938382338
2022-03-18 06:34:50,262 INFO archived 138467723
2022-03-18 06:34:50,262 INFO archived 1924288669
2022-03-18 06:34:50,262 INFO archived 38678666
2022-03-18 06:34:50,262 INFO archived 805207070270259201
2022-03-18 06:34:50,262 INFO archived 1195397929
2022-03-18 06:34:50,262 INFO archived 1301261919899324422
2022-03-18 06:34:50,262 INFO archived 1027990519769714688
2022-03-18 06:34:50,262 INFO archived 901030183213445125
2022-03-18 06:34:50,263 INFO archived 1093125992330285056
2022-03-18 06:34:50,263 INFO archived 719980501121916929
2022-03-18 06:34:50,263 INFO archived 4214413079
2022-03-18 06:34:50,263 INFO archived 1627158452
2022-03-18 06:34:50,263 INFO archived 1300078586846740482
2022-03-18 06:34:50,263 INFO archived 1515715777
2022-03-18 06:34:50,263 INFO archived 1275967987451752448
2022-03-18 06:34:50,263 INFO archived 47016152
2022-03-18 06:34:50,263 INFO archived 887317370
2022-03-18 06:34:50,263 INFO archived 1303111947580329984
2022-03-18 06:34:50,263 INFO archived 1262918705492746246
2022-03-18 06:34:50,263 INFO archived 17282663
2022-03-18 06:34:50,263 INFO archived 1103737728775012352
2022-03-18 06:34:50,263 INFO archived 1120580091463991301
2022-03-18 06:34:50,263 INFO archived 1063822984916295685
2022-03-18 06:34:50,265 INFO archived 1447911097
2022-03-18 06:34:50,265 INFO archived 3309371255
2022-03-18 06:34:50,265 INFO archived 391567245
2022-03-18 06:34:50,265 INFO archived 73021361
2022-03-18 06:34:50,265 INFO archived 353178677
2022-03-18 06:34:50,265 INFO archived 834171287916445698
2022-03-18 06:34:50,265 INFO archived 552433647
2022-03-18 06:34:50,265 INFO archived 111063044
2022-03-18 06:34:50,265 INFO archived 441988221
2022-03-18 06:34:50,265 INFO archived 122416785
2022-03-18 06:34:50,265 INFO archived 567502919
2022-03-18 06:34:50,265 INFO archived 286126538
2022-03-18 06:34:50,265 INFO archived 131948686
2022-03-18 06:34:50,265 INFO archived 18336787
2022-03-18 06:34:50,265 INFO archived 22485635
2022-03-18 06:34:50,266 INFO archived 27779930
2022-03-18 06:34:50,266 INFO archived 30936407
2022-03-18 06:34:50,266 INFO archived 22233225
2022-03-18 06:34:50,266 INFO archived 3117536553
2022-03-18 06:34:50,266 INFO archived 286404391
2022-03-18 06:34:50,266 INFO archived 1705022564
2022-03-18 06:34:50,266 INFO archived 133515201
2022-03-18 06:34:50,266 INFO archived 19804674
2022-03-18 06:34:50,266 INFO archived 2570268710
2022-03-18 06:34:50,266 INFO archived 915799979117236224
2022-03-18 06:34:50,266 INFO archived 349220434
2022-03-18 06:34:50,266 INFO archived 110948219
2022-03-18 06:34:50,266 INFO archived 2589844141
2022-03-18 06:34:50,266 INFO archived 307587735
2022-03-18 06:34:50,267 INFO archived 27747283
2022-03-18 06:34:50,267 INFO archived 701571796152279044
2022-03-18 06:34:50,267 INFO archived 165793450
2022-03-18 06:34:50,267 INFO archived 2802711116
2022-03-18 06:34:50,267 INFO archived 4725901580
2022-03-18 06:34:50,267 INFO archived 224356285
2022-03-18 06:34:50,267 INFO archived 453718103
2022-03-18 06:34:50,267 INFO archived 2788843020
2022-03-18 06:34:50,267 INFO archived 275284159
2022-03-18 06:34:50,267 INFO archived 1528860228
2022-03-18 06:34:50,267 INFO archived 3300743748
2022-03-18 06:34:50,267 INFO archived 196097513
2022-03-18 06:34:50,267 INFO archived 122216533
2022-03-18 06:34:50,267 INFO archived 17450410
2022-03-18 06:34:50,267 INFO archived 46880833
2022-03-18 06:34:50,267 INFO archived 84691158
2022-03-18 06:34:50,267 INFO archived 27762026
2022-03-18 06:34:50,267 INFO archived 226743474
2022-03-18 06:34:50,267 INFO archived 479211069
2022-03-18 06:34:50,267 INFO archived 1197796052
2022-03-18 06:34:50,267 INFO archived 158079268
2022-03-18 06:34:50,267 INFO archived 84105193
2022-03-18 06:34:50,267 INFO archived 218493137
2022-03-18 06:34:50,267 INFO archived 265204214
2022-03-18 06:34:50,267 INFO archived 1384100400
2022-03-18 06:34:50,267 INFO archived 111610507
2022-03-18 06:34:50,267 INFO archived 2251080415
2022-03-18 06:34:50,268 INFO archived 296608087
2022-03-18 06:34:50,268 INFO archived 1896067087
2022-03-18 06:34:50,268 INFO archived 2393516304
2022-03-18 06:34:50,268 INFO archived 479516494
2022-03-18 06:34:50,268 INFO archived 2186442751
2022-03-18 06:34:50,268 INFO archived 386420143
2022-03-18 06:34:50,268 INFO archived 18843911
2022-03-18 06:34:50,268 INFO archived 501836993
2022-03-18 06:34:50,268 INFO archived 17335732
2022-03-18 06:34:50,268 INFO archived 78342014
2022-03-18 06:34:50,268 INFO archived 73807190
2022-03-18 06:34:50,268 INFO archived 337717611
2022-03-18 06:34:50,268 INFO archived 35666489
2022-03-18 06:34:50,268 INFO archived 272609335
2022-03-18 06:34:50,268 INFO archived 387299476
2022-03-18 06:34:50,268 INFO archived 393499599
2022-03-18 06:34:50,268 INFO archived 20181862
2022-03-18 06:34:50,268 INFO archived 60466670
2022-03-18 06:34:50,270 INFO archived 278154467
2022-03-18 06:34:50,273 INFO archived 24705492
2022-03-18 06:34:50,274 INFO archived 340846457
2022-03-18 06:34:50,274 INFO archived 576674908
2022-03-18 06:34:50,274 INFO archived 104611965
2022-03-18 06:34:50,274 INFO archived 27823206
2022-03-18 06:34:50,274 INFO archived 552865265
2022-03-18 06:34:50,281 INFO archived 384113531
2022-03-18 06:34:50,281 INFO archived 267415867
2022-03-18 06:34:50,281 INFO archived 2287271658
2022-03-18 06:34:50,281 INFO archived 15430110
2022-03-18 06:34:50,281 INFO archived 2893159512
2022-03-18 06:34:50,281 INFO archived 2746934001
2022-03-18 06:34:50,281 INFO archived 2904301555
2022-03-18 06:34:50,281 INFO archived 1711155458
2022-03-18 06:34:50,281 INFO archived 1850523271
2022-03-18 06:34:50,281 INFO archived 718773782
2022-03-18 06:34:50,281 INFO archived 45695967
2022-03-18 06:34:50,281 INFO archived 401631704
2022-03-18 06:34:50,282 INFO archived 1891167938
2022-03-18 06:34:50,282 INFO archived 2392461839
2022-03-18 06:34:50,282 INFO archived 41562632
2022-03-18 06:34:50,282 INFO archived 2178963139
2022-03-18 06:34:50,282 INFO archived 2561282663
2022-03-18 06:34:50,282 INFO archived 250062140
2022-03-18 06:34:50,282 INFO archived 38026163
2022-03-18 06:34:50,282 INFO archived 14082692
2022-03-18 06:34:50,282 INFO archived 307124849
2022-03-18 06:34:50,282 INFO archived 506155081
2022-03-18 06:34:50,282 INFO archived 111428431
2022-03-18 06:34:50,282 INFO archived 17559020
2022-03-18 06:34:50,283 INFO archived 2277850622
2022-03-18 06:34:50,283 INFO archived 23336254
2022-03-18 06:34:50,283 INFO archived 42716955
2022-03-18 06:34:50,283 INFO archived 35362630
2022-03-18 06:34:50,283 INFO archived 494871377
2022-03-18 06:34:50,283 INFO archived 265531647
2022-03-18 06:34:50,283 INFO archived 177003906
2022-03-18 06:34:50,283 INFO archived 2298641814
2022-03-18 06:34:50,283 INFO archived 147082444
2022-03-18 06:34:50,283 INFO archived 78324705
2022-03-18 06:34:50,283 INFO archived 50921359
2022-03-18 06:34:50,283 INFO archived 397820381
2022-03-18 06:34:50,283 INFO archived 30449227
2022-03-18 06:34:50,284 INFO archived 418867674
2022-03-18 06:34:50,284 INFO archived 473598719
2022-03-18 06:34:50,284 INFO archived 138724494
2022-03-18 06:34:50,284 INFO archived 71429309
2022-03-18 06:34:50,284 INFO archived 170863272
2022-03-18 06:34:50,284 INFO archived 278392569
2022-03-18 06:34:50,284 INFO archived 219209529
2022-03-18 06:34:50,284 INFO archived 62325140
2022-03-18 06:34:50,284 INFO archived 265689832
2022-03-18 06:34:50,284 INFO archived 1497699829
2022-03-18 06:34:50,284 INFO archived 81335898
2022-03-18 06:34:50,284 INFO archived 175226057
2022-03-18 06:34:50,284 INFO archived 18754727
2022-03-18 06:34:50,284 INFO archived 572415099
2022-03-18 06:34:50,285 INFO archived 501136174
2022-03-18 06:34:50,285 INFO archived 65106269
2022-03-18 06:35:00,655 INFO loading None profile from config C:\Users\Administrator\.twarc
2022-03-18 06:35:00,657 INFO creating http session
2022-03-18 06:35:00,657 INFO creating OAuth1 user authentication
2022-03-18 06:35:00,657 INFO getting ('https://api.twitter.com/1.1/account/verify_credentials.json',) {'params': {'tweet_mode': 'extended'}}
2022-03-18 06:35:00,804 INFO getting ('https://api.twitter.com/1.1/followers/ids.json',) {'params': {'screen_name': 'RacerGirl619', 'cursor': -1, 'tweet_mode': 'extended'}}
2022-03-18 06:35:00,858 INFO archived 1327118280771862528
2022-03-18 06:35:00,859 INFO archived 1498771932136701953
2022-03-18 06:35:00,859 INFO archived 1227921876787220480
2022-03-18 06:35:00,859 INFO archived 1492241963776573440
2022-03-18 06:35:00,859 INFO archived 526730759
2022-03-18 06:35:00,859 INFO archived 1347264539771985921
2022-03-18 06:35:00,859 INFO archived 1471039057199345665
2022-03-18 06:35:00,859 INFO archived 1472773473265074177
2022-03-18 06:35:00,859 INFO archived 995608240040882176
2022-03-18 06:35:00,859 INFO archived 1375603396254736387
2022-03-18 06:35:00,859 INFO archived 2796743348
2022-03-18 06:35:00,859 INFO archived 1411678466949271560
2022-03-18 06:35:00,859 INFO archived 1289511102305492994
2022-03-18 06:35:00,859 INFO archived 1438181207250980864
2022-03-18 06:35:00,860 INFO archived 1358068204833226752
2022-03-18 06:35:00,860 INFO archived 1299400890248572928
2022-03-18 06:35:00,860 INFO archived 823824334473019392
2022-03-18 06:35:00,860 INFO archived 1277754883056140288
2022-03-18 06:35:00,860 INFO archived 1241508673173639170
2022-03-18 06:35:00,860 INFO archived 1106119808544854016
2022-03-18 06:35:00,860 INFO archived 872865563558559744
2022-03-18 06:35:00,860 INFO archived 1282628392072945665
2022-03-18 06:35:00,860 INFO archived 1324078277401726977
2022-03-18 06:35:00,860 INFO archived 1473803641379344388
2022-03-18 06:35:00,860 INFO archived 1142514700892147713
2022-03-18 06:35:00,860 INFO archived 1422430479563771916
2022-03-18 06:35:00,860 INFO archived 45176625
2022-03-18 06:35:00,861 INFO archived 491734963
2022-03-18 06:35:00,861 INFO archived 1309904952270127104
2022-03-18 06:35:00,861 INFO archived 1435451573824593921
2022-03-18 06:35:00,861 INFO archived 86790279
2022-03-18 06:35:00,861 INFO archived 1225891782434676736
2022-03-18 06:35:00,861 INFO archived 862621142883762176
2022-03-18 06:35:00,861 INFO archived 1473621069240152066
2022-03-18 06:35:00,861 INFO archived 1444881545219559428
2022-03-18 06:35:00,861 INFO archived 122441312
2022-03-18 06:35:00,861 INFO archived 1483771044
2022-03-18 06:35:00,861 INFO archived 1397973304179363840
2022-03-18 06:35:00,861 INFO archived 935447348695748608
2022-03-18 06:35:00,861 INFO archived 941897646
2022-03-18 06:35:00,862 INFO archived 1329510487952924673
2022-03-18 06:35:00,862 INFO archived 1449348757078913032
2022-03-18 06:35:00,862 INFO archived 81005930
2022-03-18 06:35:00,862 INFO archived 2493673532
2022-03-18 06:35:00,862 INFO archived 435252106
2022-03-18 06:35:00,862 INFO archived 1152588289137958912
2022-03-18 06:35:00,862 INFO archived 1349517593972011011
2022-03-18 06:35:00,862 INFO archived 1319310073362026502
2022-03-18 06:35:00,862 INFO archived 1399894056
2022-03-18 06:35:00,862 INFO archived 23044743
2022-03-18 06:35:00,862 INFO archived 1398313184134578176
2022-03-18 06:35:00,862 INFO archived 846469545942487041
2022-03-18 06:35:00,862 INFO archived 1305591443550081024
2022-03-18 06:35:00,862 INFO archived 1338243253158768641
2022-03-18 06:35:00,862 INFO archived 1303111947580329984
2022-03-18 06:35:00,862 INFO archived 1264021557917052928
2022-03-18 06:35:00,863 INFO archived 967497277
2022-03-18 06:35:00,863 INFO archived 713431980449214464
2022-03-18 06:35:00,863 INFO archived 1380964664318758913
2022-03-18 06:35:00,863 INFO archived 401260246
2022-03-18 06:35:00,863 INFO archived 22044932
2022-03-18 06:35:00,863 INFO archived 1316534248510283776
2022-03-18 06:35:00,863 INFO archived 1325221319030484994
2022-03-18 06:35:00,863 INFO archived 1286385937761673216
2022-03-18 06:35:00,863 INFO archived 138467723
2022-03-18 06:35:00,863 INFO archived 1515715777
2022-03-18 06:35:00,863 INFO archived 1262918705492746246
2022-03-18 06:35:00,863 INFO archived 887317370
2022-03-18 06:35:00,863 INFO archived 552433647
2022-03-18 06:35:00,863 INFO archived 473598719
2022-03-18 06:35:00,863 INFO archived 2902164654
2022-03-18 06:35:00,863 INFO archived 1056201255305920512
2022-03-18 06:35:00,864 INFO archived 834171287916445698
2022-03-18 06:35:00,864 INFO archived 969309576049954818
2022-03-18 06:35:00,864 INFO archived 488471119
2022-03-18 06:35:00,864 INFO archived 915799979117236224
2022-03-18 06:35:00,864 INFO archived 66845764
2022-03-18 06:35:00,864 INFO archived 816073810294304769
2022-03-18 06:35:00,864 INFO archived 307587735
2022-03-18 06:35:00,864 INFO archived 2570268710
2022-03-18 06:35:00,864 INFO archived 722831546348994564
2022-03-18 06:35:00,864 INFO archived 701571796152279044
2022-03-18 06:35:00,864 INFO archived 1359968023
2022-03-18 06:35:00,864 INFO archived 4183082434
2022-03-18 06:35:00,864 INFO archived 64321054
2022-03-18 06:35:00,864 INFO archived 288254299
2022-03-18 06:35:00,864 INFO archived 2950140191
2022-03-18 06:35:00,864 INFO archived 3433596195
2022-03-18 06:35:00,865 INFO archived 1197796052
2022-03-18 06:35:00,865 INFO archived 2393516304
2022-03-18 06:35:00,865 INFO archived 3230222900
2022-03-18 06:35:00,865 INFO archived 23022050
2022-03-18 06:35:00,865 INFO archived 2277850622
2022-03-18 06:35:00,865 INFO archived 2964782859
2022-03-18 06:35:00,865 INFO archived 2950437727
2022-03-18 06:35:00,865 INFO archived 2893159512
2022-03-18 06:35:00,865 INFO archived 2287271658
2022-03-18 06:35:00,865 INFO archived 278154467
2022-03-18 06:35:00,865 INFO archived 2746934001
2022-03-18 06:35:00,865 INFO archived 2904301555
2022-03-18 06:35:00,865 INFO archived 45695967
2022-03-18 06:35:00,865 INFO archived 401631704
2022-03-18 06:35:00,865 INFO archived 2748554048
2022-03-18 06:35:00,865 INFO archived 340937567
2022-03-18 06:35:00,866 INFO archived 2178963139
2022-03-18 06:35:00,866 INFO archived 17575593
2022-03-18 06:35:00,866 INFO archived 620096963
2022-03-18 06:35:00,866 INFO archived 2392461839
2022-03-18 06:35:00,866 INFO archived 1891167938
2022-03-18 06:35:00,866 INFO archived 23336254
2022-03-18 06:35:00,866 INFO archived 78324705
2022-03-18 06:35:00,866 INFO archived 147082444
2022-03-18 06:35:00,866 INFO archived 1497699829
2022-03-18 06:35:00,866 INFO archived 2298641814
2022-03-18 06:35:00,866 INFO archived 572415099
2022-03-18 06:35:00,866 INFO archived 501136174
2022-03-18 06:35:11,183 INFO loading None profile from config C:\Users\Administrator\.twarc
2022-03-18 06:35:11,184 INFO creating http session
2022-03-18 06:35:11,184 INFO creating OAuth1 user authentication
2022-03-18 06:35:11,185 INFO getting ('https://api.twitter.com/1.1/account/verify_credentials.json',) {'params': {'tweet_mode': 'extended'}}
2022-03-18 06:35:11,335 INFO starting user timeline for user RacerGirl619
2022-03-18 06:35:11,335 INFO getting ('https://api.twitter.com/1.1/statuses/user_timeline.json',) {'params': {'count': 200, 'screen_name': 'RacerGirl619', 'include_ext_alt_text': 'true', 'tweet_mode': 'extended'}}
2022-03-18 06:35:11,603 INFO archived 1504708603944525836
2022-03-18 06:35:11,603 INFO archived 1504675704545366033
2022-03-18 06:35:11,604 INFO archived 1504638284462534679
2022-03-18 06:35:11,604 INFO archived 1504636596976504833
2022-03-18 06:35:11,604 INFO archived 1504601536760012800
2022-03-18 06:35:11,604 INFO archived 1504601382631919621
2022-03-18 06:35:11,605 INFO archived 1504238460693061632
2022-03-18 06:35:11,605 INFO archived 1503949801624383492
2022-03-18 06:35:11,605 INFO archived 1503938985814642689
2022-03-18 06:35:11,605 INFO archived 1503247298658283523
2022-03-18 06:35:11,606 INFO archived 1503229465995976705
2022-03-18 06:35:11,606 INFO archived 1502826159070920707
2022-03-18 06:35:11,616 INFO archived 1502734577533607942
2022-03-18 06:35:11,617 INFO archived 1502709037137281024
2022-03-18 06:35:11,617 INFO archived 1502708187463569416
2022-03-18 06:35:11,617 INFO archived 1502095751501037576
2022-03-18 06:35:11,617 INFO archived 1501650587867308032
2022-03-18 06:35:11,617 INFO archived 1501631240100851718
2022-03-18 06:35:11,617 INFO archived 1501628850052157441
2022-03-18 06:35:11,618 INFO archived 1501595344165036036
2022-03-18 06:35:11,618 INFO archived 1501588199575072770
2022-03-18 06:35:11,618 INFO archived 1501384261710004230
2022-03-18 06:35:11,618 INFO archived 1501380651601346563
2022-03-18 06:35:11,619 INFO archived 1501351123411558405
2022-03-18 06:35:11,619 INFO archived 1501341813558452228
2022-03-18 06:35:11,619 INFO archived 1501337483245547520
2022-03-18 06:35:11,619 INFO archived 1500999486897799170
2022-03-18 06:35:11,620 INFO archived 1499263388421087233
2022-03-18 06:35:11,620 INFO archived 1499181935423369221
2022-03-18 06:35:11,620 INFO archived 1499077800346722306
2022-03-18 06:35:11,620 INFO archived 1498478553125597187
2022-03-18 06:35:11,625 INFO archived 1498477051929677824
2022-03-18 06:35:11,625 INFO archived 1498070862314065924
2022-03-18 06:35:11,626 INFO archived 1497081301538590734
2022-03-18 06:35:11,626 INFO archived 1497064406634700801
2022-03-18 06:35:11,626 INFO archived 1496638672829095939
2022-03-18 06:35:11,626 INFO archived 1495971328922374152
2022-03-18 06:35:11,626 INFO archived 1495970899937398784
2022-03-18 06:35:11,627 INFO archived 1495821251646042117
2022-03-18 06:35:11,627 INFO archived 1494807915248693253
2022-03-18 06:35:11,627 INFO archived 1494806769457152010
2022-03-18 06:35:11,627 INFO archived 1494802193764999172
2022-03-18 06:35:11,627 INFO archived 1494338381429370880
2022-03-18 06:35:11,628 INFO archived 1493622077827473419
2022-03-18 06:35:11,628 INFO archived 1493435298923098112
2022-03-18 06:35:11,628 INFO archived 1491991295547658240
2022-03-18 06:35:11,628 INFO archived 1491133838814507014
2022-03-18 06:35:11,628 INFO archived 1490890768156098564
2022-03-18 06:35:11,629 INFO archived 1490749099875962883
2022-03-18 06:35:11,629 INFO archived 1490747693521588227
2022-03-18 06:35:11,629 INFO archived 1490746607666700290
2022-03-18 06:35:11,629 INFO archived 1490746245874335744
2022-03-18 06:35:11,629 INFO archived 1490746051854319624
2022-03-18 06:35:11,630 INFO archived 1490181783064879105
2022-03-18 06:35:11,630 INFO archived 1490021885840609284
2022-03-18 06:35:11,630 INFO archived 1490021385103716352
2022-03-18 06:35:11,630 INFO archived 1489073467509063685
2022-03-18 06:35:11,631 INFO archived 1488989226519695360
2022-03-18 06:35:11,631 INFO archived 1488964799455186947
2022-03-18 06:35:11,631 INFO archived 1488039740561629184
2022-03-18 06:35:11,631 INFO archived 1487966564678877188
2022-03-18 06:35:11,632 INFO archived 1486938334941392896
2022-03-18 06:35:11,632 INFO archived 1486922333352824834
2022-03-18 06:35:11,632 INFO archived 1486531660149575684
2022-03-18 06:35:11,632 INFO archived 1485533522421026816
2022-03-18 06:35:11,633 INFO archived 1485043805141278721
2022-03-18 06:35:11,633 INFO archived 1484923456361840642
2022-03-18 06:35:11,633 INFO archived 1484657335763091466
2022-03-18 06:35:11,634 INFO archived 1484204891174326274
2022-03-18 06:35:11,634 INFO archived 1484203035844882434
2022-03-18 06:35:11,634 INFO archived 1483312264790827008
2022-03-18 06:35:11,635 INFO archived 1483279211112669186
2022-03-18 06:35:11,635 INFO archived 1483276058166190085
2022-03-18 06:35:11,635 INFO archived 1483256923801665537
2022-03-18 06:35:11,635 INFO archived 1483211068856238080
2022-03-18 06:35:11,635 INFO archived 1483096146629341186
2022-03-18 06:35:11,636 INFO archived 1482884898226647042
2022-03-18 06:35:11,636 INFO archived 1482883795762266119
2022-03-18 06:35:11,636 INFO archived 1482778639095713795
2022-03-18 06:35:11,636 INFO archived 1482760810376085504
2022-03-18 06:35:11,636 INFO archived 1482471892917358597
2022-03-18 06:35:11,637 INFO archived 1482438958160224256
2022-03-18 06:35:11,637 INFO archived 1482192702716448768
2022-03-18 06:35:11,637 INFO archived 1482067754039615493
2022-03-18 06:35:11,637 INFO archived 1482066657254252550
2022-03-18 06:35:11,637 INFO archived 1481994953609859072
2022-03-18 06:35:11,638 INFO archived 1481878647778816001
2022-03-18 06:35:11,638 INFO archived 1481876416564191232
2022-03-18 06:35:11,638 INFO archived 1481875756389216257
2022-03-18 06:35:11,638 INFO archived 1481819386159718403
2022-03-18 06:35:11,639 INFO archived 1481816579381809154
2022-03-18 06:35:11,646 INFO archived 1481780113750564865
2022-03-18 06:35:11,646 INFO archived 1481777099929182209
2022-03-18 06:35:11,647 INFO archived 1481701655339016206
2022-03-18 06:35:11,647 INFO archived 1481536943854915586
2022-03-18 06:35:11,648 INFO archived 1481349393353748481
2022-03-18 06:35:11,648 INFO archived 1481333269580992526
2022-03-18 06:35:11,648 INFO archived 1481295884696657926
2022-03-18 06:35:11,649 INFO archived 1481000416569614342
2022-03-18 06:35:11,649 INFO archived 1480982604534980610
2022-03-18 06:35:11,649 INFO archived 1480652271855755264
2022-03-18 06:35:11,650 INFO archived 1480572725588549637
2022-03-18 06:35:11,650 INFO archived 1480564042179641344
2022-03-18 06:35:11,650 INFO archived 1480202834046038020
2022-03-18 06:35:11,650 INFO archived 1480199681993023492
2022-03-18 06:35:11,650 INFO archived 1479940037978562561
2022-03-18 06:35:11,651 INFO archived 1479936882830196736
2022-03-18 06:35:11,651 INFO archived 1479890754982060041
2022-03-18 06:35:11,657 INFO archived 1479889496128868361
2022-03-18 06:35:11,657 INFO archived 1479889204842803200
2022-03-18 06:35:11,657 INFO archived 1479877490269200396
2022-03-18 06:35:11,658 INFO archived 1479697165136109568
2022-03-18 06:35:11,658 INFO archived 1479534197719064576
2022-03-18 06:35:11,658 INFO archived 1479488945520091151
2022-03-18 06:35:11,658 INFO archived 1479476001247797249
2022-03-18 06:35:11,659 INFO archived 1479173038423879686
2022-03-18 06:35:11,659 INFO archived 1478981635693547521
2022-03-18 06:35:11,659 INFO archived 1478981444961804290
2022-03-18 06:35:11,659 INFO archived 1478908230604574731
2022-03-18 06:35:11,660 INFO archived 1478829783999991814
2022-03-18 06:35:11,660 INFO archived 1478767227025469444
2022-03-18 06:35:11,660 INFO archived 1478489257035669515
2022-03-18 06:35:11,660 INFO archived 1478464411035750410
2022-03-18 06:35:11,660 INFO archived 1478446593510715401
2022-03-18 06:35:11,661 INFO archived 1478445656368992263
2022-03-18 06:35:11,661 INFO archived 1478348876558082058
2022-03-18 06:35:11,661 INFO archived 1477826309946499078
2022-03-18 06:35:11,661 INFO archived 1477651901101584390
2022-03-18 06:35:11,662 INFO archived 1477651685506007047
2022-03-18 06:35:11,665 INFO archived 1477083215051505670
2022-03-18 06:35:11,665 INFO archived 1476791710864846851
2022-03-18 06:35:11,665 INFO archived 1476713193502351362
2022-03-18 06:35:11,665 INFO archived 1476712676931911682
2022-03-18 06:35:11,666 INFO archived 1476712529678196743
2022-03-18 06:35:11,666 INFO archived 1476711985651847172
2022-03-18 06:35:11,666 INFO archived 1476711303884509184
2022-03-18 06:35:11,666 INFO archived 1476711155804651523
2022-03-18 06:35:11,666 INFO archived 1476708069195276290
2022-03-18 06:35:11,667 INFO archived 1476698731030396934
2022-03-18 06:35:11,667 INFO archived 1476698492848549891
2022-03-18 06:35:11,667 INFO archived 1476683077002964992
2022-03-18 06:35:11,668 INFO archived 1476371377980682240
2022-03-18 06:35:11,668 INFO archived 1476369638795747334
2022-03-18 06:35:11,668 INFO archived 1476369136620126224
2022-03-18 06:35:11,669 INFO archived 1476354650618179586
2022-03-18 06:35:11,669 INFO archived 1476046040444854277
2022-03-18 06:35:11,669 INFO archived 1475722224950820864
2022-03-18 06:35:11,669 INFO archived 1475707688147464193
2022-03-18 06:35:11,678 INFO archived 1475494686886445058
2022-03-18 06:35:11,678 INFO archived 1475142549652258817
2022-03-18 06:35:11,678 INFO archived 1474430741656346624
2022-03-18 06:35:11,680 INFO archived 1474424356373770243
2022-03-18 06:35:11,680 INFO archived 1474423392262664194
2022-03-18 06:35:11,680 INFO archived 1474272553585762326
2022-03-18 06:35:11,680 INFO archived 1474272230011985931
2022-03-18 06:35:11,681 INFO archived 1474270624877101056
2022-03-18 06:35:11,681 INFO archived 1473670139992330249
2022-03-18 06:35:11,681 INFO archived 1473328446461956096
2022-03-18 06:35:11,685 INFO archived 1472392954270470152
2022-03-18 06:35:11,686 INFO archived 1472389906924068874
2022-03-18 06:35:11,686 INFO archived 1472386355942486019
2022-03-18 06:35:11,686 INFO archived 1468010145313693701
2022-03-18 06:35:11,686 INFO archived 1468007622620160009
2022-03-18 06:35:11,687 INFO archived 1468005255879266310
2022-03-18 06:35:11,687 INFO archived 1467723669858357249
2022-03-18 06:35:11,687 INFO archived 1467721408327397381
2022-03-18 06:35:11,687 INFO archived 1467625917648633856
2022-03-18 06:35:11,687 INFO archived 1467621071801176069
2022-03-18 06:35:11,688 INFO archived 1467295253820493824
2022-03-18 06:35:11,688 INFO archived 1467179195554050053
2022-03-18 06:35:11,688 INFO archived 1466908560231735308
2022-03-18 06:35:11,688 INFO archived 1466906913111691274
2022-03-18 06:35:11,688 INFO archived 1466868938822889476
2022-03-18 06:35:11,689 INFO archived 1466482130544959498
2022-03-18 06:35:11,689 INFO archived 1466176289497395211
2022-03-18 06:35:11,689 INFO archived 1465807869266345988
2022-03-18 06:35:11,689 INFO archived 1463999859929718784
2022-03-18 06:35:11,689 INFO archived 1463964934518173702
2022-03-18 06:35:11,689 INFO archived 1463959520783200260
2022-03-18 06:35:11,690 INFO archived 1463854790060896256
2022-03-18 06:35:11,691 INFO archived 1463851078219304968
2022-03-18 06:35:11,692 INFO archived 1463850249416372225
2022-03-18 06:35:11,692 INFO archived 1463850148438568965
2022-03-18 06:35:11,692 INFO archived 1463848353083453443
2022-03-18 06:35:11,693 INFO archived 1463680401784799235
2022-03-18 06:35:11,693 INFO archived 1463641810421518338
2022-03-18 06:35:11,694 INFO archived 1463639570575081473
2022-03-18 06:35:11,695 INFO archived 1463565897856008193
2022-03-18 06:35:11,695 INFO archived 1463278864583380993
2022-03-18 06:35:11,695 INFO archived 1463277157740732417
2022-03-18 06:35:11,695 INFO archived 1463263100946157572
2022-03-18 06:35:11,696 INFO archived 1462965859387854857
2022-03-18 06:35:11,696 INFO archived 1462934839871647752
2022-03-18 06:35:11,696 INFO archived 1462857663025401869
2022-03-18 06:35:11,696 INFO archived 1462849811196129281
2022-03-18 06:35:11,699 INFO archived 1462846933823803396
2022-03-18 06:35:11,699 INFO archived 1462846041443774469
2022-03-18 06:35:11,699 INFO archived 1462844441325101059
2022-03-18 06:35:11,699 INFO archived 1462829051157131276
2022-03-18 06:35:11,700 INFO archived 1462616337138782216
2022-03-18 06:35:11,700 INFO getting ('https://api.twitter.com/1.1/statuses/user_timeline.json',) {'params': {'count': 200, 'screen_name': 'RacerGirl619', 'include_ext_alt_text': 'true', 'tweet_mode': 'extended', 'max_id': '1462616337138782215'}}
2022-03-18 06:35:11,958 INFO archived 1462614930717392897
2022-03-18 06:35:11,958 INFO archived 1462584062338650118
2022-03-18 06:35:11,958 INFO archived 1462580762167939075
2022-03-18 06:35:11,958 INFO archived 1462578350749323269
2022-03-18 06:35:11,959 INFO archived 1462578161854603265
2022-03-18 06:35:11,959 INFO archived 1462443373051228160
2022-03-18 06:35:11,959 INFO archived 1462442554713067522
2022-03-18 06:35:11,959 INFO archived 1462441961521131524
2022-03-18 06:35:11,959 INFO archived 1462441816557559809
2022-03-18 06:35:11,960 INFO archived 1462393294684659725
2022-03-18 06:35:11,960 INFO archived 1462371539886776320
2022-03-18 06:35:11,960 INFO archived 1462276107957420033
2022-03-18 06:35:11,960 INFO archived 1462123191057461263
2022-03-18 06:35:11,960 INFO archived 1462122877642231817
2022-03-18 06:35:11,961 INFO archived 1462122547915460609
2022-03-18 06:35:11,961 INFO archived 1462121325632405504
2022-03-18 06:35:11,961 INFO archived 1462111743690301451
2022-03-18 06:35:11,961 INFO archived 1462094533425045508
2022-03-18 06:35:11,962 INFO archived 1462092508742270995
2022-03-18 06:35:11,962 INFO archived 1461877664407560195
2022-03-18 06:35:11,962 INFO archived 1461787829290291207
2022-03-18 06:35:11,962 INFO archived 1461740514575855619
2022-03-18 06:35:11,963 INFO archived 1461732298404122625
2022-03-18 06:35:11,963 INFO archived 1461616201034080257
2022-03-18 06:35:11,963 INFO archived 1461534899056300038
2022-03-18 06:35:11,963 INFO archived 1461502187205443584
2022-03-18 06:35:11,963 INFO archived 1461382924708757510
2022-03-18 06:35:11,963 INFO archived 1461180048594153475
2022-03-18 06:35:11,964 INFO archived 1461037535229095941
2022-03-18 06:35:11,964 INFO archived 1460869850184757252
2022-03-18 06:35:11,964 INFO archived 1460849308413181954
2022-03-18 06:35:11,964 INFO archived 1460848922960830464
2022-03-18 06:35:11,964 INFO archived 1460810138768625664
2022-03-18 06:35:11,965 INFO archived 1460808931618480131
2022-03-18 06:35:11,965 INFO archived 1460806224384077837
2022-03-18 06:35:11,965 INFO archived 1460802535481094148
2022-03-18 06:35:11,965 INFO archived 1460717534336983043
2022-03-18 06:35:11,966 INFO archived 1460101072282959875
2022-03-18 06:35:11,966 INFO archived 1460045960348852230
2022-03-18 06:35:11,966 INFO archived 1460044620939866120
2022-03-18 06:35:11,967 INFO archived 1459931659441262594
2022-03-18 06:35:11,967 INFO archived 1459196763445858309
2022-03-18 06:35:11,967 INFO archived 1459005460976218112
2022-03-18 06:35:11,967 INFO archived 1459005342243856386
2022-03-18 06:35:11,967 INFO archived 1459003849058963460
2022-03-18 06:35:11,967 INFO archived 1457490389053677574
2022-03-18 06:35:11,968 INFO archived 1457486986818752517
2022-03-18 06:35:11,968 INFO archived 1457126524042289153
2022-03-18 06:35:11,968 INFO archived 1455674666685767687
2022-03-18 06:35:11,968 INFO archived 1455666346788900864
2022-03-18 06:35:11,968 INFO archived 1454450912479440898
2022-03-18 06:35:11,969 INFO archived 1453535916367040512
2022-03-18 06:35:11,969 INFO archived 1453411736753557510
2022-03-18 06:35:11,969 INFO archived 1451324963911258120
2022-03-18 06:35:11,970 INFO archived 1451288185003253767
2022-03-18 06:35:11,970 INFO archived 1451282200842969093
2022-03-18 06:35:11,970 INFO archived 1450511770594988034
2022-03-18 06:35:11,970 INFO archived 1448807181470601224
2022-03-18 06:35:11,970 INFO archived 1448797577093296128
2022-03-18 06:35:11,971 INFO archived 1447085699728125952
2022-03-18 06:35:11,971 INFO archived 1443406584944680964
2022-03-18 06:35:11,971 INFO archived 1443404014436159494
2022-03-18 06:35:11,971 INFO archived 1443403347193700356
2022-03-18 06:35:11,972 INFO archived 1443402264505368578
2022-03-18 06:35:11,973 INFO archived 1442192595405492229
2022-03-18 06:35:11,973 INFO archived 1441097487155007488
2022-03-18 06:35:11,973 INFO archived 1439730471030726658
2022-03-18 06:35:11,973 INFO archived 1439729988811558917
2022-03-18 06:35:11,974 INFO archived 1439377928891011073
2022-03-18 06:35:11,974 INFO archived 1437520650789400578
2022-03-18 06:35:11,974 INFO archived 1434369605150064645
2022-03-18 06:35:11,974 INFO archived 1434368840771805184
2022-03-18 06:35:11,974 INFO archived 1434368743245860867
2022-03-18 06:35:11,974 INFO archived 1433990178570387458
2022-03-18 06:35:11,975 INFO archived 1433641798988095488
2022-03-18 06:35:11,975 INFO archived 1433640719563071489
2022-03-18 06:35:11,975 INFO archived 1433277001998159874
2022-03-18 06:35:11,975 INFO archived 1433276191209934848
2022-03-18 06:35:11,976 INFO archived 1433275157452296195
2022-03-18 06:35:11,976 INFO archived 1433215231136763905
2022-03-18 06:35:11,976 INFO archived 1433213412708859907
2022-03-18 06:35:11,976 INFO archived 1431715467710902279
2022-03-18 06:35:11,976 INFO archived 1431708137472602119
2022-03-18 06:35:11,977 INFO archived 1429657188037955589
2022-03-18 06:35:11,977 INFO archived 1429257797737271300
2022-03-18 06:35:11,977 INFO archived 1429257593281777678
2022-03-18 06:35:11,977 INFO archived 1427404940876582913
2022-03-18 06:35:11,979 INFO archived 1427089050184323074
2022-03-18 06:35:11,979 INFO archived 1425929499359813632
2022-03-18 06:35:11,979 INFO archived 1424870554775994374
2022-03-18 06:35:11,979 INFO archived 1424857115483590659
2022-03-18 06:35:11,979 INFO archived 1423745912233410562
2022-03-18 06:35:11,979 INFO archived 1423737415093604358
2022-03-18 06:35:11,979 INFO archived 1423736334095720453
2022-03-18 06:35:11,980 INFO archived 1423731924758052864
2022-03-18 06:35:11,980 INFO archived 1423406963707240449
2022-03-18 06:35:11,980 INFO archived 1423144366143676420
2022-03-18 06:35:11,980 INFO archived 1421929042132049922
2022-03-18 06:35:11,980 INFO archived 1421925450327248903
2022-03-18 06:35:11,981 INFO archived 1421756321070731265
2022-03-18 06:35:11,981 INFO archived 1419430703096287232
2022-03-18 06:35:11,981 INFO archived 1419026374468243457
2022-03-18 06:35:11,981 INFO archived 1419026260664127495
2022-03-18 06:35:11,981 INFO archived 1419025748644532226
2022-03-18 06:35:11,982 INFO archived 1415804635059793920
2022-03-18 06:35:11,982 INFO archived 1415159018138607623
2022-03-18 06:35:11,982 INFO archived 1415158614449348609
2022-03-18 06:35:11,982 INFO archived 1414392282795622405
2022-03-18 06:35:11,982 INFO archived 1414391120633675787
2022-03-18 06:35:11,983 INFO archived 1414389894504456206
2022-03-18 06:35:11,983 INFO archived 1414388816123768835
2022-03-18 06:35:11,983 INFO archived 1413892761804288000
2022-03-18 06:35:11,983 INFO archived 1413892537148915717
2022-03-18 06:35:11,983 INFO archived 1413888241791553542
2022-03-18 06:35:11,984 INFO archived 1413689293592309760
2022-03-18 06:35:11,984 INFO archived 1413686178935713800
2022-03-18 06:35:11,984 INFO archived 1412653153821118467
2022-03-18 06:35:11,984 INFO archived 1412494664029118464
2022-03-18 06:35:11,984 INFO archived 1412125162623885316
2022-03-18 06:35:11,984 INFO archived 1412092066851602433
2022-03-18 06:35:11,985 INFO archived 1411888879016230915
2022-03-18 06:35:11,985 INFO archived 1411789385427820549
2022-03-18 06:35:11,985 INFO archived 1411768202086993926
2022-03-18 06:35:11,986 INFO archived 1411764950352158723
2022-03-18 06:35:11,986 INFO archived 1411526606284328962
2022-03-18 06:35:11,986 INFO archived 1411489073781424132
2022-03-18 06:35:11,986 INFO archived 1411165268093685760
2022-03-18 06:35:11,986 INFO archived 1411138623496503296
2022-03-18 06:35:11,987 INFO archived 1411094192512774145
2022-03-18 06:35:11,987 INFO archived 1410728546704662528
2022-03-18 06:35:11,987 INFO archived 1410725889801785345
2022-03-18 06:35:11,987 INFO archived 1410376659493081095
2022-03-18 06:35:11,988 INFO archived 1410366727666405380
2022-03-18 06:35:11,988 INFO archived 1410289438803042311
2022-03-18 06:35:11,988 INFO archived 1410289149823885317
2022-03-18 06:35:11,988 INFO archived 1410288938724597766
2022-03-18 06:35:11,988 INFO archived 1410287476845985796
2022-03-18 06:35:11,989 INFO archived 1410280067482144770
2022-03-18 06:35:11,989 INFO archived 1410279640283947017
2022-03-18 06:35:11,989 INFO archived 1410278738097549314
2022-03-18 06:35:11,989 INFO archived 1410278269094617090
2022-03-18 06:35:11,990 INFO archived 1410273688927227905
2022-03-18 06:35:11,990 INFO archived 1410255247868628994
2022-03-18 06:35:11,990 INFO archived 1410063886263455746
2022-03-18 06:35:11,990 INFO archived 1409898337696993280
2022-03-18 06:35:11,990 INFO archived 1409897339632984066
2022-03-18 06:35:11,991 INFO archived 1409671447648169990
2022-03-18 06:35:11,991 INFO archived 1409669888348618753
2022-03-18 06:35:11,991 INFO archived 1409629594018369539
2022-03-18 06:35:11,991 INFO archived 1409627123665444873
2022-03-18 06:35:11,992 INFO archived 1409627082762690562
2022-03-18 06:35:11,992 INFO archived 1409626811466665985
2022-03-18 06:35:11,992 INFO archived 1409626401003741190
2022-03-18 06:35:11,992 INFO archived 1409626140982091782
2022-03-18 06:35:11,992 INFO archived 1409623302499278851
2022-03-18 06:35:11,993 INFO archived 1409620631193210898
2022-03-18 06:35:11,993 INFO archived 1409619055468818433
2022-03-18 06:35:11,993 INFO archived 1409618712773136386
2022-03-18 06:35:11,994 INFO archived 1409618076316803072
2022-03-18 06:35:11,994 INFO archived 1409617024758816786
2022-03-18 06:35:11,994 INFO archived 1409616100724195330
2022-03-18 06:35:11,994 INFO archived 1409596100995129345
2022-03-18 06:35:11,994 INFO archived 1409580911319040002
2022-03-18 06:35:11,994 INFO archived 1409577172633886720
2022-03-18 06:35:11,995 INFO archived 1409576435434635271
2022-03-18 06:35:11,995 INFO archived 1409572684510466058
2022-03-18 06:35:11,995 INFO archived 1409569136573878278
2022-03-18 06:35:11,995 INFO archived 1408958461640167424
2022-03-18 06:35:11,995 INFO archived 1408956130575978497
2022-03-18 06:35:11,996 INFO archived 1408899990194470912
2022-03-18 06:35:11,996 INFO archived 1408793846503424001
2022-03-18 06:35:11,996 INFO archived 1408633470629318659
2022-03-18 06:35:11,996 INFO archived 1408299909690843136
2022-03-18 06:35:11,997 INFO archived 1407896096110780416
2022-03-18 06:35:11,999 INFO archived 1407891929795383297
2022-03-18 06:35:11,999 INFO archived 1407890739074379777
2022-03-18 06:35:11,999 INFO archived 1407879181174706177
2022-03-18 06:35:11,999 INFO archived 1407546622901469184
2022-03-18 06:35:11,999 INFO archived 1407507420121907200
2022-03-18 06:35:11,999 INFO archived 1407054284802375688
2022-03-18 06:35:12,000 INFO archived 1405694364827987977
2022-03-18 06:35:12,000 INFO archived 1405506402542628869
2022-03-18 06:35:12,000 INFO archived 1405382587565096966
2022-03-18 06:35:12,000 INFO archived 1405382441972518915
2022-03-18 06:35:12,001 INFO archived 1405377972962476033
2022-03-18 06:35:12,001 INFO archived 1405376963825520641
2022-03-18 06:35:12,001 INFO archived 1405376309669339138
2022-03-18 06:35:12,001 INFO archived 1403725335947005955
2022-03-18 06:35:12,001 INFO archived 1403171413847052290
2022-03-18 06:35:12,002 INFO archived 1402467554908573699
2022-03-18 06:35:12,002 INFO archived 1402442256863354886
2022-03-18 06:35:12,002 INFO archived 1402437233148301313
2022-03-18 06:35:12,002 INFO archived 1402435287465222148
2022-03-18 06:35:12,003 INFO archived 1402355930625359872
2022-03-18 06:35:12,003 INFO archived 1401708330075238402
2022-03-18 06:35:12,003 INFO archived 1401705789128122370
2022-03-18 06:35:12,003 INFO archived 1401703547100663809
2022-03-18 06:35:12,004 INFO archived 1401702882693595142
2022-03-18 06:35:12,004 INFO archived 1401702725835005955
2022-03-18 06:35:12,004 INFO archived 1401702090855026694
2022-03-18 06:35:12,004 INFO getting ('https://api.twitter.com/1.1/statuses/user_timeline.json',) {'params': {'count': 200, 'screen_name': 'RacerGirl619', 'include_ext_alt_text': 'true', 'tweet_mode': 'extended', 'max_id': '1401702090855026693'}}
2022-03-18 06:35:12,232 INFO archived 1401698957546377216
2022-03-18 06:35:12,233 INFO archived 1401357437395943425
2022-03-18 06:35:12,233 INFO archived 1400515062041919490
2022-03-18 06:35:12,233 INFO archived 1400504572267962368
2022-03-18 06:35:12,234 INFO archived 1400477212034355200
2022-03-18 06:35:12,234 INFO archived 1400474562958143490
2022-03-18 06:35:12,234 INFO archived 1400276712789794818
2022-03-18 06:35:12,234 INFO archived 1400262685518872576
2022-03-18 06:35:12,234 INFO archived 1400259906599587840
2022-03-18 06:35:12,235 INFO archived 1400257741172641794
2022-03-18 06:35:12,235 INFO archived 1399944396615868420
2022-03-18 06:35:12,235 INFO archived 1399943956612386817
2022-03-18 06:35:12,235 INFO archived 1399889037679382535
2022-03-18 06:35:12,236 INFO archived 1399848858574807043
2022-03-18 06:35:12,236 INFO archived 1399846070432190465
2022-03-18 06:35:12,236 INFO archived 1399839448217567238
2022-03-18 06:35:12,236 INFO archived 1399491008224804864
2022-03-18 06:35:12,236 INFO archived 1397606644729659394
2022-03-18 06:35:12,237 INFO archived 1397396573563367427
2022-03-18 06:35:12,237 INFO archived 1396876659408752640
2022-03-18 06:35:12,237 INFO archived 1396854629326073860
2022-03-18 06:35:12,237 INFO archived 1396854508202905601
2022-03-18 06:35:12,237 INFO archived 1396208209661243398
2022-03-18 06:35:12,237 INFO archived 1396118909946892290
2022-03-18 06:35:12,237 INFO archived 1396118626613215234
2022-03-18 06:35:12,237 INFO archived 1395605553804685312
2022-03-18 06:35:12,237 INFO archived 1394821511865933825
2022-03-18 06:35:12,237 INFO archived 1394821319980683270
2022-03-18 06:35:12,237 INFO archived 1394817219171860493
2022-03-18 06:35:12,237 INFO archived 1394209465516412930
2022-03-18 06:35:12,237 INFO archived 1394209390102827009
2022-03-18 06:35:12,237 INFO archived 1394127145551777802
2022-03-18 06:35:12,241 INFO archived 1392573789322555396
2022-03-18 06:35:12,241 INFO archived 1392554868116709381
2022-03-18 06:35:12,241 INFO archived 1392350441799831554
2022-03-18 06:35:12,241 INFO archived 1392328470148096002
2022-03-18 06:35:12,242 INFO archived 1392327485040304131
2022-03-18 06:35:12,242 INFO archived 1389068227318276097
2022-03-18 06:35:12,242 INFO archived 1389067811423719424
2022-03-18 06:35:12,242 INFO archived 1389066037560287235
2022-03-18 06:35:12,242 INFO archived 1385727206240899073
2022-03-18 06:35:12,243 INFO archived 1384191978187878409
2022-03-18 06:35:12,243 INFO archived 1383921772387454980
2022-03-18 06:35:12,243 INFO archived 1383208188560875522
2022-03-18 06:35:12,244 INFO archived 1382362596561481728
2022-03-18 06:35:12,244 INFO archived 1382362261465931778
2022-03-18 06:35:12,244 INFO archived 1382361999925907461
2022-03-18 06:35:12,244 INFO archived 1382361691103502344
2022-03-18 06:35:12,244 INFO archived 1382361460186120198
2022-03-18 06:35:12,245 INFO archived 1382054752192753673
2022-03-18 06:35:12,245 INFO archived 1382052626351656961
2022-03-18 06:35:12,245 INFO archived 1382051910346231811
2022-03-18 06:35:12,245 INFO archived 1382051490303520769
2022-03-18 06:35:12,246 INFO archived 1381995050897391625
2022-03-18 06:35:12,246 INFO archived 1381994429901328389
2022-03-18 06:35:12,246 INFO archived 1381268591400587264
2022-03-18 06:35:12,246 INFO archived 1381076460996288514
2022-03-18 06:35:12,247 INFO archived 1380929640286539777
2022-03-18 06:35:12,247 INFO archived 1380669245588172801
2022-03-18 06:35:12,247 INFO archived 1380550461942550532
2022-03-18 06:35:12,247 INFO archived 1380549738760699904
2022-03-18 06:35:12,247 INFO archived 1380484571435778053
2022-03-18 06:35:12,248 INFO archived 1380384237174599681
2022-03-18 06:35:12,248 INFO archived 1380384115149705218
2022-03-18 06:35:12,248 INFO archived 1380383844189286401
2022-03-18 06:35:12,248 INFO archived 1380342765092012032
2022-03-18 06:35:12,248 INFO archived 1380342091625168898
2022-03-18 06:35:12,248 INFO archived 1380044358750179328
2022-03-18 06:35:12,248 INFO archived 1379683043405918208
2022-03-18 06:35:12,248 INFO archived 1379682938107871232
2022-03-18 06:35:12,248 INFO archived 1379682401585074177
2022-03-18 06:35:12,248 INFO archived 1379269741412548611
2022-03-18 06:35:12,248 INFO archived 1379086215341805569
2022-03-18 06:35:12,248 INFO archived 1378959356432105477
2022-03-18 06:35:12,248 INFO archived 1378422743046238218
2022-03-18 06:35:12,248 INFO archived 1377631158989651975
2022-03-18 06:35:12,248 INFO archived 1376924627805560835
2022-03-18 06:35:12,248 INFO archived 1376786566224490496
2022-03-18 06:35:12,248 INFO archived 1376715700568461318
2022-03-18 06:35:12,248 INFO archived 1376713224154984465
2022-03-18 06:35:12,248 INFO archived 1376712791332098057
2022-03-18 06:35:12,248 INFO archived 1372397231668658178
2022-03-18 06:35:12,248 INFO archived 1370248413095342081
2022-03-18 06:35:12,248 INFO archived 1370222541311201283
2022-03-18 06:35:12,248 INFO archived 1367275939026116609
2022-03-18 06:35:12,248 INFO archived 1287503022650724353
2022-03-18 06:35:12,254 INFO archived 1286348446774038528
2022-03-18 06:35:12,254 INFO archived 1269793040727781377
2022-03-18 06:35:12,254 INFO archived 1225986911237541888
2022-03-18 06:35:12,254 INFO archived 1030674920316067840
2022-03-18 06:35:12,254 INFO archived 713448081203695616
2022-03-18 06:35:12,254 INFO archived 690048353044836352
2022-03-18 06:35:12,255 INFO archived 680461686914940928
2022-03-18 06:35:12,255 INFO archived 653008621177978880
2022-03-18 06:35:12,255 INFO archived 653007462400835584
2022-03-18 06:35:12,255 INFO archived 633760669326675968
2022-03-18 06:35:12,256 INFO archived 633712797315125248
2022-03-18 06:35:12,256 INFO archived 633712294434836482
2022-03-18 06:35:12,257 INFO archived 615681639503413248
2022-03-18 06:35:12,257 INFO archived 547067904165171201
2022-03-18 06:35:12,257 INFO archived 543181683369865216
2022-03-18 06:35:12,258 INFO archived 474257548950765568
2022-03-18 06:35:12,258 INFO archived 468274195785601024
2022-03-18 06:35:12,258 INFO archived 434010239373807617
2022-03-18 06:35:12,258 INFO archived 434009545359118338
2022-03-18 06:35:12,259 INFO archived 430460051036184576
2022-03-18 06:35:12,259 INFO archived 430322591161524224
2022-03-18 06:35:12,259 INFO getting ('https://api.twitter.com/1.1/statuses/user_timeline.json',) {'params': {'count': 200, 'screen_name': 'RacerGirl619', 'include_ext_alt_text': 'true', 'tweet_mode': 'extended', 'max_id': '430322591161524223'}}
2022-03-18 06:35:12,304 INFO no new tweets matching {'count': 200, 'screen_name': 'RacerGirl619', 'include_ext_alt_text': 'true', 'tweet_mode': 'extended', 'max_id': '430322591161524223'}
2022-03-18 06:35:35,048 INFO loading None profile from config C:\Users\Administrator\.twarc
2022-03-18 06:35:35,049 INFO creating http session
2022-03-18 06:35:35,049 INFO creating OAuth1 user authentication
2022-03-18 06:35:35,050 INFO getting ('https://api.twitter.com/1.1/account/verify_credentials.json',) {'params': {'tweet_mode': 'extended'}}
2022-03-18 06:35:35,218 INFO looking up users 1327118280771862528,1498771932136701953,1227921876787220480,1492241963776573440,526730759,1347264539771985921,1471039057199345665,1472773473265074177,995608240040882176,1375603396254736387,2796743348,1411678466949271560,1289511102305492994,1438181207250980864,1358068204833226752,1299400890248572928,823824334473019392,1277754883056140288,1241508673173639170,1106119808544854016,872865563558559744,1282628392072945665,1324078277401726977,1473803641379344388,1142514700892147713,1422430479563771916,45176625,491734963,1309904952270127104,1435451573824593921,86790279,1225891782434676736,862621142883762176,1473621069240152066,1444881545219559428,122441312,1483771044,1397973304179363840,935447348695748608,941897646,1329510487952924673,1449348757078913032,81005930,2493673532,435252106,1152588289137958912,1349517593972011011,1319310073362026502,1399894056,23044743,1398313184134578176,846469545942487041,1305591443550081024,1338243253158768641,1303111947580329984,1264021557917052928,967497277,713431980449214464,1380964664318758913,401260246,22044932,1316534248510283776,1325221319030484994,1286385937761673216,138467723,1515715777,1262918705492746246,887317370,552433647,473598719,2902164654,1056201255305920512,834171287916445698,969309576049954818,488471119,915799979117236224,66845764,816073810294304769,307587735,2570268710,722831546348994564,701571796152279044,1359968023,4183082434,64321054,288254299,2950140191,3433596195,1197796052,2393516304,3230222900,23022050,2277850622,2964782859,2950437727,2893159512,2287271658,278154467,2746934001,2904301555
2022-03-18 06:35:35,219 INFO getting ('https://api.twitter.com/1.1/users/lookup.json',) {'params': {'user_id': '1327118280771862528,1498771932136701953,1227921876787220480,1492241963776573440,526730759,1347264539771985921,1471039057199345665,1472773473265074177,995608240040882176,1375603396254736387,2796743348,1411678466949271560,1289511102305492994,1438181207250980864,1358068204833226752,1299400890248572928,823824334473019392,1277754883056140288,1241508673173639170,1106119808544854016,872865563558559744,1282628392072945665,1324078277401726977,1473803641379344388,1142514700892147713,1422430479563771916,45176625,491734963,1309904952270127104,1435451573824593921,86790279,1225891782434676736,862621142883762176,1473621069240152066,1444881545219559428,122441312,1483771044,1397973304179363840,935447348695748608,941897646,1329510487952924673,1449348757078913032,81005930,2493673532,435252106,1152588289137958912,1349517593972011011,1319310073362026502,1399894056,23044743,1398313184134578176,846469545942487041,1305591443550081024,1338243253158768641,1303111947580329984,1264021557917052928,967497277,713431980449214464,1380964664318758913,401260246,22044932,1316534248510283776,1325221319030484994,1286385937761673216,138467723,1515715777,1262918705492746246,887317370,552433647,473598719,2902164654,1056201255305920512,834171287916445698,969309576049954818,488471119,915799979117236224,66845764,816073810294304769,307587735,2570268710,722831546348994564,701571796152279044,1359968023,4183082434,64321054,288254299,2950140191,3433596195,1197796052,2393516304,3230222900,23022050,2277850622,2964782859,2950437727,2893159512,2287271658,278154467,2746934001,2904301555', 'tweet_mode': 'extended'}}
2022-03-18 06:35:35,723 INFO archived 1327118280771862528
2022-03-18 06:35:35,723 INFO archived 1498771932136701953
2022-03-18 06:35:35,723 INFO archived 1227921876787220480
2022-03-18 06:35:35,750 INFO archived 1492241963776573440
2022-03-18 06:35:35,751 INFO archived 526730759
2022-03-18 06:35:35,751 INFO archived 1347264539771985921
2022-03-18 06:35:35,752 INFO archived 1471039057199345665
2022-03-18 06:35:35,753 INFO archived 1472773473265074177
2022-03-18 06:35:35,754 INFO archived 995608240040882176
2022-03-18 06:35:35,756 INFO archived 1375603396254736387
2022-03-18 06:35:35,756 INFO archived 2796743348
2022-03-18 06:35:35,756 INFO archived 1411678466949271560
2022-03-18 06:35:35,756 INFO archived 1289511102305492994
2022-03-18 06:35:35,756 INFO archived 1438181207250980864
2022-03-18 06:35:35,756 INFO archived 1358068204833226752
2022-03-18 06:35:35,757 INFO archived 1299400890248572928
2022-03-18 06:35:35,757 INFO archived 823824334473019392
2022-03-18 06:35:35,757 INFO archived 1277754883056140288
2022-03-18 06:35:35,757 INFO archived 1241508673173639170
2022-03-18 06:35:35,758 INFO archived 1106119808544854016
2022-03-18 06:35:35,758 INFO archived 872865563558559744
2022-03-18 06:35:35,758 INFO archived 1282628392072945665
2022-03-18 06:35:35,759 INFO archived 1324078277401726977
2022-03-18 06:35:35,759 INFO archived 1473803641379344388
2022-03-18 06:35:35,759 INFO archived 1142514700892147713
2022-03-18 06:35:35,760 INFO archived 1422430479563771916
2022-03-18 06:35:35,760 INFO archived 45176625
2022-03-18 06:35:35,760 INFO archived 491734963
2022-03-18 06:35:35,760 INFO archived 1309904952270127104
2022-03-18 06:35:35,761 INFO archived 1435451573824593921
2022-03-18 06:35:35,761 INFO archived 86790279
2022-03-18 06:35:35,761 INFO archived 1225891782434676736
2022-03-18 06:35:35,761 INFO archived 862621142883762176
2022-03-18 06:35:35,762 INFO archived 1473621069240152066
2022-03-18 06:35:35,762 INFO archived 1444881545219559428
2022-03-18 06:35:35,762 INFO archived 122441312
2022-03-18 06:35:35,762 INFO archived 1483771044
2022-03-18 06:35:35,763 INFO archived 1397973304179363840
2022-03-18 06:35:35,763 INFO archived 935447348695748608
2022-03-18 06:35:35,763 INFO archived 941897646
2022-03-18 06:35:35,763 INFO archived 1329510487952924673
2022-03-18 06:35:35,770 INFO archived 1449348757078913032
2022-03-18 06:35:35,770 INFO archived 81005930
2022-03-18 06:35:35,770 INFO archived 2493673532
2022-03-18 06:35:35,770 INFO archived 435252106
2022-03-18 06:35:35,770 INFO archived 1152588289137958912
2022-03-18 06:35:35,770 INFO archived 1349517593972011011
2022-03-18 06:35:35,770 INFO archived 1319310073362026502
2022-03-18 06:35:35,771 INFO archived 1399894056
2022-03-18 06:35:35,771 INFO archived 23044743
2022-03-18 06:35:35,771 INFO archived 1398313184134578176
2022-03-18 06:35:35,771 INFO archived 846469545942487041
2022-03-18 06:35:35,771 INFO archived 1305591443550081024
2022-03-18 06:35:35,772 INFO archived 1338243253158768641
2022-03-18 06:35:35,772 INFO archived 1303111947580329984
2022-03-18 06:35:35,772 INFO archived 1264021557917052928
2022-03-18 06:35:35,772 INFO archived 967497277
2022-03-18 06:35:35,772 INFO archived 713431980449214464
2022-03-18 06:35:35,772 INFO archived 1380964664318758913
2022-03-18 06:35:35,773 INFO archived 401260246
2022-03-18 06:35:35,773 INFO archived 22044932
2022-03-18 06:35:35,773 INFO archived 1316534248510283776
2022-03-18 06:35:35,773 INFO archived 1325221319030484994
2022-03-18 06:35:35,774 INFO archived 1286385937761673216
2022-03-18 06:35:35,780 INFO archived 138467723
2022-03-18 06:35:35,780 INFO archived 1515715777
2022-03-18 06:35:35,780 INFO archived 1262918705492746246
2022-03-18 06:35:35,780 INFO archived 887317370
2022-03-18 06:35:35,780 INFO archived 552433647
2022-03-18 06:35:35,781 INFO archived 473598719
2022-03-18 06:35:35,781 INFO archived 2902164654
2022-03-18 06:35:35,781 INFO archived 1056201255305920512
2022-03-18 06:35:35,781 INFO archived 834171287916445698
2022-03-18 06:35:35,782 INFO archived 969309576049954818
2022-03-18 06:35:35,782 INFO archived 488471119
2022-03-18 06:35:35,782 INFO archived 915799979117236224
2022-03-18 06:35:35,782 INFO archived 66845764
2022-03-18 06:35:35,782 INFO archived 816073810294304769
2022-03-18 06:35:35,782 INFO archived 307587735
2022-03-18 06:35:35,783 INFO archived 2570268710
2022-03-18 06:35:35,783 INFO archived 722831546348994564
2022-03-18 06:35:35,783 INFO archived 701571796152279044
2022-03-18 06:35:35,798 INFO archived 1359968023
2022-03-18 06:35:35,798 INFO archived 4183082434
2022-03-18 06:35:35,798 INFO archived 64321054
2022-03-18 06:35:35,798 INFO archived 288254299
2022-03-18 06:35:35,798 INFO archived 2950140191
2022-03-18 06:35:35,798 INFO archived 3433596195
2022-03-18 06:35:35,799 INFO archived 1197796052
2022-03-18 06:35:35,799 INFO archived 2393516304
2022-03-18 06:35:35,799 INFO archived 3230222900
2022-03-18 06:35:35,799 INFO archived 23022050
2022-03-18 06:35:35,799 INFO archived 2277850622
2022-03-18 06:35:35,800 INFO archived 2964782859
2022-03-18 06:35:35,800 INFO archived 2950437727
2022-03-18 06:35:35,800 INFO archived 2893159512
2022-03-18 06:35:35,800 INFO archived 2287271658
2022-03-18 06:35:35,800 INFO archived 278154467
2022-03-18 06:35:35,801 INFO archived 2746934001
2022-03-18 06:35:35,801 INFO archived 2904301555
2022-03-18 06:35:35,808 INFO looking up users 45695967,401631704,2748554048,340937567,2178963139,17575593,620096963,2392461839,1891167938,23336254,78324705,147082444,1497699829,2298641814,572415099,501136174
2022-03-18 06:35:35,808 INFO getting ('https://api.twitter.com/1.1/users/lookup.json',) {'params': {'user_id': '45695967,401631704,2748554048,340937567,2178963139,17575593,620096963,2392461839,1891167938,23336254,78324705,147082444,1497699829,2298641814,572415099,501136174', 'tweet_mode': 'extended'}}
2022-03-18 06:35:36,335 INFO archived 45695967
2022-03-18 06:35:36,336 INFO archived 401631704
2022-03-18 06:35:36,336 INFO archived 2748554048
2022-03-18 06:35:36,336 INFO archived 340937567
2022-03-18 06:35:36,341 INFO archived 2178963139
2022-03-18 06:35:36,341 INFO archived 17575593
2022-03-18 06:35:36,341 INFO archived 620096963
2022-03-18 06:35:36,341 INFO archived 2392461839
2022-03-18 06:35:36,341 INFO archived 1891167938
2022-03-18 06:35:36,341 INFO archived 23336254
2022-03-18 06:35:36,341 INFO archived 78324705
2022-03-18 06:35:36,344 INFO archived 147082444
2022-03-18 06:35:36,344 INFO archived 1497699829
2022-03-18 06:35:36,345 INFO archived 2298641814
2022-03-18 06:35:36,345 INFO archived 572415099
2022-03-18 06:35:36,345 INFO archived 501136174
2022-03-18 06:35:47,270 INFO loading None profile from config C:\Users\Administrator\.twarc
2022-03-18 06:35:47,271 INFO creating http session
2022-03-18 06:35:47,271 INFO creating OAuth1 user authentication
2022-03-18 06:35:47,272 INFO getting ('https://api.twitter.com/1.1/account/verify_credentials.json',) {'params': {'tweet_mode': 'extended'}}
2022-03-18 06:35:47,418 INFO looking up users 1327118280771862528,1464300054479523843,1347467499793756160,1168423251334193152,2258279262,1501126995614126081,1227921876787220480,1492241963776573440,526730759,1347264539771985921,267568419,1471039057199345665,1472773473265074177,927674071642337280,3063848189,832780466629472256,1117062790945148934,995608240040882176,2796743348,1471400110668009476,1289511102305492994,35413856,1438181207250980864,1358068204833226752,1469533682503340033,1439095720477331463,1299400890248572928,1161088616682024960,823824334473019392,330980008,1277754883056140288,1241508673173639170,146105195,1363630915298148353,1282628392072945665,1473803641379344388,1429437000,1432882054300065795,1142514700892147713,243532761,1422430479563771916,1390844652350279681,2214394631,264933591,45176625,932229195681488896,1329500457748848648,491734963,775355256410701824,68731365,1024747857704878080,1309904952270127104,26579497,599324109,1325067994159079424,1263550180630167553,1430904597430759432,1435451573824593921,86790279,1225891782434676736,620485042,1324078277401726977,862621142883762176,1388091921604792321,1398313184134578176,90001378,1323198970802233345,122441312,4845862516,986607844018544640,935447348695748608,1397973304179363840,313248644,595593149,1449348757078913032,941897646,1329510487952924673,1236499544440844289,1461750659137609739,1339023036134031363,3636994350,1319007523056308227,2452358264,435252106,1228743291996459018,81005930,1088984209,4583281223,1041766942351212546,22375953,1284219113716555776,1293146611347070977,1152588289137958912,1222105168042479616,942739011231154177,82652901,1334378395313053696,1274645638035263489,1349517593972011011,1286964516316684289
2022-03-18 06:35:47,419 INFO getting ('https://api.twitter.com/1.1/users/lookup.json',) {'params': {'user_id': '1327118280771862528,1464300054479523843,1347467499793756160,1168423251334193152,2258279262,1501126995614126081,1227921876787220480,1492241963776573440,526730759,1347264539771985921,267568419,1471039057199345665,1472773473265074177,927674071642337280,3063848189,832780466629472256,1117062790945148934,995608240040882176,2796743348,1471400110668009476,1289511102305492994,35413856,1438181207250980864,1358068204833226752,1469533682503340033,1439095720477331463,1299400890248572928,1161088616682024960,823824334473019392,330980008,1277754883056140288,1241508673173639170,146105195,1363630915298148353,1282628392072945665,1473803641379344388,1429437000,1432882054300065795,1142514700892147713,243532761,1422430479563771916,1390844652350279681,2214394631,264933591,45176625,932229195681488896,1329500457748848648,491734963,775355256410701824,68731365,1024747857704878080,1309904952270127104,26579497,599324109,1325067994159079424,1263550180630167553,1430904597430759432,1435451573824593921,86790279,1225891782434676736,620485042,1324078277401726977,862621142883762176,1388091921604792321,1398313184134578176,90001378,1323198970802233345,122441312,4845862516,986607844018544640,935447348695748608,1397973304179363840,313248644,595593149,1449348757078913032,941897646,1329510487952924673,1236499544440844289,1461750659137609739,1339023036134031363,3636994350,1319007523056308227,2452358264,435252106,1228743291996459018,81005930,1088984209,4583281223,1041766942351212546,22375953,1284219113716555776,1293146611347070977,1152588289137958912,1222105168042479616,942739011231154177,82652901,1334378395313053696,1274645638035263489,1349517593972011011,1286964516316684289', 'tweet_mode': 'extended'}}
2022-03-18 06:35:47,906 INFO archived 1327118280771862528
2022-03-18 06:35:47,907 INFO archived 1464300054479523843
2022-03-18 06:35:47,907 INFO archived 1347467499793756160
2022-03-18 06:35:47,907 INFO archived 1168423251334193152
2022-03-18 06:35:47,908 INFO archived 2258279262
2022-03-18 06:35:47,908 INFO archived 1501126995614126081
2022-03-18 06:35:47,908 INFO archived 1227921876787220480
2022-03-18 06:35:47,908 INFO archived 1492241963776573440
2022-03-18 06:35:47,909 INFO archived 526730759
2022-03-18 06:35:47,909 INFO archived 1347264539771985921
2022-03-18 06:35:47,909 INFO archived 267568419
2022-03-18 06:35:47,910 INFO archived 1471039057199345665
2022-03-18 06:35:47,910 INFO archived 1472773473265074177
2022-03-18 06:35:47,910 INFO archived 927674071642337280
2022-03-18 06:35:47,910 INFO archived 3063848189
2022-03-18 06:35:47,910 INFO archived 832780466629472256
2022-03-18 06:35:47,911 INFO archived 1117062790945148934
2022-03-18 06:35:47,911 INFO archived 995608240040882176
2022-03-18 06:35:47,912 INFO archived 2796743348
2022-03-18 06:35:47,912 INFO archived 1471400110668009476
2022-03-18 06:35:47,912 INFO archived 1289511102305492994
2022-03-18 06:35:47,912 INFO archived 35413856
2022-03-18 06:35:47,913 INFO archived 1438181207250980864
2022-03-18 06:35:47,913 INFO archived 1358068204833226752
2022-03-18 06:35:47,913 INFO archived 1469533682503340033
2022-03-18 06:35:47,914 INFO archived 1439095720477331463
2022-03-18 06:35:47,914 INFO archived 1299400890248572928
2022-03-18 06:35:47,914 INFO archived 1161088616682024960
2022-03-18 06:35:47,914 INFO archived 823824334473019392
2022-03-18 06:35:47,915 INFO archived 330980008
2022-03-18 06:35:47,915 INFO archived 1277754883056140288
2022-03-18 06:35:47,915 INFO archived 1241508673173639170
2022-03-18 06:35:47,916 INFO archived 146105195
2022-03-18 06:35:47,916 INFO archived 1363630915298148353
2022-03-18 06:35:47,916 INFO archived 1282628392072945665
2022-03-18 06:35:47,916 INFO archived 1473803641379344388
2022-03-18 06:35:47,917 INFO archived 1429437000
2022-03-18 06:35:47,917 INFO archived 1432882054300065795
2022-03-18 06:35:47,927 INFO archived 1142514700892147713
2022-03-18 06:35:47,927 INFO archived 243532761
2022-03-18 06:35:47,928 INFO archived 1422430479563771916
2022-03-18 06:35:47,928 INFO archived 1390844652350279681
2022-03-18 06:35:47,928 INFO archived 2214394631
2022-03-18 06:35:47,929 INFO archived 264933591
2022-03-18 06:35:47,929 INFO archived 45176625
2022-03-18 06:35:47,929 INFO archived 932229195681488896
2022-03-18 06:35:47,929 INFO archived 1329500457748848648
2022-03-18 06:35:47,929 INFO archived 491734963
2022-03-18 06:35:47,930 INFO archived 775355256410701824
2022-03-18 06:35:47,930 INFO archived 68731365
2022-03-18 06:35:47,930 INFO archived 1024747857704878080
2022-03-18 06:35:47,931 INFO archived 1309904952270127104
2022-03-18 06:35:47,931 INFO archived 26579497
2022-03-18 06:35:47,931 INFO archived 599324109
2022-03-18 06:35:47,931 INFO archived 1325067994159079424
2022-03-18 06:35:47,932 INFO archived 1263550180630167553
2022-03-18 06:35:47,932 INFO archived 1430904597430759432
2022-03-18 06:35:47,932 INFO archived 1435451573824593921
2022-03-18 06:35:47,933 INFO archived 86790279
2022-03-18 06:35:47,933 INFO archived 1225891782434676736
2022-03-18 06:35:47,933 INFO archived 620485042
2022-03-18 06:35:47,933 INFO archived 1324078277401726977
2022-03-18 06:35:47,933 INFO archived 862621142883762176
2022-03-18 06:35:47,933 INFO archived 1388091921604792321
2022-03-18 06:35:47,934 INFO archived 1398313184134578176
2022-03-18 06:35:47,934 INFO archived 90001378
2022-03-18 06:35:47,934 INFO archived 1323198970802233345
2022-03-18 06:35:47,934 INFO archived 122441312
2022-03-18 06:35:47,934 INFO archived 4845862516
2022-03-18 06:35:47,935 INFO archived 986607844018544640
2022-03-18 06:35:47,935 INFO archived 935447348695748608
2022-03-18 06:35:47,935 INFO archived 1397973304179363840
2022-03-18 06:35:47,936 INFO archived 313248644
2022-03-18 06:35:47,936 INFO archived 595593149
2022-03-18 06:35:47,936 INFO archived 1449348757078913032
2022-03-18 06:35:47,936 INFO archived 941897646
2022-03-18 06:35:47,936 INFO archived 1329510487952924673
2022-03-18 06:35:47,937 INFO archived 1236499544440844289
2022-03-18 06:35:47,937 INFO archived 1461750659137609739
2022-03-18 06:35:47,937 INFO archived 1339023036134031363
2022-03-18 06:35:47,937 INFO archived 3636994350
2022-03-18 06:35:47,938 INFO archived 1319007523056308227
2022-03-18 06:35:47,938 INFO archived 2452358264
2022-03-18 06:35:47,938 INFO archived 435252106
2022-03-18 06:35:47,938 INFO archived 1228743291996459018
2022-03-18 06:35:47,938 INFO archived 81005930
2022-03-18 06:35:47,939 INFO archived 1088984209
2022-03-18 06:35:47,939 INFO archived 4583281223
2022-03-18 06:35:47,939 INFO archived 1041766942351212546
2022-03-18 06:35:47,939 INFO archived 22375953
2022-03-18 06:35:47,939 INFO archived 1284219113716555776
2022-03-18 06:35:47,940 INFO archived 1293146611347070977
2022-03-18 06:35:47,940 INFO archived 1152588289137958912
2022-03-18 06:35:47,940 INFO archived 1222105168042479616
2022-03-18 06:35:47,940 INFO archived 942739011231154177
2022-03-18 06:35:47,941 INFO archived 82652901
2022-03-18 06:35:47,941 INFO archived 1334378395313053696
2022-03-18 06:35:47,941 INFO archived 1274645638035263489
2022-03-18 06:35:47,941 INFO archived 1349517593972011011
2022-03-18 06:35:47,941 INFO archived 1286964516316684289
2022-03-18 06:35:47,942 INFO looking up users 956184062,1261529497,1384529967942291456,1483771044,1252576485891858434,1338255084958986240,1319310073362026502,1410870605910585346,560270499,1424049822991097858,1407430630762237960,1326849621285593093,62052687,1375603396254736387,932310261737951233,61297658,1016592291694239744,1399894056,1296588200203304960,256573865,1367934403,23044743,415278846,1312050619822346247,452522315,841544752600293376,1404890701922439168,1347699807826178049,1301628470892670976,1288817734730514434,1338243253158768641,1337928940204269570,1264021557917052928,737585733095956481,1315500398728208384,3297325733,967497277,713431980449214464,1380964664318758913,1305591443550081024,953077628059226113,349887025,1305778667235278848,22044932,401260246,1282617007607812097,1286603105451139072,26545118,1254208721300754432,1337950028611145730,1316534248510283776,80818410,450253494,987240830351151104,15647676,115705583,856976162215665665,1258940487303659521,1279084967084122113,710127199,1286385937761673216,1390588222938382338,138467723,1924288669,38678666,805207070270259201,1195397929,1301261919899324422,1027990519769714688,901030183213445125,1093125992330285056,719980501121916929,4214413079,1627158452,1300078586846740482,1515715777,1275967987451752448,47016152,887317370,1303111947580329984,1262918705492746246,17282663,1103737728775012352,1120580091463991301,1063822984916295685,1447911097,3309371255,391567245,73021361,353178677,834171287916445698,552433647,111063044,441988221,122416785,567502919,286126538,131948686,18336787,22485635
2022-03-18 06:35:47,942 INFO getting ('https://api.twitter.com/1.1/users/lookup.json',) {'params': {'user_id': '956184062,1261529497,1384529967942291456,1483771044,1252576485891858434,1338255084958986240,1319310073362026502,1410870605910585346,560270499,1424049822991097858,1407430630762237960,1326849621285593093,62052687,1375603396254736387,932310261737951233,61297658,1016592291694239744,1399894056,1296588200203304960,256573865,1367934403,23044743,415278846,1312050619822346247,452522315,841544752600293376,1404890701922439168,1347699807826178049,1301628470892670976,1288817734730514434,1338243253158768641,1337928940204269570,1264021557917052928,737585733095956481,1315500398728208384,3297325733,967497277,713431980449214464,1380964664318758913,1305591443550081024,953077628059226113,349887025,1305778667235278848,22044932,401260246,1282617007607812097,1286603105451139072,26545118,1254208721300754432,1337950028611145730,1316534248510283776,80818410,450253494,987240830351151104,15647676,115705583,856976162215665665,1258940487303659521,1279084967084122113,710127199,1286385937761673216,1390588222938382338,138467723,1924288669,38678666,805207070270259201,1195397929,1301261919899324422,1027990519769714688,901030183213445125,1093125992330285056,719980501121916929,4214413079,1627158452,1300078586846740482,1515715777,1275967987451752448,47016152,887317370,1303111947580329984,1262918705492746246,17282663,1103737728775012352,1120580091463991301,1063822984916295685,1447911097,3309371255,391567245,73021361,353178677,834171287916445698,552433647,111063044,441988221,122416785,567502919,286126538,131948686,18336787,22485635', 'tweet_mode': 'extended'}}
2022-03-18 06:35:48,464 INFO archived 956184062
2022-03-18 06:35:48,464 INFO archived 1261529497
2022-03-18 06:35:48,465 INFO archived 1384529967942291456
2022-03-18 06:35:48,465 INFO archived 1483771044
2022-03-18 06:35:48,465 INFO archived 1252576485891858434
2022-03-18 06:35:48,466 INFO archived 1338255084958986240
2022-03-18 06:35:48,466 INFO archived 1319310073362026502
2022-03-18 06:35:48,466 INFO archived 1410870605910585346
2022-03-18 06:35:48,466 INFO archived 560270499
2022-03-18 06:35:48,466 INFO archived 1424049822991097858
2022-03-18 06:35:48,467 INFO archived 1407430630762237960
2022-03-18 06:35:48,469 INFO archived 1326849621285593093
2022-03-18 06:35:48,469 INFO archived 62052687
2022-03-18 06:35:48,469 INFO archived 1375603396254736387
2022-03-18 06:35:48,470 INFO archived 932310261737951233
2022-03-18 06:35:48,470 INFO archived 61297658
2022-03-18 06:35:48,470 INFO archived 1016592291694239744
2022-03-18 06:35:48,471 INFO archived 1399894056
2022-03-18 06:35:48,471 INFO archived 1296588200203304960
2022-03-18 06:35:48,471 INFO archived 256573865
2022-03-18 06:35:48,471 INFO archived 1367934403
2022-03-18 06:35:48,471 INFO archived 23044743
2022-03-18 06:35:48,472 INFO archived 415278846
2022-03-18 06:35:48,472 INFO archived 1312050619822346247
2022-03-18 06:35:48,472 INFO archived 452522315
2022-03-18 06:35:48,472 INFO archived 841544752600293376
2022-03-18 06:35:48,473 INFO archived 1404890701922439168
2022-03-18 06:35:48,473 INFO archived 1347699807826178049
2022-03-18 06:35:48,473 INFO archived 1301628470892670976
2022-03-18 06:35:48,473 INFO archived 1288817734730514434
2022-03-18 06:35:48,473 INFO archived 1338243253158768641
2022-03-18 06:35:48,474 INFO archived 1337928940204269570
2022-03-18 06:35:48,474 INFO archived 1264021557917052928
2022-03-18 06:35:48,474 INFO archived 737585733095956481
2022-03-18 06:35:48,474 INFO archived 1315500398728208384
2022-03-18 06:35:48,475 INFO archived 3297325733
2022-03-18 06:35:48,475 INFO archived 967497277
2022-03-18 06:35:48,475 INFO archived 713431980449214464
2022-03-18 06:35:48,475 INFO archived 1380964664318758913
2022-03-18 06:35:48,475 INFO archived 1305591443550081024
2022-03-18 06:35:48,476 INFO archived 953077628059226113
2022-03-18 06:35:48,476 INFO archived 349887025
2022-03-18 06:35:48,476 INFO archived 1305778667235278848
2022-03-18 06:35:48,476 INFO archived 22044932
2022-03-18 06:35:48,476 INFO archived 401260246
2022-03-18 06:35:48,476 INFO archived 1282617007607812097
2022-03-18 06:35:48,477 INFO archived 1286603105451139072
2022-03-18 06:35:48,477 INFO archived 26545118
2022-03-18 06:35:48,477 INFO archived 1254208721300754432
2022-03-18 06:35:48,478 INFO archived 1337950028611145730
2022-03-18 06:35:48,478 INFO archived 1316534248510283776
2022-03-18 06:35:48,478 INFO archived 80818410
2022-03-18 06:35:48,478 INFO archived 450253494
2022-03-18 06:35:48,478 INFO archived 987240830351151104
2022-03-18 06:35:48,478 INFO archived 15647676
2022-03-18 06:35:48,478 INFO archived 115705583
2022-03-18 06:35:48,478 INFO archived 856976162215665665
2022-03-18 06:35:48,480 INFO archived 1258940487303659521
2022-03-18 06:35:48,480 INFO archived 1279084967084122113
2022-03-18 06:35:48,480 INFO archived 710127199
2022-03-18 06:35:48,480 INFO archived 1286385937761673216
2022-03-18 06:35:48,480 INFO archived 1390588222938382338
2022-03-18 06:35:48,480 INFO archived 138467723
2022-03-18 06:35:48,480 INFO archived 1924288669
2022-03-18 06:35:48,480 INFO archived 38678666
2022-03-18 06:35:48,480 INFO archived 805207070270259201
2022-03-18 06:35:48,480 INFO archived 1195397929
2022-03-18 06:35:48,480 INFO archived 1301261919899324422
2022-03-18 06:35:48,480 INFO archived 1027990519769714688
2022-03-18 06:35:48,488 INFO archived 901030183213445125
2022-03-18 06:35:48,489 INFO archived 1093125992330285056
2022-03-18 06:35:48,489 INFO archived 719980501121916929
2022-03-18 06:35:48,489 INFO archived 4214413079
2022-03-18 06:35:48,489 INFO archived 1627158452
2022-03-18 06:35:48,489 INFO archived 1300078586846740482
2022-03-18 06:35:48,490 INFO archived 1515715777
2022-03-18 06:35:48,490 INFO archived 1275967987451752448
2022-03-18 06:35:48,490 INFO archived 47016152
2022-03-18 06:35:48,490 INFO archived 887317370
2022-03-18 06:35:48,491 INFO archived 1303111947580329984
2022-03-18 06:35:48,491 INFO archived 1262918705492746246
2022-03-18 06:35:48,491 INFO archived 17282663
2022-03-18 06:35:48,491 INFO archived 1103737728775012352
2022-03-18 06:35:48,491 INFO archived 1120580091463991301
2022-03-18 06:35:48,491 INFO archived 1063822984916295685
2022-03-18 06:35:48,492 INFO archived 1447911097
2022-03-18 06:35:48,492 INFO archived 3309371255
2022-03-18 06:35:48,492 INFO archived 391567245
2022-03-18 06:35:48,492 INFO archived 73021361
2022-03-18 06:35:48,492 INFO archived 353178677
2022-03-18 06:35:48,493 INFO archived 834171287916445698
2022-03-18 06:35:48,493 INFO archived 552433647
2022-03-18 06:35:48,493 INFO archived 111063044
2022-03-18 06:35:48,494 INFO archived 441988221
2022-03-18 06:35:48,494 INFO archived 122416785
2022-03-18 06:35:48,494 INFO archived 567502919
2022-03-18 06:35:48,495 INFO archived 286126538
2022-03-18 06:35:48,495 INFO archived 131948686
2022-03-18 06:35:48,495 INFO archived 18336787
2022-03-18 06:35:48,495 INFO archived 22485635
2022-03-18 06:35:48,496 INFO looking up users 27779930,30936407,22233225,3117536553,286404391,1705022564,133515201,19804674,2570268710,915799979117236224,349220434,110948219,2589844141,307587735,27747283,701571796152279044,165793450,2802711116,4725901580,224356285,453718103,2788843020,275284159,1528860228,3300743748,196097513,122216533,17450410,46880833,84691158,27762026,226743474,479211069,1197796052,158079268,84105193,218493137,265204214,1384100400,111610507,2251080415,296608087,1896067087,2393516304,479516494,2186442751,386420143,18843911,501836993,17335732,78342014,73807190,337717611,35666489,272609335,387299476,393499599,20181862,60466670,278154467,24705492,340846457,576674908,104611965,27823206,552865265,384113531,267415867,2287271658,15430110,2893159512,2746934001,2904301555,1711155458,1850523271,718773782,45695967,401631704,1891167938,2392461839,41562632,2178963139,2561282663,250062140,38026163,14082692,307124849,506155081,111428431,17559020,2277850622,23336254,42716955,35362630,494871377,265531647,177003906,2298641814,147082444,78324705
2022-03-18 06:35:48,496 INFO getting ('https://api.twitter.com/1.1/users/lookup.json',) {'params': {'user_id': '27779930,30936407,22233225,3117536553,286404391,1705022564,133515201,19804674,2570268710,915799979117236224,349220434,110948219,2589844141,307587735,27747283,701571796152279044,165793450,2802711116,4725901580,224356285,453718103,2788843020,275284159,1528860228,3300743748,196097513,122216533,17450410,46880833,84691158,27762026,226743474,479211069,1197796052,158079268,84105193,218493137,265204214,1384100400,111610507,2251080415,296608087,1896067087,2393516304,479516494,2186442751,386420143,18843911,501836993,17335732,78342014,73807190,337717611,35666489,272609335,387299476,393499599,20181862,60466670,278154467,24705492,340846457,576674908,104611965,27823206,552865265,384113531,267415867,2287271658,15430110,2893159512,2746934001,2904301555,1711155458,1850523271,718773782,45695967,401631704,1891167938,2392461839,41562632,2178963139,2561282663,250062140,38026163,14082692,307124849,506155081,111428431,17559020,2277850622,23336254,42716955,35362630,494871377,265531647,177003906,2298641814,147082444,78324705', 'tweet_mode': 'extended'}}
2022-03-18 06:35:49,028 INFO archived 27779930
2022-03-18 06:35:49,028 INFO archived 30936407
2022-03-18 06:35:49,028 INFO archived 22233225
2022-03-18 06:35:49,029 INFO archived 3117536553
2022-03-18 06:35:49,029 INFO archived 286404391
2022-03-18 06:35:49,029 INFO archived 1705022564
2022-03-18 06:35:49,030 INFO archived 133515201
2022-03-18 06:35:49,030 INFO archived 19804674
2022-03-18 06:35:49,030 INFO archived 2570268710
2022-03-18 06:35:49,030 INFO archived 915799979117236224
2022-03-18 06:35:49,030 INFO archived 349220434
2022-03-18 06:35:49,030 INFO archived 110948219
2022-03-18 06:35:49,030 INFO archived 2589844141
2022-03-18 06:35:49,030 INFO archived 307587735
2022-03-18 06:35:49,030 INFO archived 27747283
2022-03-18 06:35:49,030 INFO archived 701571796152279044
2022-03-18 06:35:49,030 INFO archived 165793450
2022-03-18 06:35:49,030 INFO archived 2802711116
2022-03-18 06:35:49,033 INFO archived 4725901580
2022-03-18 06:35:49,033 INFO archived 224356285
2022-03-18 06:35:49,033 INFO archived 453718103
2022-03-18 06:35:49,034 INFO archived 2788843020
2022-03-18 06:35:49,034 INFO archived 275284159
2022-03-18 06:35:49,034 INFO archived 1528860228
2022-03-18 06:35:49,034 INFO archived 3300743748
2022-03-18 06:35:49,035 INFO archived 196097513
2022-03-18 06:35:49,035 INFO archived 122216533
2022-03-18 06:35:49,035 INFO archived 17450410
2022-03-18 06:35:49,035 INFO archived 46880833
2022-03-18 06:35:49,036 INFO archived 84691158
2022-03-18 06:35:49,036 INFO archived 27762026
2022-03-18 06:35:49,036 INFO archived 226743474
2022-03-18 06:35:49,036 INFO archived 479211069
2022-03-18 06:35:49,037 INFO archived 1197796052
2022-03-18 06:35:49,037 INFO archived 158079268
2022-03-18 06:35:49,037 INFO archived 84105193
2022-03-18 06:35:49,037 INFO archived 218493137
2022-03-18 06:35:49,038 INFO archived 265204214
2022-03-18 06:35:49,038 INFO archived 1384100400
2022-03-18 06:35:49,038 INFO archived 111610507
2022-03-18 06:35:49,038 INFO archived 2251080415
2022-03-18 06:35:49,039 INFO archived 296608087
2022-03-18 06:35:49,039 INFO archived 1896067087
2022-03-18 06:35:49,039 INFO archived 2393516304
2022-03-18 06:35:49,039 INFO archived 479516494
2022-03-18 06:35:49,039 INFO archived 2186442751
2022-03-18 06:35:49,040 INFO archived 386420143
2022-03-18 06:35:49,040 INFO archived 18843911
2022-03-18 06:35:49,040 INFO archived 501836993
2022-03-18 06:35:49,041 INFO archived 17335732
2022-03-18 06:35:49,041 INFO archived 78342014
2022-03-18 06:35:49,041 INFO archived 73807190
2022-03-18 06:35:49,042 INFO archived 337717611
2022-03-18 06:35:49,042 INFO archived 35666489
2022-03-18 06:35:49,042 INFO archived 272609335
2022-03-18 06:35:49,042 INFO archived 387299476
2022-03-18 06:35:49,043 INFO archived 393499599
2022-03-18 06:35:49,043 INFO archived 20181862
2022-03-18 06:35:49,043 INFO archived 60466670
2022-03-18 06:35:49,044 INFO archived 278154467
2022-03-18 06:35:49,044 INFO archived 24705492
2022-03-18 06:35:49,044 INFO archived 340846457
2022-03-18 06:35:49,045 INFO archived 576674908
2022-03-18 06:35:49,045 INFO archived 104611965
2022-03-18 06:35:49,045 INFO archived 27823206
2022-03-18 06:35:49,045 INFO archived 552865265
2022-03-18 06:35:49,046 INFO archived 384113531
2022-03-18 06:35:49,046 INFO archived 267415867
2022-03-18 06:35:49,046 INFO archived 2287271658
2022-03-18 06:35:49,046 INFO archived 15430110
2022-03-18 06:35:49,047 INFO archived 2893159512
2022-03-18 06:35:49,047 INFO archived 2746934001
2022-03-18 06:35:49,047 INFO archived 2904301555
2022-03-18 06:35:49,047 INFO archived 1711155458
2022-03-18 06:35:49,048 INFO archived 1850523271
2022-03-18 06:35:49,048 INFO archived 718773782
2022-03-18 06:35:49,048 INFO archived 45695967
2022-03-18 06:35:49,048 INFO archived 401631704
2022-03-18 06:35:49,048 INFO archived 1891167938
2022-03-18 06:35:49,049 INFO archived 2392461839
2022-03-18 06:35:49,049 INFO archived 41562632
2022-03-18 06:35:49,050 INFO archived 2178963139
2022-03-18 06:35:49,050 INFO archived 2561282663
2022-03-18 06:35:49,050 INFO archived 250062140
2022-03-18 06:35:49,050 INFO archived 38026163
2022-03-18 06:35:49,050 INFO archived 14082692
2022-03-18 06:35:49,051 INFO archived 307124849
2022-03-18 06:35:49,051 INFO archived 506155081
2022-03-18 06:35:49,051 INFO archived 111428431
2022-03-18 06:35:49,051 INFO archived 17559020
2022-03-18 06:35:49,052 INFO archived 2277850622
2022-03-18 06:35:49,052 INFO archived 23336254
2022-03-18 06:35:49,052 INFO archived 42716955
2022-03-18 06:35:49,053 INFO archived 35362630
2022-03-18 06:35:49,053 INFO archived 494871377
2022-03-18 06:35:49,053 INFO archived 265531647
2022-03-18 06:35:49,053 INFO archived 177003906
2022-03-18 06:35:49,053 INFO archived 2298641814
2022-03-18 06:35:49,054 INFO archived 147082444
2022-03-18 06:35:49,054 INFO archived 78324705
2022-03-18 06:35:49,055 INFO looking up users 50921359,397820381,30449227,418867674,473598719,138724494,71429309,170863272,278392569,219209529,62325140,265689832,1497699829,81335898,175226057,18754727,572415099,501136174,65106269
2022-03-18 06:35:49,055 INFO getting ('https://api.twitter.com/1.1/users/lookup.json',) {'params': {'user_id': '50921359,397820381,30449227,418867674,473598719,138724494,71429309,170863272,278392569,219209529,62325140,265689832,1497699829,81335898,175226057,18754727,572415099,501136174,65106269', 'tweet_mode': 'extended'}}
2022-03-18 06:35:49,202 INFO archived 50921359
2022-03-18 06:35:49,202 INFO archived 397820381
2022-03-18 06:35:49,202 INFO archived 30449227
2022-03-18 06:35:49,202 INFO archived 418867674
2022-03-18 06:35:49,202 INFO archived 473598719
2022-03-18 06:35:49,202 INFO archived 138724494
2022-03-18 06:35:49,202 INFO archived 71429309
2022-03-18 06:35:49,205 INFO archived 170863272
2022-03-18 06:35:49,205 INFO archived 278392569
2022-03-18 06:35:49,205 INFO archived 219209529
2022-03-18 06:35:49,205 INFO archived 62325140
2022-03-18 06:35:49,205 INFO archived 265689832
2022-03-18 06:35:49,205 INFO archived 1497699829
2022-03-18 06:35:49,205 INFO archived 81335898
2022-03-18 06:35:49,206 INFO archived 175226057
2022-03-18 06:35:49,206 INFO archived 18754727
2022-03-18 06:35:49,206 INFO archived 572415099
2022-03-18 06:35:49,206 INFO archived 501136174
2022-03-18 06:35:49,207 INFO archived 65106269
