2022-03-16 09:37:32,523 INFO loading None profile from config C:\Users\Administrator\.twarc
2022-03-16 09:37:32,523 INFO creating http session
2022-03-16 09:37:32,523 INFO creating OAuth1 user authentication
2022-03-16 09:37:32,523 INFO getting ('https://api.twitter.com/1.1/account/verify_credentials.json',) {'params': {'tweet_mode': 'extended'}}
2022-03-16 09:37:32,663 INFO looking up users 0,117430336,253399621,1283846542319849473,16114279,1487198262931120129,1336337852188172290,1279864797518008320,819294376937586688,1164645203166277633,36499171,2256213313,1483603831376257027,1420292099963035650,2944483337,1368111313751183361,1262281975274049536,1289214585170464773,147402184,3397100091,1485285941782716421,870284498398785537,1448138590253305867,1165900973904224256,2920014210,1424374917500489737,1456290083829518338,1402315739005136906,1074408097563754497,1243244064285306882,1408204835732791297,1347579934428987392,3740246319,1087792760571207683,3016479629,2816882514,1375180312494346243,1357730246146093056,1387040818599366658,1345140428178391040,1394057374965637120,1354532478233374722,1337203703749758978,3324686801,1438360833814376448,2806197040,38213740,1327384187179917314,1454448714521645060,1436124569463672835,1112806379297955841,1276999133749002242,1485068351596552196,1362604355862618115,4825917993,1345455325260890112,1404544479789527053,942878337806032901,2409440689,1455738960513167371,181720099,1156341039529115648,1087707867501621248,2295631308,1345556798594543617,1432367841005744128,3146650072,1289358794082975746,1511538595,1189140406199607296,1317654701542957057,1232783237623119872,1107717251497517056,1452710761726418952,1377003232753561602,938645379905609728,1352696192698880003,999334419143057414,1139627239325093888,256239970,228184292,1258039847677308930,30395567,1385445908821823488,112511880,1403739641728012288,1439545939283353608,1421124947536191489,1436727141345996801,1326946574363205634,905149660112834560,1051683661,1441137824560865288,2356634809,244983461,1301507850745843713,1069676514004910081,791768718414151680,1299208128660148225,1218875845621813248
2022-03-16 09:37:32,663 INFO getting ('https://api.twitter.com/1.1/users/lookup.json',) {'params': {'user_id': '0,117430336,253399621,1283846542319849473,16114279,1487198262931120129,1336337852188172290,1279864797518008320,819294376937586688,1164645203166277633,36499171,2256213313,1483603831376257027,1420292099963035650,2944483337,1368111313751183361,1262281975274049536,1289214585170464773,147402184,3397100091,1485285941782716421,870284498398785537,1448138590253305867,1165900973904224256,2920014210,1424374917500489737,1456290083829518338,1402315739005136906,1074408097563754497,1243244064285306882,1408204835732791297,1347579934428987392,3740246319,1087792760571207683,3016479629,2816882514,1375180312494346243,1357730246146093056,1387040818599366658,1345140428178391040,1394057374965637120,1354532478233374722,1337203703749758978,3324686801,1438360833814376448,2806197040,38213740,1327384187179917314,1454448714521645060,1436124569463672835,1112806379297955841,1276999133749002242,1485068351596552196,1362604355862618115,4825917993,1345455325260890112,1404544479789527053,942878337806032901,2409440689,1455738960513167371,181720099,1156341039529115648,1087707867501621248,2295631308,1345556798594543617,1432367841005744128,3146650072,1289358794082975746,1511538595,1189140406199607296,1317654701542957057,1232783237623119872,1107717251497517056,1452710761726418952,1377003232753561602,938645379905609728,1352696192698880003,999334419143057414,1139627239325093888,256239970,228184292,1258039847677308930,30395567,1385445908821823488,112511880,1403739641728012288,1439545939283353608,1421124947536191489,1436727141345996801,1326946574363205634,905149660112834560,1051683661,1441137824560865288,2356634809,244983461,1301507850745843713,1069676514004910081,791768718414151680,1299208128660148225,1218875845621813248', 'tweet_mode': 'extended'}}
2022-03-16 09:37:33,179 INFO archived 117430336
2022-03-16 09:37:33,179 INFO archived 253399621
2022-03-16 09:37:33,179 INFO archived 1283846542319849473
2022-03-16 09:37:33,179 INFO archived 16114279
2022-03-16 09:37:33,179 INFO archived 1487198262931120129
2022-03-16 09:37:33,179 INFO archived 1336337852188172290
2022-03-16 09:37:33,179 INFO archived 1279864797518008320
2022-03-16 09:37:33,179 INFO archived 819294376937586688
2022-03-16 09:37:33,179 INFO archived 1164645203166277633
2022-03-16 09:37:33,179 INFO archived 36499171
2022-03-16 09:37:33,179 INFO archived 2256213313
2022-03-16 09:37:33,179 INFO archived 1483603831376257027
2022-03-16 09:37:33,179 INFO archived 1420292099963035650
2022-03-16 09:37:33,179 INFO archived 2944483337
2022-03-16 09:37:33,179 INFO archived 1368111313751183361
2022-03-16 09:37:33,179 INFO archived 1262281975274049536
2022-03-16 09:37:33,179 INFO archived 1289214585170464773
2022-03-16 09:37:33,179 INFO archived 147402184
2022-03-16 09:37:33,179 INFO archived 3397100091
2022-03-16 09:37:33,179 INFO archived 1485285941782716421
2022-03-16 09:37:33,179 INFO archived 870284498398785537
2022-03-16 09:37:33,179 INFO archived 1448138590253305867
2022-03-16 09:37:33,179 INFO archived 1165900973904224256
2022-03-16 09:37:33,179 INFO archived 2920014210
2022-03-16 09:37:33,179 INFO archived 1424374917500489737
2022-03-16 09:37:33,179 INFO archived 1456290083829518338
2022-03-16 09:37:33,179 INFO archived 1402315739005136906
2022-03-16 09:37:33,179 INFO archived 1074408097563754497
2022-03-16 09:37:33,179 INFO archived 1243244064285306882
2022-03-16 09:37:33,179 INFO archived 1408204835732791297
2022-03-16 09:37:33,179 INFO archived 1347579934428987392
2022-03-16 09:37:33,179 INFO archived 3740246319
2022-03-16 09:37:33,179 INFO archived 1087792760571207683
2022-03-16 09:37:33,179 INFO archived 3016479629
2022-03-16 09:37:33,179 INFO archived 2816882514
2022-03-16 09:37:33,179 INFO archived 1375180312494346243
2022-03-16 09:37:33,179 INFO archived 1357730246146093056
2022-03-16 09:37:33,179 INFO archived 1387040818599366658
2022-03-16 09:37:33,179 INFO archived 1345140428178391040
2022-03-16 09:37:33,179 INFO archived 1394057374965637120
2022-03-16 09:37:33,179 INFO archived 1354532478233374722
2022-03-16 09:37:33,179 INFO archived 1337203703749758978
2022-03-16 09:37:33,179 INFO archived 3324686801
2022-03-16 09:37:33,179 INFO archived 1438360833814376448
2022-03-16 09:37:33,179 INFO archived 2806197040
2022-03-16 09:37:33,179 INFO archived 38213740
2022-03-16 09:37:33,179 INFO archived 1327384187179917314
2022-03-16 09:37:33,179 INFO archived 1454448714521645060
2022-03-16 09:37:33,179 INFO archived 1436124569463672835
2022-03-16 09:37:33,179 INFO archived 1112806379297955841
2022-03-16 09:37:33,179 INFO archived 1276999133749002242
2022-03-16 09:37:33,179 INFO archived 1485068351596552196
2022-03-16 09:37:33,179 INFO archived 1362604355862618115
2022-03-16 09:37:33,179 INFO archived 4825917993
2022-03-16 09:37:33,194 INFO archived 1345455325260890112
2022-03-16 09:37:33,194 INFO archived 1404544479789527053
2022-03-16 09:37:33,194 INFO archived 942878337806032901
2022-03-16 09:37:33,194 INFO archived 2409440689
2022-03-16 09:37:33,194 INFO archived 1455738960513167371
2022-03-16 09:37:33,194 INFO archived 181720099
2022-03-16 09:37:33,194 INFO archived 1156341039529115648
2022-03-16 09:37:33,194 INFO archived 1087707867501621248
2022-03-16 09:37:33,194 INFO archived 2295631308
2022-03-16 09:37:33,194 INFO archived 1345556798594543617
2022-03-16 09:37:33,194 INFO archived 1432367841005744128
2022-03-16 09:37:33,194 INFO archived 3146650072
2022-03-16 09:37:33,194 INFO archived 1289358794082975746
2022-03-16 09:37:33,194 INFO archived 1511538595
2022-03-16 09:37:33,194 INFO archived 1189140406199607296
2022-03-16 09:37:33,194 INFO archived 1317654701542957057
2022-03-16 09:37:33,194 INFO archived 1232783237623119872
2022-03-16 09:37:33,194 INFO archived 1107717251497517056
2022-03-16 09:37:33,194 INFO archived 1452710761726418952
2022-03-16 09:37:33,194 INFO archived 1377003232753561602
2022-03-16 09:37:33,194 INFO archived 938645379905609728
2022-03-16 09:37:33,194 INFO archived 1352696192698880003
2022-03-16 09:37:33,194 INFO archived 999334419143057414
2022-03-16 09:37:33,194 INFO archived 1139627239325093888
2022-03-16 09:37:33,194 INFO archived 256239970
2022-03-16 09:37:33,194 INFO archived 228184292
2022-03-16 09:37:33,194 INFO archived 1258039847677308930
2022-03-16 09:37:33,194 INFO archived 30395567
2022-03-16 09:37:33,194 INFO archived 1385445908821823488
2022-03-16 09:37:33,194 INFO archived 112511880
2022-03-16 09:37:33,194 INFO archived 1403739641728012288
2022-03-16 09:37:33,194 INFO archived 1439545939283353608
2022-03-16 09:37:33,194 INFO archived 1421124947536191489
2022-03-16 09:37:33,194 INFO archived 1436727141345996801
2022-03-16 09:37:33,194 INFO archived 1326946574363205634
2022-03-16 09:37:33,194 INFO archived 905149660112834560
2022-03-16 09:37:33,194 INFO archived 1051683661
2022-03-16 09:37:33,194 INFO archived 1441137824560865288
2022-03-16 09:37:33,194 INFO archived 2356634809
2022-03-16 09:37:33,194 INFO archived 244983461
2022-03-16 09:37:33,194 INFO archived 1301507850745843713
2022-03-16 09:37:33,194 INFO archived 1069676514004910081
2022-03-16 09:37:33,194 INFO archived 791768718414151680
2022-03-16 09:37:33,194 INFO archived 1299208128660148225
2022-03-16 09:37:33,210 INFO archived 1218875845621813248
2022-03-16 09:37:33,210 INFO looking up users 16586873,3080789583,1340469595069673474,1230927406485188609,1362949979900239872,128384950,1377158981517369346,932625665999781888,1166092454031790080,1320848701758160898,4396120342,755470587334684672,42931069,215791430,1011892601941872641,1260833825891860480,1955401909,944926610024779777,754039300921106433,1254921053324947459,1414197860,793609628982534145,590851666,85129857,1075784710389985281,3065762493,1257762034491555843,1355770778856390659,991745615611674624,807003567605227520,17570413,323913608,1252926295064940546,1307632831284166656,757289339298648064,3919740867,783792992,226562075,14075928,1303689261418512384,2157985171,1241970779744432130,754006735468261376,1017156369747767296,138203134,2273438743,255692342,19007577,1272650787307638792,1512418406,1033714559184502785,2756312148,950841831834705920,1183870584901509120,936707687051595776
2022-03-16 09:37:33,210 INFO getting ('https://api.twitter.com/1.1/users/lookup.json',) {'params': {'user_id': '16586873,3080789583,1340469595069673474,1230927406485188609,1362949979900239872,128384950,1377158981517369346,932625665999781888,1166092454031790080,1320848701758160898,4396120342,755470587334684672,42931069,215791430,1011892601941872641,1260833825891860480,1955401909,944926610024779777,754039300921106433,1254921053324947459,1414197860,793609628982534145,590851666,85129857,1075784710389985281,3065762493,1257762034491555843,1355770778856390659,991745615611674624,807003567605227520,17570413,323913608,1252926295064940546,1307632831284166656,757289339298648064,3919740867,783792992,226562075,14075928,1303689261418512384,2157985171,1241970779744432130,754006735468261376,1017156369747767296,138203134,2273438743,255692342,19007577,1272650787307638792,1512418406,1033714559184502785,2756312148,950841831834705920,1183870584901509120,936707687051595776', 'tweet_mode': 'extended'}}
2022-03-16 09:37:33,648 INFO archived 16586873
2022-03-16 09:37:33,648 INFO archived 3080789583
2022-03-16 09:37:33,648 INFO archived 1340469595069673474
2022-03-16 09:37:33,648 INFO archived 1230927406485188609
2022-03-16 09:37:33,648 INFO archived 1362949979900239872
2022-03-16 09:37:33,663 INFO archived 128384950
2022-03-16 09:37:33,663 INFO archived 1377158981517369346
2022-03-16 09:37:33,663 INFO archived 932625665999781888
2022-03-16 09:37:33,663 INFO archived 1166092454031790080
2022-03-16 09:37:33,663 INFO archived 1320848701758160898
2022-03-16 09:37:33,663 INFO archived 4396120342
2022-03-16 09:37:33,663 INFO archived 755470587334684672
2022-03-16 09:37:33,663 INFO archived 42931069
2022-03-16 09:37:33,663 INFO archived 215791430
2022-03-16 09:37:33,663 INFO archived 1011892601941872641
2022-03-16 09:37:33,663 INFO archived 1260833825891860480
2022-03-16 09:37:33,663 INFO archived 1955401909
2022-03-16 09:37:33,663 INFO archived 944926610024779777
2022-03-16 09:37:33,663 INFO archived 754039300921106433
2022-03-16 09:37:33,663 INFO archived 1254921053324947459
2022-03-16 09:37:33,663 INFO archived 1414197860
2022-03-16 09:37:33,663 INFO archived 793609628982534145
2022-03-16 09:37:33,663 INFO archived 590851666
2022-03-16 09:37:33,663 INFO archived 85129857
2022-03-16 09:37:33,663 INFO archived 1075784710389985281
2022-03-16 09:37:33,663 INFO archived 3065762493
2022-03-16 09:37:33,663 INFO archived 1257762034491555843
2022-03-16 09:37:33,663 INFO archived 1355770778856390659
2022-03-16 09:37:33,663 INFO archived 991745615611674624
2022-03-16 09:37:33,663 INFO archived 807003567605227520
2022-03-16 09:37:33,663 INFO archived 17570413
2022-03-16 09:37:33,663 INFO archived 323913608
2022-03-16 09:37:33,663 INFO archived 1252926295064940546
2022-03-16 09:37:33,663 INFO archived 1307632831284166656
2022-03-16 09:37:33,663 INFO archived 757289339298648064
2022-03-16 09:37:33,663 INFO archived 3919740867
2022-03-16 09:37:33,663 INFO archived 783792992
2022-03-16 09:37:33,663 INFO archived 226562075
2022-03-16 09:37:33,663 INFO archived 14075928
2022-03-16 09:37:33,663 INFO archived 1303689261418512384
2022-03-16 09:37:33,663 INFO archived 2157985171
2022-03-16 09:37:33,663 INFO archived 1241970779744432130
2022-03-16 09:37:33,663 INFO archived 754006735468261376
2022-03-16 09:37:33,663 INFO archived 1017156369747767296
2022-03-16 09:37:33,663 INFO archived 138203134
2022-03-16 09:37:33,663 INFO archived 2273438743
2022-03-16 09:37:33,663 INFO archived 255692342
2022-03-16 09:37:33,663 INFO archived 19007577
2022-03-16 09:37:33,663 INFO archived 1272650787307638792
2022-03-16 09:37:33,663 INFO archived 1512418406
2022-03-16 09:37:33,663 INFO archived 1033714559184502785
2022-03-16 09:37:33,663 INFO archived 2756312148
2022-03-16 09:37:33,663 INFO archived 950841831834705920
2022-03-16 09:37:33,663 INFO archived 1183870584901509120
2022-03-16 09:37:33,663 INFO archived 936707687051595776
2022-03-16 09:41:33,505 INFO loading None profile from config C:\Users\Administrator\.twarc
2022-03-16 09:41:33,505 INFO creating http session
2022-03-16 09:41:33,505 INFO creating OAuth1 user authentication
2022-03-16 09:41:33,505 INFO getting ('https://api.twitter.com/1.1/account/verify_credentials.json',) {'params': {'tweet_mode': 'extended'}}
2022-03-16 09:41:33,662 INFO looking up users 842415924,16114279,1336337852188172290,1494167439785046018,1339513949549514753,1351576149781065729,1279403782217117696,1496575142901829641,1104033118057570304,38213740,36499171,1485068351596552196,1390943055214268420,1331917159828688897,1452710761726418952,1439545939283353608,1477158721105145857,1378891901508722689,1381666139361673221,1317654701542957057,3146650072,1351623610125987844,1449104076520689668,1377003232753561602,999334419143057414,1304972881596682241,1441137824560865288,4928146841,1218875845621813248,1069676514004910081,4396120342,16586873,1190232440,1112481348,1302970629868548097,42931069,1185170999873949696,1374401110027300865,47495880,1385248621797515264,1382266594877902851,791768718414151680,737279154823925760,215791430,1289358794082975746,264184535,1367738318314684417,17570413,754039300921106433,55570049,1257762034491555843,85129857,1289276220090339330,939038840
2022-03-16 09:41:33,662 INFO getting ('https://api.twitter.com/1.1/users/lookup.json',) {'params': {'user_id': '842415924,16114279,1336337852188172290,1494167439785046018,1339513949549514753,1351576149781065729,1279403782217117696,1496575142901829641,1104033118057570304,38213740,36499171,1485068351596552196,1390943055214268420,1331917159828688897,1452710761726418952,1439545939283353608,1477158721105145857,1378891901508722689,1381666139361673221,1317654701542957057,3146650072,1351623610125987844,1449104076520689668,1377003232753561602,999334419143057414,1304972881596682241,1441137824560865288,4928146841,1218875845621813248,1069676514004910081,4396120342,16586873,1190232440,1112481348,1302970629868548097,42931069,1185170999873949696,1374401110027300865,47495880,1385248621797515264,1382266594877902851,791768718414151680,737279154823925760,215791430,1289358794082975746,264184535,1367738318314684417,17570413,754039300921106433,55570049,1257762034491555843,85129857,1289276220090339330,939038840', 'tweet_mode': 'extended'}}
2022-03-16 09:41:34,162 INFO archived 842415924
2022-03-16 09:41:34,162 INFO archived 16114279
2022-03-16 09:41:34,162 INFO archived 1336337852188172290
2022-03-16 09:41:34,162 INFO archived 1494167439785046018
2022-03-16 09:41:34,162 INFO archived 1339513949549514753
2022-03-16 09:41:34,162 INFO archived 1351576149781065729
2022-03-16 09:41:34,162 INFO archived 1279403782217117696
2022-03-16 09:41:34,162 INFO archived 1496575142901829641
2022-03-16 09:41:34,162 INFO archived 1104033118057570304
2022-03-16 09:41:34,162 INFO archived 38213740
2022-03-16 09:41:34,162 INFO archived 36499171
2022-03-16 09:41:34,162 INFO archived 1485068351596552196
2022-03-16 09:41:34,162 INFO archived 1390943055214268420
2022-03-16 09:41:34,162 INFO archived 1331917159828688897
2022-03-16 09:41:34,162 INFO archived 1452710761726418952
2022-03-16 09:41:34,162 INFO archived 1439545939283353608
2022-03-16 09:41:34,162 INFO archived 1477158721105145857
2022-03-16 09:41:34,162 INFO archived 1378891901508722689
2022-03-16 09:41:34,162 INFO archived 1381666139361673221
2022-03-16 09:41:34,162 INFO archived 1317654701542957057
2022-03-16 09:41:34,162 INFO archived 3146650072
2022-03-16 09:41:34,162 INFO archived 1351623610125987844
2022-03-16 09:41:34,162 INFO archived 1449104076520689668
2022-03-16 09:41:34,162 INFO archived 1377003232753561602
2022-03-16 09:41:34,162 INFO archived 999334419143057414
2022-03-16 09:41:34,162 INFO archived 1304972881596682241
2022-03-16 09:41:34,162 INFO archived 1441137824560865288
2022-03-16 09:41:34,162 INFO archived 4928146841
2022-03-16 09:41:34,162 INFO archived 1218875845621813248
2022-03-16 09:41:34,162 INFO archived 1069676514004910081
2022-03-16 09:41:34,162 INFO archived 4396120342
2022-03-16 09:41:34,162 INFO archived 16586873
2022-03-16 09:41:34,162 INFO archived 1190232440
2022-03-16 09:41:34,162 INFO archived 1112481348
2022-03-16 09:41:34,177 INFO archived 1302970629868548097
2022-03-16 09:41:34,177 INFO archived 42931069
2022-03-16 09:41:34,177 INFO archived 1185170999873949696
2022-03-16 09:41:34,177 INFO archived 47495880
2022-03-16 09:41:34,177 INFO archived 1385248621797515264
2022-03-16 09:41:34,177 INFO archived 1382266594877902851
2022-03-16 09:41:34,177 INFO archived 791768718414151680
2022-03-16 09:41:34,177 INFO archived 737279154823925760
2022-03-16 09:41:34,177 INFO archived 215791430
2022-03-16 09:41:34,177 INFO archived 1289358794082975746
2022-03-16 09:41:34,177 INFO archived 264184535
2022-03-16 09:41:34,177 INFO archived 17570413
2022-03-16 09:41:34,177 INFO archived 754039300921106433
2022-03-16 09:41:34,177 INFO archived 55570049
2022-03-16 09:41:34,177 INFO archived 1257762034491555843
2022-03-16 09:41:34,177 INFO archived 85129857
2022-03-16 09:41:34,177 INFO archived 1289276220090339330
2022-03-16 09:41:34,177 INFO archived 939038840
2022-03-16 09:41:48,499 INFO loading None profile from config C:\Users\Administrator\.twarc
2022-03-16 09:41:48,499 INFO creating http session
2022-03-16 09:41:48,499 INFO creating OAuth1 user authentication
2022-03-16 09:41:48,499 INFO getting ('https://api.twitter.com/1.1/account/verify_credentials.json',) {'params': {'tweet_mode': 'extended'}}
2022-03-16 09:41:48,655 INFO looking up users 117430336,253399621,1283846542319849473,16114279,1487198262931120129,1336337852188172290,1279864797518008320,819294376937586688,1164645203166277633,36499171,2256213313,1483603831376257027,1420292099963035650,2944483337,1368111313751183361,1262281975274049536,1289214585170464773,147402184,3397100091,1485285941782716421,870284498398785537,1448138590253305867,1165900973904224256,2920014210,1424374917500489737,1456290083829518338,1402315739005136906,1074408097563754497,1243244064285306882,1408204835732791297,1347579934428987392,3740246319,1087792760571207683,3016479629,2816882514,1375180312494346243,1357730246146093056,1387040818599366658,1345140428178391040,1394057374965637120,1354532478233374722,1337203703749758978,3324686801,1438360833814376448,2806197040,38213740,1327384187179917314,1454448714521645060,1436124569463672835,1112806379297955841,1276999133749002242,1485068351596552196,1362604355862618115,4825917993,1345455325260890112,1404544479789527053,942878337806032901,2409440689,1455738960513167371,181720099,1156341039529115648,1087707867501621248,2295631308,1345556798594543617,1432367841005744128,3146650072,1289358794082975746,1511538595,1189140406199607296,1317654701542957057,1232783237623119872,1107717251497517056,1452710761726418952,1377003232753561602,938645379905609728,1352696192698880003,999334419143057414,1139627239325093888,256239970,228184292,1258039847677308930,30395567,1385445908821823488,112511880,1403739641728012288,1439545939283353608,1421124947536191489,1436727141345996801,1326946574363205634,905149660112834560,1051683661,1441137824560865288,2356634809,244983461,1301507850745843713,1069676514004910081,791768718414151680,1299208128660148225,1218875845621813248,16586873
2022-03-16 09:41:48,655 INFO getting ('https://api.twitter.com/1.1/users/lookup.json',) {'params': {'user_id': '117430336,253399621,1283846542319849473,16114279,1487198262931120129,1336337852188172290,1279864797518008320,819294376937586688,1164645203166277633,36499171,2256213313,1483603831376257027,1420292099963035650,2944483337,1368111313751183361,1262281975274049536,1289214585170464773,147402184,3397100091,1485285941782716421,870284498398785537,1448138590253305867,1165900973904224256,2920014210,1424374917500489737,1456290083829518338,1402315739005136906,1074408097563754497,1243244064285306882,1408204835732791297,1347579934428987392,3740246319,1087792760571207683,3016479629,2816882514,1375180312494346243,1357730246146093056,1387040818599366658,1345140428178391040,1394057374965637120,1354532478233374722,1337203703749758978,3324686801,1438360833814376448,2806197040,38213740,1327384187179917314,1454448714521645060,1436124569463672835,1112806379297955841,1276999133749002242,1485068351596552196,1362604355862618115,4825917993,1345455325260890112,1404544479789527053,942878337806032901,2409440689,1455738960513167371,181720099,1156341039529115648,1087707867501621248,2295631308,1345556798594543617,1432367841005744128,3146650072,1289358794082975746,1511538595,1189140406199607296,1317654701542957057,1232783237623119872,1107717251497517056,1452710761726418952,1377003232753561602,938645379905609728,1352696192698880003,999334419143057414,1139627239325093888,256239970,228184292,1258039847677308930,30395567,1385445908821823488,112511880,1403739641728012288,1439545939283353608,1421124947536191489,1436727141345996801,1326946574363205634,905149660112834560,1051683661,1441137824560865288,2356634809,244983461,1301507850745843713,1069676514004910081,791768718414151680,1299208128660148225,1218875845621813248,16586873', 'tweet_mode': 'extended'}}
2022-03-16 09:41:49,156 INFO archived 117430336
2022-03-16 09:41:49,156 INFO archived 253399621
2022-03-16 09:41:49,156 INFO archived 1283846542319849473
2022-03-16 09:41:49,156 INFO archived 16114279
2022-03-16 09:41:49,156 INFO archived 1487198262931120129
2022-03-16 09:41:49,156 INFO archived 1336337852188172290
2022-03-16 09:41:49,156 INFO archived 1279864797518008320
2022-03-16 09:41:49,156 INFO archived 819294376937586688
2022-03-16 09:41:49,156 INFO archived 1164645203166277633
2022-03-16 09:41:49,156 INFO archived 36499171
2022-03-16 09:41:49,156 INFO archived 2256213313
2022-03-16 09:41:49,156 INFO archived 1483603831376257027
2022-03-16 09:41:49,156 INFO archived 1420292099963035650
2022-03-16 09:41:49,156 INFO archived 2944483337
2022-03-16 09:41:49,156 INFO archived 1368111313751183361
2022-03-16 09:41:49,156 INFO archived 1262281975274049536
2022-03-16 09:41:49,156 INFO archived 1289214585170464773
2022-03-16 09:41:49,156 INFO archived 147402184
2022-03-16 09:41:49,156 INFO archived 3397100091
2022-03-16 09:41:49,156 INFO archived 1485285941782716421
2022-03-16 09:41:49,156 INFO archived 870284498398785537
2022-03-16 09:41:49,156 INFO archived 1448138590253305867
2022-03-16 09:41:49,156 INFO archived 1165900973904224256
2022-03-16 09:41:49,156 INFO archived 2920014210
2022-03-16 09:41:49,156 INFO archived 1424374917500489737
2022-03-16 09:41:49,156 INFO archived 1456290083829518338
2022-03-16 09:41:49,156 INFO archived 1402315739005136906
2022-03-16 09:41:49,156 INFO archived 1074408097563754497
2022-03-16 09:41:49,156 INFO archived 1243244064285306882
2022-03-16 09:41:49,156 INFO archived 1408204835732791297
2022-03-16 09:41:49,156 INFO archived 1347579934428987392
2022-03-16 09:41:49,156 INFO archived 3740246319
2022-03-16 09:41:49,156 INFO archived 1087792760571207683
2022-03-16 09:41:49,156 INFO archived 3016479629
2022-03-16 09:41:49,156 INFO archived 2816882514
2022-03-16 09:41:49,156 INFO archived 1375180312494346243
2022-03-16 09:41:49,156 INFO archived 1357730246146093056
2022-03-16 09:41:49,156 INFO archived 1387040818599366658
2022-03-16 09:41:49,171 INFO archived 1345140428178391040
2022-03-16 09:41:49,171 INFO archived 1394057374965637120
2022-03-16 09:41:49,171 INFO archived 1354532478233374722
2022-03-16 09:41:49,171 INFO archived 1337203703749758978
2022-03-16 09:41:49,171 INFO archived 3324686801
2022-03-16 09:41:49,171 INFO archived 1438360833814376448
2022-03-16 09:41:49,171 INFO archived 2806197040
2022-03-16 09:41:49,171 INFO archived 38213740
2022-03-16 09:41:49,171 INFO archived 1327384187179917314
2022-03-16 09:41:49,171 INFO archived 1454448714521645060
2022-03-16 09:41:49,171 INFO archived 1436124569463672835
2022-03-16 09:41:49,171 INFO archived 1112806379297955841
2022-03-16 09:41:49,171 INFO archived 1276999133749002242
2022-03-16 09:41:49,171 INFO archived 1485068351596552196
2022-03-16 09:41:49,171 INFO archived 1362604355862618115
2022-03-16 09:41:49,171 INFO archived 4825917993
2022-03-16 09:41:49,171 INFO archived 1345455325260890112
2022-03-16 09:41:49,171 INFO archived 1404544479789527053
2022-03-16 09:41:49,171 INFO archived 942878337806032901
2022-03-16 09:41:49,171 INFO archived 2409440689
2022-03-16 09:41:49,171 INFO archived 1455738960513167371
2022-03-16 09:41:49,171 INFO archived 181720099
2022-03-16 09:41:49,171 INFO archived 1156341039529115648
2022-03-16 09:41:49,171 INFO archived 1087707867501621248
2022-03-16 09:41:49,171 INFO archived 2295631308
2022-03-16 09:41:49,171 INFO archived 1345556798594543617
2022-03-16 09:41:49,171 INFO archived 1432367841005744128
2022-03-16 09:41:49,171 INFO archived 3146650072
2022-03-16 09:41:49,171 INFO archived 1289358794082975746
2022-03-16 09:41:49,171 INFO archived 1511538595
2022-03-16 09:41:49,171 INFO archived 1189140406199607296
2022-03-16 09:41:49,171 INFO archived 1317654701542957057
2022-03-16 09:41:49,171 INFO archived 1232783237623119872
2022-03-16 09:41:49,171 INFO archived 1107717251497517056
2022-03-16 09:41:49,171 INFO archived 1452710761726418952
2022-03-16 09:41:49,171 INFO archived 1377003232753561602
2022-03-16 09:41:49,171 INFO archived 938645379905609728
2022-03-16 09:41:49,171 INFO archived 1352696192698880003
2022-03-16 09:41:49,171 INFO archived 999334419143057414
2022-03-16 09:41:49,171 INFO archived 1139627239325093888
2022-03-16 09:41:49,171 INFO archived 256239970
2022-03-16 09:41:49,171 INFO archived 228184292
2022-03-16 09:41:49,171 INFO archived 1258039847677308930
2022-03-16 09:41:49,171 INFO archived 30395567
2022-03-16 09:41:49,171 INFO archived 1385445908821823488
2022-03-16 09:41:49,171 INFO archived 112511880
2022-03-16 09:41:49,171 INFO archived 1403739641728012288
2022-03-16 09:41:49,171 INFO archived 1439545939283353608
2022-03-16 09:41:49,171 INFO archived 1421124947536191489
2022-03-16 09:41:49,171 INFO archived 1436727141345996801
2022-03-16 09:41:49,171 INFO archived 1326946574363205634
2022-03-16 09:41:49,187 INFO archived 905149660112834560
2022-03-16 09:41:49,187 INFO archived 1051683661
2022-03-16 09:41:49,187 INFO archived 1441137824560865288
2022-03-16 09:41:49,187 INFO archived 2356634809
2022-03-16 09:41:49,187 INFO archived 244983461
2022-03-16 09:41:49,187 INFO archived 1301507850745843713
2022-03-16 09:41:49,187 INFO archived 1069676514004910081
2022-03-16 09:41:49,187 INFO archived 791768718414151680
2022-03-16 09:41:49,187 INFO archived 1299208128660148225
2022-03-16 09:41:49,187 INFO archived 1218875845621813248
2022-03-16 09:41:49,187 INFO archived 16586873
2022-03-16 09:41:49,187 INFO looking up users 3080789583,1340469595069673474,1230927406485188609,1362949979900239872,128384950,1377158981517369346,932625665999781888,1166092454031790080,1320848701758160898,4396120342,755470587334684672,42931069,215791430,1011892601941872641,1260833825891860480,1955401909,944926610024779777,754039300921106433,1254921053324947459,1414197860,793609628982534145,590851666,85129857,1075784710389985281,3065762493,1257762034491555843,1355770778856390659,991745615611674624,807003567605227520,17570413,323913608,1252926295064940546,1307632831284166656,757289339298648064,3919740867,783792992,226562075,14075928,1303689261418512384,2157985171,1241970779744432130,754006735468261376,1017156369747767296,138203134,2273438743,255692342,19007577,1272650787307638792,1512418406,1033714559184502785,2756312148,950841831834705920,1183870584901509120,936707687051595776
2022-03-16 09:41:49,187 INFO getting ('https://api.twitter.com/1.1/users/lookup.json',) {'params': {'user_id': '3080789583,1340469595069673474,1230927406485188609,1362949979900239872,128384950,1377158981517369346,932625665999781888,1166092454031790080,1320848701758160898,4396120342,755470587334684672,42931069,215791430,1011892601941872641,1260833825891860480,1955401909,944926610024779777,754039300921106433,1254921053324947459,1414197860,793609628982534145,590851666,85129857,1075784710389985281,3065762493,1257762034491555843,1355770778856390659,991745615611674624,807003567605227520,17570413,323913608,1252926295064940546,1307632831284166656,757289339298648064,3919740867,783792992,226562075,14075928,1303689261418512384,2157985171,1241970779744432130,754006735468261376,1017156369747767296,138203134,2273438743,255692342,19007577,1272650787307638792,1512418406,1033714559184502785,2756312148,950841831834705920,1183870584901509120,936707687051595776', 'tweet_mode': 'extended'}}
2022-03-16 09:41:49,625 INFO archived 3080789583
2022-03-16 09:41:49,625 INFO archived 1340469595069673474
2022-03-16 09:41:49,625 INFO archived 1230927406485188609
2022-03-16 09:41:49,625 INFO archived 1362949979900239872
2022-03-16 09:41:49,625 INFO archived 128384950
2022-03-16 09:41:49,625 INFO archived 1377158981517369346
2022-03-16 09:41:49,625 INFO archived 932625665999781888
2022-03-16 09:41:49,625 INFO archived 1166092454031790080
2022-03-16 09:41:49,625 INFO archived 1320848701758160898
2022-03-16 09:41:49,625 INFO archived 4396120342
2022-03-16 09:41:49,625 INFO archived 755470587334684672
2022-03-16 09:41:49,625 INFO archived 42931069
2022-03-16 09:41:49,625 INFO archived 215791430
2022-03-16 09:41:49,625 INFO archived 1011892601941872641
2022-03-16 09:41:49,625 INFO archived 1260833825891860480
2022-03-16 09:41:49,625 INFO archived 1955401909
2022-03-16 09:41:49,625 INFO archived 944926610024779777
2022-03-16 09:41:49,625 INFO archived 754039300921106433
2022-03-16 09:41:49,625 INFO archived 1254921053324947459
2022-03-16 09:41:49,625 INFO archived 1414197860
2022-03-16 09:41:49,625 INFO archived 793609628982534145
2022-03-16 09:41:49,625 INFO archived 590851666
2022-03-16 09:41:49,625 INFO archived 85129857
2022-03-16 09:41:49,625 INFO archived 1075784710389985281
2022-03-16 09:41:49,625 INFO archived 3065762493
2022-03-16 09:41:49,625 INFO archived 1257762034491555843
2022-03-16 09:41:49,625 INFO archived 1355770778856390659
2022-03-16 09:41:49,625 INFO archived 991745615611674624
2022-03-16 09:41:49,640 INFO archived 807003567605227520
2022-03-16 09:41:49,640 INFO archived 17570413
2022-03-16 09:41:49,640 INFO archived 323913608
2022-03-16 09:41:49,640 INFO archived 1252926295064940546
2022-03-16 09:41:49,640 INFO archived 1307632831284166656
2022-03-16 09:41:49,640 INFO archived 757289339298648064
2022-03-16 09:41:49,640 INFO archived 3919740867
2022-03-16 09:41:49,640 INFO archived 783792992
2022-03-16 09:41:49,640 INFO archived 226562075
2022-03-16 09:41:49,640 INFO archived 14075928
2022-03-16 09:41:49,640 INFO archived 1303689261418512384
2022-03-16 09:41:49,640 INFO archived 2157985171
2022-03-16 09:41:49,640 INFO archived 1241970779744432130
2022-03-16 09:41:49,640 INFO archived 754006735468261376
2022-03-16 09:41:49,640 INFO archived 1017156369747767296
2022-03-16 09:41:49,640 INFO archived 138203134
2022-03-16 09:41:49,640 INFO archived 2273438743
2022-03-16 09:41:49,640 INFO archived 255692342
2022-03-16 09:41:49,640 INFO archived 19007577
2022-03-16 09:41:49,640 INFO archived 1272650787307638792
2022-03-16 09:41:49,640 INFO archived 1512418406
2022-03-16 09:41:49,640 INFO archived 1033714559184502785
2022-03-16 09:41:49,640 INFO archived 2756312148
2022-03-16 09:41:49,640 INFO archived 950841831834705920
2022-03-16 09:41:49,640 INFO archived 1183870584901509120
2022-03-16 09:41:49,640 INFO archived 936707687051595776
