2022-04-16 11:15:04,563 INFO loading None profile from config C:\Users\Administrator\.twarc
2022-04-16 11:15:04,563 INFO creating http session
2022-04-16 11:15:04,563 INFO creating OAuth1 user authentication
2022-04-16 11:15:04,577 INFO getting ('https://api.twitter.com/1.1/account/verify_credentials.json',) {'params': {'tweet_mode': 'extended'}}
2022-04-16 11:15:04,756 INFO looking up users katieEl48519184
2022-04-16 11:15:04,756 INFO getting ('https://api.twitter.com/1.1/users/lookup.json',) {'params': {'screen_name': 'katieEl48519184', 'tweet_mode': 'extended'}}
2022-04-16 11:15:04,803 INFO archived 1472279570544046085
2022-04-16 11:15:25,849 INFO loading None profile from config C:\Users\Administrator\.twarc
2022-04-16 11:15:25,849 INFO creating http session
2022-04-16 11:15:25,849 INFO creating OAuth1 user authentication
2022-04-16 11:15:25,849 INFO getting ('https://api.twitter.com/1.1/account/verify_credentials.json',) {'params': {'tweet_mode': 'extended'}}
2022-04-16 11:15:25,989 INFO getting ('https://api.twitter.com/1.1/followers/ids.json',) {'params': {'screen_name': 'katieEl48519184', 'cursor': -1, 'tweet_mode': 'extended'}}
2022-04-16 11:15:26,083 INFO archived 173205274
2022-04-16 11:15:26,083 INFO archived 1226847281321775105
2022-04-16 11:15:26,083 INFO archived 920437642965278721
2022-04-16 11:15:26,083 INFO archived 1435506711033311238
2022-04-16 11:15:26,083 INFO archived 1281515817088225280
2022-04-16 11:15:26,083 INFO archived 1380257230004568072
2022-04-16 11:15:26,083 INFO archived 1487836121799307281
2022-04-16 11:15:26,083 INFO archived 1449348757078913032
2022-04-16 11:15:26,083 INFO archived 1371903581612347400
2022-04-16 11:15:26,083 INFO archived 221412275
2022-04-16 11:15:26,083 INFO archived 1351999921755484162
2022-04-16 11:15:26,083 INFO archived 2724880164
2022-04-16 11:15:26,083 INFO archived 57297727
2022-04-16 11:15:26,083 INFO archived 1487545039165272075
2022-04-16 11:15:26,083 INFO archived 1486504685502611457
2022-04-16 11:15:44,733 INFO loading None profile from config C:\Users\Administrator\.twarc
2022-04-16 11:15:44,733 INFO creating http session
2022-04-16 11:15:44,733 INFO creating OAuth1 user authentication
2022-04-16 11:15:44,733 INFO getting ('https://api.twitter.com/1.1/account/verify_credentials.json',) {'params': {'tweet_mode': 'extended'}}
2022-04-16 11:15:44,873 INFO getting ('https://api.twitter.com/1.1/friends/ids.json',) {'params': {'screen_name': 'katieEl48519184', 'cursor': -1, 'tweet_mode': 'extended'}}
2022-04-16 11:15:44,920 INFO archived 1447911097
2022-04-16 11:15:44,920 INFO archived 1016592291694239744
2022-04-16 11:15:44,920 INFO archived 1329510487952924673
2022-04-16 11:15:44,920 INFO archived 1157926787998818305
2022-04-16 11:15:44,920 INFO archived 1196815898981605377
2022-04-16 11:15:44,920 INFO archived 797931564197941248
2022-04-16 11:15:44,920 INFO archived 1022522684498948096
2022-04-16 11:15:44,920 INFO archived 3309371255
2022-04-16 11:15:44,920 INFO archived 1190730580301926401
2022-04-16 11:15:44,920 INFO archived 1296588200203304960
2022-04-16 11:15:44,920 INFO archived 47016152
2022-04-16 11:15:44,920 INFO archived 1259964873246531585
2022-04-16 11:15:44,920 INFO archived 1464300054479523843
2022-04-16 11:15:44,920 INFO archived 953077628059226113
2022-04-16 11:15:44,920 INFO archived 20661164
2022-04-16 11:15:44,920 INFO archived 17282663
2022-04-16 11:15:44,920 INFO archived 775355256410701824
2022-04-16 11:15:44,920 INFO archived 710127199
2022-04-16 11:15:44,920 INFO archived 1088984209
2022-04-16 11:15:44,920 INFO archived 1924288669
2022-04-16 11:15:44,920 INFO archived 901030183213445125
2022-04-16 11:15:58,378 INFO loading None profile from config C:\Users\Administrator\.twarc
2022-04-16 11:15:58,378 INFO creating http session
2022-04-16 11:15:58,394 INFO creating OAuth1 user authentication
2022-04-16 11:15:58,394 INFO getting ('https://api.twitter.com/1.1/account/verify_credentials.json',) {'params': {'tweet_mode': 'extended'}}
2022-04-16 11:15:58,519 INFO starting user timeline for user katieEl48519184
2022-04-16 11:15:58,519 INFO getting ('https://api.twitter.com/1.1/statuses/user_timeline.json',) {'params': {'count': 200, 'screen_name': 'katieEl48519184', 'include_ext_alt_text': 'true', 'tweet_mode': 'extended'}}
2022-04-16 11:15:58,581 INFO no new tweets matching {'count': 200, 'screen_name': 'katieEl48519184', 'include_ext_alt_text': 'true', 'tweet_mode': 'extended'}
2022-04-16 11:16:19,041 INFO loading None profile from config C:\Users\Administrator\.twarc
2022-04-16 11:16:19,041 INFO creating http session
2022-04-16 11:16:19,041 INFO creating OAuth1 user authentication
2022-04-16 11:16:19,041 INFO getting ('https://api.twitter.com/1.1/account/verify_credentials.json',) {'params': {'tweet_mode': 'extended'}}
2022-04-16 11:16:19,181 INFO looking up users 173205274,1226847281321775105,920437642965278721,1435506711033311238,1281515817088225280,1380257230004568072,1487836121799307281,1449348757078913032,1371903581612347400,221412275,1351999921755484162,2724880164,57297727,1487545039165272075,1486504685502611457
2022-04-16 11:16:19,181 INFO getting ('https://api.twitter.com/1.1/users/lookup.json',) {'params': {'user_id': '173205274,1226847281321775105,920437642965278721,1435506711033311238,1281515817088225280,1380257230004568072,1487836121799307281,1449348757078913032,1371903581612347400,221412275,1351999921755484162,2724880164,57297727,1487545039165272075,1486504685502611457', 'tweet_mode': 'extended'}}
2022-04-16 11:16:19,291 INFO archived 173205274
2022-04-16 11:16:19,291 INFO archived 1226847281321775105
2022-04-16 11:16:19,291 INFO archived 920437642965278721
2022-04-16 11:16:19,291 INFO archived 1435506711033311238
2022-04-16 11:16:19,291 INFO archived 1281515817088225280
2022-04-16 11:16:19,291 INFO archived 1380257230004568072
2022-04-16 11:16:19,291 INFO archived 1487836121799307281
2022-04-16 11:16:19,291 INFO archived 1449348757078913032
2022-04-16 11:16:19,291 INFO archived 1371903581612347400
2022-04-16 11:16:19,291 INFO archived 221412275
2022-04-16 11:16:19,291 INFO archived 1351999921755484162
2022-04-16 11:16:19,291 INFO archived 2724880164
2022-04-16 11:16:19,291 INFO archived 57297727
2022-04-16 11:16:19,306 INFO archived 1487545039165272075
2022-04-16 11:16:19,306 INFO archived 1486504685502611457
2022-04-16 11:16:38,501 INFO loading None profile from config C:\Users\Administrator\.twarc
2022-04-16 11:16:38,501 INFO creating http session
2022-04-16 11:16:38,501 INFO creating OAuth1 user authentication
2022-04-16 11:16:38,501 INFO getting ('https://api.twitter.com/1.1/account/verify_credentials.json',) {'params': {'tweet_mode': 'extended'}}
2022-04-16 11:16:38,657 INFO looking up users 1447911097,1016592291694239744,1329510487952924673,1157926787998818305,1196815898981605377,797931564197941248,1022522684498948096,3309371255,1190730580301926401,1296588200203304960,47016152,1259964873246531585,1464300054479523843,953077628059226113,20661164,17282663,775355256410701824,710127199,1088984209,1924288669,901030183213445125
2022-04-16 11:16:38,657 INFO getting ('https://api.twitter.com/1.1/users/lookup.json',) {'params': {'user_id': '1447911097,1016592291694239744,1329510487952924673,1157926787998818305,1196815898981605377,797931564197941248,1022522684498948096,3309371255,1190730580301926401,1296588200203304960,47016152,1259964873246531585,1464300054479523843,953077628059226113,20661164,17282663,775355256410701824,710127199,1088984209,1924288669,901030183213445125', 'tweet_mode': 'extended'}}
2022-04-16 11:16:38,969 INFO archived 1447911097
2022-04-16 11:16:38,969 INFO archived 1016592291694239744
2022-04-16 11:16:38,969 INFO archived 1329510487952924673
2022-04-16 11:16:38,969 INFO archived 1157926787998818305
2022-04-16 11:16:38,969 INFO archived 1196815898981605377
2022-04-16 11:16:38,969 INFO archived 797931564197941248
2022-04-16 11:16:38,969 INFO archived 1022522684498948096
2022-04-16 11:16:38,969 INFO archived 3309371255
2022-04-16 11:16:38,969 INFO archived 1190730580301926401
2022-04-16 11:16:38,969 INFO archived 1296588200203304960
2022-04-16 11:16:38,969 INFO archived 47016152
2022-04-16 11:16:38,969 INFO archived 1259964873246531585
2022-04-16 11:16:38,969 INFO archived 1464300054479523843
2022-04-16 11:16:38,969 INFO archived 953077628059226113
2022-04-16 11:16:38,969 INFO archived 20661164
2022-04-16 11:16:38,969 INFO archived 17282663
2022-04-16 11:16:38,969 INFO archived 775355256410701824
2022-04-16 11:16:38,969 INFO archived 710127199
2022-04-16 11:16:38,969 INFO archived 1088984209
2022-04-16 11:16:38,969 INFO archived 1924288669
2022-04-16 11:16:38,969 INFO archived 901030183213445125
