2022-03-18 06:31:34,751 INFO loading None profile from config C:\Users\Administrator\.twarc
2022-03-18 06:31:34,753 INFO creating http session
2022-03-18 06:31:34,753 INFO creating OAuth1 user authentication
2022-03-18 06:31:34,753 INFO getting ('https://api.twitter.com/1.1/account/verify_credentials.json',) {'params': {'tweet_mode': 'extended'}}
2022-03-18 06:31:34,889 INFO looking up users Mha22Al
2022-03-18 06:31:34,890 INFO getting ('https://api.twitter.com/1.1/users/lookup.json',) {'params': {'screen_name': 'Mha22Al', 'tweet_mode': 'extended'}}
2022-03-18 06:31:34,960 INFO archived 1344498248472358912
2022-03-18 06:31:47,850 INFO loading None profile from config C:\Users\Administrator\.twarc
2022-03-18 06:31:47,851 INFO creating http session
2022-03-18 06:31:47,852 INFO creating OAuth1 user authentication
2022-03-18 06:31:47,852 INFO getting ('https://api.twitter.com/1.1/account/verify_credentials.json',) {'params': {'tweet_mode': 'extended'}}
2022-03-18 06:31:47,985 INFO starting user timeline for user Mha22Al
2022-03-18 06:31:47,985 INFO getting ('https://api.twitter.com/1.1/statuses/user_timeline.json',) {'params': {'count': 200, 'screen_name': 'Mha22Al', 'include_ext_alt_text': 'true', 'tweet_mode': 'extended'}}
2022-03-18 06:31:48,379 INFO archived 1481843636476137473
2022-03-18 06:31:48,380 INFO archived 1481843561851097090
2022-03-18 06:31:48,380 INFO archived 1481840714371588096
2022-03-18 06:31:48,381 INFO archived 1481840670037872640
2022-03-18 06:31:48,382 INFO archived 1480929816794783748
2022-03-18 06:31:48,382 INFO archived 1480778512705331203
2022-03-18 06:31:48,382 INFO archived 1480734034674130948
2022-03-18 06:31:48,383 INFO archived 1475190411912114176
2022-03-18 06:31:48,383 INFO archived 1475190199835455490
2022-03-18 06:31:48,383 INFO archived 1470585085573222402
2022-03-18 06:31:48,384 INFO archived 1460049748648288265
2022-03-18 06:31:48,384 INFO archived 1457736862840197120
2022-03-18 06:31:48,384 INFO archived 1453186841448902657
2022-03-18 06:31:48,384 INFO archived 1452275028905631759
2022-03-18 06:31:48,384 INFO archived 1447587387769384963
2022-03-18 06:31:48,385 INFO archived 1447587308404805638
2022-03-18 06:31:48,385 INFO archived 1447343579924353027
2022-03-18 06:31:48,385 INFO archived 1447342806998007818
2022-03-18 06:31:48,385 INFO archived 1445778036691849224
2022-03-18 06:31:48,386 INFO archived 1445778019138764813
2022-03-18 06:31:48,386 INFO archived 1445563357419827206
2022-03-18 06:31:48,386 INFO archived 1441579165321334788
2022-03-18 06:31:48,386 INFO archived 1441236449521659909
2022-03-18 06:31:48,387 INFO archived 1439645143817080846
2022-03-18 06:31:48,387 INFO archived 1439645095733587974
2022-03-18 06:31:48,387 INFO archived 1439644723564593154
2022-03-18 06:31:48,388 INFO archived 1439642814569017350
2022-03-18 06:31:48,388 INFO archived 1439642529591271429
2022-03-18 06:31:48,388 INFO archived 1439329125710237696
2022-03-18 06:31:48,389 INFO archived 1439328925646159872
2022-03-18 06:31:48,389 INFO archived 1439328885871497219
2022-03-18 06:31:48,389 INFO archived 1439328768678498305
2022-03-18 06:31:48,390 INFO archived 1439110437996400642
2022-03-18 06:31:48,390 INFO archived 1439108708236099588
2022-03-18 06:31:48,390 INFO archived 1437186817942454275
2022-03-18 06:31:48,391 INFO archived 1436835810762838017
2022-03-18 06:31:48,391 INFO archived 1435684532519260160
2022-03-18 06:31:48,391 INFO archived 1435682362310868993
2022-03-18 06:31:48,391 INFO archived 1435682241741393923
2022-03-18 06:31:48,391 INFO archived 1435682019149684737
2022-03-18 06:31:48,392 INFO archived 1435681792137183237
2022-03-18 06:31:48,392 INFO archived 1435680691199512578
2022-03-18 06:31:48,393 INFO archived 1435680496239857664
2022-03-18 06:31:48,393 INFO archived 1435680341738491904
2022-03-18 06:31:48,393 INFO archived 1435679864095326208
2022-03-18 06:31:48,393 INFO archived 1435679527984779267
2022-03-18 06:31:48,393 INFO archived 1435678243219128321
2022-03-18 06:31:48,393 INFO archived 1435677400809934850
2022-03-18 06:31:48,395 INFO archived 1435676220755042304
2022-03-18 06:31:48,395 INFO archived 1435676135086440450
2022-03-18 06:31:48,395 INFO archived 1435675623318429708
2022-03-18 06:31:48,395 INFO archived 1435675576195371008
2022-03-18 06:31:48,395 INFO archived 1435675280018853891
2022-03-18 06:31:48,396 INFO archived 1435675134270980096
2022-03-18 06:31:48,396 INFO archived 1435675010119581697
2022-03-18 06:31:48,396 INFO archived 1435674814081998850
2022-03-18 06:31:48,397 INFO archived 1435674799347408903
2022-03-18 06:31:48,397 INFO archived 1435674366264627204
2022-03-18 06:31:48,397 INFO archived 1435674322106916867
2022-03-18 06:31:48,398 INFO archived 1435674207082323975
2022-03-18 06:31:48,398 INFO archived 1435674142401912833
2022-03-18 06:31:48,399 INFO archived 1435673330263101440
2022-03-18 06:31:48,399 INFO archived 1435673091548463106
2022-03-18 06:31:48,399 INFO archived 1435672800442810369
2022-03-18 06:31:48,400 INFO archived 1435672519365726210
2022-03-18 06:31:48,400 INFO archived 1435672421290233859
2022-03-18 06:31:48,400 INFO archived 1435672215953940482
2022-03-18 06:31:48,400 INFO archived 1435671169059868678
2022-03-18 06:31:48,401 INFO archived 1435670276432281600
2022-03-18 06:31:48,401 INFO archived 1435234274312003586
2022-03-18 06:31:48,401 INFO archived 1435233711369252864
2022-03-18 06:31:48,402 INFO archived 1434984294611521539
2022-03-18 06:31:48,402 INFO archived 1434984167851184129
2022-03-18 06:31:48,402 INFO archived 1432899346870067212
2022-03-18 06:31:48,402 INFO archived 1432121000993300481
2022-03-18 06:31:48,403 INFO archived 1432119831080275968
2022-03-18 06:31:48,403 INFO archived 1430021297048723456
2022-03-18 06:31:48,403 INFO archived 1430021048276193295
2022-03-18 06:31:48,404 INFO archived 1428892472353058821
2022-03-18 06:31:48,404 INFO archived 1428179114586898434
2022-03-18 06:31:48,404 INFO archived 1427821897601880066
2022-03-18 06:31:48,404 INFO archived 1427821763111493636
2022-03-18 06:31:48,405 INFO archived 1427820834547146752
2022-03-18 06:31:48,405 INFO archived 1427819152304005122
2022-03-18 06:31:48,405 INFO archived 1427818995646824450
2022-03-18 06:31:48,406 INFO archived 1427351853390450690
2022-03-18 06:31:48,406 INFO archived 1427351430248091654
2022-03-18 06:31:48,406 INFO archived 1427344553300807697
2022-03-18 06:31:48,406 INFO archived 1427344370588536859
2022-03-18 06:31:48,407 INFO archived 1427343932732559372
2022-03-18 06:31:48,407 INFO archived 1426183129669148672
2022-03-18 06:31:48,407 INFO archived 1426183010731270152
2022-03-18 06:31:48,408 INFO archived 1426182928174747663
2022-03-18 06:31:48,408 INFO archived 1426182732422385669
2022-03-18 06:31:48,408 INFO archived 1426182616714153988
2022-03-18 06:31:48,409 INFO archived 1426182525248933891
2022-03-18 06:31:48,409 INFO archived 1426182438095527940
2022-03-18 06:31:48,409 INFO archived 1420775476449083400
2022-03-18 06:31:48,409 INFO archived 1420122692037062658
2022-03-18 06:31:48,410 INFO archived 1420122403670212609
2022-03-18 06:31:48,410 INFO archived 1420122264880701448
2022-03-18 06:31:48,410 INFO archived 1420122110404464644
2022-03-18 06:31:48,411 INFO archived 1420122066364272640
2022-03-18 06:31:48,411 INFO archived 1420121942909235200
2022-03-18 06:31:48,411 INFO archived 1420121806665654275
2022-03-18 06:31:48,411 INFO archived 1420121743285436417
2022-03-18 06:31:48,414 INFO archived 1420121697202712577
2022-03-18 06:31:48,414 INFO archived 1420121623030599680
2022-03-18 06:31:48,414 INFO archived 1420120682076196871
2022-03-18 06:31:48,415 INFO archived 1420120585682800641
2022-03-18 06:31:48,415 INFO archived 1420120535686647821
2022-03-18 06:31:48,416 INFO archived 1420120343721689089
2022-03-18 06:31:48,416 INFO archived 1420120023096496128
2022-03-18 06:31:48,416 INFO archived 1420119777591312402
2022-03-18 06:31:48,416 INFO archived 1420119711036190725
2022-03-18 06:31:48,417 INFO archived 1420083632593530881
2022-03-18 06:31:48,417 INFO archived 1420083600863621120
2022-03-18 06:31:48,417 INFO archived 1420083547721764870
2022-03-18 06:31:48,418 INFO archived 1420083153440436228
2022-03-18 06:31:48,418 INFO archived 1420083142262620161
2022-03-18 06:31:48,419 INFO archived 1420083027787485185
2022-03-18 06:31:48,419 INFO archived 1420082979762708481
2022-03-18 06:31:48,419 INFO archived 1420082954756263939
2022-03-18 06:31:48,420 INFO archived 1420082212855115778
2022-03-18 06:31:48,420 INFO archived 1420082138804736000
2022-03-18 06:31:48,420 INFO archived 1420082050791448577
2022-03-18 06:31:48,420 INFO archived 1418204943291273222
2022-03-18 06:31:48,421 INFO archived 1418015411837173763
2022-03-18 06:31:48,421 INFO archived 1418015173604904967
2022-03-18 06:31:48,422 INFO archived 1418015099483148288
2022-03-18 06:31:48,422 INFO archived 1418015051307360256
2022-03-18 06:31:48,422 INFO archived 1418014818766778368
2022-03-18 06:31:48,423 INFO archived 1418014738420670469
2022-03-18 06:31:48,423 INFO archived 1418014607789068293
2022-03-18 06:31:48,423 INFO archived 1418013625239838721
2022-03-18 06:31:48,424 INFO archived 1418013208296652800
2022-03-18 06:31:48,424 INFO archived 1415346162765160452
2022-03-18 06:31:48,424 INFO archived 1415341802631024650
2022-03-18 06:31:48,424 INFO archived 1411399287225786368
2022-03-18 06:31:48,425 INFO archived 1411398730226438148
2022-03-18 06:31:48,425 INFO archived 1411398618972508160
2022-03-18 06:31:48,425 INFO archived 1411398352286011404
2022-03-18 06:31:48,426 INFO archived 1411397651778531331
2022-03-18 06:31:48,426 INFO archived 1411139424872665089
2022-03-18 06:31:48,426 INFO archived 1411139355448545281
2022-03-18 06:31:48,426 INFO archived 1411139201358204928
2022-03-18 06:31:48,427 INFO archived 1411138118057480196
2022-03-18 06:31:48,427 INFO archived 1410800689752592385
2022-03-18 06:31:48,427 INFO archived 1410675661681741826
2022-03-18 06:31:48,428 INFO archived 1410675632657207297
2022-03-18 06:31:48,428 INFO archived 1409525487618064386
2022-03-18 06:31:48,428 INFO archived 1407540848149946370
2022-03-18 06:31:48,429 INFO archived 1406750748117901316
2022-03-18 06:31:48,429 INFO archived 1406750285565857792
2022-03-18 06:31:48,430 INFO archived 1406749945340719105
2022-03-18 06:31:48,430 INFO archived 1406749855209246721
2022-03-18 06:31:48,430 INFO archived 1406749560467124224
2022-03-18 06:31:48,431 INFO archived 1406749322939559937
2022-03-18 06:31:48,431 INFO archived 1406749308603432960
2022-03-18 06:31:48,431 INFO archived 1406749280845500416
2022-03-18 06:31:48,431 INFO archived 1406748706523652099
2022-03-18 06:31:48,432 INFO archived 1406748601938702337
2022-03-18 06:31:48,432 INFO archived 1406747951695687682
2022-03-18 06:31:48,434 INFO archived 1406747269227941890
2022-03-18 06:31:48,434 INFO archived 1406721054769246208
2022-03-18 06:31:48,434 INFO archived 1406720979359854592
2022-03-18 06:31:48,434 INFO archived 1406309401309315074
2022-03-18 06:31:48,435 INFO archived 1405987012654505984
2022-03-18 06:31:48,435 INFO archived 1405986729987739648
2022-03-18 06:31:48,435 INFO archived 1405900936216670216
2022-03-18 06:31:48,436 INFO archived 1405619644866523137
2022-03-18 06:31:48,436 INFO archived 1405619623983153152
2022-03-18 06:31:48,439 INFO archived 1404983911873056768
2022-03-18 06:31:48,439 INFO archived 1404982808544563201
2022-03-18 06:31:48,439 INFO archived 1404982423729807361
2022-03-18 06:31:48,440 INFO archived 1404495266850369536
2022-03-18 06:31:48,440 INFO archived 1404494562324717570
2022-03-18 06:31:48,440 INFO archived 1404494317066940419
2022-03-18 06:31:48,440 INFO archived 1404469440054370310
2022-03-18 06:31:48,441 INFO archived 1404467842020384776
2022-03-18 06:31:48,441 INFO archived 1404287663306285057
2022-03-18 06:31:48,442 INFO archived 1404285993390272515
2022-03-18 06:31:48,442 INFO archived 1404285908174528516
2022-03-18 06:31:48,443 INFO archived 1404285059956297728
2022-03-18 06:31:48,443 INFO archived 1404284377941504002
2022-03-18 06:31:48,444 INFO archived 1404283854223937543
2022-03-18 06:31:48,444 INFO archived 1404283393815154694
2022-03-18 06:31:48,445 INFO archived 1403923573576585219
2022-03-18 06:31:48,445 INFO archived 1403921868935995398
2022-03-18 06:31:48,445 INFO archived 1403920732954927104
2022-03-18 06:31:48,445 INFO archived 1403920686855327744
2022-03-18 06:31:48,446 INFO archived 1403919968555573250
2022-03-18 06:31:48,446 INFO archived 1403919143695380480
2022-03-18 06:31:48,446 INFO getting ('https://api.twitter.com/1.1/statuses/user_timeline.json',) {'params': {'count': 200, 'screen_name': 'Mha22Al', 'include_ext_alt_text': 'true', 'tweet_mode': 'extended', 'max_id': '1403919143695380479'}}
2022-03-18 06:31:48,879 INFO archived 1403919035998240769
2022-03-18 06:31:48,879 INFO archived 1403738403254857730
2022-03-18 06:31:48,880 INFO archived 1403738323424714759
2022-03-18 06:31:48,880 INFO archived 1403735032628269065
2022-03-18 06:31:48,880 INFO archived 1403734962243735553
2022-03-18 06:31:48,881 INFO archived 1403734282112172034
2022-03-18 06:31:48,881 INFO archived 1403733498926534666
2022-03-18 06:31:48,882 INFO archived 1403732991604527106
2022-03-18 06:31:48,882 INFO archived 1403732810976821252
2022-03-18 06:31:48,882 INFO archived 1403450506182201346
2022-03-18 06:31:48,883 INFO archived 1403449172125097984
2022-03-18 06:31:48,883 INFO archived 1403449158665609217
2022-03-18 06:31:48,884 INFO archived 1403448329455869954
2022-03-18 06:31:48,884 INFO archived 1403447824025460740
2022-03-18 06:31:48,885 INFO archived 1403447801271312385
2022-03-18 06:31:48,886 INFO archived 1403446835398602757
2022-03-18 06:31:48,886 INFO archived 1403446695761911810
2022-03-18 06:31:48,887 INFO archived 1402459957627211776
2022-03-18 06:31:48,887 INFO archived 1402459832494411777
2022-03-18 06:31:48,888 INFO archived 1402459674935365637
2022-03-18 06:31:48,888 INFO archived 1402459553917112320
2022-03-18 06:31:48,888 INFO archived 1402459278103830528
2022-03-18 06:31:48,889 INFO archived 1402459208147107847
2022-03-18 06:31:48,889 INFO archived 1402459152283181059
2022-03-18 06:31:48,889 INFO archived 1402095979126427649
2022-03-18 06:31:48,889 INFO archived 1402095247090352128
2022-03-18 06:31:48,891 INFO archived 1402095108619595787
2022-03-18 06:31:48,891 INFO archived 1402095031788335105
2022-03-18 06:31:48,894 INFO archived 1401915025732751362
2022-03-18 06:31:48,894 INFO archived 1401914350919503872
2022-03-18 06:31:48,895 INFO archived 1401914066373791745
2022-03-18 06:31:48,895 INFO archived 1401913623379726336
2022-03-18 06:31:48,895 INFO archived 1401750258342760454
2022-03-18 06:31:48,896 INFO archived 1401750124817117184
2022-03-18 06:31:48,896 INFO archived 1401749912253915140
2022-03-18 06:31:48,897 INFO archived 1401748952110669824
2022-03-18 06:31:48,897 INFO archived 1401748766105890818
2022-03-18 06:31:48,897 INFO archived 1401748471938387968
2022-03-18 06:31:48,898 INFO archived 1401652078536052738
2022-03-18 06:31:48,898 INFO archived 1401651867008962562
2022-03-18 06:31:48,899 INFO archived 1401638954923794433
2022-03-18 06:31:48,899 INFO archived 1401638943796326401
2022-03-18 06:31:48,899 INFO archived 1401614316034428928
2022-03-18 06:31:48,900 INFO archived 1401613962416824325
2022-03-18 06:31:48,900 INFO archived 1401613879419883523
2022-03-18 06:31:48,900 INFO archived 1401613749392330753
2022-03-18 06:31:48,901 INFO archived 1401612236238430211
2022-03-18 06:31:48,901 INFO archived 1401612200347791362
2022-03-18 06:31:48,901 INFO archived 1401612100087074816
2022-03-18 06:31:48,902 INFO archived 1401611772021207041
2022-03-18 06:31:48,902 INFO archived 1401611607734587395
2022-03-18 06:31:48,903 INFO archived 1401611142988910597
2022-03-18 06:31:48,903 INFO archived 1401610808283463684
2022-03-18 06:31:48,904 INFO archived 1401610316211908608
2022-03-18 06:31:48,904 INFO archived 1401610210167246850
2022-03-18 06:31:48,904 INFO archived 1401609094457266177
2022-03-18 06:31:48,905 INFO archived 1401604562729930758
2022-03-18 06:31:48,906 INFO archived 1401604456068771842
2022-03-18 06:31:48,906 INFO archived 1401604368642674690
2022-03-18 06:31:48,907 INFO archived 1401604101725581312
2022-03-18 06:31:48,907 INFO archived 1401604075456659464
2022-03-18 06:31:48,907 INFO archived 1401603050175795206
2022-03-18 06:31:48,908 INFO archived 1401602584222212099
2022-03-18 06:31:48,908 INFO archived 1401602536138690561
2022-03-18 06:31:48,908 INFO archived 1401602313815351297
2022-03-18 06:31:48,908 INFO archived 1401602155547561985
2022-03-18 06:31:48,909 INFO archived 1401602102212763652
2022-03-18 06:31:48,909 INFO archived 1401601900747780097
2022-03-18 06:31:48,910 INFO archived 1401601714659102723
2022-03-18 06:31:48,910 INFO archived 1401601671927459842
2022-03-18 06:31:48,911 INFO archived 1401601383250288640
2022-03-18 06:31:48,911 INFO archived 1401601222088425472
2022-03-18 06:31:48,911 INFO archived 1401600264973340672
2022-03-18 06:31:48,912 INFO archived 1401600100523143173
2022-03-18 06:31:48,912 INFO archived 1401599938107101186
2022-03-18 06:31:48,912 INFO archived 1401599244931194883
2022-03-18 06:31:48,913 INFO archived 1401598914457866240
2022-03-18 06:31:48,913 INFO archived 1401598530792263682
2022-03-18 06:31:48,914 INFO archived 1401598475633008640
2022-03-18 06:31:48,914 INFO archived 1401598176486854656
2022-03-18 06:31:48,914 INFO archived 1401597313169068033
2022-03-18 06:31:48,915 INFO archived 1401596585377603587
2022-03-18 06:31:48,915 INFO archived 1401596541878489090
2022-03-18 06:31:48,915 INFO archived 1401596154899357698
2022-03-18 06:31:48,916 INFO archived 1401595848929075200
2022-03-18 06:31:48,916 INFO archived 1401595209989779459
2022-03-18 06:31:48,917 INFO archived 1401594875112345603
2022-03-18 06:31:48,917 INFO archived 1401594292032860161
2022-03-18 06:31:48,918 INFO archived 1401594061908283393
2022-03-18 06:31:48,918 INFO archived 1401592950853828610
2022-03-18 06:31:48,919 INFO archived 1401591899606028288
2022-03-18 06:31:48,919 INFO archived 1401591753916915713
2022-03-18 06:31:48,919 INFO archived 1400551694388252672
2022-03-18 06:31:48,919 INFO archived 1400551014105686017
2022-03-18 06:31:48,919 INFO archived 1400550829464035328
2022-03-18 06:31:48,919 INFO archived 1400550803417436162
2022-03-18 06:31:48,919 INFO archived 1400550600786411522
2022-03-18 06:31:48,919 INFO archived 1400549914275315718
2022-03-18 06:31:48,919 INFO archived 1400296448776830978
2022-03-18 06:31:48,919 INFO archived 1399920407239544833
2022-03-18 06:31:48,919 INFO archived 1399920002665369603
2022-03-18 06:31:48,919 INFO archived 1399919150655426562
2022-03-18 06:31:48,919 INFO archived 1399919101154234373
2022-03-18 06:31:48,919 INFO archived 1399918796735860741
2022-03-18 06:31:48,919 INFO archived 1399917662596075523
2022-03-18 06:31:48,919 INFO archived 1399916497967796228
2022-03-18 06:31:48,925 INFO archived 1399915909511221248
2022-03-18 06:31:48,925 INFO archived 1399828928194224128
2022-03-18 06:31:48,925 INFO archived 1399828767535550465
2022-03-18 06:31:48,928 INFO archived 1399828454783160321
2022-03-18 06:31:48,929 INFO archived 1399828332636622849
2022-03-18 06:31:48,929 INFO archived 1399828278253297667
2022-03-18 06:31:48,930 INFO archived 1399828141539876867
2022-03-18 06:31:48,930 INFO archived 1399828000091230208
2022-03-18 06:31:48,930 INFO archived 1399827842033016835
2022-03-18 06:31:48,931 INFO archived 1399827774882279424
2022-03-18 06:31:48,931 INFO archived 1399827525681836033
2022-03-18 06:31:48,932 INFO archived 1399827444534677504
2022-03-18 06:31:48,933 INFO archived 1399827125356564480
2022-03-18 06:31:48,933 INFO archived 1399826955638169604
2022-03-18 06:31:48,935 INFO archived 1399826785211015169
2022-03-18 06:31:48,935 INFO archived 1399826749156839424
2022-03-18 06:31:48,935 INFO archived 1399826648988405761
2022-03-18 06:31:48,936 INFO archived 1399826614687461377
2022-03-18 06:31:48,937 INFO archived 1399826375284908033
2022-03-18 06:31:48,937 INFO archived 1399826105155035136
2022-03-18 06:31:48,938 INFO archived 1399825627352494082
2022-03-18 06:31:48,943 INFO archived 1399824820754214912
2022-03-18 06:31:48,944 INFO archived 1399824268855107584
2022-03-18 06:31:48,944 INFO archived 1399580442920034306
2022-03-18 06:31:48,944 INFO archived 1399579232007716865
2022-03-18 06:31:48,945 INFO archived 1399577615023759364
2022-03-18 06:31:48,945 INFO archived 1399577011014619139
2022-03-18 06:31:48,946 INFO archived 1399575048566890501
2022-03-18 06:31:48,946 INFO archived 1399567330296754178
2022-03-18 06:31:48,946 INFO archived 1399566638584713218
2022-03-18 06:31:48,946 INFO archived 1399565057684504578
2022-03-18 06:31:48,946 INFO archived 1399564462902763525
2022-03-18 06:31:48,946 INFO archived 1399563315353767941
2022-03-18 06:31:48,946 INFO archived 1399560995970768902
2022-03-18 06:31:48,946 INFO archived 1399132625013379072
2022-03-18 06:31:48,946 INFO archived 1399131566438174725
2022-03-18 06:31:48,946 INFO archived 1399127760493187074
2022-03-18 06:31:48,946 INFO archived 1399125280698945539
2022-03-18 06:31:48,946 INFO archived 1399125209949503492
2022-03-18 06:31:48,946 INFO archived 1399125012506832900
2022-03-18 06:31:48,946 INFO archived 1399124100929310724
2022-03-18 06:31:48,952 INFO archived 1399123288601759748
2022-03-18 06:31:48,952 INFO archived 1399123268838117379
2022-03-18 06:31:48,952 INFO archived 1399122746194350086
2022-03-18 06:31:48,953 INFO archived 1399097490062790658
2022-03-18 06:31:48,953 INFO archived 1399097400979910657
2022-03-18 06:31:48,953 INFO archived 1399096719476883456
2022-03-18 06:31:48,953 INFO archived 1399096655513677825
2022-03-18 06:31:48,953 INFO archived 1399096398784565249
2022-03-18 06:31:48,953 INFO archived 1399096141292048384
2022-03-18 06:31:48,953 INFO archived 1398877091794280452
2022-03-18 06:31:48,953 INFO archived 1398876709600989186
2022-03-18 06:31:48,953 INFO archived 1398875584386584580
2022-03-18 06:31:48,953 INFO archived 1398676523897417728
2022-03-18 06:31:48,953 INFO archived 1398673794697367554
2022-03-18 06:31:48,958 INFO archived 1398672839893389312
2022-03-18 06:31:48,958 INFO archived 1398484313226694657
2022-03-18 06:31:48,958 INFO archived 1398483624085757957
2022-03-18 06:31:48,959 INFO archived 1398483197680254979
2022-03-18 06:31:48,959 INFO archived 1398479482676125697
2022-03-18 06:31:48,959 INFO archived 1398478097251328005
2022-03-18 06:31:48,960 INFO archived 1398477917479333889
2022-03-18 06:31:48,960 INFO archived 1398477838206922752
2022-03-18 06:31:48,960 INFO archived 1398477539807424514
2022-03-18 06:31:48,961 INFO archived 1398477388799889410
2022-03-18 06:31:48,961 INFO archived 1398477327424581632
2022-03-18 06:31:48,961 INFO archived 1398477241416249345
2022-03-18 06:31:48,962 INFO archived 1398477047631015942
2022-03-18 06:31:48,962 INFO archived 1398476864067293193
2022-03-18 06:31:48,962 INFO archived 1398476800519376905
2022-03-18 06:31:48,962 INFO archived 1398476705585455107
2022-03-18 06:31:48,963 INFO archived 1398476495451000833
2022-03-18 06:31:48,963 INFO archived 1398476439234646016
2022-03-18 06:31:48,966 INFO archived 1398476296150077441
2022-03-18 06:31:48,967 INFO archived 1398476214986186762
2022-03-18 06:31:48,967 INFO archived 1398476089920425987
2022-03-18 06:31:48,967 INFO archived 1398475491217084416
2022-03-18 06:31:48,967 INFO archived 1398475284806995970
2022-03-18 06:31:48,968 INFO archived 1398474928194613248
2022-03-18 06:31:48,968 INFO archived 1398474759759831045
2022-03-18 06:31:48,969 INFO archived 1398474399200595971
2022-03-18 06:31:48,969 INFO archived 1398469300587962369
2022-03-18 06:31:48,969 INFO archived 1398468885255385091
2022-03-18 06:31:48,969 INFO archived 1398468116280086532
2022-03-18 06:31:48,969 INFO archived 1398468086223704067
2022-03-18 06:31:48,970 INFO archived 1398468059161976833
2022-03-18 06:31:48,970 INFO archived 1398468030150021120
2022-03-18 06:31:48,970 INFO archived 1398467871290793987
2022-03-18 06:31:48,970 INFO archived 1398467837136494594
2022-03-18 06:31:48,970 INFO archived 1398467808502030338
2022-03-18 06:31:48,971 INFO archived 1398467713832419335
2022-03-18 06:31:48,971 INFO archived 1398467613718507522
2022-03-18 06:31:48,971 INFO getting ('https://api.twitter.com/1.1/statuses/user_timeline.json',) {'params': {'count': 200, 'screen_name': 'Mha22Al', 'include_ext_alt_text': 'true', 'tweet_mode': 'extended', 'max_id': '1398467613718507521'}}
2022-03-18 06:31:49,274 INFO archived 1398467588057751554
2022-03-18 06:31:49,274 INFO archived 1398467556902539268
2022-03-18 06:31:49,275 INFO archived 1398467525529149441
2022-03-18 06:31:49,275 INFO archived 1398467491953659906
2022-03-18 06:31:49,275 INFO archived 1398467429412392961
2022-03-18 06:31:49,275 INFO archived 1398467394457071620
2022-03-18 06:31:49,276 INFO archived 1398467341965426695
2022-03-18 06:31:49,276 INFO archived 1398467212432707589
2022-03-18 06:31:49,276 INFO archived 1398467153544634370
2022-03-18 06:31:49,276 INFO archived 1398467056886943750
2022-03-18 06:31:49,276 INFO archived 1398466985441202182
2022-03-18 06:31:49,276 INFO archived 1398466916545531908
2022-03-18 06:31:49,277 INFO archived 1398466574680346624
2022-03-18 06:31:49,277 INFO archived 1398465871190794240
2022-03-18 06:31:49,277 INFO archived 1398463735392395267
2022-03-18 06:31:49,277 INFO archived 1398088040359219207
2022-03-18 06:31:49,278 INFO archived 1398087926131556352
2022-03-18 06:31:49,278 INFO archived 1398087912512573441
2022-03-18 06:31:49,279 INFO archived 1398087805822070784
2022-03-18 06:31:49,279 INFO archived 1398087693674770432
2022-03-18 06:31:49,279 INFO archived 1398087555577303040
2022-03-18 06:31:49,280 INFO archived 1398085393862459396
2022-03-18 06:31:49,280 INFO archived 1398085056040554496
2022-03-18 06:31:49,280 INFO archived 1398084371429556226
2022-03-18 06:31:49,281 INFO archived 1398004904342417415
2022-03-18 06:31:49,281 INFO archived 1398004370252320777
2022-03-18 06:31:49,281 INFO archived 1398003769355300864
2022-03-18 06:31:49,281 INFO archived 1398003700266799108
2022-03-18 06:31:49,282 INFO archived 1398003676275384321
2022-03-18 06:31:49,282 INFO archived 1398003645124268036
2022-03-18 06:31:49,282 INFO archived 1398003607329402882
2022-03-18 06:31:49,282 INFO archived 1398003584432672768
2022-03-18 06:31:49,282 INFO archived 1398003550874071041
2022-03-18 06:31:49,282 INFO archived 1398003526341586945
2022-03-18 06:31:49,283 INFO archived 1398003500575969280
2022-03-18 06:31:49,283 INFO archived 1398003472310489088
2022-03-18 06:31:49,283 INFO archived 1398003443680247809
2022-03-18 06:31:49,283 INFO archived 1398003412034199552
2022-03-18 06:31:49,283 INFO archived 1398003389229719554
2022-03-18 06:31:49,284 INFO archived 1398003355574620164
2022-03-18 06:31:49,284 INFO archived 1398003325560258560
2022-03-18 06:31:49,284 INFO archived 1398003298167246849
2022-03-18 06:31:49,285 INFO archived 1398003272376410112
2022-03-18 06:31:49,285 INFO archived 1398003239287545856
2022-03-18 06:31:49,285 INFO archived 1398003205066280962
2022-03-18 06:31:49,285 INFO archived 1398003173772599296
2022-03-18 06:31:49,285 INFO archived 1398003154470379520
2022-03-18 06:31:49,286 INFO archived 1398003082538061825
2022-03-18 06:31:49,286 INFO archived 1398003046349643777
2022-03-18 06:31:49,286 INFO archived 1398003001269186560
2022-03-18 06:31:49,286 INFO archived 1398002963306610688
2022-03-18 06:31:49,286 INFO archived 1398002938425929728
2022-03-18 06:31:49,286 INFO archived 1398002908239589376
2022-03-18 06:31:49,287 INFO archived 1398002881580597248
2022-03-18 06:31:49,287 INFO archived 1398002857467473921
2022-03-18 06:31:49,287 INFO archived 1398002827696377856
2022-03-18 06:31:49,287 INFO archived 1398002815109271552
2022-03-18 06:31:49,288 INFO archived 1398002773891846147
2022-03-18 06:31:49,288 INFO archived 1398002741742428166
2022-03-18 06:31:49,288 INFO archived 1398002706812325888
2022-03-18 06:31:49,288 INFO archived 1398002662314893312
2022-03-18 06:31:49,288 INFO archived 1398002623467319298
2022-03-18 06:31:49,289 INFO archived 1398002598012018688
2022-03-18 06:31:49,289 INFO archived 1398002556626825217
2022-03-18 06:31:49,289 INFO archived 1398002527140868099
2022-03-18 06:31:49,289 INFO archived 1398002498481262592
2022-03-18 06:31:49,289 INFO archived 1398002465073623041
2022-03-18 06:31:49,289 INFO archived 1398002432559312897
2022-03-18 06:31:49,290 INFO archived 1398002400703565824
2022-03-18 06:31:49,290 INFO archived 1398002361403023360
2022-03-18 06:31:49,290 INFO archived 1398002331795398664
2022-03-18 06:31:49,290 INFO archived 1398002303072837636
2022-03-18 06:31:49,290 INFO archived 1398002257950482435
2022-03-18 06:31:49,291 INFO archived 1398002233657028608
2022-03-18 06:31:49,291 INFO archived 1398002116724097025
2022-03-18 06:31:49,291 INFO archived 1398002036143099904
2022-03-18 06:31:49,291 INFO archived 1398002014332669955
2022-03-18 06:31:49,291 INFO archived 1398001956522663936
2022-03-18 06:31:49,291 INFO archived 1398001879485845507
2022-03-18 06:31:49,292 INFO archived 1398001832727773185
2022-03-18 06:31:49,292 INFO archived 1398001799861178368
2022-03-18 06:31:49,292 INFO archived 1398001769679003649
2022-03-18 06:31:49,292 INFO archived 1398001741078036480
2022-03-18 06:31:49,292 INFO archived 1398001700175179777
2022-03-18 06:31:49,293 INFO archived 1398001666113167361
2022-03-18 06:31:49,293 INFO archived 1398001625554251776
2022-03-18 06:31:49,293 INFO archived 1398001595061731328
2022-03-18 06:31:49,293 INFO archived 1398001545862549506
2022-03-18 06:31:49,293 INFO archived 1398001507778195458
2022-03-18 06:31:49,293 INFO archived 1398001476471984129
2022-03-18 06:31:49,294 INFO archived 1398001443269840897
2022-03-18 06:31:49,294 INFO archived 1398001361518678024
2022-03-18 06:31:49,294 INFO archived 1398001330162073600
2022-03-18 06:31:49,294 INFO archived 1398001274952458248
2022-03-18 06:31:49,294 INFO archived 1398001195545812992
2022-03-18 06:31:49,294 INFO archived 1398001168966582272
2022-03-18 06:31:49,295 INFO archived 1398001140487258112
2022-03-18 06:31:49,295 INFO archived 1398001112121188352
2022-03-18 06:31:49,295 INFO archived 1398001076586962946
2022-03-18 06:31:49,295 INFO archived 1398001046207688707
2022-03-18 06:31:49,296 INFO archived 1398001009201344513
2022-03-18 06:31:49,296 INFO archived 1398000978423549952
2022-03-18 06:31:49,296 INFO archived 1398000951974195200
2022-03-18 06:31:49,296 INFO archived 1398000886337597440
2022-03-18 06:31:49,296 INFO archived 1397999528062558208
2022-03-18 06:31:49,297 INFO archived 1397999332549267456
2022-03-18 06:31:49,297 INFO archived 1397998916193320961
2022-03-18 06:31:49,297 INFO archived 1397998399459270657
2022-03-18 06:31:49,297 INFO archived 1397034967209705478
2022-03-18 06:31:49,298 INFO archived 1397034918237011969
2022-03-18 06:31:49,298 INFO archived 1397034857889292294
2022-03-18 06:31:49,298 INFO archived 1397034787336974338
2022-03-18 06:31:49,298 INFO archived 1397034754738778112
2022-03-18 06:31:49,298 INFO archived 1397034714297368581
2022-03-18 06:31:49,299 INFO archived 1397034676011737092
2022-03-18 06:31:49,299 INFO archived 1397034639043141633
2022-03-18 06:31:49,299 INFO archived 1397034604884725760
2022-03-18 06:31:49,299 INFO archived 1397034548291014657
2022-03-18 06:31:49,299 INFO archived 1397034517894864899
2022-03-18 06:31:49,300 INFO archived 1397034428216471553
2022-03-18 06:31:49,300 INFO archived 1397034394318118913
2022-03-18 06:31:49,300 INFO archived 1397034359098544132
2022-03-18 06:31:49,300 INFO archived 1397034324873007105
2022-03-18 06:31:49,301 INFO archived 1397034267960430594
2022-03-18 06:31:49,301 INFO archived 1397034236637433857
2022-03-18 06:31:49,301 INFO archived 1397034204139909128
2022-03-18 06:31:49,301 INFO archived 1397034173198594050
2022-03-18 06:31:49,301 INFO archived 1397034139342180358
2022-03-18 06:31:49,302 INFO archived 1397034107599654914
2022-03-18 06:31:49,302 INFO archived 1397034056215191560
2022-03-18 06:31:49,302 INFO archived 1397034025328381955
2022-03-18 06:31:49,302 INFO archived 1397033993275527168
2022-03-18 06:31:49,302 INFO archived 1397033964078915584
2022-03-18 06:31:49,303 INFO archived 1397033922731544582
2022-03-18 06:31:49,303 INFO archived 1397033895502127105
2022-03-18 06:31:49,303 INFO archived 1397033862509727748
2022-03-18 06:31:49,303 INFO archived 1397033827403329538
2022-03-18 06:31:49,304 INFO archived 1397033782595645444
2022-03-18 06:31:49,304 INFO archived 1397033751322923008
2022-03-18 06:31:49,304 INFO archived 1397033719689482242
2022-03-18 06:31:49,304 INFO archived 1397033676630675461
2022-03-18 06:31:49,305 INFO archived 1397033627381231617
2022-03-18 06:31:49,305 INFO archived 1397033453502156802
2022-03-18 06:31:49,305 INFO archived 1397033409185148929
2022-03-18 06:31:49,305 INFO archived 1397033253081468932
2022-03-18 06:31:49,305 INFO archived 1397033182617227268
2022-03-18 06:31:49,306 INFO archived 1397033150094610435
2022-03-18 06:31:49,306 INFO archived 1397033113679659009
2022-03-18 06:31:49,306 INFO archived 1397033081375055874
2022-03-18 06:31:49,306 INFO archived 1397033006074789896
2022-03-18 06:31:49,307 INFO archived 1397032977419304960
2022-03-18 06:31:49,307 INFO archived 1397032926554902530
2022-03-18 06:31:49,307 INFO archived 1397032895995285504
2022-03-18 06:31:49,307 INFO archived 1397032860847009793
2022-03-18 06:31:49,307 INFO archived 1397032681922195458
2022-03-18 06:31:49,307 INFO archived 1397032652905930755
2022-03-18 06:31:49,308 INFO archived 1397032613253054465
2022-03-18 06:31:49,308 INFO archived 1397032574917087237
2022-03-18 06:31:49,308 INFO archived 1397032543447261188
2022-03-18 06:31:49,308 INFO archived 1397032175069921280
2022-03-18 06:31:49,308 INFO archived 1397031604153847813
2022-03-18 06:31:49,309 INFO archived 1397031335978405889
2022-03-18 06:31:49,309 INFO archived 1397031042465206273
2022-03-18 06:31:49,309 INFO archived 1397030819600822283
2022-03-18 06:31:49,309 INFO archived 1397029988902207488
2022-03-18 06:31:49,310 INFO archived 1397029917481603077
2022-03-18 06:31:49,310 INFO archived 1397029366370955266
2022-03-18 06:31:49,310 INFO archived 1397029270040453126
2022-03-18 06:31:49,311 INFO archived 1397029100892557317
2022-03-18 06:31:49,311 INFO archived 1397029077094072329
2022-03-18 06:31:49,311 INFO archived 1397028993371566081
2022-03-18 06:31:49,311 INFO archived 1397027115690721284
2022-03-18 06:31:49,312 INFO archived 1397026189328351233
2022-03-18 06:31:49,312 INFO archived 1397025768769679365
2022-03-18 06:31:49,312 INFO archived 1397025209048207370
2022-03-18 06:31:49,313 INFO archived 1397025102932234244
2022-03-18 06:31:49,313 INFO archived 1397024846249291780
2022-03-18 06:31:49,313 INFO archived 1397024759083257858
2022-03-18 06:31:49,314 INFO archived 1397024661737664519
2022-03-18 06:31:49,314 INFO archived 1397024603596234756
2022-03-18 06:31:49,314 INFO archived 1397024289501585409
2022-03-18 06:31:49,314 INFO archived 1397023945472155648
2022-03-18 06:31:49,315 INFO archived 1397023817034203136
2022-03-18 06:31:49,315 INFO archived 1397023605427376128
2022-03-18 06:31:49,315 INFO archived 1397023326476718081
2022-03-18 06:31:49,316 INFO archived 1397023228237729792
2022-03-18 06:31:49,316 INFO archived 1397022698937540613
2022-03-18 06:31:49,316 INFO archived 1397022047188840454
2022-03-18 06:31:49,317 INFO archived 1397022033511211011
2022-03-18 06:31:49,317 INFO archived 1397016572594507778
2022-03-18 06:31:49,317 INFO archived 1397016302804369409
2022-03-18 06:31:49,318 INFO archived 1397015730055303168
2022-03-18 06:31:49,318 INFO archived 1397015384729874432
2022-03-18 06:31:49,318 INFO archived 1397015134590029825
2022-03-18 06:31:49,319 INFO archived 1397013828685099008
2022-03-18 06:31:49,319 INFO archived 1397013618563059713
2022-03-18 06:31:49,320 INFO archived 1396197049545027586
2022-03-18 06:31:49,320 INFO archived 1396196092925005824
2022-03-18 06:31:49,320 INFO archived 1395475873113862144
2022-03-18 06:31:49,320 INFO getting ('https://api.twitter.com/1.1/statuses/user_timeline.json',) {'params': {'count': 200, 'screen_name': 'Mha22Al', 'include_ext_alt_text': 'true', 'tweet_mode': 'extended', 'max_id': '1395475873113862143'}}
2022-03-18 06:31:49,717 INFO archived 1395472374372343808
2022-03-18 06:31:49,717 INFO archived 1395472315488489472
2022-03-18 06:31:49,718 INFO archived 1395234201155235840
2022-03-18 06:31:49,718 INFO archived 1395195099311529984
2022-03-18 06:31:49,718 INFO archived 1395193796736937984
2022-03-18 06:31:49,719 INFO archived 1395193498320588801
2022-03-18 06:31:49,719 INFO archived 1395193426363117574
2022-03-18 06:31:49,719 INFO archived 1395193388022984704
2022-03-18 06:31:49,720 INFO archived 1395193357056450560
2022-03-18 06:31:49,720 INFO archived 1395193290962599937
2022-03-18 06:31:49,721 INFO archived 1395192823213748226
2022-03-18 06:31:49,721 INFO archived 1395191005272416256
2022-03-18 06:31:49,721 INFO archived 1395190843510693888
2022-03-18 06:31:49,722 INFO archived 1395190756785082369
2022-03-18 06:31:49,722 INFO archived 1395190394460073984
2022-03-18 06:31:49,722 INFO archived 1395190286343577600
2022-03-18 06:31:49,723 INFO archived 1395189986022936576
2022-03-18 06:31:49,723 INFO archived 1395188737844252676
2022-03-18 06:31:49,723 INFO archived 1395188679690260483
2022-03-18 06:31:49,723 INFO archived 1395188537356525571
2022-03-18 06:31:49,724 INFO archived 1395188267872493570
2022-03-18 06:31:49,724 INFO archived 1395183983244185601
2022-03-18 06:31:49,724 INFO archived 1394846433921036295
2022-03-18 06:31:49,724 INFO archived 1394843473421901824
2022-03-18 06:31:49,725 INFO archived 1394842683865067523
2022-03-18 06:31:49,725 INFO archived 1394842607797239808
2022-03-18 06:31:49,726 INFO archived 1394842532203270149
2022-03-18 06:31:49,726 INFO archived 1394841992580849666
2022-03-18 06:31:49,726 INFO archived 1394841786158174211
2022-03-18 06:31:49,727 INFO archived 1394841623498878977
2022-03-18 06:31:49,727 INFO archived 1394841504766562304
2022-03-18 06:31:49,727 INFO archived 1394841378023084037
2022-03-18 06:31:49,728 INFO archived 1394841076016418819
2022-03-18 06:31:49,728 INFO archived 1394841030583721984
2022-03-18 06:31:49,728 INFO archived 1394840988636516352
2022-03-18 06:31:49,729 INFO archived 1394840945326104577
2022-03-18 06:31:49,729 INFO archived 1394840887855747072
2022-03-18 06:31:49,729 INFO archived 1394840851604414469
2022-03-18 06:31:49,730 INFO archived 1394840750337056770
2022-03-18 06:31:49,730 INFO archived 1394840636533002240
2022-03-18 06:31:49,730 INFO archived 1394840547055968261
2022-03-18 06:31:49,731 INFO archived 1394840457603993609
2022-03-18 06:31:49,731 INFO archived 1394840406412566529
2022-03-18 06:31:49,731 INFO archived 1394840359964876801
2022-03-18 06:31:49,731 INFO archived 1394840328624955394
2022-03-18 06:31:49,732 INFO archived 1394840267358826499
2022-03-18 06:31:49,732 INFO archived 1394840123519369220
2022-03-18 06:31:49,732 INFO archived 1394839988290809858
2022-03-18 06:31:49,732 INFO archived 1394839642139107328
2022-03-18 06:31:49,733 INFO archived 1394839526049157120
2022-03-18 06:31:49,733 INFO archived 1394839397468557313
2022-03-18 06:31:49,733 INFO archived 1394839354724421632
2022-03-18 06:31:49,734 INFO archived 1394839204702560258
2022-03-18 06:31:49,734 INFO archived 1394838918487367681
2022-03-18 06:31:49,734 INFO archived 1394838829111005188
2022-03-18 06:31:49,735 INFO archived 1394838756956401664
2022-03-18 06:31:49,735 INFO archived 1394467588919283712
2022-03-18 06:31:49,735 INFO archived 1394466647029665793
2022-03-18 06:31:49,736 INFO archived 1394466309216239616
2022-03-18 06:31:49,736 INFO archived 1394465839974281219
2022-03-18 06:31:49,736 INFO archived 1394465606036955142
2022-03-18 06:31:49,736 INFO archived 1394465504891338753
2022-03-18 06:31:49,737 INFO archived 1394464901863677954
2022-03-18 06:31:49,737 INFO archived 1394462597793992704
2022-03-18 06:31:49,737 INFO archived 1394462445297569795
2022-03-18 06:31:49,737 INFO archived 1394461980098850816
2022-03-18 06:31:49,738 INFO archived 1394049249810075650
2022-03-18 06:31:49,738 INFO archived 1394049218763923457
2022-03-18 06:31:49,738 INFO archived 1394049171452092417
2022-03-18 06:31:49,739 INFO archived 1394046695877480452
2022-03-18 06:31:49,739 INFO archived 1394046655888953346
2022-03-18 06:31:49,739 INFO archived 1394046612444303362
2022-03-18 06:31:49,739 INFO archived 1394046566772604930
2022-03-18 06:31:49,740 INFO archived 1394046534807801856
2022-03-18 06:31:49,740 INFO archived 1394046486871113729
2022-03-18 06:31:49,740 INFO archived 1394046418130640897
2022-03-18 06:31:49,741 INFO archived 1394046377009680385
2022-03-18 06:31:49,741 INFO archived 1394046322353655815
2022-03-18 06:31:49,742 INFO archived 1394046258071818240
2022-03-18 06:31:49,742 INFO archived 1394046129126330368
2022-03-18 06:31:49,742 INFO archived 1394045702972399620
2022-03-18 06:31:49,743 INFO archived 1394045665798361088
2022-03-18 06:31:49,743 INFO archived 1394045627453952002
2022-03-18 06:31:49,744 INFO archived 1394045431315800065
2022-03-18 06:31:49,744 INFO archived 1394045397207719940
2022-03-18 06:31:49,744 INFO archived 1394045245256392704
2022-03-18 06:31:49,744 INFO archived 1394045199601389572
2022-03-18 06:31:49,745 INFO archived 1394045080982278144
2022-03-18 06:31:49,745 INFO archived 1394044883963289602
2022-03-18 06:31:49,746 INFO archived 1394044847871254529
2022-03-18 06:31:49,746 INFO archived 1394044705042669571
2022-03-18 06:31:49,746 INFO archived 1394044394144104450
2022-03-18 06:31:49,747 INFO archived 1394044365035606017
2022-03-18 06:31:49,747 INFO archived 1394044317828747267
2022-03-18 06:31:49,747 INFO archived 1394044221691072512
2022-03-18 06:31:49,748 INFO archived 1394044175604092928
2022-03-18 06:31:49,748 INFO archived 1394044124093849601
2022-03-18 06:31:49,748 INFO archived 1394043520546078720
2022-03-18 06:31:49,748 INFO archived 1394043417517125632
2022-03-18 06:31:49,749 INFO archived 1394043381949505537
2022-03-18 06:31:49,749 INFO archived 1394043336218976256
2022-03-18 06:31:49,750 INFO archived 1394043291943923713
2022-03-18 06:31:49,750 INFO archived 1394043242069467136
2022-03-18 06:31:49,750 INFO archived 1394043193818173442
2022-03-18 06:31:49,752 INFO archived 1394043154232344577
2022-03-18 06:31:49,752 INFO archived 1394043096980025346
2022-03-18 06:31:49,752 INFO archived 1394043047080456194
2022-03-18 06:31:49,753 INFO archived 1394042973369757700
2022-03-18 06:31:49,753 INFO archived 1394042942461857793
2022-03-18 06:31:49,754 INFO archived 1394042911046598657
2022-03-18 06:31:49,754 INFO archived 1394042818641883141
2022-03-18 06:31:49,754 INFO archived 1394042780234571779
2022-03-18 06:31:49,754 INFO archived 1394042724391608322
2022-03-18 06:31:49,754 INFO archived 1394042695476150272
2022-03-18 06:31:49,754 INFO archived 1394042657454759939
2022-03-18 06:31:49,754 INFO archived 1394042618271748106
2022-03-18 06:31:49,756 INFO archived 1394042580707418112
2022-03-18 06:31:49,757 INFO archived 1394042541461303296
2022-03-18 06:31:49,757 INFO archived 1394042499065286656
2022-03-18 06:31:49,758 INFO archived 1394042466982981632
2022-03-18 06:31:49,758 INFO archived 1394042375102636034
2022-03-18 06:31:49,759 INFO archived 1394042299424804865
2022-03-18 06:31:49,759 INFO archived 1394042205870825473
2022-03-18 06:31:49,759 INFO archived 1394042172089856003
2022-03-18 06:31:49,760 INFO archived 1394042128569831425
2022-03-18 06:31:49,760 INFO archived 1394042097200623619
2022-03-18 06:31:49,760 INFO archived 1394042015310962689
2022-03-18 06:31:49,761 INFO archived 1394041950190276610
2022-03-18 06:31:49,761 INFO archived 1394041837011103745
2022-03-18 06:31:49,762 INFO archived 1394041791452651521
2022-03-18 06:31:49,762 INFO archived 1394041744761622528
2022-03-18 06:31:49,762 INFO archived 1394041707256107010
2022-03-18 06:31:49,763 INFO archived 1394041558832271362
2022-03-18 06:31:49,764 INFO archived 1394041460622716929
2022-03-18 06:31:49,764 INFO archived 1394041399461376000
2022-03-18 06:31:49,764 INFO archived 1394041341663875072
2022-03-18 06:31:49,764 INFO archived 1394041289599975425
2022-03-18 06:31:49,764 INFO archived 1394041253025570817
2022-03-18 06:31:49,764 INFO archived 1394041203830640640
2022-03-18 06:31:49,764 INFO archived 1394041176093642753
2022-03-18 06:31:49,764 INFO archived 1394041134733684737
2022-03-18 06:31:49,764 INFO archived 1394041096754237444
2022-03-18 06:31:49,764 INFO archived 1394041046397427712
2022-03-18 06:31:49,764 INFO archived 1394040336234672128
2022-03-18 06:31:49,764 INFO archived 1394039303487987713
2022-03-18 06:31:49,764 INFO archived 1394038095700316160
2022-03-18 06:31:49,769 INFO archived 1394037179991531521
2022-03-18 06:31:49,769 INFO archived 1393957573414428677
2022-03-18 06:31:49,770 INFO archived 1393957265925832705
2022-03-18 06:31:49,770 INFO archived 1393957193158823937
2022-03-18 06:31:49,770 INFO archived 1393956672012316675
2022-03-18 06:31:49,770 INFO archived 1393956070880550912
2022-03-18 06:31:49,771 INFO archived 1393700046810451968
2022-03-18 06:31:49,771 INFO archived 1393700005932781573
2022-03-18 06:31:49,771 INFO archived 1393699928807907329
2022-03-18 06:31:49,771 INFO archived 1393699861266984960
2022-03-18 06:31:49,771 INFO archived 1393699809685504001
2022-03-18 06:31:49,771 INFO archived 1393699764911460352
2022-03-18 06:31:49,771 INFO archived 1393699729020637185
2022-03-18 06:31:49,771 INFO archived 1393699602746859520
2022-03-18 06:31:49,771 INFO archived 1393699511524990977
2022-03-18 06:31:49,771 INFO archived 1393699479191134210
2022-03-18 06:31:49,771 INFO archived 1393699391618179073
2022-03-18 06:31:49,771 INFO archived 1393699323691499521
2022-03-18 06:31:49,771 INFO archived 1393699192451715073
2022-03-18 06:31:49,771 INFO archived 1393699155223060483
2022-03-18 06:31:49,776 INFO archived 1393699112281731075
2022-03-18 06:31:49,776 INFO archived 1393699031776260099
2022-03-18 06:31:49,776 INFO archived 1393698979397836801
2022-03-18 06:31:49,776 INFO archived 1393698921080229893
2022-03-18 06:31:49,776 INFO archived 1393698759083585538
2022-03-18 06:31:49,776 INFO archived 1393698713114058753
2022-03-18 06:31:49,776 INFO archived 1393698562735706112
2022-03-18 06:31:49,776 INFO archived 1393698361136455682
2022-03-18 06:31:49,776 INFO archived 1393698056734875651
2022-03-18 06:31:49,776 INFO archived 1393697793353469954
2022-03-18 06:31:49,776 INFO archived 1393697716090204162
2022-03-18 06:31:49,776 INFO archived 1393697179559022595
2022-03-18 06:31:49,776 INFO archived 1393696840856440832
2022-03-18 06:31:49,776 INFO archived 1393696354665320448
2022-03-18 06:31:49,776 INFO archived 1393696285987721218
2022-03-18 06:31:49,776 INFO archived 1393696243382067201
2022-03-18 06:31:49,776 INFO archived 1393695987936292875
2022-03-18 06:31:49,776 INFO archived 1393695462092271618
2022-03-18 06:31:49,776 INFO archived 1393695279963000832
2022-03-18 06:31:49,782 INFO archived 1393694579635875840
2022-03-18 06:31:49,782 INFO archived 1393694507355439105
2022-03-18 06:31:49,782 INFO archived 1393693990948540416
2022-03-18 06:31:49,782 INFO archived 1393693380811452416
2022-03-18 06:31:49,782 INFO archived 1393693204277387265
2022-03-18 06:31:49,783 INFO archived 1393692843659599873
2022-03-18 06:31:49,783 INFO archived 1393692594996092928
2022-03-18 06:31:49,783 INFO archived 1393692357141270529
2022-03-18 06:31:49,783 INFO archived 1393692326577410052
2022-03-18 06:31:49,783 INFO archived 1393692272416333826
2022-03-18 06:31:49,784 INFO archived 1393691729241415680
2022-03-18 06:31:49,784 INFO archived 1393691693447139328
2022-03-18 06:31:49,784 INFO archived 1393691531190554624
2022-03-18 06:31:49,785 INFO archived 1393691349434601472
2022-03-18 06:31:49,785 INFO archived 1393691276449484801
2022-03-18 06:31:49,785 INFO getting ('https://api.twitter.com/1.1/statuses/user_timeline.json',) {'params': {'count': 200, 'screen_name': 'Mha22Al', 'include_ext_alt_text': 'true', 'tweet_mode': 'extended', 'max_id': '1393691276449484800'}}
2022-03-18 06:31:50,198 INFO archived 1393690832775966721
2022-03-18 06:31:50,199 INFO archived 1393690802392485891
2022-03-18 06:31:50,199 INFO archived 1393690764308189185
2022-03-18 06:31:50,200 INFO archived 1393690637615042561
2022-03-18 06:31:50,200 INFO archived 1393690565250748417
2022-03-18 06:31:50,200 INFO archived 1393690213030014976
2022-03-18 06:31:50,201 INFO archived 1393690095606112257
2022-03-18 06:31:50,201 INFO archived 1393689964328620032
2022-03-18 06:31:50,201 INFO archived 1393689611466022914
2022-03-18 06:31:50,202 INFO archived 1393688923788832773
2022-03-18 06:31:50,202 INFO archived 1393687720459788292
2022-03-18 06:31:50,202 INFO archived 1393643496683184129
2022-03-18 06:31:50,202 INFO archived 1393642660183695361
2022-03-18 06:31:50,203 INFO archived 1393642537735254022
2022-03-18 06:31:50,203 INFO archived 1393344300038062081
2022-03-18 06:31:50,203 INFO archived 1393023573862731779
2022-03-18 06:31:50,204 INFO archived 1393023405159452672
2022-03-18 06:31:50,206 INFO archived 1393023055396409347
2022-03-18 06:31:50,206 INFO archived 1393022789523628032
2022-03-18 06:31:50,206 INFO archived 1393022701908885508
2022-03-18 06:31:50,207 INFO archived 1393022524699467778
2022-03-18 06:31:50,207 INFO archived 1393022282436464641
2022-03-18 06:31:50,207 INFO archived 1393022172067598340
2022-03-18 06:31:50,208 INFO archived 1393021853078200321
2022-03-18 06:31:50,208 INFO archived 1393021383119048704
2022-03-18 06:31:50,208 INFO archived 1393021229716545537
2022-03-18 06:31:50,208 INFO archived 1393021046509375494
2022-03-18 06:31:50,209 INFO archived 1393020549291413507
2022-03-18 06:31:50,209 INFO archived 1393016440945463298
2022-03-18 06:31:50,209 INFO archived 1393016167556468736
2022-03-18 06:31:50,209 INFO archived 1393012261543763970
2022-03-18 06:31:50,210 INFO archived 1393012118069280770
2022-03-18 06:31:50,210 INFO archived 1392939638247940096
2022-03-18 06:31:50,210 INFO archived 1392837617465520128
2022-03-18 06:31:50,210 INFO archived 1392837259288739842
2022-03-18 06:31:50,210 INFO archived 1392836730936381451
2022-03-18 06:31:50,211 INFO archived 1392835898253877255
2022-03-18 06:31:50,211 INFO archived 1392833218202636294
2022-03-18 06:31:50,211 INFO archived 1392831373468069891
2022-03-18 06:31:50,211 INFO archived 1392577040457486341
2022-03-18 06:31:50,211 INFO archived 1392301818940596229
2022-03-18 06:31:50,212 INFO archived 1392301778855628801
2022-03-18 06:31:50,212 INFO archived 1392301637838934019
2022-03-18 06:31:50,212 INFO archived 1392301367767670785
2022-03-18 06:31:50,212 INFO archived 1392301308405706754
2022-03-18 06:31:50,212 INFO archived 1392301025638305792
2022-03-18 06:31:50,213 INFO archived 1392300855819264004
2022-03-18 06:31:50,213 INFO archived 1392300692618944513
2022-03-18 06:31:50,213 INFO archived 1392300551958712322
2022-03-18 06:31:50,213 INFO archived 1392300041218367489
2022-03-18 06:31:50,213 INFO archived 1392299673117806595
2022-03-18 06:31:50,214 INFO archived 1392299460101738503
2022-03-18 06:31:50,214 INFO archived 1392299043670224897
2022-03-18 06:31:50,214 INFO archived 1392298976758571012
2022-03-18 06:31:50,214 INFO archived 1392298898560102401
2022-03-18 06:31:50,214 INFO archived 1392298615398289408
2022-03-18 06:31:50,215 INFO archived 1392298571802693633
2022-03-18 06:31:50,215 INFO archived 1392298532414001157
2022-03-18 06:31:50,215 INFO archived 1392298387098071041
2022-03-18 06:31:50,215 INFO archived 1392298190804639746
2022-03-18 06:31:50,215 INFO archived 1392297944724869125
2022-03-18 06:31:50,216 INFO archived 1392297840114761738
2022-03-18 06:31:50,216 INFO archived 1392297659323469825
2022-03-18 06:31:50,216 INFO archived 1392297487344357378
2022-03-18 06:31:50,216 INFO archived 1392297393350053889
2022-03-18 06:31:50,217 INFO archived 1392297265591513091
2022-03-18 06:31:50,217 INFO archived 1392296927987847168
2022-03-18 06:31:50,217 INFO archived 1392296609728270337
2022-03-18 06:31:50,217 INFO archived 1392296575859187714
2022-03-18 06:31:50,218 INFO archived 1392296512403623936
2022-03-18 06:31:50,218 INFO archived 1392296431537377281
2022-03-18 06:31:50,218 INFO archived 1392296373807054852
2022-03-18 06:31:50,218 INFO archived 1392296325853552642
2022-03-18 06:31:50,218 INFO archived 1392296213521723394
2022-03-18 06:31:50,219 INFO archived 1392296135801274369
2022-03-18 06:31:50,219 INFO archived 1392296012912336897
2022-03-18 06:31:50,219 INFO archived 1392295444483432448
2022-03-18 06:31:50,219 INFO archived 1392295283841585153
2022-03-18 06:31:50,219 INFO archived 1392294855703863297
2022-03-18 06:31:50,220 INFO archived 1392294444796301315
2022-03-18 06:31:50,220 INFO archived 1392294171130564609
2022-03-18 06:31:50,220 INFO archived 1392293956033990656
2022-03-18 06:31:50,220 INFO archived 1392293601858654209
2022-03-18 06:31:50,220 INFO archived 1392292556596137988
2022-03-18 06:31:50,221 INFO archived 1392292463729991681
2022-03-18 06:31:50,221 INFO archived 1392292048795959300
2022-03-18 06:31:50,222 INFO archived 1392292002255892482
2022-03-18 06:31:50,222 INFO archived 1392170033636274180
2022-03-18 06:31:50,222 INFO archived 1391422365221879811
2022-03-18 06:31:50,222 INFO archived 1391422297399971840
2022-03-18 06:31:50,223 INFO archived 1391421562318770182
2022-03-18 06:31:50,223 INFO archived 1391420621184135170
2022-03-18 06:31:50,223 INFO archived 1391420521493852161
2022-03-18 06:31:50,223 INFO archived 1391420467383177218
2022-03-18 06:31:50,224 INFO archived 1391420334599901184
2022-03-18 06:31:50,224 INFO archived 1391419919225397248
2022-03-18 06:31:50,224 INFO archived 1391419787918467079
2022-03-18 06:31:50,224 INFO archived 1391418423784001550
2022-03-18 06:31:50,225 INFO archived 1391418165318414339
2022-03-18 06:31:50,225 INFO archived 1391418147031244800
2022-03-18 06:31:50,225 INFO archived 1391417854134607874
2022-03-18 06:31:50,226 INFO archived 1391417751705513984
2022-03-18 06:31:50,226 INFO archived 1391417454744670210
2022-03-18 06:31:50,226 INFO archived 1391417348045770754
2022-03-18 06:31:50,227 INFO archived 1391416435151233024
2022-03-18 06:31:50,227 INFO archived 1390530349445255170
2022-03-18 06:31:50,227 INFO archived 1390530055663624192
2022-03-18 06:31:50,228 INFO archived 1390503255243821059
2022-03-18 06:31:50,228 INFO archived 1390503127233617927
2022-03-18 06:31:50,228 INFO archived 1390387313608253445
2022-03-18 06:31:50,229 INFO archived 1390386873365712898
2022-03-18 06:31:50,235 INFO archived 1390386770143944704
2022-03-18 06:31:50,235 INFO archived 1390386665047224320
2022-03-18 06:31:50,235 INFO archived 1390386621871116292
2022-03-18 06:31:50,236 INFO archived 1390386573053599744
2022-03-18 06:31:50,236 INFO archived 1390386481248702466
2022-03-18 06:31:50,237 INFO archived 1390386403234566144
2022-03-18 06:31:50,237 INFO archived 1390386359144108035
2022-03-18 06:31:50,239 INFO archived 1390386293809377280
2022-03-18 06:31:50,239 INFO archived 1390386243402227715
2022-03-18 06:31:50,239 INFO archived 1390386164146663424
2022-03-18 06:31:50,240 INFO archived 1390386089349685248
2022-03-18 06:31:50,240 INFO archived 1390385919367139332
2022-03-18 06:31:50,240 INFO archived 1390385826505187329
2022-03-18 06:31:50,241 INFO archived 1390385776651751425
2022-03-18 06:31:50,241 INFO archived 1390385724373958656
2022-03-18 06:31:50,241 INFO archived 1390385585810853888
2022-03-18 06:31:50,244 INFO archived 1390385524087562241
2022-03-18 06:31:50,244 INFO archived 1390385480533872640
2022-03-18 06:31:50,244 INFO archived 1390385399948726272
2022-03-18 06:31:50,244 INFO archived 1390385270097276935
2022-03-18 06:31:50,245 INFO archived 1390385232461787138
2022-03-18 06:31:50,247 INFO archived 1390385171904438274
2022-03-18 06:31:50,247 INFO archived 1390385123619606530
2022-03-18 06:31:50,247 INFO archived 1390384859068080131
2022-03-18 06:31:50,248 INFO archived 1390384765035978756
2022-03-18 06:31:50,249 INFO archived 1390384663659646977
2022-03-18 06:31:50,249 INFO archived 1390384614011641856
2022-03-18 06:31:50,249 INFO archived 1390384045498900480
2022-03-18 06:31:50,250 INFO archived 1390384029589934080
2022-03-18 06:31:50,250 INFO archived 1390383804888481792
2022-03-18 06:31:50,250 INFO archived 1390383252037197831
2022-03-18 06:31:50,250 INFO archived 1390383017869275137
2022-03-18 06:31:50,251 INFO archived 1390382944502501377
2022-03-18 06:31:50,251 INFO archived 1390382889787817990
2022-03-18 06:31:50,251 INFO archived 1390382699920072704
2022-03-18 06:31:50,252 INFO archived 1390382567887577088
2022-03-18 06:31:50,252 INFO archived 1390382523922849792
2022-03-18 06:31:50,252 INFO archived 1390382335271469057
2022-03-18 06:31:50,252 INFO archived 1390382166568169476
2022-03-18 06:31:50,252 INFO archived 1390382127493967873
2022-03-18 06:31:50,253 INFO archived 1390381993863516162
2022-03-18 06:31:50,253 INFO archived 1390381862330142723
2022-03-18 06:31:50,254 INFO archived 1390381795179319304
2022-03-18 06:31:50,254 INFO archived 1390381441247113216
2022-03-18 06:31:50,254 INFO archived 1390381108680822789
2022-03-18 06:31:50,255 INFO archived 1390380869009874948
2022-03-18 06:31:50,255 INFO archived 1390380796914016258
2022-03-18 06:31:50,255 INFO archived 1390380751506481153
2022-03-18 06:31:50,256 INFO archived 1390380703217381377
2022-03-18 06:31:50,256 INFO archived 1390380439357968387
2022-03-18 06:31:50,256 INFO archived 1389625045731872783
2022-03-18 06:31:50,256 INFO archived 1389624999003099138
2022-03-18 06:31:50,256 INFO archived 1389624468448808961
2022-03-18 06:31:50,257 INFO archived 1389624378879479809
2022-03-18 06:31:50,257 INFO archived 1389624206359339016
2022-03-18 06:31:50,258 INFO archived 1389624119231057920
2022-03-18 06:31:50,258 INFO archived 1389621868039004163
2022-03-18 06:31:50,259 INFO archived 1389621689428762625
2022-03-18 06:31:50,259 INFO archived 1389621651298406405
2022-03-18 06:31:50,260 INFO archived 1389621570289557508
2022-03-18 06:31:50,260 INFO archived 1389621466610626562
2022-03-18 06:31:50,260 INFO archived 1389621394074263556
2022-03-18 06:31:50,261 INFO archived 1389621196870676480
2022-03-18 06:31:50,261 INFO archived 1389620963583528967
2022-03-18 06:31:50,261 INFO archived 1389620877898117121
2022-03-18 06:31:50,261 INFO archived 1389043246706294784
2022-03-18 06:31:50,262 INFO archived 1389042785030840322
2022-03-18 06:31:50,262 INFO archived 1389013660387868672
2022-03-18 06:31:50,262 INFO archived 1389013553802141698
2022-03-18 06:31:50,263 INFO archived 1389013425565536257
2022-03-18 06:31:50,264 INFO archived 1389013289720500229
2022-03-18 06:31:50,264 INFO archived 1389013077442531333
2022-03-18 06:31:50,270 INFO archived 1389012995041226753
2022-03-18 06:31:50,271 INFO archived 1389012949830832129
2022-03-18 06:31:50,271 INFO archived 1389012890686877697
2022-03-18 06:31:50,271 INFO archived 1389012803529318404
2022-03-18 06:31:50,271 INFO archived 1389012650433007616
2022-03-18 06:31:50,272 INFO archived 1389012611342077952
2022-03-18 06:31:50,278 INFO archived 1389012446917005315
2022-03-18 06:31:50,278 INFO archived 1389012363160870919
2022-03-18 06:31:50,279 INFO archived 1389012270043205633
2022-03-18 06:31:50,279 INFO archived 1389012216574222337
2022-03-18 06:31:50,280 INFO archived 1389012163608551424
2022-03-18 06:31:50,280 INFO archived 1389012094213783555
2022-03-18 06:31:50,280 INFO archived 1389011840563175426
2022-03-18 06:31:50,281 INFO archived 1389011716629954560
2022-03-18 06:31:50,281 INFO archived 1389011665744666624
2022-03-18 06:31:50,281 INFO archived 1389011631233925121
2022-03-18 06:31:50,281 INFO archived 1389011556659175424
2022-03-18 06:31:50,282 INFO getting ('https://api.twitter.com/1.1/statuses/user_timeline.json',) {'params': {'count': 200, 'screen_name': 'Mha22Al', 'include_ext_alt_text': 'true', 'tweet_mode': 'extended', 'max_id': '1389011556659175423'}}
2022-03-18 06:31:50,693 INFO archived 1389011410219278337
2022-03-18 06:31:50,694 INFO archived 1389011377122013185
2022-03-18 06:31:50,694 INFO archived 1389011332050022401
2022-03-18 06:31:50,695 INFO archived 1389011302530510848
2022-03-18 06:31:50,695 INFO archived 1389011269768810497
2022-03-18 06:31:50,696 INFO archived 1389011213804216321
2022-03-18 06:31:50,696 INFO archived 1389011186620895233
2022-03-18 06:31:50,696 INFO archived 1389011151392940037
2022-03-18 06:31:50,697 INFO archived 1389011096493690881
2022-03-18 06:31:50,697 INFO archived 1389011050947776513
2022-03-18 06:31:50,698 INFO archived 1389011020950081541
2022-03-18 06:31:50,698 INFO archived 1389010967267201027
2022-03-18 06:31:50,698 INFO archived 1389010933842780162
2022-03-18 06:31:50,699 INFO archived 1389010893820727299
2022-03-18 06:31:50,699 INFO archived 1389010859272278021
2022-03-18 06:31:50,699 INFO archived 1389010831245922304
2022-03-18 06:31:50,700 INFO archived 1389010774945779713
2022-03-18 06:31:50,700 INFO archived 1389009943529889794
2022-03-18 06:31:50,700 INFO archived 1389009911132999681
2022-03-18 06:31:50,700 INFO archived 1389009807974100993
2022-03-18 06:31:50,701 INFO archived 1389009776932114432
2022-03-18 06:31:50,701 INFO archived 1389009743214088193
2022-03-18 06:31:50,701 INFO archived 1389009711215775750
2022-03-18 06:31:50,702 INFO archived 1389009665309036546
2022-03-18 06:31:50,702 INFO archived 1389009632333504512
2022-03-18 06:31:50,702 INFO archived 1389009599307554819
2022-03-18 06:31:50,702 INFO archived 1389009489450266626
2022-03-18 06:31:50,703 INFO archived 1389009455409369089
2022-03-18 06:31:50,703 INFO archived 1389009308801634310
2022-03-18 06:31:50,703 INFO archived 1389009267600990209
2022-03-18 06:31:50,703 INFO archived 1389009220268294148
2022-03-18 06:31:50,704 INFO archived 1389009170137968646
2022-03-18 06:31:50,704 INFO archived 1389009129071542282
2022-03-18 06:31:50,704 INFO archived 1389009017930797061
2022-03-18 06:31:50,705 INFO archived 1389008860510253057
2022-03-18 06:31:50,705 INFO archived 1389008030885240832
2022-03-18 06:31:50,705 INFO archived 1389007915500011521
2022-03-18 06:31:50,705 INFO archived 1389007788630700032
2022-03-18 06:31:50,706 INFO archived 1389007729738485761
2022-03-18 06:31:50,706 INFO archived 1389007233363570693
2022-03-18 06:31:50,706 INFO archived 1389007027154739208
2022-03-18 06:31:50,706 INFO archived 1389006955935539203
2022-03-18 06:31:50,707 INFO archived 1389006889304813568
2022-03-18 06:31:50,707 INFO archived 1389006696257789952
2022-03-18 06:31:50,707 INFO archived 1389006630574989313
2022-03-18 06:31:50,708 INFO archived 1389006143289118724
2022-03-18 06:31:50,708 INFO archived 1389005969682620419
2022-03-18 06:31:50,708 INFO archived 1389004113203982337
2022-03-18 06:31:50,709 INFO archived 1389003752988807168
2022-03-18 06:31:50,709 INFO archived 1389003537208647684
2022-03-18 06:31:50,710 INFO archived 1389002981375299584
2022-03-18 06:31:50,710 INFO archived 1389002453870252035
2022-03-18 06:31:50,710 INFO archived 1389002342947647490
2022-03-18 06:31:50,711 INFO archived 1389002062512357376
2022-03-18 06:31:50,712 INFO archived 1388325288661061632
2022-03-18 06:31:50,713 INFO archived 1388325239092776964
2022-03-18 06:31:50,713 INFO archived 1388325200509374464
2022-03-18 06:31:50,714 INFO archived 1388324988705337345
2022-03-18 06:31:50,714 INFO archived 1388324924893261824
2022-03-18 06:31:50,714 INFO archived 1388324888218267650
2022-03-18 06:31:50,715 INFO archived 1388324792122560515
2022-03-18 06:31:50,715 INFO archived 1388324732295024643
2022-03-18 06:31:50,717 INFO archived 1388324641748361218
2022-03-18 06:31:50,717 INFO archived 1388324515327873025
2022-03-18 06:31:50,727 INFO archived 1388324399250481162
2022-03-18 06:31:50,727 INFO archived 1388324355151519745
2022-03-18 06:31:50,728 INFO archived 1388324285127692293
2022-03-18 06:31:50,728 INFO archived 1388324239380385792
2022-03-18 06:31:50,728 INFO archived 1388324111751864322
2022-03-18 06:31:50,728 INFO archived 1388323962422104065
2022-03-18 06:31:50,729 INFO archived 1388323738307874823
2022-03-18 06:31:50,729 INFO archived 1388323694645186560
2022-03-18 06:31:50,729 INFO archived 1388323656669925377
2022-03-18 06:31:50,730 INFO archived 1388323598998249478
2022-03-18 06:31:50,730 INFO archived 1388323566202937346
2022-03-18 06:31:50,730 INFO archived 1388323496954974210
2022-03-18 06:31:50,731 INFO archived 1388323461416685571
2022-03-18 06:31:50,731 INFO archived 1388323418269913090
2022-03-18 06:31:50,731 INFO archived 1388323302901370882
2022-03-18 06:31:50,732 INFO archived 1388323253098192896
2022-03-18 06:31:50,732 INFO archived 1388323203496304641
2022-03-18 06:31:50,732 INFO archived 1388323170843721732
2022-03-18 06:31:50,733 INFO archived 1388323092741513219
2022-03-18 06:31:50,733 INFO archived 1388323022474387457
2022-03-18 06:31:50,733 INFO archived 1388322987867185153
2022-03-18 06:31:50,734 INFO archived 1388322913569284099
2022-03-18 06:31:50,734 INFO archived 1388322498895257600
2022-03-18 06:31:50,735 INFO archived 1388322463407218688
2022-03-18 06:31:50,735 INFO archived 1388322408126246915
2022-03-18 06:31:50,735 INFO archived 1388322358948089861
2022-03-18 06:31:50,735 INFO archived 1388322317906845698
2022-03-18 06:31:50,736 INFO archived 1388321984140890112
2022-03-18 06:31:50,736 INFO archived 1388321943384825858
2022-03-18 06:31:50,737 INFO archived 1388321891874590721
2022-03-18 06:31:50,737 INFO archived 1388321827101941763
2022-03-18 06:31:50,737 INFO archived 1388321738308546561
2022-03-18 06:31:50,737 INFO archived 1388321661523423232
2022-03-18 06:31:50,738 INFO archived 1388321611585974275
2022-03-18 06:31:50,738 INFO archived 1388321188649181186
2022-03-18 06:31:50,738 INFO archived 1388320351415771137
2022-03-18 06:31:50,739 INFO archived 1388319933747007489
2022-03-18 06:31:50,739 INFO archived 1388319724396630016
2022-03-18 06:31:50,739 INFO archived 1388319328416649221
2022-03-18 06:31:50,739 INFO archived 1388318961318588418
2022-03-18 06:31:50,740 INFO archived 1388318881073176577
2022-03-18 06:31:50,740 INFO archived 1388318645965582338
2022-03-18 06:31:50,740 INFO archived 1388318530139934722
2022-03-18 06:31:50,741 INFO archived 1388318474808664065
2022-03-18 06:31:50,741 INFO archived 1388318432894984193
2022-03-18 06:31:50,741 INFO archived 1388318344797769729
2022-03-18 06:31:50,742 INFO archived 1388318192037097476
2022-03-18 06:31:50,742 INFO archived 1388318112420823041
2022-03-18 06:31:50,742 INFO archived 1388318011660988422
2022-03-18 06:31:50,743 INFO archived 1388317915040997379
2022-03-18 06:31:50,743 INFO archived 1388317862209593347
2022-03-18 06:31:50,743 INFO archived 1388317701651656704
2022-03-18 06:31:50,743 INFO archived 1388317639898931200
2022-03-18 06:31:50,743 INFO archived 1388317568100753408
2022-03-18 06:31:50,743 INFO archived 1388317465197748228
2022-03-18 06:31:50,745 INFO archived 1388317405890240515
2022-03-18 06:31:50,745 INFO archived 1388317315159101440
2022-03-18 06:31:50,745 INFO archived 1388317220980215809
2022-03-18 06:31:50,745 INFO archived 1388317163962855424
2022-03-18 06:31:50,745 INFO archived 1388317003052556288
2022-03-18 06:31:50,745 INFO archived 1388316933565554690
2022-03-18 06:31:50,745 INFO archived 1388316888602607616
2022-03-18 06:31:50,745 INFO archived 1388315595569909765
2022-03-18 06:31:50,745 INFO archived 1388315515064487937
2022-03-18 06:31:50,745 INFO archived 1386522871766212609
2022-03-18 06:31:50,745 INFO archived 1386522791529226241
2022-03-18 06:31:50,745 INFO archived 1386522485647024129
2022-03-18 06:31:50,745 INFO archived 1386522390335688705
2022-03-18 06:31:50,745 INFO archived 1386522138455142411
2022-03-18 06:31:50,745 INFO archived 1386522087259402242
2022-03-18 06:31:50,745 INFO archived 1386521629988065280
2022-03-18 06:31:50,745 INFO archived 1386521590649671682
2022-03-18 06:31:50,745 INFO archived 1386521532348833793
2022-03-18 06:31:50,745 INFO archived 1386521474756874243
2022-03-18 06:31:50,745 INFO archived 1386521424706244611
2022-03-18 06:31:50,745 INFO archived 1386521385346813959
2022-03-18 06:31:50,745 INFO archived 1386521327675133953
2022-03-18 06:31:50,752 INFO archived 1386521250067931142
2022-03-18 06:31:50,752 INFO archived 1386521211467755520
2022-03-18 06:31:50,752 INFO archived 1386521173475807237
2022-03-18 06:31:50,752 INFO archived 1386521139162193922
2022-03-18 06:31:50,752 INFO archived 1386521104814993408
2022-03-18 06:31:50,753 INFO archived 1386520948556238851
2022-03-18 06:31:50,753 INFO archived 1386520675867774976
2022-03-18 06:31:50,754 INFO archived 1386520448767172608
2022-03-18 06:31:50,754 INFO archived 1386520412293505029
2022-03-18 06:31:50,754 INFO archived 1386520266465943563
2022-03-18 06:31:50,754 INFO archived 1386519319073345536
2022-03-18 06:31:50,754 INFO archived 1386518970853781511
2022-03-18 06:31:50,754 INFO archived 1386518396515221509
2022-03-18 06:31:50,754 INFO archived 1386518288646107139
2022-03-18 06:31:50,754 INFO archived 1386518222409650187
2022-03-18 06:31:50,757 INFO archived 1386517927084494851
2022-03-18 06:31:50,757 INFO archived 1386517809417527298
2022-03-18 06:31:50,757 INFO archived 1386517699786809347
2022-03-18 06:31:50,757 INFO archived 1386517612230680582
2022-03-18 06:31:50,758 INFO archived 1386517560804315138
2022-03-18 06:31:50,758 INFO archived 1386517416360873986
2022-03-18 06:31:50,758 INFO archived 1386517362468290564
2022-03-18 06:31:50,758 INFO archived 1386517307640356868
2022-03-18 06:31:50,759 INFO archived 1386517128535166978
2022-03-18 06:31:50,759 INFO archived 1386517085119860739
2022-03-18 06:31:50,759 INFO archived 1386517041255911429
2022-03-18 06:31:50,760 INFO archived 1386516993608609792
2022-03-18 06:31:50,760 INFO archived 1386516906195128324
2022-03-18 06:31:50,761 INFO archived 1386516839316955140
2022-03-18 06:31:50,761 INFO archived 1386516771503415300
2022-03-18 06:31:50,761 INFO archived 1386516618210017283
2022-03-18 06:31:50,761 INFO archived 1386516570034163713
2022-03-18 06:31:50,763 INFO archived 1386516521447424001
2022-03-18 06:31:50,765 INFO archived 1386516435451535360
2022-03-18 06:31:50,765 INFO archived 1386516390585065481
2022-03-18 06:31:50,765 INFO archived 1386516192676900871
2022-03-18 06:31:50,766 INFO archived 1386516050502557699
2022-03-18 06:31:50,766 INFO archived 1386515997650132995
2022-03-18 06:31:50,767 INFO archived 1386515946475442177
2022-03-18 06:31:50,767 INFO archived 1386515796717756417
2022-03-18 06:31:50,767 INFO archived 1386515725293015041
2022-03-18 06:31:50,767 INFO archived 1386515660272930817
2022-03-18 06:31:50,768 INFO archived 1386515617163866114
2022-03-18 06:31:50,768 INFO archived 1386515526990536708
2022-03-18 06:31:50,768 INFO archived 1386515467532001284
2022-03-18 06:31:50,769 INFO archived 1386515297427881986
2022-03-18 06:31:50,769 INFO archived 1386457815133212672
2022-03-18 06:31:50,769 INFO archived 1386457416372391944
2022-03-18 06:31:50,770 INFO archived 1386457338861690880
2022-03-18 06:31:50,770 INFO archived 1386457189770924034
2022-03-18 06:31:50,770 INFO archived 1386457147563675648
2022-03-18 06:31:50,770 INFO archived 1386457011529818114
2022-03-18 06:31:50,771 INFO archived 1386456781702893568
2022-03-18 06:31:50,771 INFO archived 1386456721564999681
2022-03-18 06:31:50,771 INFO archived 1386456496733523968
2022-03-18 06:31:50,771 INFO archived 1386456154805395460
2022-03-18 06:31:50,772 INFO archived 1386455765783777283
2022-03-18 06:31:50,772 INFO archived 1386455651816071168
2022-03-18 06:31:50,772 INFO getting ('https://api.twitter.com/1.1/statuses/user_timeline.json',) {'params': {'count': 200, 'screen_name': 'Mha22Al', 'include_ext_alt_text': 'true', 'tweet_mode': 'extended', 'max_id': '1386455651816071167'}}
2022-03-18 06:31:51,055 INFO archived 1386455477505040385
2022-03-18 06:31:51,055 INFO archived 1386455117067558912
2022-03-18 06:31:51,055 INFO archived 1386454899756453888
2022-03-18 06:31:51,057 INFO archived 1386143142408114177
2022-03-18 06:31:51,057 INFO archived 1385418178063331329
2022-03-18 06:31:51,057 INFO archived 1385413331847057408
2022-03-18 06:31:51,058 INFO archived 1385413170609614852
2022-03-18 06:31:51,058 INFO archived 1385412890224521218
2022-03-18 06:31:51,058 INFO archived 1385412731319193603
2022-03-18 06:31:51,058 INFO archived 1385329051171057665
2022-03-18 06:31:51,059 INFO archived 1385329007650955268
2022-03-18 06:31:51,059 INFO archived 1385328511884222464
2022-03-18 06:31:51,060 INFO archived 1385326302157152256
2022-03-18 06:31:51,060 INFO archived 1385326266543341569
2022-03-18 06:31:51,061 INFO archived 1385326004453871617
2022-03-18 06:31:51,061 INFO archived 1385325953446862849
2022-03-18 06:31:51,062 INFO archived 1385325753760247809
2022-03-18 06:31:51,062 INFO archived 1385325649557028865
2022-03-18 06:31:51,063 INFO archived 1385325472020537347
2022-03-18 06:31:51,063 INFO archived 1385325232064372737
2022-03-18 06:31:51,063 INFO archived 1385324737341968384
2022-03-18 06:31:51,064 INFO archived 1385324704148299776
2022-03-18 06:31:51,064 INFO archived 1385324622405541890
2022-03-18 06:31:51,064 INFO archived 1385324581003554816
2022-03-18 06:31:51,065 INFO archived 1385324424556023810
2022-03-18 06:31:51,065 INFO archived 1385324347640872960
2022-03-18 06:31:51,065 INFO archived 1385324267974250498
2022-03-18 06:31:51,066 INFO archived 1385324179642216450
2022-03-18 06:31:51,066 INFO archived 1385323987081728001
2022-03-18 06:31:51,066 INFO archived 1385323917221400577
2022-03-18 06:31:51,066 INFO archived 1385323876654014465
2022-03-18 06:31:51,067 INFO archived 1385323696106000388
2022-03-18 06:31:51,067 INFO archived 1385323605664227331
2022-03-18 06:31:51,067 INFO archived 1385323535933972482
2022-03-18 06:31:51,068 INFO archived 1385323313048657922
2022-03-18 06:31:51,068 INFO archived 1385323262696067072
2022-03-18 06:31:51,068 INFO archived 1385323201991827458
2022-03-18 06:31:51,069 INFO archived 1385323041278685185
2022-03-18 06:31:51,069 INFO archived 1385322953995214848
2022-03-18 06:31:51,069 INFO archived 1385322907413336067
2022-03-18 06:31:51,070 INFO archived 1385322880536248320
2022-03-18 06:31:51,070 INFO archived 1385322825846714369
2022-03-18 06:31:51,071 INFO archived 1385322579783667713
2022-03-18 06:31:51,071 INFO archived 1385322533277245441
2022-03-18 06:31:51,072 INFO archived 1385322490574950400
2022-03-18 06:31:51,072 INFO archived 1385322431724724224
2022-03-18 06:31:51,072 INFO archived 1385321926772412425
2022-03-18 06:31:51,073 INFO archived 1385321633217269761
2022-03-18 06:31:51,073 INFO archived 1385321525767667712
2022-03-18 06:31:51,074 INFO archived 1385094300984254465
2022-03-18 06:31:51,074 INFO archived 1385092401748791299
2022-03-18 06:31:51,074 INFO archived 1385092269343006721
2022-03-18 06:31:51,075 INFO archived 1385092196492218370
2022-03-18 06:31:51,075 INFO archived 1385092061745975302
2022-03-18 06:31:51,076 INFO archived 1385091442557685762
2022-03-18 06:31:51,076 INFO archived 1385091373020237824
2022-03-18 06:31:51,076 INFO archived 1385091236613132288
2022-03-18 06:31:51,077 INFO archived 1385091192145072130
2022-03-18 06:31:51,077 INFO archived 1385091131025756162
2022-03-18 06:31:51,077 INFO archived 1385090990818480129
2022-03-18 06:31:51,077 INFO archived 1385090911713984515
2022-03-18 06:31:51,078 INFO archived 1385090851018215426
2022-03-18 06:31:51,079 INFO archived 1385090800405549056
2022-03-18 06:31:51,079 INFO archived 1385090758835806211
2022-03-18 06:31:51,080 INFO archived 1385090723343568896
2022-03-18 06:31:51,080 INFO archived 1385090657815908356
2022-03-18 06:31:51,080 INFO archived 1385090402739384322
2022-03-18 06:31:51,081 INFO archived 1385090350205706246
2022-03-18 06:31:51,081 INFO archived 1385090298087231492
2022-03-18 06:31:51,082 INFO archived 1385090230470938632
2022-03-18 06:31:51,082 INFO archived 1385089922848067586
2022-03-18 06:31:51,082 INFO archived 1385089595226824705
2022-03-18 06:31:51,083 INFO archived 1385089478792941572
2022-03-18 06:31:51,083 INFO archived 1385089438124974083
2022-03-18 06:31:51,083 INFO archived 1385089349293809665
2022-03-18 06:31:51,084 INFO archived 1385089293123612676
2022-03-18 06:31:51,084 INFO archived 1385089155370156032
2022-03-18 06:31:51,085 INFO archived 1385088901027565573
2022-03-18 06:31:51,085 INFO archived 1385088722350206979
2022-03-18 06:31:51,086 INFO archived 1384956256369192964
2022-03-18 06:31:51,086 INFO archived 1384604424627126276
2022-03-18 06:31:51,087 INFO archived 1384604073937178625
2022-03-18 06:31:51,087 INFO archived 1384603908048179201
2022-03-18 06:31:51,087 INFO archived 1384603741630865408
2022-03-18 06:31:51,088 INFO archived 1384603641131143171
2022-03-18 06:31:51,088 INFO archived 1384603375627497474
2022-03-18 06:31:51,089 INFO archived 1384602828862197761
2022-03-18 06:31:51,089 INFO archived 1384601725877719041
2022-03-18 06:31:51,089 INFO archived 1383662296589750275
2022-03-18 06:31:51,090 INFO archived 1383661708703453186
2022-03-18 06:31:51,090 INFO archived 1383661028068630531
2022-03-18 06:31:51,090 INFO archived 1383660299895541762
2022-03-18 06:31:51,090 INFO archived 1383660208702980106
2022-03-18 06:31:51,091 INFO archived 1383658891456643079
2022-03-18 06:31:51,091 INFO archived 1379606272534736897
2022-03-18 06:31:51,092 INFO archived 1346284112231845888
2022-03-18 06:31:51,092 INFO archived 1344498659665186816
2022-03-18 06:31:51,092 INFO getting ('https://api.twitter.com/1.1/statuses/user_timeline.json',) {'params': {'count': 200, 'screen_name': 'Mha22Al', 'include_ext_alt_text': 'true', 'tweet_mode': 'extended', 'max_id': '1344498659665186815'}}
2022-03-18 06:31:51,139 INFO no new tweets matching {'count': 200, 'screen_name': 'Mha22Al', 'include_ext_alt_text': 'true', 'tweet_mode': 'extended', 'max_id': '1344498659665186815'}
2022-03-18 06:31:59,928 INFO loading None profile from config C:\Users\Administrator\.twarc
2022-03-18 06:31:59,929 INFO creating http session
2022-03-18 06:31:59,930 INFO creating OAuth1 user authentication
2022-03-18 06:31:59,930 INFO getting ('https://api.twitter.com/1.1/account/verify_credentials.json',) {'params': {'tweet_mode': 'extended'}}
2022-03-18 06:32:00,121 INFO getting ('https://api.twitter.com/1.1/friends/ids.json',) {'params': {'screen_name': 'Mha22Al', 'cursor': -1, 'tweet_mode': 'extended'}}
2022-03-18 06:32:00,166 INFO archived 20270659
2022-03-18 06:32:00,166 INFO archived 347320239
2022-03-18 06:32:00,166 INFO archived 104650279
2022-03-18 06:32:00,166 INFO archived 466855555
2022-03-18 06:32:00,166 INFO archived 3309371255
2022-03-18 06:32:00,167 INFO archived 1288817734730514434
2022-03-18 06:32:00,167 INFO archived 1397026043756613634
2022-03-18 06:32:00,167 INFO archived 881231140287373312
2022-03-18 06:32:00,167 INFO archived 1411041505658257413
2022-03-18 06:32:00,167 INFO archived 3636994350
2022-03-18 06:32:00,167 INFO archived 1259964873246531585
2022-03-18 06:32:00,167 INFO archived 1391174779986657281
2022-03-18 06:32:00,167 INFO archived 1296588200203304960
2022-03-18 06:32:00,167 INFO archived 38678666
2022-03-18 06:32:00,167 INFO archived 1447911097
2022-03-18 06:32:00,168 INFO archived 1303111947580329984
2022-03-18 06:32:00,168 INFO archived 1296052257717399553
2022-03-18 06:32:00,168 INFO archived 1188465956818841602
2022-03-18 06:32:00,168 INFO archived 1267150617941868544
2022-03-18 06:32:00,168 INFO archived 901030183213445125
2022-03-18 06:32:00,168 INFO archived 1336996252538564608
2022-03-18 06:32:00,168 INFO archived 1280597383601061897
2022-03-18 06:32:00,168 INFO archived 898433708
2022-03-18 06:32:09,036 INFO loading None profile from config C:\Users\Administrator\.twarc
2022-03-18 06:32:09,036 INFO creating http session
2022-03-18 06:32:09,036 INFO creating OAuth1 user authentication
2022-03-18 06:32:09,036 INFO getting ('https://api.twitter.com/1.1/account/verify_credentials.json',) {'params': {'tweet_mode': 'extended'}}
2022-03-18 06:32:09,254 INFO getting ('https://api.twitter.com/1.1/followers/ids.json',) {'params': {'screen_name': 'Mha22Al', 'cursor': -1, 'tweet_mode': 'extended'}}
2022-03-18 06:32:09,296 INFO archived 709581483216744450
2022-03-18 06:32:09,296 INFO archived 1084881662
2022-03-18 06:32:09,296 INFO archived 1442156364961251336
2022-03-18 06:32:09,297 INFO archived 1536257017
2022-03-18 06:32:09,297 INFO archived 1035367433991856128
2022-03-18 06:32:09,297 INFO archived 881231140287373312
2022-03-18 06:32:09,297 INFO archived 1411041505658257413
2022-03-18 06:32:09,297 INFO archived 1280665352666570752
2022-03-18 06:32:09,297 INFO archived 1296588200203304960
2022-03-18 06:32:09,305 INFO archived 1337528077941956608
2022-03-18 06:32:09,305 INFO archived 19677705
2022-03-18 06:32:09,305 INFO archived 1188465956818841602
2022-03-18 06:32:22,513 INFO loading None profile from config C:\Users\Administrator\.twarc
2022-03-18 06:32:22,513 INFO creating http session
2022-03-18 06:32:22,513 INFO creating OAuth1 user authentication
2022-03-18 06:32:22,513 INFO getting ('https://api.twitter.com/1.1/account/verify_credentials.json',) {'params': {'tweet_mode': 'extended'}}
2022-03-18 06:32:22,682 INFO looking up users 709581483216744450,1084881662,1442156364961251336,1536257017,1035367433991856128,881231140287373312,1411041505658257413,1280665352666570752,1296588200203304960,1337528077941956608,19677705,1188465956818841602
2022-03-18 06:32:22,683 INFO getting ('https://api.twitter.com/1.1/users/lookup.json',) {'params': {'user_id': '709581483216744450,1084881662,1442156364961251336,1536257017,1035367433991856128,881231140287373312,1411041505658257413,1280665352666570752,1296588200203304960,1337528077941956608,19677705,1188465956818841602', 'tweet_mode': 'extended'}}
2022-03-18 06:32:22,804 INFO archived 709581483216744450
2022-03-18 06:32:22,805 INFO archived 1084881662
2022-03-18 06:32:22,806 INFO archived 1442156364961251336
2022-03-18 06:32:22,806 INFO archived 1536257017
2022-03-18 06:32:22,807 INFO archived 1035367433991856128
2022-03-18 06:32:22,807 INFO archived 881231140287373312
2022-03-18 06:32:22,807 INFO archived 1411041505658257413
2022-03-18 06:32:22,808 INFO archived 1280665352666570752
2022-03-18 06:32:22,808 INFO archived 1296588200203304960
2022-03-18 06:32:22,808 INFO archived 1337528077941956608
2022-03-18 06:32:22,808 INFO archived 19677705
2022-03-18 06:32:22,809 INFO archived 1188465956818841602
2022-03-18 06:32:31,703 INFO loading None profile from config C:\Users\Administrator\.twarc
2022-03-18 06:32:31,704 INFO creating http session
2022-03-18 06:32:31,704 INFO creating OAuth1 user authentication
2022-03-18 06:32:31,705 INFO getting ('https://api.twitter.com/1.1/account/verify_credentials.json',) {'params': {'tweet_mode': 'extended'}}
2022-03-18 06:32:31,845 INFO looking up users 20270659,347320239,104650279,466855555,3309371255,1288817734730514434,1397026043756613634,881231140287373312,1411041505658257413,3636994350,1259964873246531585,1391174779986657281,1296588200203304960,38678666,1447911097,1303111947580329984,1296052257717399553,1188465956818841602,1267150617941868544,901030183213445125,1336996252538564608,1280597383601061897,898433708
2022-03-18 06:32:31,845 INFO getting ('https://api.twitter.com/1.1/users/lookup.json',) {'params': {'user_id': '20270659,347320239,104650279,466855555,3309371255,1288817734730514434,1397026043756613634,881231140287373312,1411041505658257413,3636994350,1259964873246531585,1391174779986657281,1296588200203304960,38678666,1447911097,1303111947580329984,1296052257717399553,1188465956818841602,1267150617941868544,901030183213445125,1336996252538564608,1280597383601061897,898433708', 'tweet_mode': 'extended'}}
2022-03-18 06:32:32,225 INFO archived 20270659
2022-03-18 06:32:32,225 INFO archived 347320239
2022-03-18 06:32:32,226 INFO archived 104650279
2022-03-18 06:32:32,226 INFO archived 466855555
2022-03-18 06:32:32,232 INFO archived 3309371255
2022-03-18 06:32:32,232 INFO archived 1288817734730514434
2022-03-18 06:32:32,233 INFO archived 1397026043756613634
2022-03-18 06:32:32,234 INFO archived 881231140287373312
2022-03-18 06:32:32,234 INFO archived 1411041505658257413
2022-03-18 06:32:32,234 INFO archived 3636994350
2022-03-18 06:32:32,234 INFO archived 1259964873246531585
2022-03-18 06:32:32,235 INFO archived 1391174779986657281
2022-03-18 06:32:32,235 INFO archived 1296588200203304960
2022-03-18 06:32:32,236 INFO archived 38678666
2022-03-18 06:32:32,236 INFO archived 1447911097
2022-03-18 06:32:32,236 INFO archived 1303111947580329984
2022-03-18 06:32:32,236 INFO archived 1296052257717399553
2022-03-18 06:32:32,237 INFO archived 1188465956818841602
2022-03-18 06:32:32,237 INFO archived 1267150617941868544
2022-03-18 06:32:32,237 INFO archived 901030183213445125
2022-03-18 06:32:32,238 INFO archived 1336996252538564608
2022-03-18 06:32:32,238 INFO archived 1280597383601061897
2022-03-18 06:32:32,238 INFO archived 898433708
