2022-05-25 13:28:06,127 INFO loading None profile from config C:\Users\Administrator\.twarc
2022-05-25 13:28:06,127 INFO creating http session
2022-05-25 13:28:06,127 INFO creating OAuth1 user authentication
2022-05-25 13:28:06,127 INFO getting ('https://api.twitter.com/1.1/account/verify_credentials.json',) {'params': {'tweet_mode': 'extended'}}
2022-05-25 13:28:06,260 INFO looking up users PaulBarresi1
2022-05-25 13:28:06,260 INFO getting ('https://api.twitter.com/1.1/users/lookup.json',) {'params': {'screen_name': 'PaulBarresi1', 'tweet_mode': 'extended'}}
2022-05-25 13:28:06,354 INFO archived 1444771622640971777
2022-05-25 13:28:15,336 INFO loading None profile from config C:\Users\Administrator\.twarc
2022-05-25 13:28:15,336 INFO creating http session
2022-05-25 13:28:15,336 INFO creating OAuth1 user authentication
2022-05-25 13:28:15,336 INFO getting ('https://api.twitter.com/1.1/account/verify_credentials.json',) {'params': {'tweet_mode': 'extended'}}
2022-05-25 13:28:15,492 INFO getting ('https://api.twitter.com/1.1/followers/ids.json',) {'params': {'screen_name': 'PaulBarresi1', 'cursor': -1, 'tweet_mode': 'extended'}}
2022-05-25 13:28:15,539 INFO archived 1409630299659587587
2022-05-25 13:28:15,539 INFO archived 24201405
2022-05-25 13:28:15,539 INFO archived 1224391447572549634
2022-05-25 13:28:15,539 INFO archived 1180028802287702016
2022-05-25 13:28:15,539 INFO archived 30127494
2022-05-25 13:28:15,539 INFO archived 304438831
2022-05-25 13:28:15,539 INFO archived 1357214149135249411
2022-05-25 13:28:15,539 INFO archived 796886643131187200
2022-05-25 13:28:15,539 INFO archived 80546748
2022-05-25 13:28:15,539 INFO archived 3188788849
2022-05-25 13:28:25,376 INFO loading None profile from config C:\Users\Administrator\.twarc
2022-05-25 13:28:25,376 INFO creating http session
2022-05-25 13:28:25,376 INFO creating OAuth1 user authentication
2022-05-25 13:28:25,376 INFO getting ('https://api.twitter.com/1.1/account/verify_credentials.json',) {'params': {'tweet_mode': 'extended'}}
2022-05-25 13:28:25,595 INFO getting ('https://api.twitter.com/1.1/friends/ids.json',) {'params': {'screen_name': 'PaulBarresi1', 'cursor': -1, 'tweet_mode': 'extended'}}
2022-05-25 13:28:25,642 INFO archived 544304020
2022-05-25 13:28:25,642 INFO archived 112796663
2022-05-25 13:28:25,642 INFO archived 24886025
2022-05-25 13:28:25,642 INFO archived 22671461
2022-05-25 13:28:25,642 INFO archived 19346145
2022-05-25 13:28:25,642 INFO archived 244998644
2022-05-25 13:28:25,642 INFO archived 3316408438
2022-05-25 13:28:25,642 INFO archived 20327105
2022-05-25 13:28:25,642 INFO archived 159525316
2022-05-25 13:28:25,642 INFO archived 1161397215023304705
2022-05-25 13:28:25,642 INFO archived 14123751
2022-05-25 13:28:25,642 INFO archived 44196397
2022-05-25 13:28:25,642 INFO archived 3188788849
2022-05-25 13:28:25,642 INFO archived 30127494
2022-05-25 13:28:25,642 INFO archived 9763482
2022-05-25 13:28:25,642 INFO archived 304438831
2022-05-25 13:28:25,642 INFO archived 29427149
2022-05-25 13:28:25,642 INFO archived 334304915
2022-05-25 13:28:25,642 INFO archived 16331010
2022-05-25 13:28:25,642 INFO archived 116547240
2022-05-25 13:28:25,642 INFO archived 15019821
2022-05-25 13:28:25,642 INFO archived 18345718
2022-05-25 13:28:25,642 INFO archived 1173668524142800899
2022-05-25 13:28:25,642 INFO archived 55580447
2022-05-25 13:28:25,642 INFO archived 24924163
2022-05-25 13:28:25,642 INFO archived 1120493257551699972
2022-05-25 13:28:25,642 INFO archived 1081270526448939008
2022-05-25 13:28:25,642 INFO archived 2891786523
2022-05-25 13:28:25,642 INFO archived 1224391447572549634
2022-05-25 13:28:25,642 INFO archived 212038869
2022-05-25 13:28:25,642 INFO archived 80546748
2022-05-25 13:28:35,098 INFO loading None profile from config C:\Users\Administrator\.twarc
2022-05-25 13:28:35,098 INFO creating http session
2022-05-25 13:28:35,098 INFO creating OAuth1 user authentication
2022-05-25 13:28:35,098 INFO getting ('https://api.twitter.com/1.1/account/verify_credentials.json',) {'params': {'tweet_mode': 'extended'}}
2022-05-25 13:28:35,239 INFO starting user timeline for user PaulBarresi1
2022-05-25 13:28:35,239 INFO getting ('https://api.twitter.com/1.1/statuses/user_timeline.json',) {'params': {'count': 200, 'screen_name': 'PaulBarresi1', 'include_ext_alt_text': 'true', 'tweet_mode': 'extended'}}
2022-05-25 13:28:35,489 INFO archived 1528526619031195648
2022-05-25 13:28:35,489 INFO archived 1528454246965706753
2022-05-25 13:28:35,489 INFO archived 1528132230026956800
2022-05-25 13:28:35,489 INFO archived 1528052071043190784
2022-05-25 13:28:35,489 INFO archived 1527721243494887424
2022-05-25 13:28:35,489 INFO archived 1527031348145246208
2022-05-25 13:28:35,489 INFO archived 1526952828412887040
2022-05-25 13:28:35,489 INFO archived 1525644519886032897
2022-05-25 13:28:35,505 INFO archived 1525206013330067457
2022-05-25 13:28:35,505 INFO archived 1525115783679836162
2022-05-25 13:28:35,505 INFO archived 1525115555685888001
2022-05-25 13:28:35,505 INFO archived 1524948987052036097
2022-05-25 13:28:35,505 INFO archived 1524575738430582784
2022-05-25 13:28:35,505 INFO archived 1524571318561116160
2022-05-25 13:28:35,505 INFO archived 1524080683651534849
2022-05-25 13:28:35,505 INFO archived 1523604539588313088
2022-05-25 13:28:35,505 INFO archived 1522868171086045184
2022-05-25 13:28:35,505 INFO archived 1522648450919063552
2022-05-25 13:28:35,505 INFO archived 1522648413409402881
2022-05-25 13:28:35,505 INFO archived 1522320561296183297
2022-05-25 13:28:35,505 INFO archived 1522042826401320960
2022-05-25 13:28:35,505 INFO archived 1522041866375471104
2022-05-25 13:28:35,505 INFO archived 1522041803096006656
2022-05-25 13:28:35,505 INFO archived 1522025345020403712
2022-05-25 13:28:35,505 INFO archived 1522024292069699584
2022-05-25 13:28:35,505 INFO archived 1522023793350176768
2022-05-25 13:28:35,505 INFO archived 1522023736232144896
2022-05-25 13:28:35,505 INFO archived 1522022946671185921
2022-05-25 13:28:35,505 INFO archived 1522022905604755458
2022-05-25 13:28:35,505 INFO archived 1522022858876014592
2022-05-25 13:28:35,505 INFO archived 1522022763707322368
2022-05-25 13:28:35,505 INFO archived 1522022736104595457
2022-05-25 13:28:35,505 INFO archived 1522022680735625216
2022-05-25 13:28:35,505 INFO archived 1522022606425128960
2022-05-25 13:28:35,520 INFO archived 1522022487139053568
2022-05-25 13:28:35,520 INFO archived 1522021902486622208
2022-05-25 13:28:35,520 INFO archived 1522021716125372417
2022-05-25 13:28:35,520 INFO archived 1522021667458846720
2022-05-25 13:28:35,520 INFO archived 1522021593982988288
2022-05-25 13:28:35,520 INFO archived 1522021564614529024
2022-05-25 13:28:35,520 INFO archived 1522021535690592257
2022-05-25 13:28:35,520 INFO archived 1522021448851755008
2022-05-25 13:28:35,520 INFO archived 1522019902239870976
2022-05-25 13:28:35,520 INFO archived 1517939867543502848
2022-05-25 13:28:35,520 INFO getting ('https://api.twitter.com/1.1/statuses/user_timeline.json',) {'params': {'count': 200, 'screen_name': 'PaulBarresi1', 'include_ext_alt_text': 'true', 'tweet_mode': 'extended', 'max_id': '1517939867543502847'}}
2022-05-25 13:28:35,567 INFO no new tweets matching {'count': 200, 'screen_name': 'PaulBarresi1', 'include_ext_alt_text': 'true', 'tweet_mode': 'extended', 'max_id': '1517939867543502847'}
2022-05-25 13:28:45,925 INFO loading None profile from config C:\Users\Administrator\.twarc
2022-05-25 13:28:45,925 INFO creating http session
2022-05-25 13:28:45,925 INFO creating OAuth1 user authentication
2022-05-25 13:28:45,925 INFO getting ('https://api.twitter.com/1.1/account/verify_credentials.json',) {'params': {'tweet_mode': 'extended'}}
2022-05-25 13:28:46,050 INFO looking up users 1409630299659587587,24201405,1224391447572549634,1180028802287702016,30127494,304438831,1357214149135249411,796886643131187200,80546748,3188788849
2022-05-25 13:28:46,050 INFO getting ('https://api.twitter.com/1.1/users/lookup.json',) {'params': {'user_id': '1409630299659587587,24201405,1224391447572549634,1180028802287702016,30127494,304438831,1357214149135249411,796886643131187200,80546748,3188788849', 'tweet_mode': 'extended'}}
2022-05-25 13:28:46,159 INFO archived 1409630299659587587
2022-05-25 13:28:46,159 INFO archived 24201405
2022-05-25 13:28:46,159 INFO archived 1224391447572549634
2022-05-25 13:28:46,159 INFO archived 1180028802287702016
2022-05-25 13:28:46,159 INFO archived 30127494
2022-05-25 13:28:46,159 INFO archived 304438831
2022-05-25 13:28:46,159 INFO archived 1357214149135249411
2022-05-25 13:28:46,159 INFO archived 796886643131187200
2022-05-25 13:28:46,159 INFO archived 80546748
2022-05-25 13:28:46,159 INFO archived 3188788849
2022-05-25 13:28:54,312 INFO loading None profile from config C:\Users\Administrator\.twarc
2022-05-25 13:28:54,312 INFO creating http session
2022-05-25 13:28:54,312 INFO creating OAuth1 user authentication
2022-05-25 13:28:54,312 INFO getting ('https://api.twitter.com/1.1/account/verify_credentials.json',) {'params': {'tweet_mode': 'extended'}}
2022-05-25 13:28:54,515 INFO looking up users 544304020,112796663,24886025,22671461,19346145,244998644,3316408438,20327105,159525316,1161397215023304705,14123751,44196397,3188788849,30127494,9763482,304438831,29427149,334304915,16331010,116547240,15019821,18345718,1173668524142800899,55580447,24924163,1120493257551699972,1081270526448939008,2891786523,1224391447572549634,212038869,80546748
2022-05-25 13:28:54,515 INFO getting ('https://api.twitter.com/1.1/users/lookup.json',) {'params': {'user_id': '544304020,112796663,24886025,22671461,19346145,244998644,3316408438,20327105,159525316,1161397215023304705,14123751,44196397,3188788849,30127494,9763482,304438831,29427149,334304915,16331010,116547240,15019821,18345718,1173668524142800899,55580447,24924163,1120493257551699972,1081270526448939008,2891786523,1224391447572549634,212038869,80546748', 'tweet_mode': 'extended'}}
2022-05-25 13:28:54,703 INFO archived 544304020
2022-05-25 13:28:54,703 INFO archived 112796663
2022-05-25 13:28:54,703 INFO archived 24886025
2022-05-25 13:28:54,703 INFO archived 22671461
2022-05-25 13:28:54,703 INFO archived 19346145
2022-05-25 13:28:54,703 INFO archived 244998644
2022-05-25 13:28:54,703 INFO archived 3316408438
2022-05-25 13:28:54,703 INFO archived 20327105
2022-05-25 13:28:54,703 INFO archived 159525316
2022-05-25 13:28:54,703 INFO archived 1161397215023304705
2022-05-25 13:28:54,703 INFO archived 14123751
2022-05-25 13:28:54,703 INFO archived 44196397
2022-05-25 13:28:54,703 INFO archived 3188788849
2022-05-25 13:28:54,703 INFO archived 30127494
2022-05-25 13:28:54,703 INFO archived 9763482
2022-05-25 13:28:54,703 INFO archived 304438831
2022-05-25 13:28:54,718 INFO archived 29427149
2022-05-25 13:28:54,718 INFO archived 334304915
2022-05-25 13:28:54,718 INFO archived 16331010
2022-05-25 13:28:54,718 INFO archived 116547240
2022-05-25 13:28:54,718 INFO archived 15019821
2022-05-25 13:28:54,718 INFO archived 18345718
2022-05-25 13:28:54,718 INFO archived 1173668524142800899
2022-05-25 13:28:54,718 INFO archived 55580447
2022-05-25 13:28:54,718 INFO archived 24924163
2022-05-25 13:28:54,718 INFO archived 1120493257551699972
2022-05-25 13:28:54,718 INFO archived 1081270526448939008
2022-05-25 13:28:54,718 INFO archived 2891786523
2022-05-25 13:28:54,718 INFO archived 1224391447572549634
2022-05-25 13:28:54,718 INFO archived 212038869
2022-05-25 13:28:54,718 INFO archived 80546748
