2022-03-16 09:45:33,966 INFO loading None profile from config C:\Users\Administrator\.twarc
2022-03-16 09:45:33,966 INFO creating http session
2022-03-16 09:45:33,966 INFO creating OAuth1 user authentication
2022-03-16 09:45:33,966 INFO getting ('https://api.twitter.com/1.1/account/verify_credentials.json',) {'params': {'tweet_mode': 'extended'}}
2022-03-16 09:45:34,123 INFO looking up users 1322465467,1426676984088760320,1210187818623852544,2903806430,1494167439785046018,1210032765074386945,1499040700427485186,1120978293241581568,1317102837390692353,1321587550063075328,1367510660,1279403782217117696,952820393261387776,748643003850493952,1424431431581933570,1472188770287947776,2440226010,830206650,1280347929455321090,916000952,1485068351596552196,2174633042,1431814921583476741,896980333199052801,872383307211788294,1430888045197238273,1407076934580850690,929526053109825536,1335586107191398403,1215637844280012801,540669076,24137066,1259078784613060608,1477158721105145857,621461400,1392516727209091076,746491062672326656,1475078383969079297,1328708349618249731,1189343251163238400,1399186666133282818,1269760872781680640,1424770051866087427,1473943343662972929,3146650072,1453371403923767303,952934727412981761,1402371941600727042,148106372,1418492157565054983,1428097801364381705,36499171,1418598282859778060,914931358119743488,16114279,85265912,1310563530886852610,816359724404703232,1220556217975820288,1129076551444828160,1321523955061063680,321422085,1162131795573379072,751888602146086912,744609330515804160,1467318550872440832,1456715119023566849,1387421655610298383,1457336237249863684,1375581206679539716,1212283602869702657,513111179,987590657282838528,1455356035481407488,1218260046678650880,1266704800504254470,1254921053324947459,2166503449,1352110359272972288,1450251233479077888,1448016415076716545,834225914854666241,1335298381787369472,1260904381823754241,1327485242639310853,379779248,863253094334734337,1051971905534795776,786849208577953792,1433893723495190530,1199172409473019909,1330518413370855426,1382266594877902851,1378891901508722689,1436726121618292736,1039629318379511808,992422924530388993,791788523372310528,3095274353,16586873
2022-03-16 09:45:34,123 INFO getting ('https://api.twitter.com/1.1/users/lookup.json',) {'params': {'user_id': '1322465467,1426676984088760320,1210187818623852544,2903806430,1494167439785046018,1210032765074386945,1499040700427485186,1120978293241581568,1317102837390692353,1321587550063075328,1367510660,1279403782217117696,952820393261387776,748643003850493952,1424431431581933570,1472188770287947776,2440226010,830206650,1280347929455321090,916000952,1485068351596552196,2174633042,1431814921583476741,896980333199052801,872383307211788294,1430888045197238273,1407076934580850690,929526053109825536,1335586107191398403,1215637844280012801,540669076,24137066,1259078784613060608,1477158721105145857,621461400,1392516727209091076,746491062672326656,1475078383969079297,1328708349618249731,1189343251163238400,1399186666133282818,1269760872781680640,1424770051866087427,1473943343662972929,3146650072,1453371403923767303,952934727412981761,1402371941600727042,148106372,1418492157565054983,1428097801364381705,36499171,1418598282859778060,914931358119743488,16114279,85265912,1310563530886852610,816359724404703232,1220556217975820288,1129076551444828160,1321523955061063680,321422085,1162131795573379072,751888602146086912,744609330515804160,1467318550872440832,1456715119023566849,1387421655610298383,1457336237249863684,1375581206679539716,1212283602869702657,513111179,987590657282838528,1455356035481407488,1218260046678650880,1266704800504254470,1254921053324947459,2166503449,1352110359272972288,1450251233479077888,1448016415076716545,834225914854666241,1335298381787369472,1260904381823754241,1327485242639310853,379779248,863253094334734337,1051971905534795776,786849208577953792,1433893723495190530,1199172409473019909,1330518413370855426,1382266594877902851,1378891901508722689,1436726121618292736,1039629318379511808,992422924530388993,791788523372310528,3095274353,16586873', 'tweet_mode': 'extended'}}
2022-03-16 09:45:34,904 INFO archived 1322465467
2022-03-16 09:45:34,904 INFO archived 1426676984088760320
2022-03-16 09:45:34,904 INFO archived 1210187818623852544
2022-03-16 09:45:34,904 INFO archived 2903806430
2022-03-16 09:45:34,904 INFO archived 1494167439785046018
2022-03-16 09:45:34,904 INFO archived 1210032765074386945
2022-03-16 09:45:34,904 INFO archived 1499040700427485186
2022-03-16 09:45:34,904 INFO archived 1120978293241581568
2022-03-16 09:45:34,904 INFO archived 1317102837390692353
2022-03-16 09:45:34,904 INFO archived 1321587550063075328
2022-03-16 09:45:34,904 INFO archived 1367510660
2022-03-16 09:45:34,904 INFO archived 1279403782217117696
2022-03-16 09:45:34,904 INFO archived 952820393261387776
2022-03-16 09:45:34,904 INFO archived 748643003850493952
2022-03-16 09:45:34,904 INFO archived 1424431431581933570
2022-03-16 09:45:34,904 INFO archived 1472188770287947776
2022-03-16 09:45:34,904 INFO archived 2440226010
2022-03-16 09:45:34,904 INFO archived 830206650
2022-03-16 09:45:34,904 INFO archived 1280347929455321090
2022-03-16 09:45:34,904 INFO archived 916000952
2022-03-16 09:45:34,904 INFO archived 1485068351596552196
2022-03-16 09:45:34,904 INFO archived 2174633042
2022-03-16 09:45:34,904 INFO archived 1431814921583476741
2022-03-16 09:45:34,904 INFO archived 896980333199052801
2022-03-16 09:45:34,904 INFO archived 872383307211788294
2022-03-16 09:45:34,904 INFO archived 1430888045197238273
2022-03-16 09:45:34,904 INFO archived 1407076934580850690
2022-03-16 09:45:34,904 INFO archived 929526053109825536
2022-03-16 09:45:34,904 INFO archived 1335586107191398403
2022-03-16 09:45:34,904 INFO archived 1215637844280012801
2022-03-16 09:45:34,919 INFO archived 540669076
2022-03-16 09:45:34,919 INFO archived 24137066
2022-03-16 09:45:34,919 INFO archived 1259078784613060608
2022-03-16 09:45:34,919 INFO archived 1477158721105145857
2022-03-16 09:45:34,919 INFO archived 621461400
2022-03-16 09:45:34,919 INFO archived 1392516727209091076
2022-03-16 09:45:34,919 INFO archived 746491062672326656
2022-03-16 09:45:34,919 INFO archived 1475078383969079297
2022-03-16 09:45:34,919 INFO archived 1328708349618249731
2022-03-16 09:45:34,919 INFO archived 1189343251163238400
2022-03-16 09:45:34,919 INFO archived 1399186666133282818
2022-03-16 09:45:34,919 INFO archived 1269760872781680640
2022-03-16 09:45:34,919 INFO archived 1424770051866087427
2022-03-16 09:45:34,919 INFO archived 1473943343662972929
2022-03-16 09:45:34,919 INFO archived 3146650072
2022-03-16 09:45:34,919 INFO archived 1453371403923767303
2022-03-16 09:45:34,919 INFO archived 952934727412981761
2022-03-16 09:45:34,919 INFO archived 1402371941600727042
2022-03-16 09:45:34,919 INFO archived 148106372
2022-03-16 09:45:34,919 INFO archived 1418492157565054983
2022-03-16 09:45:34,919 INFO archived 1428097801364381705
2022-03-16 09:45:34,919 INFO archived 36499171
2022-03-16 09:45:34,919 INFO archived 1418598282859778060
2022-03-16 09:45:34,919 INFO archived 914931358119743488
2022-03-16 09:45:34,919 INFO archived 16114279
2022-03-16 09:45:34,919 INFO archived 85265912
2022-03-16 09:45:34,919 INFO archived 1310563530886852610
2022-03-16 09:45:34,919 INFO archived 816359724404703232
2022-03-16 09:45:34,919 INFO archived 1220556217975820288
2022-03-16 09:45:34,919 INFO archived 1129076551444828160
2022-03-16 09:45:34,919 INFO archived 1321523955061063680
2022-03-16 09:45:34,919 INFO archived 321422085
2022-03-16 09:45:34,919 INFO archived 1162131795573379072
2022-03-16 09:45:34,919 INFO archived 751888602146086912
2022-03-16 09:45:34,919 INFO archived 744609330515804160
2022-03-16 09:45:34,919 INFO archived 1467318550872440832
2022-03-16 09:45:34,919 INFO archived 1456715119023566849
2022-03-16 09:45:34,919 INFO archived 1387421655610298383
2022-03-16 09:45:34,919 INFO archived 1457336237249863684
2022-03-16 09:45:34,935 INFO archived 1375581206679539716
2022-03-16 09:45:34,935 INFO archived 1212283602869702657
2022-03-16 09:45:34,935 INFO archived 513111179
2022-03-16 09:45:34,935 INFO archived 987590657282838528
2022-03-16 09:45:34,935 INFO archived 1455356035481407488
2022-03-16 09:45:34,935 INFO archived 1218260046678650880
2022-03-16 09:45:34,935 INFO archived 1266704800504254470
2022-03-16 09:45:34,935 INFO archived 1254921053324947459
2022-03-16 09:45:34,935 INFO archived 2166503449
2022-03-16 09:45:34,935 INFO archived 1352110359272972288
2022-03-16 09:45:34,935 INFO archived 1450251233479077888
2022-03-16 09:45:34,935 INFO archived 1448016415076716545
2022-03-16 09:45:34,935 INFO archived 834225914854666241
2022-03-16 09:45:34,951 INFO archived 1335298381787369472
2022-03-16 09:45:34,951 INFO archived 1260904381823754241
2022-03-16 09:45:34,951 INFO archived 1327485242639310853
2022-03-16 09:45:34,951 INFO archived 379779248
2022-03-16 09:45:34,951 INFO archived 863253094334734337
2022-03-16 09:45:34,951 INFO archived 1051971905534795776
2022-03-16 09:45:34,951 INFO archived 786849208577953792
2022-03-16 09:45:34,951 INFO archived 1433893723495190530
2022-03-16 09:45:34,951 INFO archived 1199172409473019909
2022-03-16 09:45:34,951 INFO archived 1330518413370855426
2022-03-16 09:45:34,951 INFO archived 1382266594877902851
2022-03-16 09:45:34,951 INFO archived 1378891901508722689
2022-03-16 09:45:34,951 INFO archived 1436726121618292736
2022-03-16 09:45:34,951 INFO archived 1039629318379511808
2022-03-16 09:45:34,951 INFO archived 992422924530388993
2022-03-16 09:45:34,951 INFO archived 791788523372310528
2022-03-16 09:45:34,951 INFO archived 3095274353
2022-03-16 09:45:34,951 INFO archived 16586873
2022-03-16 09:45:34,951 INFO looking up users 791768718414151680,1368437453007122432,1364611951855288321,1345743405402480656,1242034945457098752,322863626,1069676514004910081,1189140406199607296,1257912417595478016,1309120681968316416,177009810,857971009080532993,181720099,1116213957730033664,1077927436233322496,1418557518385659907,1421881462526197762,1295185275677802496,1168431450028412929,1439545939283353608,1323013608431886338,1444784455533608964,2244131373,969401587507585024,1075784710389985281,944926610024779777,77577566,1441939528613171200,999334419143057414,1029848294737031171,1257762034491555843,1352016143100354565,1357374332843003906,36456247,1031863937351016448,940459573105823744,1511538595,1381336435538550787,753892972949823488,1397585184845975564,1415766739590254598,1412067305635434504,1423663858733002752
2022-03-16 09:45:34,951 INFO getting ('https://api.twitter.com/1.1/users/lookup.json',) {'params': {'user_id': '791768718414151680,1368437453007122432,1364611951855288321,1345743405402480656,1242034945457098752,322863626,1069676514004910081,1189140406199607296,1257912417595478016,1309120681968316416,177009810,857971009080532993,181720099,1116213957730033664,1077927436233322496,1418557518385659907,1421881462526197762,1295185275677802496,1168431450028412929,1439545939283353608,1323013608431886338,1444784455533608964,2244131373,969401587507585024,1075784710389985281,944926610024779777,77577566,1441939528613171200,999334419143057414,1029848294737031171,1257762034491555843,1352016143100354565,1357374332843003906,36456247,1031863937351016448,940459573105823744,1511538595,1381336435538550787,753892972949823488,1397585184845975564,1415766739590254598,1412067305635434504,1423663858733002752', 'tweet_mode': 'extended'}}
2022-03-16 09:45:35,500 INFO archived 791768718414151680
2022-03-16 09:45:35,500 INFO archived 1368437453007122432
2022-03-16 09:45:35,500 INFO archived 1364611951855288321
2022-03-16 09:45:35,500 INFO archived 1345743405402480656
2022-03-16 09:45:35,500 INFO archived 1242034945457098752
2022-03-16 09:45:35,500 INFO archived 322863626
2022-03-16 09:45:35,500 INFO archived 1069676514004910081
2022-03-16 09:45:35,500 INFO archived 1189140406199607296
2022-03-16 09:45:35,500 INFO archived 1257912417595478016
2022-03-16 09:45:35,500 INFO archived 1309120681968316416
2022-03-16 09:45:35,500 INFO archived 177009810
2022-03-16 09:45:35,500 INFO archived 857971009080532993
2022-03-16 09:45:35,500 INFO archived 181720099
2022-03-16 09:45:35,500 INFO archived 1116213957730033664
2022-03-16 09:45:35,500 INFO archived 1077927436233322496
2022-03-16 09:45:35,500 INFO archived 1418557518385659907
2022-03-16 09:45:35,500 INFO archived 1421881462526197762
2022-03-16 09:45:35,500 INFO archived 1295185275677802496
2022-03-16 09:45:35,500 INFO archived 1168431450028412929
2022-03-16 09:45:35,500 INFO archived 1439545939283353608
2022-03-16 09:45:35,500 INFO archived 1323013608431886338
2022-03-16 09:45:35,500 INFO archived 1444784455533608964
2022-03-16 09:45:35,500 INFO archived 2244131373
2022-03-16 09:45:35,500 INFO archived 969401587507585024
2022-03-16 09:45:35,500 INFO archived 1075784710389985281
2022-03-16 09:45:35,500 INFO archived 944926610024779777
2022-03-16 09:45:35,500 INFO archived 77577566
2022-03-16 09:45:35,500 INFO archived 1441939528613171200
2022-03-16 09:45:35,500 INFO archived 999334419143057414
2022-03-16 09:45:35,500 INFO archived 1029848294737031171
2022-03-16 09:45:35,500 INFO archived 1257762034491555843
2022-03-16 09:45:35,500 INFO archived 1352016143100354565
2022-03-16 09:45:35,500 INFO archived 1357374332843003906
2022-03-16 09:45:35,500 INFO archived 36456247
2022-03-16 09:45:35,500 INFO archived 1031863937351016448
2022-03-16 09:45:35,500 INFO archived 940459573105823744
2022-03-16 09:45:35,500 INFO archived 1511538595
2022-03-16 09:45:35,500 INFO archived 1381336435538550787
2022-03-16 09:45:35,500 INFO archived 753892972949823488
2022-03-16 09:45:35,500 INFO archived 1397585184845975564
2022-03-16 09:45:35,500 INFO archived 1415766739590254598
2022-03-16 09:45:35,500 INFO archived 1412067305635434504
2022-03-16 09:45:35,500 INFO archived 1423663858733002752
2022-03-16 09:45:49,379 INFO loading None profile from config C:\Users\Administrator\.twarc
2022-03-16 09:45:49,379 INFO creating http session
2022-03-16 09:45:49,379 INFO creating OAuth1 user authentication
2022-03-16 09:45:49,379 INFO getting ('https://api.twitter.com/1.1/account/verify_credentials.json',) {'params': {'tweet_mode': 'extended'}}
2022-03-16 09:45:49,551 INFO looking up users 1120978293241581568,1431395602982752256,1485068351596552196,896980333199052801,1904830838,852511642839650305,1437491037090598920,1387216929971134466,1315435297530884103,1407076934580850690,1413620277892747272,1319853629898170369,1430888045197238273,1477158721105145857,1402371941600727042,1442154115870519309,1424770051866087427,1450882950208368641,1426720225572032512,1289358794082975746,3146650072,1453371403923767303,1428097801364381705,148106372,36499171,1418492157565054983,1442178880647806982,1399186666133282818,744609330515804160,1435637111500288000,1354599239289102337,1418598282859778060,914931358119743488,16114279,1129076551444828160,1439912548292349955,321422085,1387421655610298383,987590657282838528,1455356035481407488,379779248,999334419143057414,1364611951855288321,753892972949823488,1309120681968316416,1257912417595478016,791768718414151680,1189140406199607296,3095274353,1199172409473019909,1382266594877902851,177009810,1330518413370855426,1348995410262700034,1069676514004910081,857971009080532993,322863626,16586873,1327485242639310853,791788523372310528,181720099,1418557518385659907,1295185275677802496,1439545939283353608,1444784455533608964,1029848294737031171,1421881462526197762,1378891901508722689,1352016143100354565,1031863937351016448,1386054474163183621,1375581206679539716,1357374332843003906,1254921053324947459,1257762034491555843,1075784710389985281,1511538595,944926610024779777,940459573105823744,1417207359303299077,1381336435538550787,1265680389869273088,1423663858733002752,807003567605227520
2022-03-16 09:45:49,551 INFO getting ('https://api.twitter.com/1.1/users/lookup.json',) {'params': {'user_id': '1120978293241581568,1431395602982752256,1485068351596552196,896980333199052801,1904830838,852511642839650305,1437491037090598920,1387216929971134466,1315435297530884103,1407076934580850690,1413620277892747272,1319853629898170369,1430888045197238273,1477158721105145857,1402371941600727042,1442154115870519309,1424770051866087427,1450882950208368641,1426720225572032512,1289358794082975746,3146650072,1453371403923767303,1428097801364381705,148106372,36499171,1418492157565054983,1442178880647806982,1399186666133282818,744609330515804160,1435637111500288000,1354599239289102337,1418598282859778060,914931358119743488,16114279,1129076551444828160,1439912548292349955,321422085,1387421655610298383,987590657282838528,1455356035481407488,379779248,999334419143057414,1364611951855288321,753892972949823488,1309120681968316416,1257912417595478016,791768718414151680,1189140406199607296,3095274353,1199172409473019909,1382266594877902851,177009810,1330518413370855426,1348995410262700034,1069676514004910081,857971009080532993,322863626,16586873,1327485242639310853,791788523372310528,181720099,1418557518385659907,1295185275677802496,1439545939283353608,1444784455533608964,1029848294737031171,1421881462526197762,1378891901508722689,1352016143100354565,1031863937351016448,1386054474163183621,1375581206679539716,1357374332843003906,1254921053324947459,1257762034491555843,1075784710389985281,1511538595,944926610024779777,940459573105823744,1417207359303299077,1381336435538550787,1265680389869273088,1423663858733002752,807003567605227520', 'tweet_mode': 'extended'}}
2022-03-16 09:45:50,119 INFO archived 1120978293241581568
2022-03-16 09:45:50,119 INFO archived 1431395602982752256
2022-03-16 09:45:50,119 INFO archived 1485068351596552196
2022-03-16 09:45:50,119 INFO archived 896980333199052801
2022-03-16 09:45:50,119 INFO archived 1904830838
2022-03-16 09:45:50,119 INFO archived 852511642839650305
2022-03-16 09:45:50,119 INFO archived 1437491037090598920
2022-03-16 09:45:50,119 INFO archived 1387216929971134466
2022-03-16 09:45:50,119 INFO archived 1315435297530884103
2022-03-16 09:45:50,119 INFO archived 1407076934580850690
2022-03-16 09:45:50,119 INFO archived 1413620277892747272
2022-03-16 09:45:50,119 INFO archived 1319853629898170369
2022-03-16 09:45:50,119 INFO archived 1430888045197238273
2022-03-16 09:45:50,119 INFO archived 1477158721105145857
2022-03-16 09:45:50,119 INFO archived 1402371941600727042
2022-03-16 09:45:50,119 INFO archived 1442154115870519309
2022-03-16 09:45:50,119 INFO archived 1424770051866087427
2022-03-16 09:45:50,119 INFO archived 1450882950208368641
2022-03-16 09:45:50,119 INFO archived 1426720225572032512
2022-03-16 09:45:50,119 INFO archived 1289358794082975746
2022-03-16 09:45:50,119 INFO archived 3146650072
2022-03-16 09:45:50,119 INFO archived 1453371403923767303
2022-03-16 09:45:50,119 INFO archived 1428097801364381705
2022-03-16 09:45:50,119 INFO archived 148106372
2022-03-16 09:45:50,119 INFO archived 36499171
2022-03-16 09:45:50,119 INFO archived 1418492157565054983
2022-03-16 09:45:50,119 INFO archived 1442178880647806982
2022-03-16 09:45:50,119 INFO archived 1399186666133282818
2022-03-16 09:45:50,119 INFO archived 744609330515804160
2022-03-16 09:45:50,119 INFO archived 1435637111500288000
2022-03-16 09:45:50,119 INFO archived 1354599239289102337
2022-03-16 09:45:50,119 INFO archived 1418598282859778060
2022-03-16 09:45:50,119 INFO archived 914931358119743488
2022-03-16 09:45:50,119 INFO archived 16114279
2022-03-16 09:45:50,119 INFO archived 1129076551444828160
2022-03-16 09:45:50,119 INFO archived 1439912548292349955
2022-03-16 09:45:50,119 INFO archived 321422085
2022-03-16 09:45:50,119 INFO archived 1387421655610298383
2022-03-16 09:45:50,119 INFO archived 987590657282838528
2022-03-16 09:45:50,119 INFO archived 1455356035481407488
2022-03-16 09:45:50,119 INFO archived 379779248
2022-03-16 09:45:50,119 INFO archived 999334419143057414
2022-03-16 09:45:50,119 INFO archived 1364611951855288321
2022-03-16 09:45:50,119 INFO archived 753892972949823488
2022-03-16 09:45:50,119 INFO archived 1309120681968316416
2022-03-16 09:45:50,119 INFO archived 1257912417595478016
2022-03-16 09:45:50,135 INFO archived 791768718414151680
2022-03-16 09:45:50,135 INFO archived 1189140406199607296
2022-03-16 09:45:50,135 INFO archived 3095274353
2022-03-16 09:45:50,135 INFO archived 1199172409473019909
2022-03-16 09:45:50,135 INFO archived 1382266594877902851
2022-03-16 09:45:50,135 INFO archived 177009810
2022-03-16 09:45:50,135 INFO archived 1330518413370855426
2022-03-16 09:45:50,135 INFO archived 1348995410262700034
2022-03-16 09:45:50,135 INFO archived 1069676514004910081
2022-03-16 09:45:50,135 INFO archived 857971009080532993
2022-03-16 09:45:50,135 INFO archived 322863626
2022-03-16 09:45:50,135 INFO archived 16586873
2022-03-16 09:45:50,135 INFO archived 1327485242639310853
2022-03-16 09:45:50,135 INFO archived 791788523372310528
2022-03-16 09:45:50,135 INFO archived 181720099
2022-03-16 09:45:50,135 INFO archived 1418557518385659907
2022-03-16 09:45:50,135 INFO archived 1295185275677802496
2022-03-16 09:45:50,135 INFO archived 1439545939283353608
2022-03-16 09:45:50,135 INFO archived 1444784455533608964
2022-03-16 09:45:50,135 INFO archived 1029848294737031171
2022-03-16 09:45:50,135 INFO archived 1421881462526197762
2022-03-16 09:45:50,135 INFO archived 1378891901508722689
2022-03-16 09:45:50,135 INFO archived 1352016143100354565
2022-03-16 09:45:50,135 INFO archived 1031863937351016448
2022-03-16 09:45:50,135 INFO archived 1386054474163183621
2022-03-16 09:45:50,135 INFO archived 1375581206679539716
2022-03-16 09:45:50,135 INFO archived 1357374332843003906
2022-03-16 09:45:50,135 INFO archived 1254921053324947459
2022-03-16 09:45:50,135 INFO archived 1257762034491555843
2022-03-16 09:45:50,135 INFO archived 1075784710389985281
2022-03-16 09:45:50,135 INFO archived 1511538595
2022-03-16 09:45:50,135 INFO archived 944926610024779777
2022-03-16 09:45:50,135 INFO archived 940459573105823744
2022-03-16 09:45:50,135 INFO archived 1417207359303299077
2022-03-16 09:45:50,135 INFO archived 1381336435538550787
2022-03-16 09:45:50,135 INFO archived 1265680389869273088
2022-03-16 09:45:50,135 INFO archived 1423663858733002752
2022-03-16 09:45:50,135 INFO archived 807003567605227520
