2022-03-17 09:43:24,168 INFO loading None profile from config C:\Users\Administrator\.twarc
2022-03-17 09:43:24,168 INFO creating http session
2022-03-17 09:43:24,168 INFO creating OAuth1 user authentication
2022-03-17 09:43:24,168 INFO getting ('https://api.twitter.com/1.1/account/verify_credentials.json',) {'params': {'tweet_mode': 'extended'}}
2022-03-17 09:43:24,309 INFO looking up users aiplexdigital
2022-03-17 09:43:24,309 INFO getting ('https://api.twitter.com/1.1/users/lookup.json',) {'params': {'screen_name': 'aiplexdigital', 'tweet_mode': 'extended'}}
2022-03-17 09:43:24,372 INFO archived 1242067547022741505
2022-03-17 09:43:44,496 INFO loading None profile from config C:\Users\Administrator\.twarc
2022-03-17 09:43:44,496 INFO creating http session
2022-03-17 09:43:44,496 INFO creating OAuth1 user authentication
2022-03-17 09:43:44,496 INFO getting ('https://api.twitter.com/1.1/account/verify_credentials.json',) {'params': {'tweet_mode': 'extended'}}
2022-03-17 09:43:44,637 INFO starting user timeline for user aiplexdigital
2022-03-17 09:43:44,637 INFO getting ('https://api.twitter.com/1.1/statuses/user_timeline.json',) {'params': {'count': 200, 'screen_name': 'aiplexdigital', 'include_ext_alt_text': 'true', 'tweet_mode': 'extended'}}
2022-03-17 09:43:45,340 INFO archived 1504364943428456453
2022-03-17 09:43:45,340 INFO archived 1504298991894343684
2022-03-17 09:43:45,340 INFO archived 1503936601184952325
2022-03-17 09:43:45,340 INFO archived 1503574215022325763
2022-03-17 09:43:45,340 INFO archived 1503226923182444545
2022-03-17 09:43:45,340 INFO archived 1503211830642200576
2022-03-17 09:43:45,340 INFO archived 1503204306220113921
2022-03-17 09:43:45,340 INFO archived 1502147318346248196
2022-03-17 09:43:45,340 INFO archived 1501414987297918978
2022-03-17 09:43:45,340 INFO archived 1501150771471134720
2022-03-17 09:43:45,340 INFO archived 1501030004167168005
2022-03-17 09:43:45,340 INFO archived 1500675110344216582
2022-03-17 09:43:45,340 INFO archived 1499997236767383552
2022-03-17 09:43:45,340 INFO archived 1499595547405164546
2022-03-17 09:43:45,340 INFO archived 1499225559909478402
2022-03-17 09:43:45,340 INFO archived 1498863188145852417
2022-03-17 09:43:45,340 INFO archived 1498614074195816452
2022-03-17 09:43:45,340 INFO archived 1498508344641867778
2022-03-17 09:43:45,340 INFO archived 1498153496235094016
2022-03-17 09:43:45,340 INFO archived 1497055846307713028
2022-03-17 09:43:45,340 INFO archived 1496688846729326594
2022-03-17 09:43:45,340 INFO archived 1495971647844716552
2022-03-17 09:43:45,340 INFO archived 1495964074932383748
2022-03-17 09:43:45,340 INFO archived 1495623700343042049
2022-03-17 09:43:45,340 INFO archived 1494152133024825346
2022-03-17 09:43:45,340 INFO archived 1493789750339252226
2022-03-17 09:43:45,340 INFO archived 1493188720903827458
2022-03-17 09:43:45,340 INFO archived 1493072574821060609
2022-03-17 09:43:45,340 INFO archived 1492702583521173514
2022-03-17 09:43:45,340 INFO archived 1491977808595374089
2022-03-17 09:43:45,340 INFO archived 1491615416803897346
2022-03-17 09:43:45,340 INFO archived 1490932159015792640
2022-03-17 09:43:45,340 INFO archived 1490649054455476227
2022-03-17 09:43:45,340 INFO archived 1490574146648129539
2022-03-17 09:43:45,340 INFO archived 1489818583924416522
2022-03-17 09:43:45,340 INFO archived 1489811063440826374
2022-03-17 09:43:45,340 INFO archived 1489803481313685505
2022-03-17 09:43:45,340 INFO archived 1489667605363314695
2022-03-17 09:43:45,356 INFO archived 1489448701449932805
2022-03-17 09:43:45,356 INFO archived 1489101351447633920
2022-03-17 09:43:45,356 INFO archived 1488716320946507779
2022-03-17 09:43:45,356 INFO archived 1488361476834344963
2022-03-17 09:43:45,356 INFO archived 1488353927615729664
2022-03-17 09:43:45,356 INFO archived 1487991534700187649
2022-03-17 09:43:45,356 INFO archived 1486947778924273670
2022-03-17 09:43:45,356 INFO archived 1486541984361762819
2022-03-17 09:43:45,356 INFO archived 1486187235418464256
2022-03-17 09:43:45,356 INFO archived 1485817206864818182
2022-03-17 09:43:45,356 INFO archived 1485469926827696128
2022-03-17 09:43:45,356 INFO archived 1485454824753741828
2022-03-17 09:43:45,356 INFO archived 1484737655447371778
2022-03-17 09:43:45,356 INFO archived 1484375312771153920
2022-03-17 09:43:45,356 INFO archived 1484005273379520513
2022-03-17 09:43:45,356 INFO archived 1483651136334794758
2022-03-17 09:43:45,356 INFO archived 1483280504329801729
2022-03-17 09:43:45,356 INFO archived 1482925718342414339
2022-03-17 09:43:45,356 INFO archived 1482200929600524293
2022-03-17 09:43:45,356 INFO archived 1481838557799067649
2022-03-17 09:43:45,356 INFO archived 1481483657000980480
2022-03-17 09:43:45,356 INFO archived 1481476154666196995
2022-03-17 09:43:45,356 INFO archived 1481113792322887686
2022-03-17 09:43:45,356 INFO archived 1480743777950126084
2022-03-17 09:43:45,356 INFO archived 1480396491009236992
2022-03-17 09:43:45,356 INFO archived 1480388983779741699
2022-03-17 09:43:45,356 INFO archived 1479664201098534917
2022-03-17 09:43:45,356 INFO archived 1479301834875539465
2022-03-17 09:43:45,356 INFO archived 1478931841671389189
2022-03-17 09:43:45,356 INFO archived 1478577059748327424
2022-03-17 09:43:45,356 INFO archived 1478207063113318405
2022-03-17 09:43:45,356 INFO archived 1477852271014821889
2022-03-17 09:43:45,356 INFO archived 1477844673951682562
2022-03-17 09:43:45,356 INFO archived 1476985266737135616
2022-03-17 09:43:45,356 INFO archived 1476757515513778208
2022-03-17 09:43:45,356 INFO archived 1476395126297698311
2022-03-17 09:43:45,356 INFO archived 1475670347408191488
2022-03-17 09:43:45,356 INFO archived 1475315542902947840
2022-03-17 09:43:45,356 INFO archived 1475307962059177986
2022-03-17 09:43:45,356 INFO archived 1474575675386433536
2022-03-17 09:43:45,356 INFO archived 1474226266282729473
2022-03-17 09:43:45,356 INFO archived 1474213286304534531
2022-03-17 09:43:45,356 INFO archived 1473866026307698693
2022-03-17 09:43:45,356 INFO archived 1473858409661448197
2022-03-17 09:43:45,356 INFO archived 1473503656951660546
2022-03-17 09:43:45,356 INFO archived 1473148738122223618
2022-03-17 09:43:45,356 INFO archived 1473141259413954565
2022-03-17 09:43:45,356 INFO archived 1473133643321196550
2022-03-17 09:43:45,356 INFO archived 1472786347253538816
2022-03-17 09:43:45,356 INFO archived 1471329313215717383
2022-03-17 09:43:45,356 INFO archived 1470966848422232064
2022-03-17 09:43:45,356 INFO archived 1470612020034691073
2022-03-17 09:43:45,356 INFO archived 1470604534904930305
2022-03-17 09:43:45,356 INFO archived 1470596923648270336
2022-03-17 09:43:45,356 INFO archived 1470249631720239104
2022-03-17 09:43:45,356 INFO archived 1470242135144345608
2022-03-17 09:43:45,356 INFO archived 1469517326613688327
2022-03-17 09:43:45,356 INFO archived 1469181113121656833
2022-03-17 09:43:45,356 INFO archived 1469149274952896514
2022-03-17 09:43:45,356 INFO archived 1468800083651186689
2022-03-17 09:43:45,356 INFO archived 1468792577226911751
2022-03-17 09:43:45,356 INFO archived 1468528294219988995
2022-03-17 09:43:45,356 INFO archived 1468445304496218114
2022-03-17 09:43:45,356 INFO archived 1468430204343357444
2022-03-17 09:43:45,356 INFO archived 1468075304556109827
2022-03-17 09:43:45,356 INFO archived 1467712917122564098
2022-03-17 09:43:45,371 INFO archived 1467705437969698823
2022-03-17 09:43:45,371 INFO archived 1467297737217556481
2022-03-17 09:43:45,371 INFO archived 1466981576529661954
2022-03-17 09:43:45,371 INFO archived 1466973045407502337
2022-03-17 09:43:45,371 INFO archived 1466965519085547520
2022-03-17 09:43:45,371 INFO archived 1466625759469047814
2022-03-17 09:43:45,371 INFO archived 1466618267968196615
2022-03-17 09:43:45,371 INFO archived 1466263368772333569
2022-03-17 09:43:45,371 INFO archived 1466255888486998022
2022-03-17 09:43:45,371 INFO archived 1465893486625017862
2022-03-17 09:43:45,371 INFO archived 1465531067839000576
2022-03-17 09:43:45,371 INFO archived 1465168706120687625
2022-03-17 09:43:45,371 INFO archived 1464081526652604416
2022-03-17 09:43:45,371 INFO archived 1463719152066207745
2022-03-17 09:43:45,371 INFO archived 1463356766482272265
2022-03-17 09:43:45,371 INFO archived 1462994376742047748
2022-03-17 09:43:45,371 INFO archived 1462631972828856323
2022-03-17 09:43:45,371 INFO archived 1462254477348646921
2022-03-17 09:43:45,371 INFO archived 1461644016672555012
2022-03-17 09:43:45,371 INFO archived 1461628812089774087
2022-03-17 09:43:45,371 INFO archived 1461544818463715329
2022-03-17 09:43:45,371 INFO archived 1461182433806663685
2022-03-17 09:43:45,371 INFO archived 1460820034666831877
2022-03-17 09:43:45,371 INFO archived 1460457652027277315
2022-03-17 09:43:45,371 INFO archived 1460095262328766467
2022-03-17 09:43:45,371 INFO archived 1459732869220294658
2022-03-17 09:43:45,371 INFO archived 1459038270659125272
2022-03-17 09:43:45,371 INFO archived 1458645711524929540
2022-03-17 09:43:45,371 INFO archived 1458283330194006022
2022-03-17 09:43:45,371 INFO archived 1457920933268709382
2022-03-17 09:43:45,371 INFO archived 1457558514738552834
2022-03-17 09:43:45,371 INFO archived 1457229515415908352
2022-03-17 09:43:45,371 INFO archived 1456463798072717320
2022-03-17 09:43:45,371 INFO archived 1456109008268431366
2022-03-17 09:43:45,371 INFO archived 1455739019246059526
2022-03-17 09:43:45,371 INFO archived 1455376643770535941
2022-03-17 09:43:45,371 INFO archived 1455029343491698689
2022-03-17 09:43:45,371 INFO archived 1455021829286944770
2022-03-17 09:43:45,371 INFO archived 1454659436002304006
2022-03-17 09:43:45,371 INFO archived 1453927082740920323
2022-03-17 09:43:45,371 INFO archived 1453564693382062087
2022-03-17 09:43:45,371 INFO archived 1453202308028903426
2022-03-17 09:43:45,371 INFO archived 1452953225532002305
2022-03-17 09:43:45,371 INFO archived 1452485123388104709
2022-03-17 09:43:45,371 INFO archived 1451752756574932992
2022-03-17 09:43:45,371 INFO archived 1451390371519508541
2022-03-17 09:43:45,371 INFO archived 1451043077414703105
2022-03-17 09:43:45,371 INFO archived 1449940818840670208
2022-03-17 09:43:45,371 INFO archived 1448853672675455003
2022-03-17 09:43:45,371 INFO archived 1448258447544229897
2022-03-17 09:43:45,371 INFO archived 1448128878724239362
2022-03-17 09:43:45,371 INFO archived 1447547609053270018
2022-03-17 09:43:45,371 INFO archived 1447404105350193160
2022-03-17 09:43:45,371 INFO archived 1447041709838381059
2022-03-17 09:43:45,371 INFO archived 1446324493983567886
2022-03-17 09:43:45,371 INFO archived 1445954555838189571
2022-03-17 09:43:45,371 INFO archived 1445592172103757825
2022-03-17 09:43:45,371 INFO archived 1445229776852201473
2022-03-17 09:43:45,371 INFO archived 1444867386583261184
2022-03-17 09:43:45,371 INFO archived 1444142614962388995
2022-03-17 09:43:45,371 INFO archived 1443780223246426115
2022-03-17 09:43:45,387 INFO archived 1443417834474852352
2022-03-17 09:43:45,387 INFO archived 1443055447079067654
2022-03-17 09:43:45,387 INFO archived 1442700616539721728
2022-03-17 09:43:45,387 INFO archived 1442330676691353601
2022-03-17 09:43:45,387 INFO archived 1441243516395347984
2022-03-17 09:43:45,387 INFO archived 1440881120845905920
2022-03-17 09:43:45,387 INFO archived 1440518740173492225
2022-03-17 09:43:45,387 INFO archived 1440156361682128907
2022-03-17 09:43:45,387 INFO archived 1439793963393822720
2022-03-17 09:43:45,387 INFO archived 1438706794566717447
2022-03-17 09:43:45,387 INFO archived 1438344405094735877
2022-03-17 09:43:45,387 INFO archived 1437982020496412684
2022-03-17 09:43:45,387 INFO archived 1437619627379527684
2022-03-17 09:43:45,387 INFO archived 1437257257507594242
2022-03-17 09:43:45,387 INFO archived 1436170080333795334
2022-03-17 09:43:45,387 INFO archived 1435816164454699008
2022-03-17 09:43:45,387 INFO archived 1435445325905473536
2022-03-17 09:43:45,387 INFO archived 1435082914304299009
2022-03-17 09:43:45,387 INFO archived 1434720527168548867
2022-03-17 09:43:45,387 INFO archived 1434358138728235010
2022-03-17 09:43:45,387 INFO archived 1433995749335912453
2022-03-17 09:43:45,387 INFO archived 1433633364301524994
2022-03-17 09:43:45,387 INFO archived 1433277420040179712
2022-03-17 09:43:45,387 INFO archived 1432908587752435714
2022-03-17 09:43:45,387 INFO archived 1432546199169552388
2022-03-17 09:43:45,387 INFO archived 1432183812008652801
2022-03-17 09:43:45,387 INFO archived 1431459132863811587
2022-03-17 09:43:45,387 INFO archived 1431096648835403776
2022-03-17 09:43:45,387 INFO archived 1430734261481525250
2022-03-17 09:43:45,387 INFO archived 1430371881895477251
2022-03-17 09:43:45,387 INFO archived 1430009486182395904
2022-03-17 09:43:45,387 INFO archived 1429647096014061573
2022-03-17 09:43:45,387 INFO archived 1429269612978376713
2022-03-17 09:43:45,387 INFO archived 1428922324254871554
2022-03-17 09:43:45,387 INFO archived 1428559932824211464
2022-03-17 09:43:45,387 INFO getting ('https://api.twitter.com/1.1/statuses/user_timeline.json',) {'params': {'count': 200, 'screen_name': 'aiplexdigital', 'include_ext_alt_text': 'true', 'tweet_mode': 'extended', 'max_id': '1428559932824211463'}}
2022-03-17 09:43:45,670 INFO archived 1428212643320451078
2022-03-17 09:43:45,670 INFO archived 1427835160528134146
2022-03-17 09:43:45,670 INFO archived 1427472769743212544
2022-03-17 09:43:45,670 INFO archived 1427110380946563073
2022-03-17 09:43:45,670 INFO archived 1426748018947235850
2022-03-17 09:43:45,670 INFO archived 1426023220516474883
2022-03-17 09:43:45,670 INFO archived 1425660829358333955
2022-03-17 09:43:45,670 INFO archived 1425298441484349443
2022-03-17 09:43:45,670 INFO archived 1424936053207707657
2022-03-17 09:43:45,670 INFO archived 1424573670341677057
2022-03-17 09:43:45,670 INFO archived 1423489508872396801
2022-03-17 09:43:45,670 INFO archived 1423244918781325316
2022-03-17 09:43:45,670 INFO archived 1423131673118625792
2022-03-17 09:43:45,670 INFO archived 1422769279305388033
2022-03-17 09:43:45,670 INFO archived 1422044534045818885
2022-03-17 09:43:45,670 INFO archived 1421682118111936512
2022-03-17 09:43:45,670 INFO archived 1420949787914997767
2022-03-17 09:43:45,670 INFO archived 1420602494732865536
2022-03-17 09:43:45,670 INFO archived 1420232564682461185
2022-03-17 09:43:45,670 INFO archived 1419925105434669056
2022-03-17 09:43:45,670 INFO archived 1419877720255836182
2022-03-17 09:43:45,670 INFO archived 1419643790621560833
2022-03-17 09:43:45,670 INFO archived 1419515333220741120
2022-03-17 09:43:45,670 INFO archived 1419152946097426433
2022-03-17 09:43:45,670 INFO archived 1418790559737651204
2022-03-17 09:43:45,670 INFO archived 1418424393315885056
2022-03-17 09:43:45,670 INFO archived 1418082475964833794
2022-03-17 09:43:45,670 INFO archived 1417695864399835138
2022-03-17 09:43:45,670 INFO archived 1417688309896253441
2022-03-17 09:43:45,670 INFO archived 1417333464001654821
2022-03-17 09:43:45,670 INFO archived 1416963520953004040
2022-03-17 09:43:45,670 INFO archived 1416238733276418052
2022-03-17 09:43:45,670 INFO archived 1415879772488585216
2022-03-17 09:43:45,670 INFO archived 1415619688894189574
2022-03-17 09:43:45,670 INFO archived 1415518751911522309
2022-03-17 09:43:45,670 INFO archived 1415162903225831428
2022-03-17 09:43:45,670 INFO archived 1414789194799587329
2022-03-17 09:43:45,670 INFO archived 1414434359122317320
2022-03-17 09:43:45,670 INFO archived 1414064422797119492
2022-03-17 09:43:45,670 INFO archived 1413359625949392899
2022-03-17 09:43:45,670 INFO archived 1412978508809265152
2022-03-17 09:43:45,670 INFO archived 1412646445308690436
2022-03-17 09:43:45,670 INFO archived 1412621291622961155
2022-03-17 09:43:45,670 INFO archived 1412363283147984898
2022-03-17 09:43:45,670 INFO archived 1412253388230778892
2022-03-17 09:43:45,670 INFO archived 1411892676333608963
2022-03-17 09:43:45,670 INFO archived 1411171541946150915
2022-03-17 09:43:45,670 INFO archived 1410546243298807815
2022-03-17 09:43:45,670 INFO archived 1410444311657865216
2022-03-17 09:43:45,670 INFO archived 1410093258382921728
2022-03-17 09:43:45,670 INFO archived 1410079404332654597
2022-03-17 09:43:45,670 INFO archived 1409829036096954369
2022-03-17 09:43:45,670 INFO archived 1409723318832406532
2022-03-17 09:43:45,686 INFO archived 1409360928391544836
2022-03-17 09:43:45,686 INFO archived 1408371911655051267
2022-03-17 09:43:45,686 INFO archived 1408312089458905093
2022-03-17 09:43:45,686 INFO archived 1408009527702786052
2022-03-17 09:43:45,686 INFO archived 1407911377918902277
2022-03-17 09:43:45,686 INFO archived 1407647148267692034
2022-03-17 09:43:45,686 INFO archived 1407556534410829829
2022-03-17 09:43:45,686 INFO archived 1407295387476512777
2022-03-17 09:43:45,686 INFO archived 1406946185412231172
2022-03-17 09:43:45,686 INFO archived 1406824251286601728
2022-03-17 09:43:45,686 INFO archived 1406816665476681732
2022-03-17 09:43:45,686 INFO archived 1406454273769099264
2022-03-17 09:43:45,686 INFO archived 1406094312933318658
2022-03-17 09:43:45,686 INFO archived 1405729497706598401
2022-03-17 09:43:45,686 INFO archived 1405367110554034178
2022-03-17 09:43:45,686 INFO archived 1405110433992826882
2022-03-17 09:43:45,686 INFO archived 1405023647845150721
2022-03-17 09:43:45,686 INFO archived 1404643030183944196
2022-03-17 09:43:45,686 INFO archived 1404385645313855489
2022-03-17 09:43:45,686 INFO archived 1404283716822880256
2022-03-17 09:43:45,686 INFO archived 1403555169091063811
2022-03-17 09:43:45,686 INFO archived 1403306081183485953
2022-03-17 09:43:45,686 INFO archived 1403196552173305856
2022-03-17 09:43:45,686 INFO archived 1402835421692841985
2022-03-17 09:43:45,686 INFO archived 1402573710154948609
2022-03-17 09:43:45,686 INFO archived 1402211325061873668
2022-03-17 09:43:45,686 INFO archived 1402128274478796803
2022-03-17 09:43:45,686 INFO archived 1402109391520911360
2022-03-17 09:43:45,686 INFO archived 1401856559819407360
2022-03-17 09:43:45,686 INFO archived 1401765884620910595
2022-03-17 09:43:45,686 INFO archived 1401743234225872897
2022-03-17 09:43:45,686 INFO archived 1401033553010475008
2022-03-17 09:43:45,686 INFO archived 1401018455554461698
2022-03-17 09:43:45,686 INFO archived 1400678932337369092
2022-03-17 09:43:45,686 INFO archived 1400418077800468486
2022-03-17 09:43:45,686 INFO archived 1399984162183000065
2022-03-17 09:43:45,686 INFO archived 1399946535664771073
2022-03-17 09:43:45,686 INFO archived 1399704806504214533
2022-03-17 09:43:45,686 INFO archived 1399342420601589763
2022-03-17 09:43:45,686 INFO archived 1399320496961994753
2022-03-17 09:43:45,686 INFO archived 1398606308174090243
2022-03-17 09:43:45,686 INFO archived 1398527038072442880
2022-03-17 09:43:45,686 INFO archived 1398232642059911169
2022-03-17 09:43:45,686 INFO archived 1398153322314571778
2022-03-17 09:43:45,686 INFO archived 1397868968744869890
2022-03-17 09:43:45,701 INFO archived 1397792557594120196
2022-03-17 09:43:45,701 INFO archived 1397537404513259522
2022-03-17 09:43:45,701 INFO archived 1397424776088535040
2022-03-17 09:43:45,701 INFO archived 1397409682537558017
2022-03-17 09:43:45,701 INFO archived 1397153004361498625
2022-03-17 09:43:45,701 INFO archived 1397062398926856194
2022-03-17 09:43:45,701 INFO archived 1397047290087477248
2022-03-17 09:43:45,701 INFO archived 1396790603900456963
2022-03-17 09:43:45,701 INFO archived 1396775499083419648
2022-03-17 09:43:45,701 INFO archived 1396080924081672194
2022-03-17 09:43:45,701 INFO archived 1396073390180601856
2022-03-17 09:43:45,701 INFO archived 1395597735244468228
2022-03-17 09:43:45,701 INFO archived 1395250445761798145
2022-03-17 09:43:45,701 INFO archived 1395235356665126914
2022-03-17 09:43:45,701 INFO archived 1395230127425007619
2022-03-17 09:43:45,701 INFO archived 1394963562628583426
2022-03-17 09:43:45,701 INFO archived 1394525671569952768
2022-03-17 09:43:45,701 INFO archived 1394510571463135232
2022-03-17 09:43:45,701 INFO archived 1394253899100532738
2022-03-17 09:43:45,701 INFO archived 1394238794199486466
2022-03-17 09:43:45,701 INFO archived 1393166748539662336
2022-03-17 09:43:45,701 INFO archived 1393076121076445184
2022-03-17 09:43:45,701 INFO archived 1392705340878249984
2022-03-17 09:43:45,701 INFO archived 1392351362281885698
2022-03-17 09:43:45,701 INFO archived 1392336256617615361
2022-03-17 09:43:45,701 INFO archived 1392019185874739202
2022-03-17 09:43:45,701 INFO archived 1391988971517972484
2022-03-17 09:43:45,701 INFO archived 1391973863194603521
2022-03-17 09:43:45,701 INFO archived 1391702097737957379
2022-03-17 09:43:45,701 INFO archived 1391626581156802561
2022-03-17 09:43:45,701 INFO archived 1391239012409556995
2022-03-17 09:43:45,701 INFO archived 1390977294202716161
2022-03-17 09:43:45,701 INFO archived 1390645113609654274
2022-03-17 09:43:45,701 INFO archived 1390630010466275337
2022-03-17 09:43:45,701 INFO archived 1390531945583595520
2022-03-17 09:43:45,701 INFO archived 1390524331109888003
2022-03-17 09:43:45,701 INFO archived 1389432544597262336
2022-03-17 09:43:45,701 INFO archived 1388380181467963394
2022-03-17 09:43:45,701 INFO archived 1388380181375635456
2022-03-17 09:43:45,701 INFO archived 1388357535506313218
2022-03-17 09:43:45,701 INFO archived 1387308120578342913
2022-03-17 09:43:45,701 INFO archived 1387277919161044995
2022-03-17 09:43:45,701 INFO archived 1386900435399843841
2022-03-17 09:43:45,701 INFO archived 1386538041750269955
2022-03-17 09:43:45,701 INFO archived 1386166839592591362
2022-03-17 09:43:45,701 INFO archived 1385093122502299651
2022-03-17 09:43:45,701 INFO archived 1384827751614586880
2022-03-17 09:43:45,701 INFO archived 1384766092212686852
2022-03-17 09:43:45,701 INFO archived 1384471527324897280
2022-03-17 09:43:45,701 INFO archived 1381815668459380738
2022-03-17 09:43:45,701 INFO archived 1380362818583691264
2022-03-17 09:43:45,701 INFO archived 1379647841963020288
2022-03-17 09:43:45,701 INFO archived 1378555436970967048
2022-03-17 09:43:45,701 INFO archived 1377904820342906881
2022-03-17 09:43:45,701 INFO archived 1375685583973023747
2022-03-17 09:43:45,701 INFO archived 1372521677393965059
2022-03-17 09:43:45,701 INFO archived 1369902762780147713
2022-03-17 09:43:45,701 INFO archived 1362639309019488257
2022-03-17 09:43:45,701 INFO archived 1361170102071230466
2022-03-17 09:43:45,701 INFO archived 1360800967814483969
2022-03-17 09:43:45,701 INFO archived 1360098729685114883
2022-03-17 09:43:45,717 INFO archived 1354687508450336771
2022-03-17 09:43:45,717 INFO archived 1354656913666043905
2022-03-17 09:43:45,717 INFO archived 1353922951159181312
2022-03-17 09:43:45,717 INFO archived 1349304321989554178
2022-03-17 09:43:45,717 INFO archived 1346022524224679937
2022-03-17 09:43:45,717 INFO archived 1344873369628454912
2022-03-17 09:43:45,717 INFO archived 1342336275639132161
2022-03-17 09:43:45,717 INFO archived 1337306796990623744
2022-03-17 09:43:45,717 INFO archived 1332615945232244736
2022-03-17 09:43:45,717 INFO archived 1329659497867046912
2022-03-17 09:43:45,717 INFO archived 1327410932264349696
2022-03-17 09:43:45,717 INFO archived 1326062039782092805
2022-03-17 09:43:45,717 INFO archived 1325775154501341184
2022-03-17 09:43:45,717 INFO archived 1324067655842746368
2022-03-17 09:43:45,717 INFO archived 1321023845990543366
2022-03-17 09:43:45,717 INFO archived 1316992282118291489
2022-03-17 09:43:45,717 INFO archived 1315639636803321858
2022-03-17 09:43:45,717 INFO archived 1309426175123619843
2022-03-17 09:43:45,717 INFO archived 1308744182949916672
2022-03-17 09:43:45,717 INFO archived 1308380540773576704
2022-03-17 09:43:45,717 INFO archived 1302179430522028032
2022-03-17 09:43:45,717 INFO archived 1300139990798798848
2022-03-17 09:43:45,717 INFO archived 1296877424483893248
2022-03-17 09:43:45,717 INFO archived 1295344232690065408
2022-03-17 09:43:45,717 INFO archived 1294613499331530752
2022-03-17 09:43:45,717 INFO archived 1294529547044618242
2022-03-17 09:43:45,717 INFO archived 1294486861545705472
2022-03-17 09:43:45,717 INFO archived 1293419974099337217
2022-03-17 09:43:45,717 INFO archived 1293056073767612416
2022-03-17 09:43:45,717 INFO archived 1290153955280863233
2022-03-17 09:43:45,717 INFO archived 1289056386731532294
2022-03-17 09:43:45,717 INFO archived 1287243748792061954
2022-03-17 09:43:45,717 INFO archived 1287232440583454720
2022-03-17 09:43:45,717 INFO archived 1282642346698403840
2022-03-17 09:43:45,717 INFO archived 1278568174909186048
2022-03-17 09:43:45,717 INFO archived 1272390623736107008
2022-03-17 09:43:45,717 INFO archived 1270633860817129472
2022-03-17 09:43:45,717 INFO archived 1269872617827131392
2022-03-17 09:43:45,717 INFO archived 1269180331128549377
2022-03-17 09:43:45,717 INFO archived 1268855568703221761
2022-03-17 09:43:45,717 INFO archived 1262704963580358656
2022-03-17 09:43:45,717 INFO getting ('https://api.twitter.com/1.1/statuses/user_timeline.json',) {'params': {'count': 200, 'screen_name': 'aiplexdigital', 'include_ext_alt_text': 'true', 'tweet_mode': 'extended', 'max_id': '1262704963580358655'}}
2022-03-17 09:43:45,873 INFO archived 1262702579026259968
2022-03-17 09:43:45,873 INFO archived 1261571919398055937
2022-03-17 09:43:45,873 INFO archived 1261567977368899587
2022-03-17 09:43:45,873 INFO archived 1261259274736422912
2022-03-17 09:43:45,873 INFO archived 1261166497939861505
2022-03-17 09:43:45,873 INFO archived 1260832505948598272
2022-03-17 09:43:45,873 INFO archived 1260461911201767432
2022-03-17 09:43:45,873 INFO archived 1258705420161449984
2022-03-17 09:43:45,873 INFO archived 1258704116684972034
2022-03-17 09:43:45,873 INFO archived 1256799393241432064
2022-03-17 09:43:45,873 INFO archived 1256125109389025286
2022-03-17 09:43:45,873 INFO archived 1255027382747983873
2022-03-17 09:43:45,873 INFO archived 1250465235195940865
2022-03-17 09:43:45,873 INFO archived 1250464711742648325
2022-03-17 09:43:45,873 INFO archived 1248836603117572098
2022-03-17 09:43:45,873 INFO archived 1248591341153472514
2022-03-17 09:43:45,873 INFO archived 1244478160483135488
2022-03-17 09:43:45,873 INFO archived 1243764958044680192
2022-03-17 09:43:45,873 INFO archived 1243454961796571136
2022-03-17 09:43:45,873 INFO archived 1243112220784857088
2022-03-17 09:43:45,873 INFO getting ('https://api.twitter.com/1.1/statuses/user_timeline.json',) {'params': {'count': 200, 'screen_name': 'aiplexdigital', 'include_ext_alt_text': 'true', 'tweet_mode': 'extended', 'max_id': '1243112220784857087'}}
2022-03-17 09:43:45,920 INFO no new tweets matching {'count': 200, 'screen_name': 'aiplexdigital', 'include_ext_alt_text': 'true', 'tweet_mode': 'extended', 'max_id': '1243112220784857087'}
2022-03-17 09:44:01,631 INFO loading None profile from config C:\Users\Administrator\.twarc
2022-03-17 09:44:01,631 INFO creating http session
2022-03-17 09:44:01,631 INFO creating OAuth1 user authentication
2022-03-17 09:44:01,631 INFO getting ('https://api.twitter.com/1.1/account/verify_credentials.json',) {'params': {'tweet_mode': 'extended'}}
2022-03-17 09:44:01,756 INFO getting ('https://api.twitter.com/1.1/friends/ids.json',) {'params': {'screen_name': 'aiplexdigital', 'cursor': -1, 'tweet_mode': 'extended'}}
2022-03-17 09:44:01,803 INFO archived 54936590
2022-03-17 09:44:01,803 INFO archived 4752257808
2022-03-17 09:44:01,803 INFO archived 55604633
2022-03-17 09:44:01,803 INFO archived 927444601882812416
2022-03-17 09:44:01,803 INFO archived 4345658112
2022-03-17 09:44:14,068 INFO loading None profile from config C:\Users\Administrator\.twarc
2022-03-17 09:44:14,068 INFO creating http session
2022-03-17 09:44:14,068 INFO creating OAuth1 user authentication
2022-03-17 09:44:14,068 INFO getting ('https://api.twitter.com/1.1/account/verify_credentials.json',) {'params': {'tweet_mode': 'extended'}}
2022-03-17 09:44:14,193 INFO getting ('https://api.twitter.com/1.1/followers/ids.json',) {'params': {'screen_name': 'aiplexdigital', 'cursor': -1, 'tweet_mode': 'extended'}}
2022-03-17 09:44:14,240 INFO archived 1484494795720773633
2022-03-17 09:44:14,240 INFO archived 1492124881126932483
2022-03-17 09:44:14,240 INFO archived 860388568916606977
2022-03-17 09:44:14,240 INFO archived 1479000122730037250
2022-03-17 09:44:14,240 INFO archived 1225753562380025856
2022-03-17 09:44:14,240 INFO archived 1303256438408491008
2022-03-17 09:44:14,240 INFO archived 1471815198302355458
2022-03-17 09:44:14,240 INFO archived 1205009286704689152
2022-03-17 09:44:14,240 INFO archived 488452692
2022-03-17 09:44:14,240 INFO archived 1366635947538874369
2022-03-17 09:44:14,240 INFO archived 1472836359249448960
2022-03-17 09:44:14,240 INFO archived 955807995396419584
2022-03-17 09:44:14,240 INFO archived 2261926838
2022-03-17 09:44:14,240 INFO archived 419410576
2022-03-17 09:44:14,240 INFO archived 1718022998
2022-03-17 09:44:14,240 INFO archived 1463460627846815750
2022-03-17 09:44:14,240 INFO archived 1399938966250397698
2022-03-17 09:44:14,240 INFO archived 1273353688807927808
2022-03-17 09:44:14,240 INFO archived 1455548322236833794
2022-03-17 09:44:14,240 INFO archived 784814084650696704
2022-03-17 09:44:14,240 INFO archived 1422107599781056513
2022-03-17 09:44:14,240 INFO archived 1451037699805040646
2022-03-17 09:44:14,240 INFO archived 406477250
2022-03-17 09:44:14,240 INFO archived 1439842765735542786
2022-03-17 09:44:14,240 INFO archived 1307282944151580672
2022-03-17 09:44:14,240 INFO archived 1339865148404555776
2022-03-17 09:44:14,240 INFO archived 1303941189381414912
2022-03-17 09:44:14,240 INFO archived 882399860577583104
2022-03-17 09:44:14,255 INFO archived 1424218800791031809
2022-03-17 09:44:14,255 INFO archived 3258999427
2022-03-17 09:44:14,255 INFO archived 1435488589710831617
2022-03-17 09:44:14,255 INFO archived 1382709161641832452
2022-03-17 09:44:14,255 INFO archived 877789534221500416
2022-03-17 09:44:14,255 INFO archived 1092648010146734080
2022-03-17 09:44:14,255 INFO archived 1452907129405251585
2022-03-17 09:44:14,255 INFO archived 1363402552117665794
2022-03-17 09:44:14,255 INFO archived 161598140
2022-03-17 09:44:14,255 INFO archived 1295689896300961792
2022-03-17 09:44:14,255 INFO archived 1062820486470684672
2022-03-17 09:44:14,255 INFO archived 1183451855424311296
2022-03-17 09:44:14,255 INFO archived 1257124558097862663
2022-03-17 09:44:14,255 INFO archived 1424405114916245507
2022-03-17 09:44:14,255 INFO archived 1443612771745026056
2022-03-17 09:44:14,255 INFO archived 1443627227288006656
2022-03-17 09:44:14,255 INFO archived 1442867341289607173
2022-03-17 09:44:14,255 INFO archived 1443161703542190081
2022-03-17 09:44:14,255 INFO archived 1435097721489084420
2022-03-17 09:44:14,255 INFO archived 1370733373568651265
2022-03-17 09:44:14,255 INFO archived 1419288061444182022
2022-03-17 09:44:14,255 INFO archived 976000862962110464
2022-03-17 09:44:14,255 INFO archived 1402577692969472008
2022-03-17 09:44:14,255 INFO archived 1158600785602600960
2022-03-17 09:44:14,255 INFO archived 887924356633903104
2022-03-17 09:44:14,255 INFO archived 3790395558
2022-03-17 09:44:14,255 INFO archived 1342503983525539840
2022-03-17 09:44:14,255 INFO archived 1435472736143482883
2022-03-17 09:44:14,255 INFO archived 1356564963448545282
2022-03-17 09:44:14,255 INFO archived 41761659
2022-03-17 09:44:14,255 INFO archived 1300789960899993602
2022-03-17 09:44:14,255 INFO archived 844509969525432320
2022-03-17 09:44:14,255 INFO archived 1237274232788152320
2022-03-17 09:44:14,255 INFO archived 1361906923419828224
2022-03-17 09:44:14,255 INFO archived 332675255
2022-03-17 09:44:14,255 INFO archived 1400012266754297860
2022-03-17 09:44:14,255 INFO archived 1324281957803462656
2022-03-17 09:44:14,255 INFO archived 1136870026890207233
2022-03-17 09:44:14,255 INFO archived 335125248
2022-03-17 09:44:14,255 INFO archived 1267395784225456128
2022-03-17 09:44:14,255 INFO archived 1324677643988475904
2022-03-17 09:44:14,255 INFO archived 1424959324821016587
2022-03-17 09:44:14,255 INFO archived 1323694514968559616
2022-03-17 09:44:14,255 INFO archived 1137027547722477569
2022-03-17 09:44:14,255 INFO archived 2268649669
2022-03-17 09:44:14,255 INFO archived 1323997597795717121
2022-03-17 09:44:14,255 INFO archived 1282697363044229120
2022-03-17 09:44:14,255 INFO archived 1324681488592367616
2022-03-17 09:44:14,255 INFO archived 1136908283497738240
2022-03-17 09:44:14,255 INFO archived 1282633834270322690
2022-03-17 09:44:14,255 INFO archived 1282628499446980609
2022-03-17 09:44:14,255 INFO archived 1282653234935394305
2022-03-17 09:44:14,255 INFO archived 1136963499777712129
2022-03-17 09:44:14,255 INFO archived 1267401454211477507
2022-03-17 09:44:14,255 INFO archived 1137029740617842688
2022-03-17 09:44:14,255 INFO archived 1379110269096370176
2022-03-17 09:44:14,255 INFO archived 1389253164902223882
2022-03-17 09:44:14,255 INFO archived 1346826685119946753
2022-03-17 09:44:14,255 INFO archived 1302528244353122305
2022-03-17 09:44:14,255 INFO archived 1341750938101432322
2022-03-17 09:44:14,255 INFO archived 1260988791562461184
2022-03-17 09:44:14,255 INFO archived 1410787498444288000
2022-03-17 09:44:14,255 INFO archived 1402492147354329088
2022-03-17 09:44:14,255 INFO archived 1248986543559069696
2022-03-17 09:44:14,255 INFO archived 1360086724248891393
2022-03-17 09:44:14,255 INFO archived 1361657256027115528
2022-03-17 09:44:14,255 INFO archived 1363363708089622528
2022-03-17 09:44:14,255 INFO archived 1363363500370915330
2022-03-17 09:44:14,255 INFO archived 1363364076403974148
2022-03-17 09:44:14,255 INFO archived 1409868586068459521
2022-03-17 09:44:14,255 INFO archived 1419214885318135809
2022-03-17 09:44:14,255 INFO archived 1360085798742159362
2022-03-17 09:44:14,255 INFO archived 1360085382092574721
2022-03-17 09:44:14,255 INFO archived 1360084252742754304
2022-03-17 09:44:14,255 INFO archived 1360083745563234307
2022-03-17 09:44:14,255 INFO archived 1347960427708260353
2022-03-17 09:44:14,255 INFO archived 1404717856541999104
2022-03-17 09:44:14,255 INFO archived 1393818697278578692
2022-03-17 09:44:14,255 INFO archived 1403008560175280128
2022-03-17 09:44:14,255 INFO archived 1360085018475831296
2022-03-17 09:44:14,255 INFO archived 1046093477346504704
2022-03-17 09:44:14,255 INFO archived 1287384386078351365
2022-03-17 09:44:14,255 INFO archived 1404670845578977282
2022-03-17 09:44:14,255 INFO archived 1366244755290513408
2022-03-17 09:44:14,255 INFO archived 1418435106264412162
2022-03-17 09:44:14,255 INFO archived 1418436509196161024
2022-03-17 09:44:14,255 INFO archived 3347280799
2022-03-17 09:44:14,255 INFO archived 855415438548779008
2022-03-17 09:44:14,255 INFO archived 1418415229076078595
2022-03-17 09:44:14,255 INFO archived 1418417677614288902
2022-03-17 09:44:14,255 INFO archived 1418506943291789315
2022-03-17 09:44:14,255 INFO archived 1418507953615687685
2022-03-17 09:44:14,255 INFO archived 1418510488711753732
2022-03-17 09:44:14,255 INFO archived 1418513341882929153
2022-03-17 09:44:14,255 INFO archived 1352946973117095936
2022-03-17 09:44:14,255 INFO archived 1419086979208151045
2022-03-17 09:44:14,255 INFO archived 1418750302954475522
2022-03-17 09:44:14,255 INFO archived 1418761816419700739
2022-03-17 09:44:14,255 INFO archived 1415615397995286536
2022-03-17 09:44:14,255 INFO archived 1415615925043175433
2022-03-17 09:44:14,255 INFO archived 1415973568647626753
2022-03-17 09:44:14,255 INFO archived 1416046659067256839
2022-03-17 09:44:14,255 INFO archived 1416047902749724674
2022-03-17 09:44:14,255 INFO archived 1416651840578408452
2022-03-17 09:44:14,255 INFO archived 1417351419653353479
2022-03-17 09:44:14,255 INFO archived 1417360815770898436
2022-03-17 09:44:14,255 INFO archived 1417354939446153217
2022-03-17 09:44:14,255 INFO archived 1417356453942218752
2022-03-17 09:44:14,255 INFO archived 1417359177597394953
2022-03-17 09:44:14,255 INFO archived 1417361665239121926
2022-03-17 09:44:14,255 INFO archived 1417358168972152832
2022-03-17 09:44:14,255 INFO archived 1416342437245513737
2022-03-17 09:44:14,255 INFO archived 1316774472616210432
2022-03-17 09:44:14,255 INFO archived 1082174896002625536
2022-03-17 09:44:14,255 INFO archived 1418646728438280192
2022-03-17 09:44:14,255 INFO archived 1338534837137772544
2022-03-17 09:44:14,255 INFO archived 1327882515885932545
2022-03-17 09:44:14,255 INFO archived 1327883757831868417
2022-03-17 09:44:14,255 INFO archived 1338536144322011137
2022-03-17 09:44:14,255 INFO archived 2448994246
2022-03-17 09:44:14,255 INFO archived 1404026847931764739
2022-03-17 09:44:14,255 INFO archived 1404026509052944386
2022-03-17 09:44:14,255 INFO archived 1416789878449131523
2022-03-17 09:44:14,255 INFO archived 1412605790595076097
2022-03-17 09:44:14,255 INFO archived 1411528308546707459
2022-03-17 09:44:14,255 INFO archived 1404272526117588993
2022-03-17 09:44:14,255 INFO archived 1404273239887552515
2022-03-17 09:44:14,255 INFO archived 1404027124755812356
2022-03-17 09:44:14,255 INFO archived 1406466842244239364
2022-03-17 09:44:14,255 INFO archived 91508296
2022-03-17 09:44:14,255 INFO archived 1481259432
2022-03-17 09:44:14,255 INFO archived 877856134908043267
2022-03-17 09:44:14,255 INFO archived 1094149049601515520
2022-03-17 09:44:14,255 INFO archived 1145536508524261378
2022-03-17 09:44:14,255 INFO archived 1412233755905773570
2022-03-17 09:44:14,255 INFO archived 1347854313125646339
2022-03-17 09:44:14,255 INFO archived 1397461230252556294
2022-03-17 09:44:14,255 INFO archived 1352987464089038853
2022-03-17 09:44:14,255 INFO archived 1352986832942768129
2022-03-17 09:44:14,255 INFO archived 1352988702704689153
2022-03-17 09:44:14,255 INFO archived 1404693570683080706
2022-03-17 09:44:14,255 INFO archived 1404407195706576896
2022-03-17 09:44:14,255 INFO archived 1404408246316716039
2022-03-17 09:44:14,255 INFO archived 1404406052544823297
2022-03-17 09:44:14,255 INFO archived 1404404295164964867
2022-03-17 09:44:14,255 INFO archived 1404410137364897795
2022-03-17 09:44:14,255 INFO archived 1413381552071868418
2022-03-17 09:44:14,255 INFO archived 1411180018378498050
2022-03-17 09:44:14,255 INFO archived 1404996515634896902
2022-03-17 09:44:14,255 INFO archived 1287370335809990657
2022-03-17 09:44:14,255 INFO archived 1212523380777218048
2022-03-17 09:44:14,255 INFO archived 1413380317918875652
2022-03-17 09:44:14,255 INFO archived 1404988901769445377
2022-03-17 09:44:14,255 INFO archived 1136907697683554304
2022-03-17 09:44:14,255 INFO archived 1227639755170439169
2022-03-17 09:44:14,255 INFO archived 1355158428214308870
2022-03-17 09:44:14,255 INFO archived 1281923807406505990
2022-03-17 09:44:14,255 INFO archived 1230508325831368704
2022-03-17 09:44:14,255 INFO archived 1388477271145517058
2022-03-17 09:44:14,255 INFO archived 1405008072691445765
2022-03-17 09:44:14,255 INFO archived 1405016911004397575
2022-03-17 09:44:14,255 INFO archived 1407999781142556675
2022-03-17 09:44:14,255 INFO archived 1364636958438268930
2022-03-17 09:44:14,255 INFO archived 1393601152713777155
2022-03-17 09:44:14,255 INFO archived 1309112600110788619
2022-03-17 09:44:14,255 INFO archived 1367142339139936258
2022-03-17 09:44:14,255 INFO archived 1409408375494909954
2022-03-17 09:44:14,255 INFO archived 1365602262496677888
2022-03-17 09:44:14,255 INFO archived 1377238675302408196
2022-03-17 09:44:14,255 INFO archived 1365593289383010307
2022-03-17 09:44:14,255 INFO archived 1396807786600624133
2022-03-17 09:44:14,255 INFO archived 1396810348963930115
2022-03-17 09:44:14,255 INFO archived 1389139607309062145
2022-03-17 09:44:14,255 INFO archived 1033376617882480640
2022-03-17 09:44:14,255 INFO archived 1075999527406948353
2022-03-17 09:44:14,255 INFO archived 1311689659596955651
2022-03-17 09:44:14,255 INFO archived 80770501
2022-03-17 09:44:14,255 INFO archived 1282616770486927360
2022-03-17 09:44:14,255 INFO archived 1137730121152860161
2022-03-17 09:44:14,255 INFO archived 965883034288340993
2022-03-17 09:44:14,255 INFO archived 1201868511901077504
2022-03-17 09:44:14,255 INFO archived 1162113719364661258
2022-03-17 09:44:14,255 INFO archived 1356440732639195138
2022-03-17 09:44:14,255 INFO archived 1356438227578613761
2022-03-17 09:44:14,255 INFO archived 1356439999646892034
2022-03-17 09:44:14,255 INFO archived 1356435901472247809
2022-03-17 09:44:14,255 INFO archived 1397920209852190724
2022-03-17 09:44:14,255 INFO archived 1397923039480668164
2022-03-17 09:44:14,255 INFO archived 1396410950916337664
2022-03-17 09:44:14,255 INFO archived 1368781603510525959
2022-03-17 09:44:14,255 INFO archived 1372046353723887617
2022-03-17 09:44:14,255 INFO archived 1372877511034466308
2022-03-17 09:44:14,255 INFO archived 1372874286155796483
2022-03-17 09:44:14,255 INFO archived 1372878395617341440
2022-03-17 09:44:14,255 INFO archived 1391308205720883202
2022-03-17 09:44:14,255 INFO archived 1383313956781977608
2022-03-17 09:44:14,255 INFO archived 1387416636861259776
2022-03-17 09:44:14,255 INFO archived 1376114231829954570
2022-03-17 09:44:14,255 INFO archived 1375697858226122753
2022-03-17 09:44:14,255 INFO archived 1368477292389752834
2022-03-17 09:44:14,255 INFO archived 1388428933775826944
2022-03-17 09:44:14,255 INFO archived 1369277369937096706
2022-03-17 09:44:14,255 INFO archived 1397045610138660865
2022-03-17 09:44:14,255 INFO archived 1255063362934681600
2022-03-17 09:44:14,255 INFO archived 1397046461162934277
2022-03-17 09:44:14,255 INFO archived 1118914070394970112
2022-03-17 09:44:14,255 INFO archived 1402995068995203092
2022-03-17 09:44:14,255 INFO archived 1389174621954400256
2022-03-17 09:44:14,255 INFO archived 1395006863058427909
2022-03-17 09:44:14,255 INFO archived 1394996632207323137
2022-03-17 09:44:14,255 INFO archived 1401155589263171586
2022-03-17 09:44:14,255 INFO archived 1380857789438783489
2022-03-17 09:44:14,255 INFO archived 1386111662575419399
2022-03-17 09:44:14,255 INFO archived 1380907207357698050
2022-03-17 09:44:14,255 INFO archived 1380906700085989377
2022-03-17 09:44:14,255 INFO archived 1380906175512727559
2022-03-17 09:44:14,255 INFO archived 1384351516413218817
2022-03-17 09:44:14,255 INFO archived 1380903915143655428
2022-03-17 09:44:14,255 INFO archived 1393584697825914884
2022-03-17 09:44:14,255 INFO archived 1403223591722708994
2022-03-17 09:44:14,255 INFO archived 1383008092372094976
2022-03-17 09:44:14,255 INFO archived 1360910827566501892
2022-03-17 09:44:14,255 INFO archived 1360910409281101831
2022-03-17 09:44:14,255 INFO archived 1360908799981195264
2022-03-17 09:44:14,255 INFO archived 1360908223398612995
2022-03-17 09:44:14,255 INFO archived 1360909952580128773
2022-03-17 09:44:14,255 INFO archived 1231953368781742080
2022-03-17 09:44:14,255 INFO archived 1176298855974887427
2022-03-17 09:44:14,255 INFO archived 1378390273227513857
2022-03-17 09:44:14,255 INFO archived 1382737171069558790
2022-03-17 09:44:14,255 INFO archived 1377627958999924748
2022-03-17 09:44:14,255 INFO archived 1377998823708971015
2022-03-17 09:44:14,255 INFO archived 1378387208210509828
2022-03-17 09:44:14,255 INFO archived 1382728588261134341
2022-03-17 09:44:14,255 INFO archived 1378001068924133378
2022-03-17 09:44:14,255 INFO archived 1377797770753363973
2022-03-17 09:44:14,255 INFO archived 1377629864833003532
2022-03-17 09:44:14,255 INFO archived 1378384216572891139
2022-03-17 09:44:14,271 INFO archived 1378360764403081216
2022-03-17 09:44:14,271 INFO archived 1378003461661368328
2022-03-17 09:44:14,271 INFO archived 1394644039375355905
2022-03-17 09:44:14,271 INFO archived 955780087110033408
2022-03-17 09:44:14,271 INFO archived 740551404809490432
2022-03-17 09:44:14,271 INFO archived 1327585744534138881
2022-03-17 09:44:14,271 INFO archived 1282724102071922689
2022-03-17 09:44:14,271 INFO archived 1399719034065768449
2022-03-17 09:44:14,271 INFO archived 1267437607149019136
2022-03-17 09:44:14,271 INFO archived 1378642442291879937
2022-03-17 09:44:14,271 INFO archived 1136906660838948865
2022-03-17 09:44:14,271 INFO archived 1330362769913171970
2022-03-17 09:44:14,271 INFO archived 1267398633260974081
2022-03-17 09:44:14,271 INFO archived 1374915139724398594
2022-03-17 09:44:14,271 INFO archived 1136912067665915904
2022-03-17 09:44:14,271 INFO archived 1136905422089072641
2022-03-17 09:44:14,271 INFO archived 1075706751922683904
2022-03-17 09:44:14,271 INFO archived 1270678619656880130
2022-03-17 09:44:14,271 INFO archived 45806543
2022-03-17 09:44:14,271 INFO archived 4752257808
2022-03-17 09:44:14,271 INFO archived 1382268520180768781
2022-03-17 09:44:14,271 INFO archived 1032296461235437568
2022-03-17 09:44:14,271 INFO archived 1264995085931798529
2022-03-17 09:44:14,271 INFO archived 1299527367140884481
2022-03-17 09:44:14,271 INFO archived 3460033160
2022-03-17 09:44:14,271 INFO archived 1328332169123569666
2022-03-17 09:44:14,271 INFO archived 1110124012527456256
2022-03-17 09:44:14,271 INFO archived 1005538271424679936
2022-03-17 09:44:14,271 INFO archived 1309499319880503302
2022-03-17 09:44:14,271 INFO archived 1163541276
2022-03-17 09:44:14,271 INFO archived 1318920550756937728
2022-03-17 09:44:14,271 INFO archived 1310473898559897601
2022-03-17 09:44:14,271 INFO archived 1317417181206900736
2022-03-17 09:44:14,271 INFO archived 4714774279
2022-03-17 09:44:14,271 INFO archived 80815734
2022-03-17 09:44:14,271 INFO archived 2231314439
2022-03-17 09:44:14,271 INFO archived 1295317160990932995
2022-03-17 09:44:14,271 INFO archived 262446052
2022-03-17 09:44:14,271 INFO archived 1221013198939119621
2022-03-17 09:44:14,271 INFO archived 1135411160604241920
2022-03-17 09:44:14,271 INFO archived 873499812678713344
2022-03-17 09:44:14,271 INFO archived 920961371348508673
2022-03-17 09:44:14,271 INFO archived 872327571958095873
2022-03-17 09:44:14,271 INFO archived 14382367
2022-03-17 09:44:26,686 INFO loading None profile from config C:\Users\Administrator\.twarc
2022-03-17 09:44:26,686 INFO creating http session
2022-03-17 09:44:26,686 INFO creating OAuth1 user authentication
2022-03-17 09:44:26,686 INFO getting ('https://api.twitter.com/1.1/account/verify_credentials.json',) {'params': {'tweet_mode': 'extended'}}
2022-03-17 09:44:26,826 INFO looking up users 1484494795720773633,1492124881126932483,860388568916606977,1479000122730037250,1225753562380025856,1303256438408491008,1471815198302355458,1205009286704689152,488452692,1366635947538874369,1472836359249448960,955807995396419584,2261926838,419410576,1718022998,1463460627846815750,1399938966250397698,1273353688807927808,1455548322236833794,784814084650696704,1422107599781056513,1451037699805040646,406477250,1439842765735542786,1307282944151580672,1339865148404555776,1303941189381414912,882399860577583104,1424218800791031809,3258999427,1435488589710831617,1382709161641832452,877789534221500416,1092648010146734080,1452907129405251585,1363402552117665794,161598140,1295689896300961792,1062820486470684672,1183451855424311296,1257124558097862663,1424405114916245507,1443612771745026056,1443627227288006656,1442867341289607173,1443161703542190081,1435097721489084420,1370733373568651265,1419288061444182022,976000862962110464,1402577692969472008,1158600785602600960,887924356633903104,3790395558,1342503983525539840,1435472736143482883,1356564963448545282,41761659,1300789960899993602,844509969525432320,1237274232788152320,1361906923419828224,332675255,1400012266754297860,1324281957803462656,1136870026890207233,335125248,1267395784225456128,1324677643988475904,1424959324821016587,1323694514968559616,1137027547722477569,2268649669,1323997597795717121,1282697363044229120,1324681488592367616,1136908283497738240,1282633834270322690,1282628499446980609,1282653234935394305,1136963499777712129,1267401454211477507,1137029740617842688,1379110269096370176,1389253164902223882,1346826685119946753,1302528244353122305,1341750938101432322,1260988791562461184,1410787498444288000,1402492147354329088,1248986543559069696,1360086724248891393,1361657256027115528,1363363708089622528,1363363500370915330,1363364076403974148,1409868586068459521,1419214885318135809,1360085798742159362
2022-03-17 09:44:26,826 INFO getting ('https://api.twitter.com/1.1/users/lookup.json',) {'params': {'user_id': '1484494795720773633,1492124881126932483,860388568916606977,1479000122730037250,1225753562380025856,1303256438408491008,1471815198302355458,1205009286704689152,488452692,1366635947538874369,1472836359249448960,955807995396419584,2261926838,419410576,1718022998,1463460627846815750,1399938966250397698,1273353688807927808,1455548322236833794,784814084650696704,1422107599781056513,1451037699805040646,406477250,1439842765735542786,1307282944151580672,1339865148404555776,1303941189381414912,882399860577583104,1424218800791031809,3258999427,1435488589710831617,1382709161641832452,877789534221500416,1092648010146734080,1452907129405251585,1363402552117665794,161598140,1295689896300961792,1062820486470684672,1183451855424311296,1257124558097862663,1424405114916245507,1443612771745026056,1443627227288006656,1442867341289607173,1443161703542190081,1435097721489084420,1370733373568651265,1419288061444182022,976000862962110464,1402577692969472008,1158600785602600960,887924356633903104,3790395558,1342503983525539840,1435472736143482883,1356564963448545282,41761659,1300789960899993602,844509969525432320,1237274232788152320,1361906923419828224,332675255,1400012266754297860,1324281957803462656,1136870026890207233,335125248,1267395784225456128,1324677643988475904,1424959324821016587,1323694514968559616,1137027547722477569,2268649669,1323997597795717121,1282697363044229120,1324681488592367616,1136908283497738240,1282633834270322690,1282628499446980609,1282653234935394305,1136963499777712129,1267401454211477507,1137029740617842688,1379110269096370176,1389253164902223882,1346826685119946753,1302528244353122305,1341750938101432322,1260988791562461184,1410787498444288000,1402492147354329088,1248986543559069696,1360086724248891393,1361657256027115528,1363363708089622528,1363363500370915330,1363364076403974148,1409868586068459521,1419214885318135809,1360085798742159362', 'tweet_mode': 'extended'}}
2022-03-17 09:44:27,373 INFO archived 1484494795720773633
2022-03-17 09:44:27,373 INFO archived 1492124881126932483
2022-03-17 09:44:27,373 INFO archived 860388568916606977
2022-03-17 09:44:27,373 INFO archived 1479000122730037250
2022-03-17 09:44:27,373 INFO archived 1225753562380025856
2022-03-17 09:44:27,373 INFO archived 1303256438408491008
2022-03-17 09:44:27,373 INFO archived 1471815198302355458
2022-03-17 09:44:27,373 INFO archived 1205009286704689152
2022-03-17 09:44:27,373 INFO archived 488452692
2022-03-17 09:44:27,373 INFO archived 1366635947538874369
2022-03-17 09:44:27,373 INFO archived 1472836359249448960
2022-03-17 09:44:27,373 INFO archived 955807995396419584
2022-03-17 09:44:27,373 INFO archived 2261926838
2022-03-17 09:44:27,373 INFO archived 419410576
2022-03-17 09:44:27,373 INFO archived 1718022998
2022-03-17 09:44:27,373 INFO archived 1463460627846815750
2022-03-17 09:44:27,373 INFO archived 1399938966250397698
2022-03-17 09:44:27,373 INFO archived 1273353688807927808
2022-03-17 09:44:27,373 INFO archived 1455548322236833794
2022-03-17 09:44:27,373 INFO archived 784814084650696704
2022-03-17 09:44:27,373 INFO archived 1422107599781056513
2022-03-17 09:44:27,373 INFO archived 1451037699805040646
2022-03-17 09:44:27,373 INFO archived 406477250
2022-03-17 09:44:27,373 INFO archived 1439842765735542786
2022-03-17 09:44:27,373 INFO archived 1307282944151580672
2022-03-17 09:44:27,373 INFO archived 1339865148404555776
2022-03-17 09:44:27,373 INFO archived 1303941189381414912
2022-03-17 09:44:27,373 INFO archived 882399860577583104
2022-03-17 09:44:27,373 INFO archived 1424218800791031809
2022-03-17 09:44:27,373 INFO archived 3258999427
2022-03-17 09:44:27,373 INFO archived 1435488589710831617
2022-03-17 09:44:27,373 INFO archived 1382709161641832452
2022-03-17 09:44:27,373 INFO archived 877789534221500416
2022-03-17 09:44:27,373 INFO archived 1092648010146734080
2022-03-17 09:44:27,373 INFO archived 1452907129405251585
2022-03-17 09:44:27,373 INFO archived 1363402552117665794
2022-03-17 09:44:27,373 INFO archived 161598140
2022-03-17 09:44:27,373 INFO archived 1295689896300961792
2022-03-17 09:44:27,373 INFO archived 1062820486470684672
2022-03-17 09:44:27,388 INFO archived 1183451855424311296
2022-03-17 09:44:27,388 INFO archived 1257124558097862663
2022-03-17 09:44:27,388 INFO archived 1424405114916245507
2022-03-17 09:44:27,388 INFO archived 1443612771745026056
2022-03-17 09:44:27,388 INFO archived 1443627227288006656
2022-03-17 09:44:27,388 INFO archived 1442867341289607173
2022-03-17 09:44:27,388 INFO archived 1443161703542190081
2022-03-17 09:44:27,388 INFO archived 1435097721489084420
2022-03-17 09:44:27,388 INFO archived 1370733373568651265
2022-03-17 09:44:27,388 INFO archived 1419288061444182022
2022-03-17 09:44:27,388 INFO archived 976000862962110464
2022-03-17 09:44:27,388 INFO archived 1402577692969472008
2022-03-17 09:44:27,388 INFO archived 1158600785602600960
2022-03-17 09:44:27,388 INFO archived 887924356633903104
2022-03-17 09:44:27,388 INFO archived 3790395558
2022-03-17 09:44:27,388 INFO archived 1342503983525539840
2022-03-17 09:44:27,388 INFO archived 1435472736143482883
2022-03-17 09:44:27,388 INFO archived 1356564963448545282
2022-03-17 09:44:27,388 INFO archived 41761659
2022-03-17 09:44:27,388 INFO archived 1300789960899993602
2022-03-17 09:44:27,388 INFO archived 844509969525432320
2022-03-17 09:44:27,388 INFO archived 1237274232788152320
2022-03-17 09:44:27,388 INFO archived 1361906923419828224
2022-03-17 09:44:27,388 INFO archived 332675255
2022-03-17 09:44:27,388 INFO archived 1400012266754297860
2022-03-17 09:44:27,388 INFO archived 1324281957803462656
2022-03-17 09:44:27,388 INFO archived 1136870026890207233
2022-03-17 09:44:27,388 INFO archived 335125248
2022-03-17 09:44:27,388 INFO archived 1267395784225456128
2022-03-17 09:44:27,388 INFO archived 1324677643988475904
2022-03-17 09:44:27,388 INFO archived 1424959324821016587
2022-03-17 09:44:27,388 INFO archived 1323694514968559616
2022-03-17 09:44:27,388 INFO archived 1137027547722477569
2022-03-17 09:44:27,388 INFO archived 2268649669
2022-03-17 09:44:27,388 INFO archived 1323997597795717121
2022-03-17 09:44:27,388 INFO archived 1282697363044229120
2022-03-17 09:44:27,388 INFO archived 1324681488592367616
2022-03-17 09:44:27,388 INFO archived 1136908283497738240
2022-03-17 09:44:27,388 INFO archived 1282633834270322690
2022-03-17 09:44:27,388 INFO archived 1282628499446980609
2022-03-17 09:44:27,388 INFO archived 1282653234935394305
2022-03-17 09:44:27,388 INFO archived 1136963499777712129
2022-03-17 09:44:27,388 INFO archived 1267401454211477507
2022-03-17 09:44:27,388 INFO archived 1137029740617842688
2022-03-17 09:44:27,388 INFO archived 1379110269096370176
2022-03-17 09:44:27,388 INFO archived 1389253164902223882
2022-03-17 09:44:27,388 INFO archived 1346826685119946753
2022-03-17 09:44:27,388 INFO archived 1302528244353122305
2022-03-17 09:44:27,388 INFO archived 1341750938101432322
2022-03-17 09:44:27,388 INFO archived 1260988791562461184
2022-03-17 09:44:27,388 INFO archived 1410787498444288000
2022-03-17 09:44:27,388 INFO archived 1402492147354329088
2022-03-17 09:44:27,388 INFO archived 1248986543559069696
2022-03-17 09:44:27,388 INFO archived 1360086724248891393
2022-03-17 09:44:27,388 INFO archived 1361657256027115528
2022-03-17 09:44:27,388 INFO archived 1363363708089622528
2022-03-17 09:44:27,388 INFO archived 1363363500370915330
2022-03-17 09:44:27,388 INFO archived 1363364076403974148
2022-03-17 09:44:27,388 INFO archived 1409868586068459521
2022-03-17 09:44:27,388 INFO archived 1419214885318135809
2022-03-17 09:44:27,388 INFO archived 1360085798742159362
2022-03-17 09:44:27,388 INFO looking up users 1360085382092574721,1360084252742754304,1360083745563234307,1347960427708260353,1404717856541999104,1393818697278578692,1403008560175280128,1360085018475831296,1046093477346504704,1287384386078351365,1404670845578977282,1366244755290513408,1418435106264412162,1418436509196161024,3347280799,855415438548779008,1418415229076078595,1418417677614288902,1418506943291789315,1418507953615687685,1418510488711753732,1418513341882929153,1352946973117095936,1419086979208151045,1418750302954475522,1418761816419700739,1415615397995286536,1415615925043175433,1415973568647626753,1416046659067256839,1416047902749724674,1416651840578408452,1417351419653353479,1417360815770898436,1417354939446153217,1417356453942218752,1417359177597394953,1417361665239121926,1417358168972152832,1416342437245513737,1316774472616210432,1082174896002625536,1418646728438280192,1338534837137772544,1327882515885932545,1327883757831868417,1338536144322011137,2448994246,1404026847931764739,1404026509052944386,1416789878449131523,1412605790595076097,1411528308546707459,1404272526117588993,1404273239887552515,1404027124755812356,1406466842244239364,91508296,1481259432,877856134908043267,1094149049601515520,1145536508524261378,1412233755905773570,1347854313125646339,1397461230252556294,1352987464089038853,1352986832942768129,1352988702704689153,1404693570683080706,1404407195706576896,1404408246316716039,1404406052544823297,1404404295164964867,1404410137364897795,1413381552071868418,1411180018378498050,1404996515634896902,1287370335809990657,1212523380777218048,1413380317918875652,1404988901769445377,1136907697683554304,1227639755170439169,1355158428214308870,1281923807406505990,1230508325831368704,1388477271145517058,1405008072691445765,1405016911004397575,1407999781142556675,1364636958438268930,1393601152713777155,1309112600110788619,1367142339139936258,1409408375494909954,1365602262496677888,1377238675302408196,1365593289383010307,1396807786600624133,1396810348963930115
2022-03-17 09:44:27,388 INFO getting ('https://api.twitter.com/1.1/users/lookup.json',) {'params': {'user_id': '1360085382092574721,1360084252742754304,1360083745563234307,1347960427708260353,1404717856541999104,1393818697278578692,1403008560175280128,1360085018475831296,1046093477346504704,1287384386078351365,1404670845578977282,1366244755290513408,1418435106264412162,1418436509196161024,3347280799,855415438548779008,1418415229076078595,1418417677614288902,1418506943291789315,1418507953615687685,1418510488711753732,1418513341882929153,1352946973117095936,1419086979208151045,1418750302954475522,1418761816419700739,1415615397995286536,1415615925043175433,1415973568647626753,1416046659067256839,1416047902749724674,1416651840578408452,1417351419653353479,1417360815770898436,1417354939446153217,1417356453942218752,1417359177597394953,1417361665239121926,1417358168972152832,1416342437245513737,1316774472616210432,1082174896002625536,1418646728438280192,1338534837137772544,1327882515885932545,1327883757831868417,1338536144322011137,2448994246,1404026847931764739,1404026509052944386,1416789878449131523,1412605790595076097,1411528308546707459,1404272526117588993,1404273239887552515,1404027124755812356,1406466842244239364,91508296,1481259432,877856134908043267,1094149049601515520,1145536508524261378,1412233755905773570,1347854313125646339,1397461230252556294,1352987464089038853,1352986832942768129,1352988702704689153,1404693570683080706,1404407195706576896,1404408246316716039,1404406052544823297,1404404295164964867,1404410137364897795,1413381552071868418,1411180018378498050,1404996515634896902,1287370335809990657,1212523380777218048,1413380317918875652,1404988901769445377,1136907697683554304,1227639755170439169,1355158428214308870,1281923807406505990,1230508325831368704,1388477271145517058,1405008072691445765,1405016911004397575,1407999781142556675,1364636958438268930,1393601152713777155,1309112600110788619,1367142339139936258,1409408375494909954,1365602262496677888,1377238675302408196,1365593289383010307,1396807786600624133,1396810348963930115', 'tweet_mode': 'extended'}}
2022-03-17 09:44:27,994 INFO archived 1360085382092574721
2022-03-17 09:44:27,994 INFO archived 1360084252742754304
2022-03-17 09:44:27,994 INFO archived 1360083745563234307
2022-03-17 09:44:27,994 INFO archived 1347960427708260353
2022-03-17 09:44:27,994 INFO archived 1404717856541999104
2022-03-17 09:44:27,994 INFO archived 1393818697278578692
2022-03-17 09:44:27,994 INFO archived 1403008560175280128
2022-03-17 09:44:27,994 INFO archived 1360085018475831296
2022-03-17 09:44:27,994 INFO archived 1046093477346504704
2022-03-17 09:44:27,994 INFO archived 1287384386078351365
2022-03-17 09:44:27,994 INFO archived 1404670845578977282
2022-03-17 09:44:27,994 INFO archived 1366244755290513408
2022-03-17 09:44:27,994 INFO archived 1418435106264412162
2022-03-17 09:44:27,994 INFO archived 1418436509196161024
2022-03-17 09:44:27,994 INFO archived 3347280799
2022-03-17 09:44:27,994 INFO archived 855415438548779008
2022-03-17 09:44:27,994 INFO archived 1418415229076078595
2022-03-17 09:44:27,994 INFO archived 1418417677614288902
2022-03-17 09:44:27,994 INFO archived 1418506943291789315
2022-03-17 09:44:27,994 INFO archived 1418507953615687685
2022-03-17 09:44:27,994 INFO archived 1418510488711753732
2022-03-17 09:44:27,994 INFO archived 1418513341882929153
2022-03-17 09:44:27,994 INFO archived 1352946973117095936
2022-03-17 09:44:27,994 INFO archived 1419086979208151045
2022-03-17 09:44:27,994 INFO archived 1418750302954475522
2022-03-17 09:44:27,994 INFO archived 1418761816419700739
2022-03-17 09:44:27,994 INFO archived 1415615397995286536
2022-03-17 09:44:27,994 INFO archived 1415615925043175433
2022-03-17 09:44:27,994 INFO archived 1415973568647626753
2022-03-17 09:44:27,994 INFO archived 1416046659067256839
2022-03-17 09:44:27,994 INFO archived 1416047902749724674
2022-03-17 09:44:27,994 INFO archived 1416651840578408452
2022-03-17 09:44:27,994 INFO archived 1417351419653353479
2022-03-17 09:44:28,009 INFO archived 1417360815770898436
2022-03-17 09:44:28,009 INFO archived 1417354939446153217
2022-03-17 09:44:28,009 INFO archived 1417356453942218752
2022-03-17 09:44:28,009 INFO archived 1417359177597394953
2022-03-17 09:44:28,009 INFO archived 1417361665239121926
2022-03-17 09:44:28,009 INFO archived 1417358168972152832
2022-03-17 09:44:28,009 INFO archived 1416342437245513737
2022-03-17 09:44:28,009 INFO archived 1316774472616210432
2022-03-17 09:44:28,009 INFO archived 1082174896002625536
2022-03-17 09:44:28,009 INFO archived 1418646728438280192
2022-03-17 09:44:28,009 INFO archived 1338534837137772544
2022-03-17 09:44:28,009 INFO archived 1327882515885932545
2022-03-17 09:44:28,009 INFO archived 1327883757831868417
2022-03-17 09:44:28,009 INFO archived 1338536144322011137
2022-03-17 09:44:28,009 INFO archived 2448994246
2022-03-17 09:44:28,009 INFO archived 1404026847931764739
2022-03-17 09:44:28,009 INFO archived 1404026509052944386
2022-03-17 09:44:28,009 INFO archived 1416789878449131523
2022-03-17 09:44:28,009 INFO archived 1412605790595076097
2022-03-17 09:44:28,009 INFO archived 1411528308546707459
2022-03-17 09:44:28,009 INFO archived 1404272526117588993
2022-03-17 09:44:28,009 INFO archived 1404273239887552515
2022-03-17 09:44:28,009 INFO archived 1404027124755812356
2022-03-17 09:44:28,009 INFO archived 1406466842244239364
2022-03-17 09:44:28,009 INFO archived 91508296
2022-03-17 09:44:28,009 INFO archived 1481259432
2022-03-17 09:44:28,009 INFO archived 877856134908043267
2022-03-17 09:44:28,009 INFO archived 1094149049601515520
2022-03-17 09:44:28,009 INFO archived 1145536508524261378
2022-03-17 09:44:28,009 INFO archived 1412233755905773570
2022-03-17 09:44:28,009 INFO archived 1347854313125646339
2022-03-17 09:44:28,009 INFO archived 1397461230252556294
2022-03-17 09:44:28,009 INFO archived 1352987464089038853
2022-03-17 09:44:28,009 INFO archived 1352986832942768129
2022-03-17 09:44:28,009 INFO archived 1352988702704689153
2022-03-17 09:44:28,009 INFO archived 1404693570683080706
2022-03-17 09:44:28,009 INFO archived 1404407195706576896
2022-03-17 09:44:28,009 INFO archived 1404408246316716039
2022-03-17 09:44:28,009 INFO archived 1404406052544823297
2022-03-17 09:44:28,009 INFO archived 1404404295164964867
2022-03-17 09:44:28,009 INFO archived 1404410137364897795
2022-03-17 09:44:28,009 INFO archived 1413381552071868418
2022-03-17 09:44:28,009 INFO archived 1411180018378498050
2022-03-17 09:44:28,009 INFO archived 1404996515634896902
2022-03-17 09:44:28,009 INFO archived 1287370335809990657
2022-03-17 09:44:28,009 INFO archived 1212523380777218048
2022-03-17 09:44:28,009 INFO archived 1413380317918875652
2022-03-17 09:44:28,009 INFO archived 1404988901769445377
2022-03-17 09:44:28,009 INFO archived 1136907697683554304
2022-03-17 09:44:28,009 INFO archived 1227639755170439169
2022-03-17 09:44:28,009 INFO archived 1355158428214308870
2022-03-17 09:44:28,009 INFO archived 1281923807406505990
2022-03-17 09:44:28,009 INFO archived 1230508325831368704
2022-03-17 09:44:28,009 INFO archived 1388477271145517058
2022-03-17 09:44:28,009 INFO archived 1405008072691445765
2022-03-17 09:44:28,009 INFO archived 1405016911004397575
2022-03-17 09:44:28,009 INFO archived 1407999781142556675
2022-03-17 09:44:28,009 INFO archived 1364636958438268930
2022-03-17 09:44:28,009 INFO archived 1393601152713777155
2022-03-17 09:44:28,009 INFO archived 1309112600110788619
2022-03-17 09:44:28,025 INFO archived 1367142339139936258
2022-03-17 09:44:28,025 INFO archived 1409408375494909954
2022-03-17 09:44:28,025 INFO archived 1365602262496677888
2022-03-17 09:44:28,025 INFO archived 1377238675302408196
2022-03-17 09:44:28,025 INFO archived 1365593289383010307
2022-03-17 09:44:28,025 INFO archived 1396807786600624133
2022-03-17 09:44:28,025 INFO archived 1396810348963930115
2022-03-17 09:44:28,025 INFO looking up users 1389139607309062145,1033376617882480640,1075999527406948353,1311689659596955651,80770501,1282616770486927360,1137730121152860161,965883034288340993,1201868511901077504,1162113719364661258,1356440732639195138,1356438227578613761,1356439999646892034,1356435901472247809,1397920209852190724,1397923039480668164,1396410950916337664,1368781603510525959,1372046353723887617,1372877511034466308,1372874286155796483,1372878395617341440,1391308205720883202,1383313956781977608,1387416636861259776,1376114231829954570,1375697858226122753,1368477292389752834,1388428933775826944,1369277369937096706,1397045610138660865,1255063362934681600,1397046461162934277,1118914070394970112,1402995068995203092,1389174621954400256,1395006863058427909,1394996632207323137,1401155589263171586,1380857789438783489,1386111662575419399,1380907207357698050,1380906700085989377,1380906175512727559,1384351516413218817,1380903915143655428,1393584697825914884,1403223591722708994,1383008092372094976,1360910827566501892,1360910409281101831,1360908799981195264,1360908223398612995,1360909952580128773,1231953368781742080,1176298855974887427,1378390273227513857,1382737171069558790,1377627958999924748,1377998823708971015,1378387208210509828,1382728588261134341,1378001068924133378,1377797770753363973,1377629864833003532,1378384216572891139,1378360764403081216,1378003461661368328,1394644039375355905,955780087110033408,740551404809490432,1327585744534138881,1282724102071922689,1399719034065768449,1267437607149019136,1378642442291879937,1136906660838948865,1330362769913171970,1267398633260974081,1374915139724398594,1136912067665915904,1136905422089072641,1075706751922683904,1270678619656880130,45806543,4752257808,1382268520180768781,1032296461235437568,1264995085931798529,1299527367140884481,3460033160,1328332169123569666,1110124012527456256,1005538271424679936,1309499319880503302,1163541276,1318920550756937728,1310473898559897601,1317417181206900736,4714774279
2022-03-17 09:44:28,025 INFO getting ('https://api.twitter.com/1.1/users/lookup.json',) {'params': {'user_id': '1389139607309062145,1033376617882480640,1075999527406948353,1311689659596955651,80770501,1282616770486927360,1137730121152860161,965883034288340993,1201868511901077504,1162113719364661258,1356440732639195138,1356438227578613761,1356439999646892034,1356435901472247809,1397920209852190724,1397923039480668164,1396410950916337664,1368781603510525959,1372046353723887617,1372877511034466308,1372874286155796483,1372878395617341440,1391308205720883202,1383313956781977608,1387416636861259776,1376114231829954570,1375697858226122753,1368477292389752834,1388428933775826944,1369277369937096706,1397045610138660865,1255063362934681600,1397046461162934277,1118914070394970112,1402995068995203092,1389174621954400256,1395006863058427909,1394996632207323137,1401155589263171586,1380857789438783489,1386111662575419399,1380907207357698050,1380906700085989377,1380906175512727559,1384351516413218817,1380903915143655428,1393584697825914884,1403223591722708994,1383008092372094976,1360910827566501892,1360910409281101831,1360908799981195264,1360908223398612995,1360909952580128773,1231953368781742080,1176298855974887427,1378390273227513857,1382737171069558790,1377627958999924748,1377998823708971015,1378387208210509828,1382728588261134341,1378001068924133378,1377797770753363973,1377629864833003532,1378384216572891139,1378360764403081216,1378003461661368328,1394644039375355905,955780087110033408,740551404809490432,1327585744534138881,1282724102071922689,1399719034065768449,1267437607149019136,1378642442291879937,1136906660838948865,1330362769913171970,1267398633260974081,1374915139724398594,1136912067665915904,1136905422089072641,1075706751922683904,1270678619656880130,45806543,4752257808,1382268520180768781,1032296461235437568,1264995085931798529,1299527367140884481,3460033160,1328332169123569666,1110124012527456256,1005538271424679936,1309499319880503302,1163541276,1318920550756937728,1310473898559897601,1317417181206900736,4714774279', 'tweet_mode': 'extended'}}
2022-03-17 09:44:28,451 INFO archived 1389139607309062145
2022-03-17 09:44:28,451 INFO archived 1033376617882480640
2022-03-17 09:44:28,451 INFO archived 1075999527406948353
2022-03-17 09:44:28,451 INFO archived 1311689659596955651
2022-03-17 09:44:28,451 INFO archived 80770501
2022-03-17 09:44:28,451 INFO archived 1282616770486927360
2022-03-17 09:44:28,451 INFO archived 1137730121152860161
2022-03-17 09:44:28,451 INFO archived 965883034288340993
2022-03-17 09:44:28,451 INFO archived 1201868511901077504
2022-03-17 09:44:28,451 INFO archived 1162113719364661258
2022-03-17 09:44:28,451 INFO archived 1356440732639195138
2022-03-17 09:44:28,451 INFO archived 1356438227578613761
2022-03-17 09:44:28,451 INFO archived 1356439999646892034
2022-03-17 09:44:28,451 INFO archived 1356435901472247809
2022-03-17 09:44:28,451 INFO archived 1397920209852190724
2022-03-17 09:44:28,451 INFO archived 1397923039480668164
2022-03-17 09:44:28,451 INFO archived 1396410950916337664
2022-03-17 09:44:28,451 INFO archived 1368781603510525959
2022-03-17 09:44:28,451 INFO archived 1372046353723887617
2022-03-17 09:44:28,451 INFO archived 1372877511034466308
2022-03-17 09:44:28,451 INFO archived 1372874286155796483
2022-03-17 09:44:28,451 INFO archived 1372878395617341440
2022-03-17 09:44:28,451 INFO archived 1391308205720883202
2022-03-17 09:44:28,451 INFO archived 1383313956781977608
2022-03-17 09:44:28,451 INFO archived 1387416636861259776
2022-03-17 09:44:28,451 INFO archived 1376114231829954570
2022-03-17 09:44:28,451 INFO archived 1375697858226122753
2022-03-17 09:44:28,451 INFO archived 1368477292389752834
2022-03-17 09:44:28,451 INFO archived 1388428933775826944
2022-03-17 09:44:28,451 INFO archived 1369277369937096706
2022-03-17 09:44:28,451 INFO archived 1397045610138660865
2022-03-17 09:44:28,451 INFO archived 1255063362934681600
2022-03-17 09:44:28,451 INFO archived 1397046461162934277
2022-03-17 09:44:28,451 INFO archived 1118914070394970112
2022-03-17 09:44:28,451 INFO archived 1402995068995203092
2022-03-17 09:44:28,451 INFO archived 1389174621954400256
2022-03-17 09:44:28,451 INFO archived 1395006863058427909
2022-03-17 09:44:28,451 INFO archived 1394996632207323137
2022-03-17 09:44:28,451 INFO archived 1401155589263171586
2022-03-17 09:44:28,451 INFO archived 1380857789438783489
2022-03-17 09:44:28,451 INFO archived 1386111662575419399
2022-03-17 09:44:28,451 INFO archived 1380907207357698050
2022-03-17 09:44:28,451 INFO archived 1380906700085989377
2022-03-17 09:44:28,451 INFO archived 1380906175512727559
2022-03-17 09:44:28,451 INFO archived 1384351516413218817
2022-03-17 09:44:28,451 INFO archived 1380903915143655428
2022-03-17 09:44:28,451 INFO archived 1393584697825914884
2022-03-17 09:44:28,451 INFO archived 1403223591722708994
2022-03-17 09:44:28,451 INFO archived 1383008092372094976
2022-03-17 09:44:28,451 INFO archived 1360910827566501892
2022-03-17 09:44:28,451 INFO archived 1360910409281101831
2022-03-17 09:44:28,451 INFO archived 1360908799981195264
2022-03-17 09:44:28,451 INFO archived 1360908223398612995
2022-03-17 09:44:28,451 INFO archived 1360909952580128773
2022-03-17 09:44:28,451 INFO archived 1231953368781742080
2022-03-17 09:44:28,451 INFO archived 1176298855974887427
2022-03-17 09:44:28,451 INFO archived 1378390273227513857
2022-03-17 09:44:28,451 INFO archived 1382737171069558790
2022-03-17 09:44:28,451 INFO archived 1377627958999924748
2022-03-17 09:44:28,451 INFO archived 1377998823708971015
2022-03-17 09:44:28,451 INFO archived 1378387208210509828
2022-03-17 09:44:28,451 INFO archived 1382728588261134341
2022-03-17 09:44:28,451 INFO archived 1378001068924133378
2022-03-17 09:44:28,451 INFO archived 1377797770753363973
2022-03-17 09:44:28,466 INFO archived 1377629864833003532
2022-03-17 09:44:28,466 INFO archived 1378384216572891139
2022-03-17 09:44:28,466 INFO archived 1378360764403081216
2022-03-17 09:44:28,466 INFO archived 1378003461661368328
2022-03-17 09:44:28,466 INFO archived 1394644039375355905
2022-03-17 09:44:28,466 INFO archived 955780087110033408
2022-03-17 09:44:28,466 INFO archived 740551404809490432
2022-03-17 09:44:28,466 INFO archived 1327585744534138881
2022-03-17 09:44:28,466 INFO archived 1282724102071922689
2022-03-17 09:44:28,466 INFO archived 1399719034065768449
2022-03-17 09:44:28,466 INFO archived 1267437607149019136
2022-03-17 09:44:28,466 INFO archived 1378642442291879937
2022-03-17 09:44:28,466 INFO archived 1136906660838948865
2022-03-17 09:44:28,466 INFO archived 1330362769913171970
2022-03-17 09:44:28,466 INFO archived 1267398633260974081
2022-03-17 09:44:28,466 INFO archived 1374915139724398594
2022-03-17 09:44:28,466 INFO archived 1136912067665915904
2022-03-17 09:44:28,466 INFO archived 1136905422089072641
2022-03-17 09:44:28,466 INFO archived 1075706751922683904
2022-03-17 09:44:28,466 INFO archived 1270678619656880130
2022-03-17 09:44:28,466 INFO archived 45806543
2022-03-17 09:44:28,466 INFO archived 4752257808
2022-03-17 09:44:28,466 INFO archived 1382268520180768781
2022-03-17 09:44:28,466 INFO archived 1032296461235437568
2022-03-17 09:44:28,466 INFO archived 1264995085931798529
2022-03-17 09:44:28,466 INFO archived 1299527367140884481
2022-03-17 09:44:28,466 INFO archived 3460033160
2022-03-17 09:44:28,466 INFO archived 1328332169123569666
2022-03-17 09:44:28,466 INFO archived 1110124012527456256
2022-03-17 09:44:28,466 INFO archived 1005538271424679936
2022-03-17 09:44:28,466 INFO archived 1309499319880503302
2022-03-17 09:44:28,466 INFO archived 1163541276
2022-03-17 09:44:28,466 INFO archived 1318920550756937728
2022-03-17 09:44:28,466 INFO archived 1310473898559897601
2022-03-17 09:44:28,466 INFO archived 1317417181206900736
2022-03-17 09:44:28,466 INFO archived 4714774279
2022-03-17 09:44:28,466 INFO looking up users 80815734,2231314439,1295317160990932995,262446052,1221013198939119621,1135411160604241920,873499812678713344,920961371348508673,872327571958095873,14382367
2022-03-17 09:44:28,466 INFO getting ('https://api.twitter.com/1.1/users/lookup.json',) {'params': {'user_id': '80815734,2231314439,1295317160990932995,262446052,1221013198939119621,1135411160604241920,873499812678713344,920961371348508673,872327571958095873,14382367', 'tweet_mode': 'extended'}}
2022-03-17 09:44:28,810 INFO archived 80815734
2022-03-17 09:44:28,810 INFO archived 2231314439
2022-03-17 09:44:28,810 INFO archived 1295317160990932995
2022-03-17 09:44:28,810 INFO archived 262446052
2022-03-17 09:44:28,810 INFO archived 1221013198939119621
2022-03-17 09:44:28,810 INFO archived 1135411160604241920
2022-03-17 09:44:28,810 INFO archived 873499812678713344
2022-03-17 09:44:28,810 INFO archived 920961371348508673
2022-03-17 09:44:28,810 INFO archived 872327571958095873
2022-03-17 09:44:28,810 INFO archived 14382367
2022-03-17 09:44:37,584 INFO loading None profile from config C:\Users\Administrator\.twarc
2022-03-17 09:44:37,584 INFO creating http session
2022-03-17 09:44:37,584 INFO creating OAuth1 user authentication
2022-03-17 09:44:37,584 INFO getting ('https://api.twitter.com/1.1/account/verify_credentials.json',) {'params': {'tweet_mode': 'extended'}}
2022-03-17 09:44:37,725 INFO looking up users 54936590,4752257808,55604633,927444601882812416,4345658112
2022-03-17 09:44:37,725 INFO getting ('https://api.twitter.com/1.1/users/lookup.json',) {'params': {'user_id': '54936590,4752257808,55604633,927444601882812416,4345658112', 'tweet_mode': 'extended'}}
2022-03-17 09:44:37,943 INFO archived 54936590
2022-03-17 09:44:37,943 INFO archived 4752257808
2022-03-17 09:44:37,943 INFO archived 55604633
2022-03-17 09:44:37,943 INFO archived 927444601882812416
2022-03-17 09:44:37,943 INFO archived 4345658112
