2022-03-17 10:26:33,344 INFO loading None profile from config C:\Users\Administrator\.twarc
2022-03-17 10:26:33,344 INFO creating http session
2022-03-17 10:26:33,344 INFO creating OAuth1 user authentication
2022-03-17 10:26:33,344 INFO getting ('https://api.twitter.com/1.1/account/verify_credentials.json',) {'params': {'tweet_mode': 'extended'}}
2022-03-17 10:26:33,503 INFO looking up users AiplexSoftware
2022-03-17 10:26:33,503 INFO getting ('https://api.twitter.com/1.1/users/lookup.json',) {'params': {'screen_name': 'AiplexSoftware', 'tweet_mode': 'extended'}}
2022-03-17 10:26:33,644 INFO archived 4752257808
2022-03-17 10:26:44,078 INFO loading None profile from config C:\Users\Administrator\.twarc
2022-03-17 10:26:44,078 INFO creating http session
2022-03-17 10:26:44,078 INFO creating OAuth1 user authentication
2022-03-17 10:26:44,078 INFO getting ('https://api.twitter.com/1.1/account/verify_credentials.json',) {'params': {'tweet_mode': 'extended'}}
2022-03-17 10:26:44,218 INFO starting user timeline for user AiplexSoftware
2022-03-17 10:26:44,218 INFO getting ('https://api.twitter.com/1.1/statuses/user_timeline.json',) {'params': {'count': 200, 'screen_name': 'AiplexSoftware', 'include_ext_alt_text': 'true', 'tweet_mode': 'extended'}}
2022-03-17 10:26:44,265 WARNING 401 Authentication required for https://api.twitter.com/1.1/statuses/user_timeline.json?count=200&screen_name=AiplexSoftware&include_ext_alt_text=true&tweet_mode=extended
2022-03-17 10:26:44,265 WARNING protected account AiplexSoftware
2022-03-17 10:28:27,383 INFO loading None profile from config C:\Users\Administrator\.twarc
2022-03-17 10:28:27,383 INFO creating http session
2022-03-17 10:28:27,383 INFO creating OAuth1 user authentication
2022-03-17 10:28:27,383 INFO getting ('https://api.twitter.com/1.1/account/verify_credentials.json',) {'params': {'tweet_mode': 'extended'}}
2022-03-17 10:28:27,524 INFO getting ('https://api.twitter.com/1.1/friends/ids.json',) {'params': {'screen_name': 'AiplexSoftware', 'cursor': -1, 'tweet_mode': 'extended'}}
2022-03-17 10:28:27,555 WARNING 401 Authentication required for https://api.twitter.com/1.1/friends/ids.json?screen_name=AiplexSoftware&cursor=-1&tweet_mode=extended
2022-03-17 10:28:39,923 INFO loading None profile from config C:\Users\Administrator\.twarc
2022-03-17 10:28:39,923 INFO creating http session
2022-03-17 10:28:39,923 INFO creating OAuth1 user authentication
2022-03-17 10:28:39,923 INFO getting ('https://api.twitter.com/1.1/account/verify_credentials.json',) {'params': {'tweet_mode': 'extended'}}
2022-03-17 10:28:40,048 INFO getting ('https://api.twitter.com/1.1/friends/ids.json',) {'params': {'screen_name': 'AiplexSoftware', 'cursor': -1, 'tweet_mode': 'extended'}}
2022-03-17 10:28:40,095 WARNING 401 Authentication required for https://api.twitter.com/1.1/friends/ids.json?screen_name=AiplexSoftware&cursor=-1&tweet_mode=extended
2022-03-17 10:29:01,528 INFO loading None profile from config C:\Users\Administrator\.twarc
2022-03-17 10:29:01,528 INFO creating http session
2022-03-17 10:29:01,528 INFO creating OAuth1 user authentication
2022-03-17 10:29:01,528 INFO getting ('https://api.twitter.com/1.1/account/verify_credentials.json',) {'params': {'tweet_mode': 'extended'}}
2022-03-17 10:29:01,668 INFO getting ('https://api.twitter.com/1.1/followers/ids.json',) {'params': {'screen_name': 'AiplexSoftware', 'cursor': -1, 'tweet_mode': 'extended'}}
2022-03-17 10:29:01,715 WARNING 401 Authentication required for https://api.twitter.com/1.1/followers/ids.json?screen_name=AiplexSoftware&cursor=-1&tweet_mode=extended
2022-03-17 10:29:38,714 INFO loading None profile from config C:\Users\Administrator\.twarc
2022-03-17 10:29:38,714 INFO creating http session
2022-03-17 10:29:38,714 INFO creating OAuth1 user authentication
2022-03-17 10:29:38,714 INFO getting ('https://api.twitter.com/1.1/account/verify_credentials.json',) {'params': {'tweet_mode': 'extended'}}
2022-03-17 10:29:38,823 INFO looking up users AiplexSoftware
2022-03-17 10:29:38,839 INFO getting ('https://api.twitter.com/1.1/users/lookup.json',) {'params': {'screen_name': 'AiplexSoftware', 'tweet_mode': 'extended'}}
2022-03-17 10:29:38,979 INFO archived 4752257808
2022-03-17 10:30:01,151 INFO loading None profile from config C:\Users\Administrator\.twarc
2022-03-17 10:30:01,151 INFO creating http session
2022-03-17 10:30:01,151 INFO creating OAuth1 user authentication
2022-03-17 10:30:01,151 INFO getting ('https://api.twitter.com/1.1/account/verify_credentials.json',) {'params': {'tweet_mode': 'extended'}}
2022-03-17 10:30:01,292 INFO starting user timeline for user AiplexSoftware
2022-03-17 10:30:01,292 INFO getting ('https://api.twitter.com/1.1/statuses/user_timeline.json',) {'params': {'count': 200, 'screen_name': 'AiplexSoftware', 'include_ext_alt_text': 'true', 'tweet_mode': 'extended'}}
2022-03-17 10:30:01,338 WARNING 401 Authentication required for https://api.twitter.com/1.1/statuses/user_timeline.json?count=200&screen_name=AiplexSoftware&include_ext_alt_text=true&tweet_mode=extended
2022-03-17 10:30:01,338 WARNING protected account AiplexSoftware
