2022-03-18 06:06:40,282 INFO loading None profile from config C:\Users\Administrator\.twarc
2022-03-18 06:06:40,284 INFO creating http session
2022-03-18 06:06:40,284 INFO creating OAuth1 user authentication
2022-03-18 06:06:40,285 INFO getting ('https://api.twitter.com/1.1/account/verify_credentials.json',) {'params': {'tweet_mode': 'extended'}}
2022-03-18 06:06:40,429 INFO looking up users defnotentitled
2022-03-18 06:06:40,430 INFO getting ('https://api.twitter.com/1.1/users/lookup.json',) {'params': {'screen_name': 'defnotentitled', 'tweet_mode': 'extended'}}
2022-03-18 06:06:40,499 INFO archived 797218724654653441
2022-03-18 06:06:54,405 INFO loading None profile from config C:\Users\Administrator\.twarc
2022-03-18 06:06:54,407 INFO creating http session
2022-03-18 06:06:54,408 INFO creating OAuth1 user authentication
2022-03-18 06:06:54,409 INFO getting ('https://api.twitter.com/1.1/account/verify_credentials.json',) {'params': {'tweet_mode': 'extended'}}
2022-03-18 06:06:54,566 INFO starting user timeline for user defnotentitled
2022-03-18 06:06:54,566 INFO getting ('https://api.twitter.com/1.1/statuses/user_timeline.json',) {'params': {'count': 200, 'screen_name': 'defnotentitled', 'include_ext_alt_text': 'true', 'tweet_mode': 'extended'}}
2022-03-18 06:06:54,780 INFO archived 1504606864524574720
2022-03-18 06:06:54,781 INFO archived 1503426529149153280
2022-03-18 06:06:54,781 INFO archived 1503229102538432513
2022-03-18 06:06:54,782 INFO archived 1503228541151850497
2022-03-18 06:06:54,783 INFO archived 1502701016919121922
2022-03-18 06:06:54,783 INFO archived 1502134797153406976
2022-03-18 06:06:54,783 INFO archived 1502133599780311042
2022-03-18 06:06:54,784 INFO archived 1501988012212686870
2022-03-18 06:06:54,784 INFO archived 1501701873790697476
2022-03-18 06:06:54,784 INFO archived 1501620460424814594
2022-03-18 06:06:54,786 INFO archived 1500033750893092868
2022-03-18 06:06:54,786 INFO archived 1500033346029559809
2022-03-18 06:06:54,786 INFO archived 1500032950846386177
2022-03-18 06:06:54,787 INFO archived 1499502477019738121
2022-03-18 06:06:54,787 INFO archived 1496447498197823492
2022-03-18 06:06:54,787 INFO archived 1496442754825601026
2022-03-18 06:06:54,787 INFO archived 1496376140034097152
2022-03-18 06:06:54,787 INFO archived 1496375494392299520
2022-03-18 06:06:54,787 INFO archived 1496366238062497792
2022-03-18 06:06:54,787 INFO archived 1493543048914948096
2022-03-18 06:06:54,787 INFO archived 1493530176323403781
2022-03-18 06:06:54,787 INFO archived 1493133375497912322
2022-03-18 06:06:54,790 INFO archived 1493133273559560198
2022-03-18 06:06:54,790 INFO archived 1493132932252200960
2022-03-18 06:06:54,791 INFO archived 1493132535135498240
2022-03-18 06:06:54,791 INFO archived 1493132428524752898
2022-03-18 06:06:54,791 INFO archived 1493132288158175232
2022-03-18 06:06:54,791 INFO archived 1493132218574589956
2022-03-18 06:06:54,791 INFO archived 1493131865179365378
2022-03-18 06:06:54,799 INFO archived 1493131635855806465
2022-03-18 06:06:54,799 INFO archived 1493129898726096898
2022-03-18 06:06:54,799 INFO archived 1492680852760793090
2022-03-18 06:06:54,800 INFO archived 1491861698285752345
2022-03-18 06:06:54,800 INFO archived 1489512000099012613
2022-03-18 06:06:54,800 INFO archived 1488829165788798976
2022-03-18 06:06:54,801 INFO archived 1486636431262957574
2022-03-18 06:06:54,801 INFO archived 1484956230686703616
2022-03-18 06:06:54,802 INFO archived 1484955996065726464
2022-03-18 06:06:54,802 INFO archived 1484629727214125056
2022-03-18 06:06:54,802 INFO archived 1484489020100866053
2022-03-18 06:06:54,803 INFO archived 1484485840206135296
2022-03-18 06:06:54,803 INFO archived 1483740803503558656
2022-03-18 06:06:54,803 INFO archived 1483739649184972800
2022-03-18 06:06:54,803 INFO archived 1482178958145716228
2022-03-18 06:06:54,803 INFO archived 1481871205162385408
2022-03-18 06:06:54,803 INFO archived 1481465479965208577
2022-03-18 06:06:54,803 INFO archived 1481464932264677377
2022-03-18 06:06:54,803 INFO archived 1480084100555759616
2022-03-18 06:06:54,803 INFO archived 1480083905038348296
2022-03-18 06:06:54,803 INFO archived 1480083546018516994
2022-03-18 06:06:54,803 INFO archived 1480000915356618752
2022-03-18 06:06:54,803 INFO archived 1479744799557128194
2022-03-18 06:06:54,803 INFO archived 1479015496968069120
2022-03-18 06:06:54,803 INFO archived 1478515885765586946
2022-03-18 06:06:54,808 INFO archived 1478179865983475715
2022-03-18 06:06:54,814 INFO archived 1478177188759293955
2022-03-18 06:06:54,814 INFO archived 1477778566343323650
2022-03-18 06:06:54,815 INFO archived 1477058564640235520
2022-03-18 06:06:54,815 INFO archived 1476739241933778981
2022-03-18 06:06:54,816 INFO archived 1476407604758810625
2022-03-18 06:06:54,816 INFO archived 1475767637829324806
2022-03-18 06:06:54,816 INFO archived 1475766557821190144
2022-03-18 06:06:54,817 INFO archived 1475362858397356032
2022-03-18 06:06:54,830 INFO archived 1475362539588374528
2022-03-18 06:06:54,830 INFO archived 1475362475423899648
2022-03-18 06:06:54,830 INFO archived 1475332704522563585
2022-03-18 06:06:54,830 INFO archived 1474651388168720387
2022-03-18 06:06:54,830 INFO archived 1474514734862848001
2022-03-18 06:06:54,830 INFO archived 1474178798812024832
2022-03-18 06:06:54,830 INFO archived 1474178588832272389
2022-03-18 06:06:54,830 INFO archived 1474178023561699328
2022-03-18 06:06:54,830 INFO archived 1474177692895383564
2022-03-18 06:06:54,830 INFO archived 1474177002651340800
2022-03-18 06:06:54,830 INFO archived 1474175540164661249
2022-03-18 06:06:54,830 INFO archived 1474175397646725120
2022-03-18 06:06:54,830 INFO archived 1474174365574918147
2022-03-18 06:06:54,830 INFO archived 1473397503567417351
2022-03-18 06:06:54,830 INFO archived 1473395862709567488
2022-03-18 06:06:54,830 INFO archived 1473395651589206016
2022-03-18 06:06:54,830 INFO archived 1473388207295242245
2022-03-18 06:06:54,830 INFO archived 1473211253975699471
2022-03-18 06:06:54,830 INFO archived 1473210875402076160
2022-03-18 06:06:54,835 INFO archived 1473210345573339138
2022-03-18 06:06:54,835 INFO archived 1472691622475227136
2022-03-18 06:06:54,836 INFO archived 1471780215688892416
2022-03-18 06:06:54,836 INFO archived 1468733563663126530
2022-03-18 06:06:54,837 INFO archived 1468732614378876928
2022-03-18 06:06:54,837 INFO archived 1468732411462619136
2022-03-18 06:06:54,837 INFO archived 1468337147199381504
2022-03-18 06:06:54,838 INFO archived 1466655948592717829
2022-03-18 06:06:54,838 INFO archived 1466547532155088897
2022-03-18 06:06:54,840 INFO archived 1466542322510807045
2022-03-18 06:06:54,840 INFO archived 1466538285908385794
2022-03-18 06:06:54,841 INFO archived 1466117040524050432
2022-03-18 06:06:54,841 INFO archived 1466066379023392771
2022-03-18 06:06:54,841 INFO archived 1460029774248644610
2022-03-18 06:06:54,841 INFO archived 1460029478000750600
2022-03-18 06:06:54,841 INFO archived 1460029272093913089
2022-03-18 06:06:54,841 INFO archived 1460028874843062275
2022-03-18 06:06:54,841 INFO archived 1459692514378543104
2022-03-18 06:06:54,841 INFO archived 1459692378000789504
2022-03-18 06:06:54,841 INFO archived 1459692241153245184
2022-03-18 06:06:54,841 INFO archived 1459692117777739784
2022-03-18 06:06:54,841 INFO archived 1459691934822268929
2022-03-18 06:06:54,841 INFO archived 1459691303512334336
2022-03-18 06:06:54,841 INFO archived 1451955075027329026
2022-03-18 06:06:54,841 INFO archived 1448199283342118915
2022-03-18 06:06:54,841 INFO archived 1446276114339434510
2022-03-18 06:06:54,841 INFO archived 1446240489087201281
2022-03-18 06:06:54,841 INFO archived 1444971537560338432
2022-03-18 06:06:54,848 INFO archived 1441333942544519172
2022-03-18 06:06:54,848 INFO archived 1441319761678192646
2022-03-18 06:06:54,848 INFO archived 1441171446235942923
2022-03-18 06:06:54,848 INFO archived 1439497254214070276
2022-03-18 06:06:54,848 INFO archived 1439467334620512260
2022-03-18 06:06:54,848 INFO archived 1439061714805297154
2022-03-18 06:06:54,848 INFO archived 1438762156976078851
2022-03-18 06:06:54,848 INFO archived 1438055376801255424
2022-03-18 06:06:54,848 INFO archived 1437943796948291584
2022-03-18 06:06:54,848 INFO archived 1437635483614470148
2022-03-18 06:06:54,848 INFO archived 1437635375187382275
2022-03-18 06:06:54,848 INFO archived 1437536466876256260
2022-03-18 06:06:54,848 INFO archived 1437535408154238978
2022-03-18 06:06:54,848 INFO archived 1437533748996624388
2022-03-18 06:06:54,848 INFO archived 1437393671083544576
2022-03-18 06:06:54,848 INFO archived 1437252727541694467
2022-03-18 06:06:54,848 INFO archived 1437203562463858693
2022-03-18 06:06:54,848 INFO archived 1437202964653821956
2022-03-18 06:06:54,853 INFO archived 1436989560236306434
2022-03-18 06:06:54,853 INFO archived 1436988140250550276
2022-03-18 06:06:54,853 INFO archived 1436810999420522498
2022-03-18 06:06:54,853 INFO archived 1436810882600767490
2022-03-18 06:06:54,853 INFO archived 1436810700278546436
2022-03-18 06:06:54,853 INFO archived 1436810514730872832
2022-03-18 06:06:54,853 INFO archived 1436810304751472641
2022-03-18 06:06:54,853 INFO archived 1436810220672471044
2022-03-18 06:06:54,855 INFO archived 1436810135637151748
2022-03-18 06:06:54,855 INFO archived 1436809844497911808
2022-03-18 06:06:54,855 INFO archived 1436809776701198341
2022-03-18 06:06:54,855 INFO archived 1436809708057161732
2022-03-18 06:06:54,856 INFO archived 1436809576532242435
2022-03-18 06:06:54,858 INFO archived 1436809328514637825
2022-03-18 06:06:54,858 INFO archived 1436801135709331458
2022-03-18 06:06:54,861 INFO archived 1435705150300061703
2022-03-18 06:06:54,861 INFO archived 1435703419092668417
2022-03-18 06:06:54,861 INFO archived 1435087335062851585
2022-03-18 06:06:54,862 INFO archived 1435087140036120577
2022-03-18 06:06:54,862 INFO archived 1433719240339562501
2022-03-18 06:06:54,862 INFO archived 1433717817795231749
2022-03-18 06:06:54,862 INFO archived 1432235013924216832
2022-03-18 06:06:54,862 INFO archived 1429643217599746057
2022-03-18 06:06:54,863 INFO archived 1429576890193387527
2022-03-18 06:06:54,863 INFO archived 1429214695668424707
2022-03-18 06:06:54,863 INFO archived 1426575463321726979
2022-03-18 06:06:54,863 INFO archived 1425203983241551873
2022-03-18 06:06:54,863 INFO archived 1425041574199652355
2022-03-18 06:06:54,863 INFO archived 1425028664572268555
2022-03-18 06:06:54,863 INFO archived 1412543050383990786
2022-03-18 06:06:54,863 INFO archived 1411879353965707265
2022-03-18 06:06:54,863 INFO archived 1411104990366605312
2022-03-18 06:06:54,863 INFO archived 1340729699371110401
2022-03-18 06:06:54,863 INFO archived 1329352564475772928
2022-03-18 06:06:54,863 INFO archived 822740589049311233
2022-03-18 06:06:54,863 INFO archived 797267761827180544
2022-03-18 06:06:54,863 INFO archived 797263068421963776
2022-03-18 06:06:54,863 INFO archived 797262639244001280
2022-03-18 06:06:54,863 INFO getting ('https://api.twitter.com/1.1/statuses/user_timeline.json',) {'params': {'count': 200, 'screen_name': 'defnotentitled', 'include_ext_alt_text': 'true', 'tweet_mode': 'extended', 'max_id': '797262639244001279'}}
2022-03-18 06:06:54,921 INFO no new tweets matching {'count': 200, 'screen_name': 'defnotentitled', 'include_ext_alt_text': 'true', 'tweet_mode': 'extended', 'max_id': '797262639244001279'}
2022-03-18 06:07:11,580 INFO loading None profile from config C:\Users\Administrator\.twarc
2022-03-18 06:07:11,589 INFO creating http session
2022-03-18 06:07:11,589 INFO creating OAuth1 user authentication
2022-03-18 06:07:11,590 INFO getting ('https://api.twitter.com/1.1/account/verify_credentials.json',) {'params': {'tweet_mode': 'extended'}}
2022-03-18 06:07:11,781 INFO getting ('https://api.twitter.com/1.1/friends/ids.json',) {'params': {'screen_name': 'defnotentitled', 'cursor': -1, 'tweet_mode': 'extended'}}
2022-03-18 06:07:11,829 INFO archived 1036857910033231873
2022-03-18 06:07:11,829 INFO archived 58726616
2022-03-18 06:07:11,829 INFO archived 1214569479788802048
2022-03-18 06:07:11,829 INFO archived 864783656954470400
2022-03-18 06:07:11,830 INFO archived 1038247161094397959
2022-03-18 06:07:11,830 INFO archived 1473621069240152066
2022-03-18 06:07:11,830 INFO archived 2177528724
2022-03-18 06:07:11,830 INFO archived 992542795951783938
2022-03-18 06:07:11,830 INFO archived 1056478573
2022-03-18 06:07:11,830 INFO archived 818281066414899200
2022-03-18 06:07:11,831 INFO archived 497405018
2022-03-18 06:07:11,831 INFO archived 1392472714607308809
2022-03-18 06:07:11,831 INFO archived 1305045909437374464
2022-03-18 06:07:11,831 INFO archived 960898489885446149
2022-03-18 06:07:11,832 INFO archived 1439095720477331463
2022-03-18 06:07:11,832 INFO archived 1335965735865159684
2022-03-18 06:07:11,832 INFO archived 2676258908
2022-03-18 06:07:11,832 INFO archived 1063584641720946691
2022-03-18 06:07:11,832 INFO archived 1449348757078913032
2022-03-18 06:07:11,833 INFO archived 1442252005762736128
2022-03-18 06:07:11,834 INFO archived 1389532581125713924
2022-03-18 06:07:11,834 INFO archived 1310769761295499267
2022-03-18 06:07:11,834 INFO archived 307118221
2022-03-18 06:07:11,834 INFO archived 1327832925283430400
2022-03-18 06:07:11,834 INFO archived 1134197417295994881
2022-03-18 06:07:11,834 INFO archived 1336923031076270080
2022-03-18 06:07:11,834 INFO archived 1307095998385262592
2022-03-18 06:07:11,836 INFO archived 450832887
2022-03-18 06:07:11,836 INFO archived 1332070366601207808
2022-03-18 06:07:11,836 INFO archived 704930434661146625
2022-03-18 06:07:11,836 INFO archived 904517805101506560
2022-03-18 06:07:11,837 INFO archived 284571757
2022-03-18 06:07:11,837 INFO archived 1297899506277605376
2022-03-18 06:07:11,837 INFO archived 1220228849763520513
2022-03-18 06:07:11,837 INFO archived 1245080943980838915
2022-03-18 06:07:11,837 INFO archived 1426619361754820611
2022-03-18 06:07:11,837 INFO archived 1047005859635707904
2022-03-18 06:07:11,837 INFO archived 1098931158363058177
2022-03-18 06:07:11,837 INFO archived 1357351730967695361
2022-03-18 06:07:11,837 INFO archived 63283729
2022-03-18 06:07:11,837 INFO archived 1220135746981580801
2022-03-18 06:07:11,838 INFO archived 3237448491
2022-03-18 06:07:11,838 INFO archived 1027273909031329794
2022-03-18 06:07:11,838 INFO archived 1230953832273915904
2022-03-18 06:07:11,838 INFO archived 4806747735
2022-03-18 06:07:11,840 INFO archived 1285106822760685574
2022-03-18 06:07:11,840 INFO archived 724500734
2022-03-18 06:07:11,840 INFO archived 1218390743565266944
2022-03-18 06:07:11,840 INFO archived 1339224306417590272
2022-03-18 06:07:11,840 INFO archived 1424372403610656775
2022-03-18 06:07:11,840 INFO archived 4626181757
2022-03-18 06:07:11,840 INFO archived 1319457053300019200
2022-03-18 06:07:11,840 INFO archived 716333412
2022-03-18 06:07:11,840 INFO archived 1166181012088512512
2022-03-18 06:07:11,840 INFO archived 1297737390619058176
2022-03-18 06:07:11,840 INFO archived 547348900
2022-03-18 06:07:11,841 INFO archived 1405291134218276875
2022-03-18 06:07:11,841 INFO archived 1394291208243998722
2022-03-18 06:07:11,841 INFO archived 1193320100323045377
2022-03-18 06:07:11,841 INFO archived 1292137985702592515
2022-03-18 06:07:11,841 INFO archived 4109659725
2022-03-18 06:07:11,841 INFO archived 1412589434231472128
2022-03-18 06:07:11,841 INFO archived 820446888373747712
2022-03-18 06:07:11,841 INFO archived 23241899
2022-03-18 06:07:11,841 INFO archived 746197998787428354
2022-03-18 06:07:11,842 INFO archived 1036607874607325184
2022-03-18 06:07:11,842 INFO archived 324010640
2022-03-18 06:07:11,842 INFO archived 137954585
2022-03-18 06:07:11,842 INFO archived 1411441468519108612
2022-03-18 06:07:11,842 INFO archived 1339292192242688000
2022-03-18 06:07:11,842 INFO archived 389182283
2022-03-18 06:07:11,842 INFO archived 16982944
2022-03-18 06:07:11,842 INFO archived 948021836041916421
2022-03-18 06:07:11,842 INFO archived 1131072110145622016
2022-03-18 06:07:11,842 INFO archived 1095277823084748801
2022-03-18 06:07:11,842 INFO archived 1007697404676714496
2022-03-18 06:07:25,161 INFO loading None profile from config C:\Users\Administrator\.twarc
2022-03-18 06:07:25,163 INFO creating http session
2022-03-18 06:07:25,163 INFO creating OAuth1 user authentication
2022-03-18 06:07:25,164 INFO getting ('https://api.twitter.com/1.1/account/verify_credentials.json',) {'params': {'tweet_mode': 'extended'}}
2022-03-18 06:07:25,313 INFO getting ('https://api.twitter.com/1.1/followers/ids.json',) {'params': {'screen_name': 'defnotentitled', 'cursor': -1, 'tweet_mode': 'extended'}}
2022-03-18 06:07:25,358 INFO archived 1488147466944118786
2022-03-18 06:07:25,358 INFO archived 79298498
2022-03-18 06:07:25,358 INFO archived 1426902460476661762
2022-03-18 06:07:25,358 INFO archived 1408504029987045377
2022-03-18 06:07:25,358 INFO archived 1388548653586034694
2022-03-18 06:07:25,359 INFO archived 960898489885446149
2022-03-18 06:07:25,359 INFO archived 25877022
2022-03-18 06:07:25,359 INFO archived 1473621069240152066
2022-03-18 06:07:25,359 INFO archived 1056478573
2022-03-18 06:07:25,359 INFO archived 2676258908
2022-03-18 06:07:25,359 INFO archived 1128807326390136832
2022-03-18 06:07:25,359 INFO archived 1392472714607308809
2022-03-18 06:07:25,359 INFO archived 497405018
2022-03-18 06:07:25,359 INFO archived 1450303503172308994
2022-03-18 06:07:25,359 INFO archived 1449348757078913032
2022-03-18 06:07:25,359 INFO archived 1335965735865159684
2022-03-18 06:07:25,359 INFO archived 1442252005762736128
2022-03-18 06:07:25,360 INFO archived 1389532581125713924
2022-03-18 06:07:25,360 INFO archived 1310769761295499267
2022-03-18 06:07:25,360 INFO archived 1336923031076270080
2022-03-18 06:07:25,360 INFO archived 307118221
2022-03-18 06:07:25,360 INFO archived 1201242001431121920
2022-03-18 06:07:25,360 INFO archived 1307095998385262592
2022-03-18 06:07:25,360 INFO archived 1220228849763520513
2022-03-18 06:07:25,360 INFO archived 450832887
2022-03-18 06:07:25,360 INFO archived 1327832925283430400
2022-03-18 06:07:25,360 INFO archived 904517805101506560
2022-03-18 06:07:25,360 INFO archived 1297899506277605376
2022-03-18 06:07:25,360 INFO archived 1134197417295994881
2022-03-18 06:07:25,361 INFO archived 284571757
2022-03-18 06:07:25,361 INFO archived 1332070366601207808
2022-03-18 06:07:25,361 INFO archived 704930434661146625
2022-03-18 06:07:25,361 INFO archived 1245080943980838915
2022-03-18 06:07:25,361 INFO archived 1426619361754820611
2022-03-18 06:07:25,361 INFO archived 352647477
2022-03-18 06:07:25,361 INFO archived 872621164895637504
2022-03-18 06:07:25,361 INFO archived 1098931158363058177
2022-03-18 06:07:25,361 INFO archived 1357351730967695361
2022-03-18 06:07:25,361 INFO archived 3237448491
2022-03-18 06:07:25,361 INFO archived 63283729
2022-03-18 06:07:25,361 INFO archived 1230953832273915904
2022-03-18 06:07:25,362 INFO archived 1220135746981580801
2022-03-18 06:07:25,362 INFO archived 1027273909031329794
2022-03-18 06:07:25,362 INFO archived 4806747735
2022-03-18 06:07:25,362 INFO archived 1285106822760685574
2022-03-18 06:07:25,362 INFO archived 1218390743565266944
2022-03-18 06:07:25,362 INFO archived 1339224306417590272
2022-03-18 06:07:25,362 INFO archived 4626181757
2022-03-18 06:07:25,362 INFO archived 724500734
2022-03-18 06:07:25,362 INFO archived 1424372403610656775
2022-03-18 06:07:25,362 INFO archived 1319457053300019200
2022-03-18 06:07:25,362 INFO archived 1394291208243998722
2022-03-18 06:07:25,362 INFO archived 716333412
2022-03-18 06:07:25,362 INFO archived 1166181012088512512
2022-03-18 06:07:25,362 INFO archived 860018879447261184
2022-03-18 06:07:25,363 INFO archived 1297737390619058176
2022-03-18 06:07:25,363 INFO archived 1424032788190142470
2022-03-18 06:07:25,363 INFO archived 547348900
2022-03-18 06:07:25,363 INFO archived 23241899
2022-03-18 06:07:25,363 INFO archived 1292137985702592515
2022-03-18 06:07:25,363 INFO archived 4109659725
2022-03-18 06:07:25,363 INFO archived 820446888373747712
2022-03-18 06:07:25,363 INFO archived 1412589434231472128
2022-03-18 06:07:25,363 INFO archived 1036607874607325184
2022-03-18 06:07:25,363 INFO archived 1405291134218276875
2022-03-18 06:07:25,363 INFO archived 324010640
2022-03-18 06:07:25,364 INFO archived 1308260874126110726
2022-03-18 06:07:25,364 INFO archived 1193320100323045377
2022-03-18 06:07:25,364 INFO archived 746197998787428354
2022-03-18 06:07:25,364 INFO archived 137954585
2022-03-18 06:07:25,364 INFO archived 1411441468519108612
2022-03-18 06:07:25,364 INFO archived 1339292192242688000
2022-03-18 06:07:25,364 INFO archived 389182283
2022-03-18 06:07:25,364 INFO archived 1131072110145622016
2022-03-18 06:07:25,364 INFO archived 1095277823084748801
2022-03-18 06:07:25,364 INFO archived 1007697404676714496
2022-03-18 06:07:25,364 INFO archived 1143537828606779392
2022-03-18 06:07:35,369 INFO loading None profile from config C:\Users\Administrator\.twarc
2022-03-18 06:07:35,371 INFO creating http session
2022-03-18 06:07:35,371 INFO creating OAuth1 user authentication
2022-03-18 06:07:35,371 INFO getting ('https://api.twitter.com/1.1/account/verify_credentials.json',) {'params': {'tweet_mode': 'extended'}}
2022-03-18 06:07:35,517 INFO looking up users 1488147466944118786,79298498,1426902460476661762,1408504029987045377,1388548653586034694,960898489885446149,25877022,1473621069240152066,1056478573,2676258908,1128807326390136832,1392472714607308809,497405018,1450303503172308994,1449348757078913032,1335965735865159684,1442252005762736128,1389532581125713924,1310769761295499267,1336923031076270080,307118221,1201242001431121920,1307095998385262592,1220228849763520513,450832887,1327832925283430400,904517805101506560,1297899506277605376,1134197417295994881,284571757,1332070366601207808,704930434661146625,1245080943980838915,1426619361754820611,352647477,872621164895637504,1098931158363058177,1357351730967695361,3237448491,63283729,1230953832273915904,1220135746981580801,1027273909031329794,4806747735,1285106822760685574,1218390743565266944,1339224306417590272,4626181757,724500734,1424372403610656775,1319457053300019200,1394291208243998722,716333412,1166181012088512512,860018879447261184,1297737390619058176,1424032788190142470,547348900,23241899,1292137985702592515,4109659725,820446888373747712,1412589434231472128,1036607874607325184,1405291134218276875,324010640,1308260874126110726,1193320100323045377,746197998787428354,137954585,1411441468519108612,1339292192242688000,389182283,1131072110145622016,1095277823084748801,1007697404676714496,1143537828606779392
2022-03-18 06:07:35,517 INFO getting ('https://api.twitter.com/1.1/users/lookup.json',) {'params': {'user_id': '1488147466944118786,79298498,1426902460476661762,1408504029987045377,1388548653586034694,960898489885446149,25877022,1473621069240152066,1056478573,2676258908,1128807326390136832,1392472714607308809,497405018,1450303503172308994,1449348757078913032,1335965735865159684,1442252005762736128,1389532581125713924,1310769761295499267,1336923031076270080,307118221,1201242001431121920,1307095998385262592,1220228849763520513,450832887,1327832925283430400,904517805101506560,1297899506277605376,1134197417295994881,284571757,1332070366601207808,704930434661146625,1245080943980838915,1426619361754820611,352647477,872621164895637504,1098931158363058177,1357351730967695361,3237448491,63283729,1230953832273915904,1220135746981580801,1027273909031329794,4806747735,1285106822760685574,1218390743565266944,1339224306417590272,4626181757,724500734,1424372403610656775,1319457053300019200,1394291208243998722,716333412,1166181012088512512,860018879447261184,1297737390619058176,1424032788190142470,547348900,23241899,1292137985702592515,4109659725,820446888373747712,1412589434231472128,1036607874607325184,1405291134218276875,324010640,1308260874126110726,1193320100323045377,746197998787428354,137954585,1411441468519108612,1339292192242688000,389182283,1131072110145622016,1095277823084748801,1007697404676714496,1143537828606779392', 'tweet_mode': 'extended'}}
2022-03-18 06:07:36,190 INFO archived 1488147466944118786
2022-03-18 06:07:36,191 INFO archived 79298498
2022-03-18 06:07:36,191 INFO archived 1426902460476661762
2022-03-18 06:07:36,192 INFO archived 1408504029987045377
2022-03-18 06:07:36,192 INFO archived 1388548653586034694
2022-03-18 06:07:36,192 INFO archived 960898489885446149
2022-03-18 06:07:36,193 INFO archived 25877022
2022-03-18 06:07:36,193 INFO archived 1473621069240152066
2022-03-18 06:07:36,193 INFO archived 1056478573
2022-03-18 06:07:36,194 INFO archived 2676258908
2022-03-18 06:07:36,194 INFO archived 1128807326390136832
2022-03-18 06:07:36,194 INFO archived 1392472714607308809
2022-03-18 06:07:36,195 INFO archived 497405018
2022-03-18 06:07:36,195 INFO archived 1450303503172308994
2022-03-18 06:07:36,195 INFO archived 1449348757078913032
2022-03-18 06:07:36,195 INFO archived 1335965735865159684
2022-03-18 06:07:36,196 INFO archived 1442252005762736128
2022-03-18 06:07:36,196 INFO archived 1389532581125713924
2022-03-18 06:07:36,196 INFO archived 1310769761295499267
2022-03-18 06:07:36,197 INFO archived 1336923031076270080
2022-03-18 06:07:36,197 INFO archived 307118221
2022-03-18 06:07:36,198 INFO archived 1201242001431121920
2022-03-18 06:07:36,199 INFO archived 1307095998385262592
2022-03-18 06:07:36,202 INFO archived 1220228849763520513
2022-03-18 06:07:36,202 INFO archived 450832887
2022-03-18 06:07:36,202 INFO archived 1327832925283430400
2022-03-18 06:07:36,202 INFO archived 904517805101506560
2022-03-18 06:07:36,203 INFO archived 1297899506277605376
2022-03-18 06:07:36,203 INFO archived 1134197417295994881
2022-03-18 06:07:36,203 INFO archived 284571757
2022-03-18 06:07:36,204 INFO archived 1332070366601207808
2022-03-18 06:07:36,204 INFO archived 704930434661146625
2022-03-18 06:07:36,204 INFO archived 1245080943980838915
2022-03-18 06:07:36,204 INFO archived 1426619361754820611
2022-03-18 06:07:36,205 INFO archived 352647477
2022-03-18 06:07:36,205 INFO archived 872621164895637504
2022-03-18 06:07:36,205 INFO archived 1098931158363058177
2022-03-18 06:07:36,205 INFO archived 1357351730967695361
2022-03-18 06:07:36,206 INFO archived 3237448491
2022-03-18 06:07:36,206 INFO archived 63283729
2022-03-18 06:07:36,210 INFO archived 1230953832273915904
2022-03-18 06:07:36,210 INFO archived 1220135746981580801
2022-03-18 06:07:36,211 INFO archived 1027273909031329794
2022-03-18 06:07:36,211 INFO archived 4806747735
2022-03-18 06:07:36,211 INFO archived 1285106822760685574
2022-03-18 06:07:36,211 INFO archived 1218390743565266944
2022-03-18 06:07:36,211 INFO archived 1339224306417590272
2022-03-18 06:07:36,212 INFO archived 4626181757
2022-03-18 06:07:36,212 INFO archived 724500734
2022-03-18 06:07:36,212 INFO archived 1424372403610656775
2022-03-18 06:07:36,212 INFO archived 1319457053300019200
2022-03-18 06:07:36,213 INFO archived 1394291208243998722
2022-03-18 06:07:36,213 INFO archived 716333412
2022-03-18 06:07:36,213 INFO archived 1166181012088512512
2022-03-18 06:07:36,213 INFO archived 860018879447261184
2022-03-18 06:07:36,213 INFO archived 1297737390619058176
2022-03-18 06:07:36,214 INFO archived 1424032788190142470
2022-03-18 06:07:36,214 INFO archived 547348900
2022-03-18 06:07:36,214 INFO archived 23241899
2022-03-18 06:07:36,214 INFO archived 1292137985702592515
2022-03-18 06:07:36,215 INFO archived 4109659725
2022-03-18 06:07:36,224 INFO archived 820446888373747712
2022-03-18 06:07:36,224 INFO archived 1412589434231472128
2022-03-18 06:07:36,224 INFO archived 1036607874607325184
2022-03-18 06:07:36,224 INFO archived 1405291134218276875
2022-03-18 06:07:36,224 INFO archived 324010640
2022-03-18 06:07:36,225 INFO archived 1308260874126110726
2022-03-18 06:07:36,225 INFO archived 1193320100323045377
2022-03-18 06:07:36,225 INFO archived 746197998787428354
2022-03-18 06:07:36,225 INFO archived 137954585
2022-03-18 06:07:36,226 INFO archived 1411441468519108612
2022-03-18 06:07:36,226 INFO archived 1339292192242688000
2022-03-18 06:07:36,226 INFO archived 389182283
2022-03-18 06:07:36,232 INFO archived 1131072110145622016
2022-03-18 06:07:36,232 INFO archived 1095277823084748801
2022-03-18 06:07:36,232 INFO archived 1007697404676714496
2022-03-18 06:07:36,233 INFO archived 1143537828606779392
2022-03-18 06:07:45,637 INFO loading None profile from config C:\Users\Administrator\.twarc
2022-03-18 06:07:45,639 INFO creating http session
2022-03-18 06:07:45,639 INFO creating OAuth1 user authentication
2022-03-18 06:07:45,639 INFO getting ('https://api.twitter.com/1.1/account/verify_credentials.json',) {'params': {'tweet_mode': 'extended'}}
2022-03-18 06:07:45,865 INFO looking up users 1036857910033231873,58726616,1214569479788802048,864783656954470400,1038247161094397959,1473621069240152066,2177528724,992542795951783938,1056478573,818281066414899200,497405018,1392472714607308809,1305045909437374464,960898489885446149,1439095720477331463,1335965735865159684,2676258908,1063584641720946691,1449348757078913032,1442252005762736128,1389532581125713924,1310769761295499267,307118221,1327832925283430400,1134197417295994881,1336923031076270080,1307095998385262592,450832887,1332070366601207808,704930434661146625,904517805101506560,284571757,1297899506277605376,1220228849763520513,1245080943980838915,1426619361754820611,1047005859635707904,1098931158363058177,1357351730967695361,63283729,1220135746981580801,3237448491,1027273909031329794,1230953832273915904,4806747735,1285106822760685574,724500734,1218390743565266944,1339224306417590272,1424372403610656775,4626181757,1319457053300019200,716333412,1166181012088512512,1297737390619058176,547348900,1405291134218276875,1394291208243998722,1193320100323045377,1292137985702592515,4109659725,1412589434231472128,820446888373747712,23241899,746197998787428354,1036607874607325184,324010640,137954585,1411441468519108612,1339292192242688000,389182283,16982944,948021836041916421,1131072110145622016,1095277823084748801,1007697404676714496
2022-03-18 06:07:45,865 INFO getting ('https://api.twitter.com/1.1/users/lookup.json',) {'params': {'user_id': '1036857910033231873,58726616,1214569479788802048,864783656954470400,1038247161094397959,1473621069240152066,2177528724,992542795951783938,1056478573,818281066414899200,497405018,1392472714607308809,1305045909437374464,960898489885446149,1439095720477331463,1335965735865159684,2676258908,1063584641720946691,1449348757078913032,1442252005762736128,1389532581125713924,1310769761295499267,307118221,1327832925283430400,1134197417295994881,1336923031076270080,1307095998385262592,450832887,1332070366601207808,704930434661146625,904517805101506560,284571757,1297899506277605376,1220228849763520513,1245080943980838915,1426619361754820611,1047005859635707904,1098931158363058177,1357351730967695361,63283729,1220135746981580801,3237448491,1027273909031329794,1230953832273915904,4806747735,1285106822760685574,724500734,1218390743565266944,1339224306417590272,1424372403610656775,4626181757,1319457053300019200,716333412,1166181012088512512,1297737390619058176,547348900,1405291134218276875,1394291208243998722,1193320100323045377,1292137985702592515,4109659725,1412589434231472128,820446888373747712,23241899,746197998787428354,1036607874607325184,324010640,137954585,1411441468519108612,1339292192242688000,389182283,16982944,948021836041916421,1131072110145622016,1095277823084748801,1007697404676714496', 'tweet_mode': 'extended'}}
2022-03-18 06:07:46,377 INFO archived 1036857910033231873
2022-03-18 06:07:46,377 INFO archived 58726616
2022-03-18 06:07:46,378 INFO archived 1214569479788802048
2022-03-18 06:07:46,378 INFO archived 864783656954470400
2022-03-18 06:07:46,378 INFO archived 1038247161094397959
2022-03-18 06:07:46,379 INFO archived 1473621069240152066
2022-03-18 06:07:46,379 INFO archived 2177528724
2022-03-18 06:07:46,379 INFO archived 992542795951783938
2022-03-18 06:07:46,380 INFO archived 1056478573
2022-03-18 06:07:46,380 INFO archived 818281066414899200
2022-03-18 06:07:46,381 INFO archived 497405018
2022-03-18 06:07:46,381 INFO archived 1392472714607308809
2022-03-18 06:07:46,382 INFO archived 1305045909437374464
2022-03-18 06:07:46,382 INFO archived 960898489885446149
2022-03-18 06:07:46,382 INFO archived 1439095720477331463
2022-03-18 06:07:46,383 INFO archived 1335965735865159684
2022-03-18 06:07:46,383 INFO archived 2676258908
2022-03-18 06:07:46,383 INFO archived 1063584641720946691
2022-03-18 06:07:46,384 INFO archived 1449348757078913032
2022-03-18 06:07:46,384 INFO archived 1442252005762736128
2022-03-18 06:07:46,384 INFO archived 1389532581125713924
2022-03-18 06:07:46,385 INFO archived 1310769761295499267
2022-03-18 06:07:46,386 INFO archived 307118221
2022-03-18 06:07:46,386 INFO archived 1327832925283430400
2022-03-18 06:07:46,386 INFO archived 1134197417295994881
2022-03-18 06:07:46,386 INFO archived 1336923031076270080
2022-03-18 06:07:46,387 INFO archived 1307095998385262592
2022-03-18 06:07:46,387 INFO archived 450832887
2022-03-18 06:07:46,387 INFO archived 1332070366601207808
2022-03-18 06:07:46,388 INFO archived 704930434661146625
2022-03-18 06:07:46,388 INFO archived 904517805101506560
2022-03-18 06:07:46,388 INFO archived 284571757
2022-03-18 06:07:46,389 INFO archived 1297899506277605376
2022-03-18 06:07:46,391 INFO archived 1220228849763520513
2022-03-18 06:07:46,392 INFO archived 1245080943980838915
2022-03-18 06:07:46,392 INFO archived 1426619361754820611
2022-03-18 06:07:46,393 INFO archived 1047005859635707904
2022-03-18 06:07:46,393 INFO archived 1098931158363058177
2022-03-18 06:07:46,393 INFO archived 1357351730967695361
2022-03-18 06:07:46,393 INFO archived 63283729
2022-03-18 06:07:46,394 INFO archived 1220135746981580801
2022-03-18 06:07:46,394 INFO archived 3237448491
2022-03-18 06:07:46,395 INFO archived 1027273909031329794
2022-03-18 06:07:46,396 INFO archived 1230953832273915904
2022-03-18 06:07:46,396 INFO archived 4806747735
2022-03-18 06:07:46,397 INFO archived 1285106822760685574
2022-03-18 06:07:46,398 INFO archived 724500734
2022-03-18 06:07:46,399 INFO archived 1218390743565266944
2022-03-18 06:07:46,399 INFO archived 1339224306417590272
2022-03-18 06:07:46,399 INFO archived 1424372403610656775
2022-03-18 06:07:46,399 INFO archived 4626181757
2022-03-18 06:07:46,400 INFO archived 1319457053300019200
2022-03-18 06:07:46,400 INFO archived 716333412
2022-03-18 06:07:46,400 INFO archived 1166181012088512512
2022-03-18 06:07:46,401 INFO archived 1297737390619058176
2022-03-18 06:07:46,401 INFO archived 547348900
2022-03-18 06:07:46,401 INFO archived 1405291134218276875
2022-03-18 06:07:46,401 INFO archived 1394291208243998722
2022-03-18 06:07:46,403 INFO archived 1193320100323045377
2022-03-18 06:07:46,403 INFO archived 1292137985702592515
2022-03-18 06:07:46,403 INFO archived 4109659725
2022-03-18 06:07:46,403 INFO archived 1412589434231472128
2022-03-18 06:07:46,404 INFO archived 820446888373747712
2022-03-18 06:07:46,404 INFO archived 23241899
2022-03-18 06:07:46,404 INFO archived 746197998787428354
2022-03-18 06:07:46,404 INFO archived 1036607874607325184
2022-03-18 06:07:46,405 INFO archived 324010640
2022-03-18 06:07:46,405 INFO archived 137954585
2022-03-18 06:07:46,405 INFO archived 1411441468519108612
2022-03-18 06:07:46,406 INFO archived 1339292192242688000
2022-03-18 06:07:46,407 INFO archived 389182283
2022-03-18 06:07:46,407 INFO archived 16982944
2022-03-18 06:07:46,407 INFO archived 948021836041916421
2022-03-18 06:07:46,408 INFO archived 1131072110145622016
2022-03-18 06:07:46,409 INFO archived 1095277823084748801
2022-03-18 06:07:46,409 INFO archived 1007697404676714496
